10/02 23:23 INFO gpu: 0
10/02 23:23 INFO save_path: ./pth
10/02 23:23 INFO save_epe: 8.0
10/02 23:23 INFO data_path: /home/liqi/Code/Scene_Flow_Datasets/
10/02 23:23 INFO pth_load: ./sceneflow_2.pth
10/02 23:23 INFO device: cuda:0
10/02 23:23 INFO seed: 7777
10/02 23:23 INFO train_EPOCHS: 500
10/02 23:23 INFO train_warm_up: 30
10/02 23:23 INFO train_lr: 0.01
10/02 23:23 INFO start_disp: 0
10/02 23:23 INFO end_disp: 192
10/02 23:23 INFO focal_coefficient: 5.0
10/02 23:23 INFO sparse: False
10/02 23:23 INFO batch_size: 8
10/02 23:23 INFO mixup_alpha: 0.5
10/02 23:23 INFO grad_clip_value: 1.0
10/02 23:23 INFO Train start.
10/02 23:23 INFO Epoches: [1/500] ============================
10/02 23:23 INFO step: [0/2799] | loss_1: 1.384 | loss_2: 1.395 | loss_3: 15.350 | epe: 13.130
10/02 23:24 INFO step: [200/2799] | loss_1: 0.909 | loss_2: 0.850 | loss_3: 3.345 | epe: 3.447
10/02 23:25 INFO step: [400/2799] | loss_1: 0.919 | loss_2: 0.847 | loss_3: 3.196 | epe: 3.239
10/02 23:26 INFO step: [600/2799] | loss_1: 0.915 | loss_2: 0.843 | loss_3: 3.129 | epe: 3.180
10/02 23:27 INFO step: [800/2799] | loss_1: 0.913 | loss_2: 0.841 | loss_3: 3.070 | epe: 3.130
10/02 23:28 INFO step: [1000/2799] | loss_1: 0.922 | loss_2: 0.848 | loss_3: 3.058 | epe: 3.106
10/02 23:29 INFO step: [1200/2799] | loss_1: 0.916 | loss_2: 0.843 | loss_3: 3.033 | epe: 3.081
10/02 23:30 INFO step: [1400/2799] | loss_1: 0.916 | loss_2: 0.844 | loss_3: 3.021 | epe: 3.057
10/02 23:31 INFO step: [1600/2799] | loss_1: 0.907 | loss_2: 0.837 | loss_3: 2.986 | epe: 3.037
10/02 23:32 INFO step: [1800/2799] | loss_1: 0.900 | loss_2: 0.832 | loss_3: 2.958 | epe: 3.018
10/02 23:33 INFO step: [2000/2799] | loss_1: 0.896 | loss_2: 0.829 | loss_3: 2.936 | epe: 3.008
10/02 23:34 INFO step: [2200/2799] | loss_1: 0.892 | loss_2: 0.828 | loss_3: 2.926 | epe: 2.995
10/02 23:34 INFO step: [2400/2799] | loss_1: 0.886 | loss_2: 0.826 | loss_3: 2.903 | epe: 2.978
10/02 23:35 INFO step: [2600/2799] | loss_1: 0.880 | loss_2: 0.823 | loss_3: 2.880 | epe: 2.963
10/02 23:37 INFO val_epe: 20.962
10/02 23:37 INFO Epoches: [2/500] ============================
10/02 23:37 INFO step: [0/2799] | loss_1: 1.884 | loss_2: 1.854 | loss_3: 5.992 | epe: 2.720
10/02 23:38 INFO step: [200/2799] | loss_1: 0.733 | loss_2: 0.742 | loss_3: 2.369 | epe: 2.614
10/02 23:39 INFO step: [400/2799] | loss_1: 0.746 | loss_2: 0.772 | loss_3: 2.535 | epe: 2.596
10/02 23:40 INFO step: [600/2799] | loss_1: 0.739 | loss_2: 0.778 | loss_3: 2.538 | epe: 2.576
10/02 23:41 INFO step: [800/2799] | loss_1: 0.743 | loss_2: 0.792 | loss_3: 2.566 | epe: 2.555
10/02 23:42 INFO step: [1000/2799] | loss_1: 0.732 | loss_2: 0.790 | loss_3: 2.523 | epe: 2.519
10/02 23:43 INFO step: [1200/2799] | loss_1: 0.726 | loss_2: 0.789 | loss_3: 2.498 | epe: 2.479
10/02 23:44 INFO step: [1400/2799] | loss_1: 0.709 | loss_2: 0.778 | loss_3: 2.437 | epe: 2.441
10/02 23:45 INFO step: [1600/2799] | loss_1: 0.698 | loss_2: 0.772 | loss_3: 2.392 | epe: 2.401
10/02 23:46 INFO step: [1800/2799] | loss_1: 0.690 | loss_2: 0.770 | loss_3: 2.356 | epe: 2.367
10/02 23:47 INFO step: [2000/2799] | loss_1: 0.681 | loss_2: 0.766 | loss_3: 2.313 | epe: 2.331
10/02 23:48 INFO step: [2200/2799] | loss_1: 0.676 | loss_2: 0.765 | loss_3: 2.287 | epe: 2.299
10/02 23:49 INFO step: [2400/2799] | loss_1: 0.670 | loss_2: 0.763 | loss_3: 2.251 | epe: 2.260
10/02 23:50 INFO step: [2600/2799] | loss_1: 0.660 | loss_2: 0.757 | loss_3: 2.205 | epe: 2.224
10/02 23:52 INFO val_epe: 14.695
10/02 23:52 INFO Epoches: [3/500] ============================
10/02 23:52 INFO step: [0/2799] | loss_1: 0.299 | loss_2: 0.387 | loss_3: 2.048 | epe: 2.186
10/02 23:53 INFO step: [200/2799] | loss_1: 0.581 | loss_2: 0.723 | loss_3: 1.761 | epe: 1.773
10/02 23:54 INFO step: [400/2799] | loss_1: 0.563 | loss_2: 0.708 | loss_3: 1.706 | epe: 1.771
10/02 23:55 INFO step: [600/2799] | loss_1: 0.549 | loss_2: 0.694 | loss_3: 1.669 | epe: 1.750
10/02 23:56 INFO step: [800/2799] | loss_1: 0.551 | loss_2: 0.697 | loss_3: 1.659 | epe: 1.731
10/02 23:57 INFO step: [1000/2799] | loss_1: 0.554 | loss_2: 0.700 | loss_3: 1.664 | epe: 1.734
10/02 23:58 INFO step: [1200/2799] | loss_1: 0.553 | loss_2: 0.701 | loss_3: 1.645 | epe: 1.719
10/02 23:59 INFO step: [1400/2799] | loss_1: 0.559 | loss_2: 0.706 | loss_3: 1.663 | epe: 1.707
10/03 00:00 INFO step: [1600/2799] | loss_1: 0.560 | loss_2: 0.708 | loss_3: 1.657 | epe: 1.700
10/03 00:01 INFO step: [1800/2799] | loss_1: 0.564 | loss_2: 0.714 | loss_3: 1.657 | epe: 1.688
10/03 00:02 INFO step: [2000/2799] | loss_1: 0.563 | loss_2: 0.712 | loss_3: 1.641 | epe: 1.677
10/03 00:03 INFO step: [2200/2799] | loss_1: 0.563 | loss_2: 0.714 | loss_3: 1.638 | epe: 1.665
10/03 00:04 INFO step: [2400/2799] | loss_1: 0.561 | loss_2: 0.712 | loss_3: 1.618 | epe: 1.655
10/03 00:05 INFO step: [2600/2799] | loss_1: 0.565 | loss_2: 0.716 | loss_3: 1.620 | epe: 1.644
10/03 00:07 INFO val_epe: 11.892
10/03 00:07 INFO Epoches: [4/500] ============================
10/03 00:07 INFO step: [0/2799] | loss_1: 0.462 | loss_2: 0.690 | loss_3: 0.844 | epe: 1.814
10/03 00:08 INFO step: [200/2799] | loss_1: 0.528 | loss_2: 0.676 | loss_3: 1.514 | epe: 1.462
10/03 00:09 INFO step: [400/2799] | loss_1: 0.551 | loss_2: 0.706 | loss_3: 1.505 | epe: 1.494
10/03 00:10 INFO step: [600/2799] | loss_1: 0.545 | loss_2: 0.702 | loss_3: 1.444 | epe: 1.479
10/03 00:11 INFO step: [800/2799] | loss_1: 0.539 | loss_2: 0.695 | loss_3: 1.431 | epe: 1.474
10/03 00:12 INFO step: [1000/2799] | loss_1: 0.540 | loss_2: 0.698 | loss_3: 1.425 | epe: 1.469
10/03 00:13 INFO step: [1200/2799] | loss_1: 0.544 | loss_2: 0.702 | loss_3: 1.439 | epe: 1.467
10/03 00:14 INFO step: [1400/2799] | loss_1: 0.547 | loss_2: 0.707 | loss_3: 1.428 | epe: 1.451
10/03 00:15 INFO step: [1600/2799] | loss_1: 0.546 | loss_2: 0.706 | loss_3: 1.426 | epe: 1.446
10/03 00:16 INFO step: [1800/2799] | loss_1: 0.555 | loss_2: 0.714 | loss_3: 1.438 | epe: 1.438
10/03 00:17 INFO step: [2000/2799] | loss_1: 0.554 | loss_2: 0.713 | loss_3: 1.434 | epe: 1.429
10/03 00:18 INFO step: [2200/2799] | loss_1: 0.554 | loss_2: 0.713 | loss_3: 1.419 | epe: 1.424
10/03 00:18 INFO step: [2400/2799] | loss_1: 0.554 | loss_2: 0.715 | loss_3: 1.412 | epe: 1.418
10/03 00:19 INFO step: [2600/2799] | loss_1: 0.555 | loss_2: 0.716 | loss_3: 1.405 | epe: 1.410
10/03 00:21 INFO val_epe: 10.708
10/03 00:21 INFO Epoches: [5/500] ============================
10/03 00:21 INFO step: [0/2799] | loss_1: 0.660 | loss_2: 0.863 | loss_3: 1.419 | epe: 1.703
10/03 00:22 INFO step: [200/2799] | loss_1: 0.538 | loss_2: 0.707 | loss_3: 1.225 | epe: 1.282
10/03 00:23 INFO step: [400/2799] | loss_1: 0.537 | loss_2: 0.704 | loss_3: 1.229 | epe: 1.282
10/03 00:24 INFO step: [600/2799] | loss_1: 0.538 | loss_2: 0.705 | loss_3: 1.225 | epe: 1.276
10/03 00:25 INFO step: [800/2799] | loss_1: 0.533 | loss_2: 0.700 | loss_3: 1.216 | epe: 1.282
10/03 00:26 INFO step: [1000/2799] | loss_1: 0.537 | loss_2: 0.705 | loss_3: 1.227 | epe: 1.274
10/03 00:27 INFO step: [1200/2799] | loss_1: 0.533 | loss_2: 0.699 | loss_3: 1.213 | epe: 1.270
10/03 00:28 INFO step: [1400/2799] | loss_1: 0.537 | loss_2: 0.703 | loss_3: 1.234 | epe: 1.270
10/03 00:29 INFO step: [1600/2799] | loss_1: 0.536 | loss_2: 0.702 | loss_3: 1.228 | epe: 1.266
10/03 00:30 INFO step: [1800/2799] | loss_1: 0.537 | loss_2: 0.703 | loss_3: 1.224 | epe: 1.260
10/03 00:31 INFO step: [2000/2799] | loss_1: 0.540 | loss_2: 0.707 | loss_3: 1.224 | epe: 1.257
10/03 00:32 INFO step: [2200/2799] | loss_1: 0.539 | loss_2: 0.707 | loss_3: 1.218 | epe: 1.256
10/03 00:33 INFO step: [2400/2799] | loss_1: 0.541 | loss_2: 0.709 | loss_3: 1.223 | epe: 1.255
10/03 00:34 INFO step: [2600/2799] | loss_1: 0.540 | loss_2: 0.708 | loss_3: 1.222 | epe: 1.250
10/03 00:36 INFO val_epe: 10.146
10/03 00:36 INFO Epoches: [6/500] ============================
10/03 00:36 INFO step: [0/2799] | loss_1: 0.330 | loss_2: 0.447 | loss_3: 1.096 | epe: 1.356
10/03 00:37 INFO step: [200/2799] | loss_1: 0.517 | loss_2: 0.693 | loss_3: 1.068 | epe: 1.224
10/03 00:38 INFO step: [400/2799] | loss_1: 0.506 | loss_2: 0.675 | loss_3: 1.078 | epe: 1.192
10/03 00:39 INFO step: [600/2799] | loss_1: 0.525 | loss_2: 0.694 | loss_3: 1.125 | epe: 1.189
10/03 00:40 INFO step: [800/2799] | loss_1: 0.531 | loss_2: 0.700 | loss_3: 1.144 | epe: 1.186
10/03 00:41 INFO step: [1000/2799] | loss_1: 0.533 | loss_2: 0.703 | loss_3: 1.139 | epe: 1.187
10/03 00:42 INFO step: [1200/2799] | loss_1: 0.531 | loss_2: 0.701 | loss_3: 1.132 | epe: 1.176
10/03 00:43 INFO step: [1400/2799] | loss_1: 0.531 | loss_2: 0.701 | loss_3: 1.137 | epe: 1.172
10/03 00:44 INFO step: [1600/2799] | loss_1: 0.527 | loss_2: 0.697 | loss_3: 1.130 | epe: 1.175
10/03 00:45 INFO step: [1800/2799] | loss_1: 0.525 | loss_2: 0.695 | loss_3: 1.129 | epe: 1.173
10/03 00:46 INFO step: [2000/2799] | loss_1: 0.526 | loss_2: 0.696 | loss_3: 1.129 | epe: 1.172
10/03 00:47 INFO step: [2200/2799] | loss_1: 0.527 | loss_2: 0.697 | loss_3: 1.126 | epe: 1.169
10/03 00:48 INFO step: [2400/2799] | loss_1: 0.525 | loss_2: 0.695 | loss_3: 1.121 | epe: 1.164
10/03 00:49 INFO step: [2600/2799] | loss_1: 0.524 | loss_2: 0.695 | loss_3: 1.119 | epe: 1.162
10/03 00:51 INFO val_epe: 8.798
10/03 00:51 INFO Epoches: [7/500] ============================
10/03 00:51 INFO step: [0/2799] | loss_1: 0.622 | loss_2: 0.848 | loss_3: 1.179 | epe: 1.192
10/03 00:52 INFO step: [200/2799] | loss_1: 0.502 | loss_2: 0.679 | loss_3: 0.984 | epe: 1.110
10/03 00:53 INFO step: [400/2799] | loss_1: 0.519 | loss_2: 0.695 | loss_3: 1.045 | epe: 1.120
10/03 00:54 INFO step: [600/2799] | loss_1: 0.523 | loss_2: 0.697 | loss_3: 1.071 | epe: 1.114
10/03 00:55 INFO step: [800/2799] | loss_1: 0.523 | loss_2: 0.696 | loss_3: 1.070 | epe: 1.115
10/03 00:56 INFO step: [1000/2799] | loss_1: 0.524 | loss_2: 0.696 | loss_3: 1.071 | epe: 1.117
10/03 00:57 INFO step: [1200/2799] | loss_1: 0.525 | loss_2: 0.697 | loss_3: 1.065 | epe: 1.112
10/03 00:58 INFO step: [1400/2799] | loss_1: 0.521 | loss_2: 0.693 | loss_3: 1.060 | epe: 1.109
10/03 00:58 INFO step: [1600/2799] | loss_1: 0.524 | loss_2: 0.696 | loss_3: 1.070 | epe: 1.108
10/03 00:59 INFO step: [1800/2799] | loss_1: 0.525 | loss_2: 0.697 | loss_3: 1.074 | epe: 1.109
10/03 01:00 INFO step: [2000/2799] | loss_1: 0.527 | loss_2: 0.698 | loss_3: 1.090 | epe: 1.107
10/03 01:01 INFO step: [2200/2799] | loss_1: 0.527 | loss_2: 0.698 | loss_3: 1.089 | epe: 1.105
10/03 01:02 INFO step: [2400/2799] | loss_1: 0.528 | loss_2: 0.699 | loss_3: 1.093 | epe: 1.106
10/03 01:03 INFO step: [2600/2799] | loss_1: 0.530 | loss_2: 0.702 | loss_3: 1.098 | epe: 1.105
10/03 01:05 INFO val_epe: 8.034
10/03 01:05 INFO Epoches: [8/500] ============================
10/03 01:05 INFO step: [0/2799] | loss_1: 0.477 | loss_2: 0.662 | loss_3: 1.063 | epe: 0.873
10/03 01:06 INFO step: [200/2799] | loss_1: 0.561 | loss_2: 0.736 | loss_3: 1.135 | epe: 1.097
10/03 01:07 INFO step: [400/2799] | loss_1: 0.548 | loss_2: 0.723 | loss_3: 1.112 | epe: 1.091
10/03 01:08 INFO step: [600/2799] | loss_1: 0.531 | loss_2: 0.706 | loss_3: 1.068 | epe: 1.075
10/03 01:09 INFO step: [800/2799] | loss_1: 0.529 | loss_2: 0.704 | loss_3: 1.060 | epe: 1.077
10/03 01:10 INFO step: [1000/2799] | loss_1: 0.527 | loss_2: 0.702 | loss_3: 1.055 | epe: 1.068
10/03 01:11 INFO step: [1200/2799] | loss_1: 0.527 | loss_2: 0.701 | loss_3: 1.052 | epe: 1.070
10/03 01:12 INFO step: [1400/2799] | loss_1: 0.527 | loss_2: 0.700 | loss_3: 1.058 | epe: 1.068
10/03 01:13 INFO step: [1600/2799] | loss_1: 0.526 | loss_2: 0.700 | loss_3: 1.062 | epe: 1.065
10/03 01:14 INFO step: [1800/2799] | loss_1: 0.523 | loss_2: 0.697 | loss_3: 1.057 | epe: 1.060
10/03 01:15 INFO step: [2000/2799] | loss_1: 0.521 | loss_2: 0.695 | loss_3: 1.047 | epe: 1.053
10/03 01:16 INFO step: [2200/2799] | loss_1: 0.524 | loss_2: 0.698 | loss_3: 1.051 | epe: 1.052
10/03 01:17 INFO step: [2400/2799] | loss_1: 0.525 | loss_2: 0.699 | loss_3: 1.054 | epe: 1.050
10/03 01:18 INFO step: [2600/2799] | loss_1: 0.524 | loss_2: 0.699 | loss_3: 1.050 | epe: 1.047
10/03 01:20 INFO val_epe: 7.713
10/03 01:20 INFO Epoches: [9/500] ============================
10/03 01:20 INFO step: [0/2799] | loss_1: 0.487 | loss_2: 0.705 | loss_3: 0.617 | epe: 0.862
10/03 01:21 INFO step: [200/2799] | loss_1: 0.550 | loss_2: 0.721 | loss_3: 1.106 | epe: 1.046
10/03 01:22 INFO step: [400/2799] | loss_1: 0.535 | loss_2: 0.706 | loss_3: 1.064 | epe: 1.040
10/03 01:23 INFO step: [600/2799] | loss_1: 0.531 | loss_2: 0.705 | loss_3: 1.047 | epe: 1.028
10/03 01:24 INFO step: [800/2799] | loss_1: 0.521 | loss_2: 0.696 | loss_3: 1.011 | epe: 1.019
10/03 01:25 INFO step: [1000/2799] | loss_1: 0.526 | loss_2: 0.701 | loss_3: 1.039 | epe: 1.020
10/03 01:26 INFO step: [1200/2799] | loss_1: 0.523 | loss_2: 0.697 | loss_3: 1.030 | epe: 1.015
10/03 01:27 INFO step: [1400/2799] | loss_1: 0.520 | loss_2: 0.694 | loss_3: 1.027 | epe: 1.014
10/03 01:28 INFO step: [1600/2799] | loss_1: 0.523 | loss_2: 0.698 | loss_3: 1.020 | epe: 1.012
10/03 01:29 INFO step: [1800/2799] | loss_1: 0.526 | loss_2: 0.703 | loss_3: 1.022 | epe: 1.008
10/03 01:30 INFO step: [2000/2799] | loss_1: 0.526 | loss_2: 0.702 | loss_3: 1.027 | epe: 1.011
10/03 01:31 INFO step: [2200/2799] | loss_1: 0.525 | loss_2: 0.701 | loss_3: 1.020 | epe: 1.010
10/03 01:32 INFO step: [2400/2799] | loss_1: 0.522 | loss_2: 0.699 | loss_3: 1.010 | epe: 1.009
10/03 01:33 INFO step: [2600/2799] | loss_1: 0.521 | loss_2: 0.697 | loss_3: 1.008 | epe: 1.005
10/03 01:34 INFO val_epe: 7.394
10/03 01:34 INFO Epoches: [10/500] ============================
10/03 01:35 INFO step: [0/2799] | loss_1: 0.173 | loss_2: 0.274 | loss_3: 0.403 | epe: 0.710
10/03 01:36 INFO step: [200/2799] | loss_1: 0.513 | loss_2: 0.691 | loss_3: 0.953 | epe: 0.996
10/03 01:36 INFO step: [400/2799] | loss_1: 0.532 | loss_2: 0.708 | loss_3: 1.042 | epe: 0.990
10/03 01:37 INFO step: [600/2799] | loss_1: 0.513 | loss_2: 0.689 | loss_3: 0.990 | epe: 0.979
10/03 01:38 INFO step: [800/2799] | loss_1: 0.520 | loss_2: 0.696 | loss_3: 0.991 | epe: 0.976
10/03 01:39 INFO step: [1000/2799] | loss_1: 0.517 | loss_2: 0.693 | loss_3: 0.996 | epe: 0.978
10/03 01:40 INFO step: [1200/2799] | loss_1: 0.514 | loss_2: 0.691 | loss_3: 0.986 | epe: 0.978
10/03 01:41 INFO step: [1400/2799] | loss_1: 0.512 | loss_2: 0.689 | loss_3: 0.980 | epe: 0.978
10/03 01:42 INFO step: [1600/2799] | loss_1: 0.515 | loss_2: 0.692 | loss_3: 0.993 | epe: 0.976
10/03 01:43 INFO step: [1800/2799] | loss_1: 0.509 | loss_2: 0.686 | loss_3: 0.978 | epe: 0.976
10/03 01:44 INFO step: [2000/2799] | loss_1: 0.509 | loss_2: 0.686 | loss_3: 0.972 | epe: 0.975
10/03 01:45 INFO step: [2200/2799] | loss_1: 0.509 | loss_2: 0.687 | loss_3: 0.970 | epe: 0.974
10/03 01:46 INFO step: [2400/2799] | loss_1: 0.511 | loss_2: 0.689 | loss_3: 0.968 | epe: 0.972
10/03 01:47 INFO step: [2600/2799] | loss_1: 0.510 | loss_2: 0.689 | loss_3: 0.964 | epe: 0.972
10/03 01:49 INFO val_epe: 7.462
10/03 01:49 INFO Epoches: [11/500] ============================
10/03 01:49 INFO step: [0/2799] | loss_1: 0.108 | loss_2: 0.268 | loss_3: 0.488 | epe: 0.709
10/03 01:50 INFO step: [200/2799] | loss_1: 0.578 | loss_2: 0.761 | loss_3: 1.070 | epe: 0.982
10/03 01:51 INFO step: [400/2799] | loss_1: 0.531 | loss_2: 0.708 | loss_3: 1.032 | epe: 0.971
10/03 01:52 INFO step: [600/2799] | loss_1: 0.521 | loss_2: 0.698 | loss_3: 1.028 | epe: 0.972
10/03 01:53 INFO step: [800/2799] | loss_1: 0.514 | loss_2: 0.690 | loss_3: 1.011 | epe: 0.965
10/03 01:54 INFO step: [1000/2799] | loss_1: 0.518 | loss_2: 0.696 | loss_3: 1.021 | epe: 0.962
10/03 01:55 INFO step: [1200/2799] | loss_1: 0.516 | loss_2: 0.693 | loss_3: 1.004 | epe: 0.964
10/03 01:56 INFO step: [1400/2799] | loss_1: 0.512 | loss_2: 0.690 | loss_3: 0.989 | epe: 0.964
10/03 01:57 INFO step: [1600/2799] | loss_1: 0.511 | loss_2: 0.690 | loss_3: 0.981 | epe: 0.961
10/03 01:58 INFO step: [1800/2799] | loss_1: 0.516 | loss_2: 0.696 | loss_3: 0.987 | epe: 0.960
10/03 01:59 INFO step: [2000/2799] | loss_1: 0.512 | loss_2: 0.691 | loss_3: 0.982 | epe: 0.960
10/03 02:00 INFO step: [2200/2799] | loss_1: 0.510 | loss_2: 0.689 | loss_3: 0.980 | epe: 0.958
10/03 02:01 INFO step: [2400/2799] | loss_1: 0.509 | loss_2: 0.688 | loss_3: 0.968 | epe: 0.955
10/03 02:02 INFO step: [2600/2799] | loss_1: 0.509 | loss_2: 0.689 | loss_3: 0.967 | epe: 0.954
10/03 02:04 INFO val_epe: 7.553
10/03 02:04 INFO Epoches: [12/500] ============================
10/03 02:04 INFO step: [0/2799] | loss_1: 0.408 | loss_2: 0.645 | loss_3: 0.466 | epe: 0.689
10/03 02:05 INFO step: [200/2799] | loss_1: 0.492 | loss_2: 0.675 | loss_3: 0.902 | epe: 0.940
10/03 02:06 INFO step: [400/2799] | loss_1: 0.501 | loss_2: 0.684 | loss_3: 0.910 | epe: 0.931
10/03 02:07 INFO step: [600/2799] | loss_1: 0.516 | loss_2: 0.698 | loss_3: 0.960 | epe: 0.942
10/03 02:08 INFO step: [800/2799] | loss_1: 0.512 | loss_2: 0.694 | loss_3: 0.957 | epe: 0.938
10/03 02:09 INFO step: [1000/2799] | loss_1: 0.509 | loss_2: 0.690 | loss_3: 0.950 | epe: 0.934
10/03 02:10 INFO step: [1200/2799] | loss_1: 0.502 | loss_2: 0.683 | loss_3: 0.929 | epe: 0.934
10/03 02:11 INFO step: [1400/2799] | loss_1: 0.501 | loss_2: 0.682 | loss_3: 0.924 | epe: 0.935
10/03 02:12 INFO step: [1600/2799] | loss_1: 0.497 | loss_2: 0.680 | loss_3: 0.909 | epe: 0.934
10/03 02:13 INFO step: [1800/2799] | loss_1: 0.502 | loss_2: 0.684 | loss_3: 0.917 | epe: 0.935
10/03 02:14 INFO step: [2000/2799] | loss_1: 0.503 | loss_2: 0.686 | loss_3: 0.919 | epe: 0.932
10/03 02:15 INFO step: [2200/2799] | loss_1: 0.504 | loss_2: 0.687 | loss_3: 0.918 | epe: 0.931
10/03 02:16 INFO step: [2400/2799] | loss_1: 0.505 | loss_2: 0.687 | loss_3: 0.917 | epe: 0.931
10/03 02:17 INFO step: [2600/2799] | loss_1: 0.505 | loss_2: 0.687 | loss_3: 0.913 | epe: 0.929
10/03 02:18 INFO val_epe: 7.238
10/03 02:18 INFO Epoches: [13/500] ============================
10/03 02:18 INFO step: [0/2799] | loss_1: 0.361 | loss_2: 0.546 | loss_3: 0.559 | epe: 0.751
10/03 02:19 INFO step: [200/2799] | loss_1: 0.508 | loss_2: 0.700 | loss_3: 0.838 | epe: 0.887
10/03 02:20 INFO step: [400/2799] | loss_1: 0.513 | loss_2: 0.703 | loss_3: 0.882 | epe: 0.902
10/03 02:21 INFO step: [600/2799] | loss_1: 0.528 | loss_2: 0.713 | loss_3: 0.958 | epe: 0.906
10/03 02:22 INFO step: [800/2799] | loss_1: 0.527 | loss_2: 0.713 | loss_3: 0.943 | epe: 0.908
10/03 02:23 INFO step: [1000/2799] | loss_1: 0.530 | loss_2: 0.715 | loss_3: 0.961 | epe: 0.917
10/03 02:24 INFO step: [1200/2799] | loss_1: 0.532 | loss_2: 0.717 | loss_3: 0.966 | epe: 0.914
10/03 02:25 INFO step: [1400/2799] | loss_1: 0.532 | loss_2: 0.717 | loss_3: 0.967 | epe: 0.913
10/03 02:26 INFO step: [1600/2799] | loss_1: 0.530 | loss_2: 0.715 | loss_3: 0.964 | epe: 0.913
10/03 02:27 INFO step: [1800/2799] | loss_1: 0.532 | loss_2: 0.717 | loss_3: 0.967 | epe: 0.911
10/03 02:28 INFO step: [2000/2799] | loss_1: 0.531 | loss_2: 0.715 | loss_3: 0.969 | epe: 0.912
10/03 02:29 INFO step: [2200/2799] | loss_1: 0.525 | loss_2: 0.710 | loss_3: 0.957 | epe: 0.910
10/03 02:30 INFO step: [2400/2799] | loss_1: 0.521 | loss_2: 0.705 | loss_3: 0.950 | epe: 0.913
10/03 02:31 INFO step: [2600/2799] | loss_1: 0.521 | loss_2: 0.704 | loss_3: 0.950 | epe: 0.912
10/03 02:33 INFO val_epe: 6.928
10/03 02:33 INFO Epoches: [14/500] ============================
10/03 02:33 INFO step: [0/2799] | loss_1: 0.196 | loss_2: 0.339 | loss_3: 0.473 | epe: 0.807
10/03 02:34 INFO step: [200/2799] | loss_1: 0.526 | loss_2: 0.712 | loss_3: 0.933 | epe: 0.881
10/03 02:35 INFO step: [400/2799] | loss_1: 0.517 | loss_2: 0.701 | loss_3: 0.947 | epe: 0.879
10/03 02:36 INFO step: [600/2799] | loss_1: 0.515 | loss_2: 0.699 | loss_3: 0.936 | epe: 0.888
10/03 02:37 INFO step: [800/2799] | loss_1: 0.511 | loss_2: 0.692 | loss_3: 0.931 | epe: 0.898
10/03 02:38 INFO step: [1000/2799] | loss_1: 0.507 | loss_2: 0.689 | loss_3: 0.933 | epe: 0.893
10/03 02:39 INFO step: [1200/2799] | loss_1: 0.505 | loss_2: 0.687 | loss_3: 0.928 | epe: 0.896
10/03 02:40 INFO step: [1400/2799] | loss_1: 0.504 | loss_2: 0.686 | loss_3: 0.925 | epe: 0.897
10/03 02:41 INFO step: [1600/2799] | loss_1: 0.508 | loss_2: 0.690 | loss_3: 0.921 | epe: 0.899
10/03 02:42 INFO step: [1800/2799] | loss_1: 0.503 | loss_2: 0.685 | loss_3: 0.919 | epe: 0.895
10/03 02:43 INFO step: [2000/2799] | loss_1: 0.502 | loss_2: 0.684 | loss_3: 0.920 | epe: 0.893
10/03 02:44 INFO step: [2200/2799] | loss_1: 0.502 | loss_2: 0.684 | loss_3: 0.922 | epe: 0.892
10/03 02:45 INFO step: [2400/2799] | loss_1: 0.504 | loss_2: 0.686 | loss_3: 0.929 | epe: 0.892
10/03 02:46 INFO step: [2600/2799] | loss_1: 0.506 | loss_2: 0.688 | loss_3: 0.934 | epe: 0.894
10/03 02:48 INFO val_epe: 6.703
10/03 02:48 INFO Epoches: [15/500] ============================
10/03 02:48 INFO step: [0/2799] | loss_1: 0.548 | loss_2: 0.766 | loss_3: 0.858 | epe: 0.910
10/03 02:49 INFO step: [200/2799] | loss_1: 0.514 | loss_2: 0.700 | loss_3: 0.892 | epe: 0.873
10/03 02:50 INFO step: [400/2799] | loss_1: 0.501 | loss_2: 0.686 | loss_3: 0.856 | epe: 0.875
10/03 02:51 INFO step: [600/2799] | loss_1: 0.509 | loss_2: 0.695 | loss_3: 0.878 | epe: 0.873
10/03 02:52 INFO step: [800/2799] | loss_1: 0.516 | loss_2: 0.702 | loss_3: 0.901 | epe: 0.881
10/03 02:53 INFO step: [1000/2799] | loss_1: 0.519 | loss_2: 0.705 | loss_3: 0.906 | epe: 0.883
10/03 02:54 INFO step: [1200/2799] | loss_1: 0.516 | loss_2: 0.703 | loss_3: 0.890 | epe: 0.883
10/03 02:55 INFO step: [1400/2799] | loss_1: 0.517 | loss_2: 0.704 | loss_3: 0.896 | epe: 0.882
10/03 02:56 INFO step: [1600/2799] | loss_1: 0.519 | loss_2: 0.705 | loss_3: 0.906 | epe: 0.880
10/03 02:57 INFO step: [1800/2799] | loss_1: 0.517 | loss_2: 0.703 | loss_3: 0.908 | epe: 0.879
10/03 02:58 INFO step: [2000/2799] | loss_1: 0.514 | loss_2: 0.700 | loss_3: 0.893 | epe: 0.876
10/03 02:59 INFO step: [2200/2799] | loss_1: 0.515 | loss_2: 0.701 | loss_3: 0.892 | epe: 0.875
10/03 02:59 INFO step: [2400/2799] | loss_1: 0.512 | loss_2: 0.698 | loss_3: 0.887 | epe: 0.872
10/03 03:00 INFO step: [2600/2799] | loss_1: 0.511 | loss_2: 0.697 | loss_3: 0.887 | epe: 0.874
10/03 03:02 INFO val_epe: 6.561
10/03 03:02 INFO Epoches: [16/500] ============================
10/03 03:02 INFO step: [0/2799] | loss_1: 0.521 | loss_2: 0.752 | loss_3: 0.726 | epe: 0.603
10/03 03:03 INFO step: [200/2799] | loss_1: 0.489 | loss_2: 0.676 | loss_3: 0.835 | epe: 0.842
10/03 03:04 INFO step: [400/2799] | loss_1: 0.515 | loss_2: 0.702 | loss_3: 0.902 | epe: 0.858
10/03 03:05 INFO step: [600/2799] | loss_1: 0.500 | loss_2: 0.686 | loss_3: 0.880 | epe: 0.855
10/03 03:06 INFO step: [800/2799] | loss_1: 0.500 | loss_2: 0.686 | loss_3: 0.886 | epe: 0.856
10/03 03:07 INFO step: [1000/2799] | loss_1: 0.504 | loss_2: 0.690 | loss_3: 0.891 | epe: 0.864
10/03 03:08 INFO step: [1200/2799] | loss_1: 0.511 | loss_2: 0.697 | loss_3: 0.913 | epe: 0.864
10/03 03:09 INFO step: [1400/2799] | loss_1: 0.515 | loss_2: 0.701 | loss_3: 0.921 | epe: 0.865
10/03 03:10 INFO step: [1600/2799] | loss_1: 0.512 | loss_2: 0.698 | loss_3: 0.909 | epe: 0.867
10/03 03:11 INFO step: [1800/2799] | loss_1: 0.510 | loss_2: 0.696 | loss_3: 0.903 | epe: 0.866
10/03 03:12 INFO step: [2000/2799] | loss_1: 0.510 | loss_2: 0.696 | loss_3: 0.901 | epe: 0.861
10/03 03:13 INFO step: [2200/2799] | loss_1: 0.508 | loss_2: 0.694 | loss_3: 0.894 | epe: 0.859
10/03 03:14 INFO step: [2400/2799] | loss_1: 0.506 | loss_2: 0.692 | loss_3: 0.885 | epe: 0.857
10/03 03:15 INFO step: [2600/2799] | loss_1: 0.506 | loss_2: 0.692 | loss_3: 0.887 | epe: 0.858
10/03 03:17 INFO val_epe: 6.232
10/03 03:17 INFO Epoches: [17/500] ============================
10/03 03:17 INFO step: [0/2799] | loss_1: 0.965 | loss_2: 1.181 | loss_3: 1.366 | epe: 1.295
10/03 03:18 INFO step: [200/2799] | loss_1: 0.504 | loss_2: 0.688 | loss_3: 0.907 | epe: 0.875
10/03 03:19 INFO step: [400/2799] | loss_1: 0.497 | loss_2: 0.680 | loss_3: 0.863 | epe: 0.864
10/03 03:20 INFO step: [600/2799] | loss_1: 0.494 | loss_2: 0.677 | loss_3: 0.865 | epe: 0.858
10/03 03:21 INFO step: [800/2799] | loss_1: 0.490 | loss_2: 0.673 | loss_3: 0.853 | epe: 0.853
10/03 03:22 INFO step: [1000/2799] | loss_1: 0.500 | loss_2: 0.685 | loss_3: 0.850 | epe: 0.851
10/03 03:23 INFO step: [1200/2799] | loss_1: 0.501 | loss_2: 0.686 | loss_3: 0.850 | epe: 0.852
10/03 03:24 INFO step: [1400/2799] | loss_1: 0.500 | loss_2: 0.685 | loss_3: 0.848 | epe: 0.851
10/03 03:25 INFO step: [1600/2799] | loss_1: 0.496 | loss_2: 0.681 | loss_3: 0.847 | epe: 0.849
10/03 03:26 INFO step: [1800/2799] | loss_1: 0.497 | loss_2: 0.682 | loss_3: 0.860 | epe: 0.848
10/03 03:27 INFO step: [2000/2799] | loss_1: 0.497 | loss_2: 0.682 | loss_3: 0.859 | epe: 0.849
10/03 03:28 INFO step: [2200/2799] | loss_1: 0.497 | loss_2: 0.682 | loss_3: 0.857 | epe: 0.850
10/03 03:29 INFO step: [2400/2799] | loss_1: 0.499 | loss_2: 0.684 | loss_3: 0.860 | epe: 0.849
10/03 03:30 INFO step: [2600/2799] | loss_1: 0.500 | loss_2: 0.685 | loss_3: 0.863 | epe: 0.848
10/03 03:32 INFO val_epe: 6.471
10/03 03:32 INFO Epoches: [18/500] ============================
10/03 03:32 INFO step: [0/2799] | loss_1: 0.301 | loss_2: 0.500 | loss_3: 0.506 | epe: 0.721
10/03 03:33 INFO step: [200/2799] | loss_1: 0.491 | loss_2: 0.678 | loss_3: 0.810 | epe: 0.845
10/03 03:34 INFO step: [400/2799] | loss_1: 0.491 | loss_2: 0.679 | loss_3: 0.818 | epe: 0.840
10/03 03:35 INFO step: [600/2799] | loss_1: 0.490 | loss_2: 0.676 | loss_3: 0.820 | epe: 0.841
10/03 03:36 INFO step: [800/2799] | loss_1: 0.498 | loss_2: 0.684 | loss_3: 0.845 | epe: 0.843
10/03 03:37 INFO step: [1000/2799] | loss_1: 0.498 | loss_2: 0.684 | loss_3: 0.842 | epe: 0.848
10/03 03:38 INFO step: [1200/2799] | loss_1: 0.494 | loss_2: 0.681 | loss_3: 0.830 | epe: 0.846
10/03 03:39 INFO step: [1400/2799] | loss_1: 0.495 | loss_2: 0.682 | loss_3: 0.829 | epe: 0.847
10/03 03:39 INFO step: [1600/2799] | loss_1: 0.500 | loss_2: 0.687 | loss_3: 0.832 | epe: 0.845
10/03 03:40 INFO step: [1800/2799] | loss_1: 0.497 | loss_2: 0.685 | loss_3: 0.831 | epe: 0.844
10/03 03:41 INFO step: [2000/2799] | loss_1: 0.496 | loss_2: 0.683 | loss_3: 0.827 | epe: 0.841
10/03 03:42 INFO step: [2200/2799] | loss_1: 0.495 | loss_2: 0.683 | loss_3: 0.825 | epe: 0.841
10/03 03:43 INFO step: [2400/2799] | loss_1: 0.495 | loss_2: 0.682 | loss_3: 0.826 | epe: 0.841
10/03 03:44 INFO step: [2600/2799] | loss_1: 0.493 | loss_2: 0.680 | loss_3: 0.824 | epe: 0.840
10/03 03:46 INFO val_epe: 6.279
10/03 03:46 INFO Epoches: [19/500] ============================
10/03 03:46 INFO step: [0/2799] | loss_1: 1.060 | loss_2: 1.287 | loss_3: 1.145 | epe: 0.721
10/03 03:47 INFO step: [200/2799] | loss_1: 0.527 | loss_2: 0.715 | loss_3: 0.877 | epe: 0.828
10/03 03:48 INFO step: [400/2799] | loss_1: 0.514 | loss_2: 0.701 | loss_3: 0.879 | epe: 0.823
10/03 03:49 INFO step: [600/2799] | loss_1: 0.516 | loss_2: 0.703 | loss_3: 0.880 | epe: 0.831
10/03 03:50 INFO step: [800/2799] | loss_1: 0.511 | loss_2: 0.697 | loss_3: 0.869 | epe: 0.827
10/03 03:51 INFO step: [1000/2799] | loss_1: 0.508 | loss_2: 0.694 | loss_3: 0.868 | epe: 0.829
10/03 03:52 INFO step: [1200/2799] | loss_1: 0.504 | loss_2: 0.689 | loss_3: 0.870 | epe: 0.827
10/03 03:53 INFO step: [1400/2799] | loss_1: 0.502 | loss_2: 0.687 | loss_3: 0.870 | epe: 0.833
10/03 03:54 INFO step: [1600/2799] | loss_1: 0.500 | loss_2: 0.685 | loss_3: 0.859 | epe: 0.833
10/03 03:55 INFO step: [1800/2799] | loss_1: 0.501 | loss_2: 0.687 | loss_3: 0.863 | epe: 0.832
10/03 03:56 INFO step: [2000/2799] | loss_1: 0.500 | loss_2: 0.685 | loss_3: 0.859 | epe: 0.832
10/03 03:57 INFO step: [2200/2799] | loss_1: 0.500 | loss_2: 0.686 | loss_3: 0.863 | epe: 0.833
10/03 03:58 INFO step: [2400/2799] | loss_1: 0.499 | loss_2: 0.684 | loss_3: 0.861 | epe: 0.831
10/03 03:59 INFO step: [2600/2799] | loss_1: 0.498 | loss_2: 0.683 | loss_3: 0.858 | epe: 0.830
10/03 04:01 INFO val_epe: 6.360
10/03 04:01 INFO Epoches: [20/500] ============================
10/03 04:01 INFO step: [0/2799] | loss_1: 0.299 | loss_2: 0.522 | loss_3: 0.580 | epe: 0.982
10/03 04:02 INFO step: [200/2799] | loss_1: 0.520 | loss_2: 0.707 | loss_3: 0.905 | epe: 0.826
10/03 04:03 INFO step: [400/2799] | loss_1: 0.520 | loss_2: 0.709 | loss_3: 0.877 | epe: 0.832
10/03 04:04 INFO step: [600/2799] | loss_1: 0.519 | loss_2: 0.709 | loss_3: 0.855 | epe: 0.832
10/03 04:05 INFO step: [800/2799] | loss_1: 0.526 | loss_2: 0.715 | loss_3: 0.875 | epe: 0.831
10/03 04:06 INFO step: [1000/2799] | loss_1: 0.525 | loss_2: 0.716 | loss_3: 0.859 | epe: 0.833
10/03 04:07 INFO step: [1200/2799] | loss_1: 0.520 | loss_2: 0.709 | loss_3: 0.855 | epe: 0.833
10/03 04:08 INFO step: [1400/2799] | loss_1: 0.518 | loss_2: 0.708 | loss_3: 0.856 | epe: 0.833
10/03 04:09 INFO step: [1600/2799] | loss_1: 0.516 | loss_2: 0.706 | loss_3: 0.848 | epe: 0.829
10/03 04:10 INFO step: [1800/2799] | loss_1: 0.512 | loss_2: 0.701 | loss_3: 0.845 | epe: 0.823
10/03 04:11 INFO step: [2000/2799] | loss_1: 0.507 | loss_2: 0.696 | loss_3: 0.838 | epe: 0.823
10/03 04:12 INFO step: [2200/2799] | loss_1: 0.508 | loss_2: 0.696 | loss_3: 0.849 | epe: 0.820
10/03 04:13 INFO step: [2400/2799] | loss_1: 0.508 | loss_2: 0.697 | loss_3: 0.848 | epe: 0.818
10/03 04:14 INFO step: [2600/2799] | loss_1: 0.506 | loss_2: 0.694 | loss_3: 0.841 | epe: 0.819
10/03 04:16 INFO val_epe: 6.052
10/03 04:16 INFO Epoches: [21/500] ============================
10/03 04:16 INFO step: [0/2799] | loss_1: 0.619 | loss_2: 0.810 | loss_3: 0.889 | epe: 0.869
10/03 04:17 INFO step: [200/2799] | loss_1: 0.493 | loss_2: 0.685 | loss_3: 0.792 | epe: 0.806
10/03 04:18 INFO step: [400/2799] | loss_1: 0.488 | loss_2: 0.679 | loss_3: 0.799 | epe: 0.805
10/03 04:18 INFO step: [600/2799] | loss_1: 0.502 | loss_2: 0.692 | loss_3: 0.837 | epe: 0.813
10/03 04:19 INFO step: [800/2799] | loss_1: 0.510 | loss_2: 0.699 | loss_3: 0.849 | epe: 0.809
10/03 04:20 INFO step: [1000/2799] | loss_1: 0.514 | loss_2: 0.704 | loss_3: 0.861 | epe: 0.808
10/03 04:21 INFO step: [1200/2799] | loss_1: 0.512 | loss_2: 0.700 | loss_3: 0.860 | epe: 0.812
10/03 04:22 INFO step: [1400/2799] | loss_1: 0.503 | loss_2: 0.692 | loss_3: 0.837 | epe: 0.805
10/03 04:23 INFO step: [1600/2799] | loss_1: 0.497 | loss_2: 0.686 | loss_3: 0.825 | epe: 0.804
10/03 04:24 INFO step: [1800/2799] | loss_1: 0.492 | loss_2: 0.681 | loss_3: 0.812 | epe: 0.802
10/03 04:25 INFO step: [2000/2799] | loss_1: 0.495 | loss_2: 0.683 | loss_3: 0.819 | epe: 0.805
10/03 04:26 INFO step: [2200/2799] | loss_1: 0.490 | loss_2: 0.679 | loss_3: 0.810 | epe: 0.803
10/03 04:27 INFO step: [2400/2799] | loss_1: 0.490 | loss_2: 0.679 | loss_3: 0.812 | epe: 0.804
10/03 04:28 INFO step: [2600/2799] | loss_1: 0.491 | loss_2: 0.680 | loss_3: 0.810 | epe: 0.804
10/03 04:30 INFO val_epe: 6.484
10/03 04:30 INFO Epoches: [22/500] ============================
10/03 04:30 INFO step: [0/2799] | loss_1: 1.191 | loss_2: 1.373 | loss_3: 1.625 | epe: 1.123
10/03 04:31 INFO step: [200/2799] | loss_1: 0.488 | loss_2: 0.682 | loss_3: 0.760 | epe: 0.799
10/03 04:32 INFO step: [400/2799] | loss_1: 0.484 | loss_2: 0.675 | loss_3: 0.759 | epe: 0.800
10/03 04:33 INFO step: [600/2799] | loss_1: 0.492 | loss_2: 0.683 | loss_3: 0.803 | epe: 0.799
10/03 04:34 INFO step: [800/2799] | loss_1: 0.494 | loss_2: 0.684 | loss_3: 0.809 | epe: 0.794
10/03 04:35 INFO step: [1000/2799] | loss_1: 0.499 | loss_2: 0.689 | loss_3: 0.813 | epe: 0.795
10/03 04:36 INFO step: [1200/2799] | loss_1: 0.495 | loss_2: 0.684 | loss_3: 0.820 | epe: 0.798
10/03 04:37 INFO step: [1400/2799] | loss_1: 0.491 | loss_2: 0.680 | loss_3: 0.815 | epe: 0.800
10/03 04:38 INFO step: [1600/2799] | loss_1: 0.493 | loss_2: 0.683 | loss_3: 0.813 | epe: 0.798
10/03 04:39 INFO step: [1800/2799] | loss_1: 0.497 | loss_2: 0.687 | loss_3: 0.822 | epe: 0.803
10/03 04:40 INFO step: [2000/2799] | loss_1: 0.498 | loss_2: 0.687 | loss_3: 0.821 | epe: 0.804
10/03 04:41 INFO step: [2200/2799] | loss_1: 0.497 | loss_2: 0.686 | loss_3: 0.824 | epe: 0.804
10/03 04:42 INFO step: [2400/2799] | loss_1: 0.498 | loss_2: 0.688 | loss_3: 0.820 | epe: 0.803
10/03 04:43 INFO step: [2600/2799] | loss_1: 0.497 | loss_2: 0.686 | loss_3: 0.816 | epe: 0.800
10/03 04:45 INFO val_epe: 6.357
10/03 04:45 INFO Epoches: [23/500] ============================
10/03 04:45 INFO step: [0/2799] | loss_1: 0.204 | loss_2: 0.433 | loss_3: 0.271 | epe: 0.703
10/03 04:46 INFO step: [200/2799] | loss_1: 0.495 | loss_2: 0.683 | loss_3: 0.808 | epe: 0.778
10/03 04:47 INFO step: [400/2799] | loss_1: 0.499 | loss_2: 0.683 | loss_3: 0.875 | epe: 0.791
10/03 04:48 INFO step: [600/2799] | loss_1: 0.503 | loss_2: 0.688 | loss_3: 0.889 | epe: 0.790
10/03 04:49 INFO step: [800/2799] | loss_1: 0.500 | loss_2: 0.687 | loss_3: 0.851 | epe: 0.788
10/03 04:50 INFO step: [1000/2799] | loss_1: 0.505 | loss_2: 0.693 | loss_3: 0.856 | epe: 0.781
10/03 04:51 INFO step: [1200/2799] | loss_1: 0.497 | loss_2: 0.684 | loss_3: 0.827 | epe: 0.780
10/03 04:52 INFO step: [1400/2799] | loss_1: 0.497 | loss_2: 0.685 | loss_3: 0.829 | epe: 0.787
10/03 04:53 INFO step: [1600/2799] | loss_1: 0.498 | loss_2: 0.686 | loss_3: 0.825 | epe: 0.787
10/03 04:54 INFO step: [1800/2799] | loss_1: 0.499 | loss_2: 0.688 | loss_3: 0.824 | epe: 0.789
10/03 04:55 INFO step: [2000/2799] | loss_1: 0.499 | loss_2: 0.689 | loss_3: 0.822 | epe: 0.786
10/03 04:56 INFO step: [2200/2799] | loss_1: 0.498 | loss_2: 0.687 | loss_3: 0.819 | epe: 0.786
10/03 04:57 INFO step: [2400/2799] | loss_1: 0.498 | loss_2: 0.688 | loss_3: 0.816 | epe: 0.788
10/03 04:58 INFO step: [2600/2799] | loss_1: 0.500 | loss_2: 0.689 | loss_3: 0.823 | epe: 0.788
10/03 04:59 INFO val_epe: 6.155
10/03 04:59 INFO Epoches: [24/500] ============================
10/03 04:59 INFO step: [0/2799] | loss_1: 0.409 | loss_2: 0.650 | loss_3: 0.321 | epe: 0.846
10/03 05:00 INFO step: [200/2799] | loss_1: 0.434 | loss_2: 0.621 | loss_3: 0.682 | epe: 0.798
10/03 05:01 INFO step: [400/2799] | loss_1: 0.454 | loss_2: 0.644 | loss_3: 0.719 | epe: 0.793
10/03 05:02 INFO step: [600/2799] | loss_1: 0.480 | loss_2: 0.670 | loss_3: 0.775 | epe: 0.800
10/03 05:03 INFO step: [800/2799] | loss_1: 0.490 | loss_2: 0.681 | loss_3: 0.784 | epe: 0.795
10/03 05:04 INFO step: [1000/2799] | loss_1: 0.489 | loss_2: 0.679 | loss_3: 0.787 | epe: 0.793
10/03 05:05 INFO step: [1200/2799] | loss_1: 0.486 | loss_2: 0.676 | loss_3: 0.784 | epe: 0.792
10/03 05:06 INFO step: [1400/2799] | loss_1: 0.484 | loss_2: 0.674 | loss_3: 0.785 | epe: 0.790
10/03 05:07 INFO step: [1600/2799] | loss_1: 0.486 | loss_2: 0.675 | loss_3: 0.789 | epe: 0.788
10/03 05:08 INFO step: [1800/2799] | loss_1: 0.488 | loss_2: 0.679 | loss_3: 0.784 | epe: 0.788
10/03 05:09 INFO step: [2000/2799] | loss_1: 0.492 | loss_2: 0.682 | loss_3: 0.790 | epe: 0.787
10/03 05:10 INFO step: [2200/2799] | loss_1: 0.490 | loss_2: 0.681 | loss_3: 0.786 | epe: 0.784
10/03 05:11 INFO step: [2400/2799] | loss_1: 0.488 | loss_2: 0.678 | loss_3: 0.783 | epe: 0.783
10/03 05:12 INFO step: [2600/2799] | loss_1: 0.488 | loss_2: 0.679 | loss_3: 0.782 | epe: 0.781
10/03 05:14 INFO val_epe: 5.900
10/03 05:14 INFO Epoches: [25/500] ============================
10/03 05:14 INFO step: [0/2799] | loss_1: 0.633 | loss_2: 0.791 | loss_3: 0.742 | epe: 1.042
10/03 05:15 INFO step: [200/2799] | loss_1: 0.464 | loss_2: 0.657 | loss_3: 0.704 | epe: 0.777
10/03 05:16 INFO step: [400/2799] | loss_1: 0.469 | loss_2: 0.660 | loss_3: 0.741 | epe: 0.770
10/03 05:17 INFO step: [600/2799] | loss_1: 0.473 | loss_2: 0.664 | loss_3: 0.757 | epe: 0.771
10/03 05:18 INFO step: [800/2799] | loss_1: 0.480 | loss_2: 0.670 | loss_3: 0.780 | epe: 0.776
10/03 05:19 INFO step: [1000/2799] | loss_1: 0.488 | loss_2: 0.678 | loss_3: 0.787 | epe: 0.781
10/03 05:20 INFO step: [1200/2799] | loss_1: 0.496 | loss_2: 0.687 | loss_3: 0.809 | epe: 0.782
10/03 05:21 INFO step: [1400/2799] | loss_1: 0.496 | loss_2: 0.687 | loss_3: 0.807 | epe: 0.779
10/03 05:22 INFO step: [1600/2799] | loss_1: 0.494 | loss_2: 0.686 | loss_3: 0.802 | epe: 0.777
10/03 05:23 INFO step: [1800/2799] | loss_1: 0.493 | loss_2: 0.684 | loss_3: 0.798 | epe: 0.776
10/03 05:24 INFO step: [2000/2799] | loss_1: 0.492 | loss_2: 0.684 | loss_3: 0.798 | epe: 0.776
10/03 05:25 INFO step: [2200/2799] | loss_1: 0.491 | loss_2: 0.682 | loss_3: 0.795 | epe: 0.775
10/03 05:26 INFO step: [2400/2799] | loss_1: 0.490 | loss_2: 0.682 | loss_3: 0.788 | epe: 0.772
10/03 05:27 INFO step: [2600/2799] | loss_1: 0.489 | loss_2: 0.680 | loss_3: 0.788 | epe: 0.771
10/03 05:29 INFO val_epe: 6.317
10/03 05:29 INFO Epoches: [26/500] ============================
10/03 05:29 INFO step: [0/2799] | loss_1: 0.453 | loss_2: 0.553 | loss_3: 0.957 | epe: 0.734
10/03 05:30 INFO step: [200/2799] | loss_1: 0.456 | loss_2: 0.645 | loss_3: 0.703 | epe: 0.756
10/03 05:31 INFO step: [400/2799] | loss_1: 0.478 | loss_2: 0.668 | loss_3: 0.776 | epe: 0.765
10/03 05:32 INFO step: [600/2799] | loss_1: 0.485 | loss_2: 0.674 | loss_3: 0.790 | epe: 0.760
10/03 05:33 INFO step: [800/2799] | loss_1: 0.484 | loss_2: 0.673 | loss_3: 0.789 | epe: 0.764
10/03 05:34 INFO step: [1000/2799] | loss_1: 0.486 | loss_2: 0.676 | loss_3: 0.774 | epe: 0.765
10/03 05:35 INFO step: [1200/2799] | loss_1: 0.488 | loss_2: 0.679 | loss_3: 0.773 | epe: 0.765
10/03 05:36 INFO step: [1400/2799] | loss_1: 0.488 | loss_2: 0.681 | loss_3: 0.767 | epe: 0.765
10/03 05:37 INFO step: [1600/2799] | loss_1: 0.488 | loss_2: 0.681 | loss_3: 0.767 | epe: 0.763
10/03 05:38 INFO step: [1800/2799] | loss_1: 0.486 | loss_2: 0.678 | loss_3: 0.765 | epe: 0.763
10/03 05:39 INFO step: [2000/2799] | loss_1: 0.487 | loss_2: 0.679 | loss_3: 0.766 | epe: 0.764
10/03 05:40 INFO step: [2200/2799] | loss_1: 0.486 | loss_2: 0.678 | loss_3: 0.761 | epe: 0.763
10/03 05:41 INFO step: [2400/2799] | loss_1: 0.485 | loss_2: 0.678 | loss_3: 0.760 | epe: 0.765
10/03 05:41 INFO step: [2600/2799] | loss_1: 0.488 | loss_2: 0.680 | loss_3: 0.763 | epe: 0.765
10/03 05:43 INFO val_epe: 6.013
10/03 05:43 INFO Epoches: [27/500] ============================
10/03 05:43 INFO step: [0/2799] | loss_1: 0.856 | loss_2: 1.078 | loss_3: 0.828 | epe: 0.639
10/03 05:44 INFO step: [200/2799] | loss_1: 0.515 | loss_2: 0.714 | loss_3: 0.720 | epe: 0.764
10/03 05:45 INFO step: [400/2799] | loss_1: 0.515 | loss_2: 0.711 | loss_3: 0.745 | epe: 0.760
10/03 05:46 INFO step: [600/2799] | loss_1: 0.495 | loss_2: 0.689 | loss_3: 0.725 | epe: 0.761
10/03 05:47 INFO step: [800/2799] | loss_1: 0.492 | loss_2: 0.685 | loss_3: 0.730 | epe: 0.764
10/03 05:48 INFO step: [1000/2799] | loss_1: 0.494 | loss_2: 0.687 | loss_3: 0.748 | epe: 0.761
10/03 05:49 INFO step: [1200/2799] | loss_1: 0.497 | loss_2: 0.691 | loss_3: 0.753 | epe: 0.760
10/03 05:50 INFO step: [1400/2799] | loss_1: 0.497 | loss_2: 0.690 | loss_3: 0.759 | epe: 0.761
10/03 05:51 INFO step: [1600/2799] | loss_1: 0.492 | loss_2: 0.685 | loss_3: 0.746 | epe: 0.759
10/03 05:52 INFO step: [1800/2799] | loss_1: 0.496 | loss_2: 0.689 | loss_3: 0.758 | epe: 0.762
10/03 05:53 INFO step: [2000/2799] | loss_1: 0.495 | loss_2: 0.688 | loss_3: 0.762 | epe: 0.761
10/03 05:54 INFO step: [2200/2799] | loss_1: 0.494 | loss_2: 0.686 | loss_3: 0.763 | epe: 0.761
10/03 05:55 INFO step: [2400/2799] | loss_1: 0.494 | loss_2: 0.685 | loss_3: 0.764 | epe: 0.760
10/03 05:56 INFO step: [2600/2799] | loss_1: 0.494 | loss_2: 0.686 | loss_3: 0.763 | epe: 0.760
10/03 05:58 INFO val_epe: 5.818
10/03 05:58 INFO Epoches: [28/500] ============================
10/03 05:58 INFO step: [0/2799] | loss_1: 0.070 | loss_2: 0.201 | loss_3: 0.292 | epe: 0.599
10/03 05:59 INFO step: [200/2799] | loss_1: 0.510 | loss_2: 0.699 | loss_3: 0.818 | epe: 0.756
10/03 06:00 INFO step: [400/2799] | loss_1: 0.496 | loss_2: 0.688 | loss_3: 0.760 | epe: 0.760
10/03 06:01 INFO step: [600/2799] | loss_1: 0.488 | loss_2: 0.681 | loss_3: 0.750 | epe: 0.756
10/03 06:02 INFO step: [800/2799] | loss_1: 0.490 | loss_2: 0.682 | loss_3: 0.740 | epe: 0.755
10/03 06:03 INFO step: [1000/2799] | loss_1: 0.494 | loss_2: 0.685 | loss_3: 0.771 | epe: 0.761
10/03 06:04 INFO step: [1200/2799] | loss_1: 0.493 | loss_2: 0.684 | loss_3: 0.763 | epe: 0.756
10/03 06:05 INFO step: [1400/2799] | loss_1: 0.489 | loss_2: 0.680 | loss_3: 0.757 | epe: 0.755
10/03 06:06 INFO step: [1600/2799] | loss_1: 0.491 | loss_2: 0.683 | loss_3: 0.755 | epe: 0.755
10/03 06:07 INFO step: [1800/2799] | loss_1: 0.494 | loss_2: 0.686 | loss_3: 0.758 | epe: 0.758
10/03 06:08 INFO step: [2000/2799] | loss_1: 0.491 | loss_2: 0.683 | loss_3: 0.752 | epe: 0.755
10/03 06:09 INFO step: [2200/2799] | loss_1: 0.491 | loss_2: 0.683 | loss_3: 0.753 | epe: 0.755
10/03 06:10 INFO step: [2400/2799] | loss_1: 0.493 | loss_2: 0.686 | loss_3: 0.761 | epe: 0.754
10/03 06:11 INFO step: [2600/2799] | loss_1: 0.493 | loss_2: 0.685 | loss_3: 0.762 | epe: 0.754
10/03 06:13 INFO val_epe: 5.654
10/03 06:13 INFO Epoches: [29/500] ============================
10/03 06:13 INFO step: [0/2799] | loss_1: 0.202 | loss_2: 0.380 | loss_3: 0.523 | epe: 0.531
10/03 06:14 INFO step: [200/2799] | loss_1: 0.508 | loss_2: 0.702 | loss_3: 0.761 | epe: 0.733
10/03 06:15 INFO step: [400/2799] | loss_1: 0.500 | loss_2: 0.694 | loss_3: 0.765 | epe: 0.739
10/03 06:16 INFO step: [600/2799] | loss_1: 0.511 | loss_2: 0.702 | loss_3: 0.801 | epe: 0.748
10/03 06:17 INFO step: [800/2799] | loss_1: 0.504 | loss_2: 0.696 | loss_3: 0.788 | epe: 0.751
10/03 06:18 INFO step: [1000/2799] | loss_1: 0.503 | loss_2: 0.694 | loss_3: 0.795 | epe: 0.760
10/03 06:19 INFO step: [1200/2799] | loss_1: 0.499 | loss_2: 0.690 | loss_3: 0.797 | epe: 0.756
10/03 06:20 INFO step: [1400/2799] | loss_1: 0.496 | loss_2: 0.688 | loss_3: 0.790 | epe: 0.754
10/03 06:20 INFO step: [1600/2799] | loss_1: 0.496 | loss_2: 0.688 | loss_3: 0.788 | epe: 0.752
10/03 06:21 INFO step: [1800/2799] | loss_1: 0.494 | loss_2: 0.686 | loss_3: 0.781 | epe: 0.751
10/03 06:22 INFO step: [2000/2799] | loss_1: 0.496 | loss_2: 0.688 | loss_3: 0.785 | epe: 0.751
10/03 06:23 INFO step: [2200/2799] | loss_1: 0.491 | loss_2: 0.684 | loss_3: 0.772 | epe: 0.748
10/03 06:24 INFO step: [2400/2799] | loss_1: 0.491 | loss_2: 0.683 | loss_3: 0.769 | epe: 0.748
10/03 06:25 INFO step: [2600/2799] | loss_1: 0.490 | loss_2: 0.682 | loss_3: 0.772 | epe: 0.747
10/03 06:27 INFO val_epe: 6.215
10/03 06:27 INFO Epoches: [30/500] ============================
10/03 06:27 INFO step: [0/2799] | loss_1: 0.475 | loss_2: 0.712 | loss_3: 0.424 | epe: 0.670
10/03 06:28 INFO step: [200/2799] | loss_1: 0.456 | loss_2: 0.650 | loss_3: 0.639 | epe: 0.721
10/03 06:29 INFO step: [400/2799] | loss_1: 0.468 | loss_2: 0.665 | loss_3: 0.660 | epe: 0.726
10/03 06:30 INFO step: [600/2799] | loss_1: 0.471 | loss_2: 0.665 | loss_3: 0.721 | epe: 0.738
10/03 06:31 INFO step: [800/2799] | loss_1: 0.477 | loss_2: 0.670 | loss_3: 0.725 | epe: 0.748
10/03 06:32 INFO step: [1000/2799] | loss_1: 0.479 | loss_2: 0.671 | loss_3: 0.741 | epe: 0.750
10/03 06:33 INFO step: [1200/2799] | loss_1: 0.484 | loss_2: 0.676 | loss_3: 0.753 | epe: 0.753
10/03 06:34 INFO step: [1400/2799] | loss_1: 0.488 | loss_2: 0.681 | loss_3: 0.761 | epe: 0.754
10/03 06:35 INFO step: [1600/2799] | loss_1: 0.486 | loss_2: 0.679 | loss_3: 0.758 | epe: 0.752
10/03 06:36 INFO step: [1800/2799] | loss_1: 0.489 | loss_2: 0.682 | loss_3: 0.761 | epe: 0.752
10/03 06:37 INFO step: [2000/2799] | loss_1: 0.488 | loss_2: 0.681 | loss_3: 0.750 | epe: 0.750
10/03 06:38 INFO step: [2200/2799] | loss_1: 0.484 | loss_2: 0.677 | loss_3: 0.746 | epe: 0.748
10/03 06:39 INFO step: [2400/2799] | loss_1: 0.487 | loss_2: 0.680 | loss_3: 0.752 | epe: 0.749
10/03 06:40 INFO step: [2600/2799] | loss_1: 0.490 | loss_2: 0.683 | loss_3: 0.754 | epe: 0.749
10/03 06:42 INFO val_epe: 5.898
10/03 06:42 INFO Epoches: [31/500] ============================
10/03 06:42 INFO step: [0/2799] | loss_1: 0.638 | loss_2: 0.858 | loss_3: 0.865 | epe: 0.669
10/03 06:43 INFO step: [200/2799] | loss_1: 0.463 | loss_2: 0.654 | loss_3: 0.749 | epe: 0.739
10/03 06:44 INFO step: [400/2799] | loss_1: 0.474 | loss_2: 0.667 | loss_3: 0.752 | epe: 0.738
10/03 06:45 INFO step: [600/2799] | loss_1: 0.483 | loss_2: 0.675 | loss_3: 0.763 | epe: 0.741
10/03 06:46 INFO step: [800/2799] | loss_1: 0.486 | loss_2: 0.679 | loss_3: 0.765 | epe: 0.744
10/03 06:47 INFO step: [1000/2799] | loss_1: 0.480 | loss_2: 0.673 | loss_3: 0.759 | epe: 0.742
10/03 06:48 INFO step: [1200/2799] | loss_1: 0.485 | loss_2: 0.678 | loss_3: 0.762 | epe: 0.741
10/03 06:49 INFO step: [1400/2799] | loss_1: 0.491 | loss_2: 0.684 | loss_3: 0.781 | epe: 0.740
10/03 06:50 INFO step: [1600/2799] | loss_1: 0.491 | loss_2: 0.683 | loss_3: 0.779 | epe: 0.739
10/03 06:51 INFO step: [1800/2799] | loss_1: 0.490 | loss_2: 0.683 | loss_3: 0.780 | epe: 0.737
10/03 06:52 INFO step: [2000/2799] | loss_1: 0.493 | loss_2: 0.685 | loss_3: 0.782 | epe: 0.738
10/03 06:53 INFO step: [2200/2799] | loss_1: 0.492 | loss_2: 0.685 | loss_3: 0.778 | epe: 0.739
10/03 06:54 INFO step: [2400/2799] | loss_1: 0.494 | loss_2: 0.686 | loss_3: 0.780 | epe: 0.739
10/03 06:55 INFO step: [2600/2799] | loss_1: 0.491 | loss_2: 0.684 | loss_3: 0.776 | epe: 0.736
10/03 06:57 INFO val_epe: 5.518
10/03 06:57 INFO Epoches: [32/500] ============================
10/03 06:57 INFO step: [0/2799] | loss_1: 0.526 | loss_2: 0.672 | loss_3: 0.906 | epe: 0.677
10/03 06:58 INFO step: [200/2799] | loss_1: 0.469 | loss_2: 0.655 | loss_3: 0.762 | epe: 0.711
10/03 06:59 INFO step: [400/2799] | loss_1: 0.481 | loss_2: 0.670 | loss_3: 0.751 | epe: 0.733
10/03 07:00 INFO step: [600/2799] | loss_1: 0.481 | loss_2: 0.670 | loss_3: 0.748 | epe: 0.728
10/03 07:01 INFO step: [800/2799] | loss_1: 0.479 | loss_2: 0.668 | loss_3: 0.741 | epe: 0.726
10/03 07:01 INFO step: [1000/2799] | loss_1: 0.477 | loss_2: 0.667 | loss_3: 0.738 | epe: 0.728
10/03 07:02 INFO step: [1200/2799] | loss_1: 0.473 | loss_2: 0.663 | loss_3: 0.720 | epe: 0.726
10/03 07:03 INFO step: [1400/2799] | loss_1: 0.472 | loss_2: 0.663 | loss_3: 0.723 | epe: 0.727
10/03 07:04 INFO step: [1600/2799] | loss_1: 0.474 | loss_2: 0.666 | loss_3: 0.726 | epe: 0.731
10/03 07:05 INFO step: [1800/2799] | loss_1: 0.472 | loss_2: 0.664 | loss_3: 0.727 | epe: 0.731
10/03 07:06 INFO step: [2000/2799] | loss_1: 0.473 | loss_2: 0.664 | loss_3: 0.730 | epe: 0.731
10/03 07:07 INFO step: [2200/2799] | loss_1: 0.472 | loss_2: 0.663 | loss_3: 0.731 | epe: 0.731
10/03 07:08 INFO step: [2400/2799] | loss_1: 0.473 | loss_2: 0.664 | loss_3: 0.735 | epe: 0.732
10/03 07:09 INFO step: [2600/2799] | loss_1: 0.472 | loss_2: 0.663 | loss_3: 0.729 | epe: 0.732
10/03 07:11 INFO val_epe: 5.649
10/03 07:11 INFO Epoches: [33/500] ============================
10/03 07:11 INFO step: [0/2799] | loss_1: 0.636 | loss_2: 0.757 | loss_3: 1.205 | epe: 0.543
10/03 07:12 INFO step: [200/2799] | loss_1: 0.486 | loss_2: 0.679 | loss_3: 0.690 | epe: 0.721
10/03 07:13 INFO step: [400/2799] | loss_1: 0.474 | loss_2: 0.665 | loss_3: 0.691 | epe: 0.719
10/03 07:14 INFO step: [600/2799] | loss_1: 0.471 | loss_2: 0.663 | loss_3: 0.689 | epe: 0.716
10/03 07:15 INFO step: [800/2799] | loss_1: 0.478 | loss_2: 0.670 | loss_3: 0.712 | epe: 0.723
10/03 07:16 INFO step: [1000/2799] | loss_1: 0.480 | loss_2: 0.671 | loss_3: 0.729 | epe: 0.726
10/03 07:17 INFO step: [1200/2799] | loss_1: 0.485 | loss_2: 0.677 | loss_3: 0.731 | epe: 0.727
10/03 07:18 INFO step: [1400/2799] | loss_1: 0.479 | loss_2: 0.672 | loss_3: 0.729 | epe: 0.728
10/03 07:19 INFO step: [1600/2799] | loss_1: 0.481 | loss_2: 0.674 | loss_3: 0.728 | epe: 0.729
10/03 07:20 INFO step: [1800/2799] | loss_1: 0.482 | loss_2: 0.675 | loss_3: 0.723 | epe: 0.728
10/03 07:21 INFO step: [2000/2799] | loss_1: 0.483 | loss_2: 0.677 | loss_3: 0.729 | epe: 0.730
10/03 07:22 INFO step: [2200/2799] | loss_1: 0.485 | loss_2: 0.679 | loss_3: 0.729 | epe: 0.732
10/03 07:23 INFO step: [2400/2799] | loss_1: 0.482 | loss_2: 0.675 | loss_3: 0.726 | epe: 0.732
10/03 07:24 INFO step: [2600/2799] | loss_1: 0.482 | loss_2: 0.675 | loss_3: 0.725 | epe: 0.731
