09/19 12:51 INFO gpu: 0
09/19 12:51 INFO save_path: ./pth
09/19 12:51 INFO save_epe: 1.0
09/19 12:51 INFO data_path: /home/liqi/Code/Scene_Flow_Datasets/
09/19 12:51 INFO pth_load: ./sceneflow_2.pth
09/19 12:51 INFO device: cuda:0
09/19 12:51 INFO seed: 7777
09/19 12:51 INFO train_EPOCHS: 500
09/19 12:51 INFO train_warm_up: 30
09/19 12:51 INFO train_lr: 0.01
09/19 12:51 INFO start_disp: 0
09/19 12:51 INFO end_disp: 192
09/19 12:51 INFO focal_coefficient: 5.0
09/19 12:51 INFO sparse: False
09/19 12:51 INFO batch_size: 1
09/19 12:51 INFO mixup_alpha: 0.5
09/19 12:51 INFO grad_clip_value: 1.0
09/19 12:51 INFO Pre-train parameter loaded.
09/19 12:51 INFO Train start.
09/19 12:51 INFO Epoches: [1/500] ============================
09/19 12:51 INFO step: [20/22390] | loss: 118.483 | epe: 0.945
09/19 12:51 INFO step: [40/22390] | loss: 118.472 | epe: 0.868
09/19 12:51 INFO step: [60/22390] | loss: 117.758 | epe: 0.909
09/19 12:52 INFO step: [80/22390] | loss: 118.471 | epe: 0.899
09/19 12:52 INFO step: [100/22390] | loss: 118.010 | epe: 0.846
09/19 12:52 INFO step: [120/22390] | loss: 118.385 | epe: 0.839
09/19 12:52 INFO step: [140/22390] | loss: 118.293 | epe: 0.812
09/19 12:52 INFO step: [160/22390] | loss: 118.067 | epe: 0.781
09/19 12:52 INFO step: [180/22390] | loss: 117.666 | epe: 0.749
09/19 12:53 INFO step: [200/22390] | loss: 117.830 | epe: 0.733
09/19 12:53 INFO step: [220/22390] | loss: 117.538 | epe: 0.725
09/19 12:53 INFO step: [240/22390] | loss: 117.595 | epe: 0.744
09/19 12:53 INFO step: [260/22390] | loss: 118.015 | epe: 1.013
09/19 12:53 INFO step: [280/22390] | loss: 117.856 | epe: 0.975
09/19 12:53 INFO step: [300/22390] | loss: 117.652 | epe: 0.952
09/19 12:54 INFO step: [320/22390] | loss: 117.448 | epe: 0.952
09/19 12:54 INFO step: [340/22390] | loss: 117.142 | epe: 0.939
09/19 12:54 INFO step: [360/22390] | loss: 117.195 | epe: 0.919
09/19 12:54 INFO step: [380/22390] | loss: 117.080 | epe: 0.915
09/19 12:54 INFO step: [400/22390] | loss: 117.001 | epe: 0.929
09/19 12:55 INFO step: [420/22390] | loss: 117.024 | epe: 0.917
09/19 12:55 INFO step: [440/22390] | loss: 116.732 | epe: 0.896
09/19 12:55 INFO step: [460/22390] | loss: 116.696 | epe: 0.889
09/19 12:55 INFO step: [480/22390] | loss: 116.685 | epe: 0.882
09/19 12:55 INFO step: [500/22390] | loss: 116.515 | epe: 0.891
09/19 12:55 INFO step: [520/22390] | loss: 116.532 | epe: 0.887
09/19 12:56 INFO step: [540/22390] | loss: 116.481 | epe: 0.872
09/19 12:56 INFO step: [560/22390] | loss: 116.444 | epe: 0.863
09/19 12:56 INFO step: [580/22390] | loss: 116.351 | epe: 0.851
09/19 12:56 INFO step: [600/22390] | loss: 116.228 | epe: 0.842
09/19 12:56 INFO step: [620/22390] | loss: 116.076 | epe: 0.833
09/19 12:56 INFO step: [640/22390] | loss: 115.930 | epe: 0.831
09/19 12:57 INFO step: [660/22390] | loss: 115.820 | epe: 0.820
09/19 12:57 INFO step: [680/22390] | loss: 115.972 | epe: 0.816
09/19 12:57 INFO step: [700/22390] | loss: 115.990 | epe: 0.813
09/19 12:57 INFO step: [720/22390] | loss: 115.899 | epe: 0.809
09/19 12:57 INFO step: [740/22390] | loss: 115.951 | epe: 0.807
09/19 12:57 INFO step: [760/22390] | loss: 115.980 | epe: 0.800
09/19 12:58 INFO step: [780/22390] | loss: 115.918 | epe: 0.799
09/19 12:58 INFO step: [800/22390] | loss: 115.904 | epe: 0.797
09/19 12:58 INFO step: [820/22390] | loss: 115.873 | epe: 0.795
09/19 12:58 INFO step: [840/22390] | loss: 115.834 | epe: 0.798
09/19 12:58 INFO step: [860/22390] | loss: 115.821 | epe: 0.792
09/19 12:58 INFO step: [880/22390] | loss: 115.853 | epe: 0.789
09/19 12:59 INFO step: [900/22390] | loss: 115.821 | epe: 0.783
09/19 12:59 INFO step: [920/22390] | loss: 115.815 | epe: 0.781
09/19 12:59 INFO step: [940/22390] | loss: 115.883 | epe: 0.784
09/19 12:59 INFO step: [960/22390] | loss: 115.951 | epe: 0.799
09/19 12:59 INFO step: [980/22390] | loss: 116.034 | epe: 0.798
09/19 12:59 INFO step: [1000/22390] | loss: 116.092 | epe: 0.793
09/19 13:00 INFO step: [1020/22390] | loss: 116.103 | epe: 0.787
09/19 13:00 INFO step: [1040/22390] | loss: 116.089 | epe: 0.787
09/19 13:00 INFO step: [1060/22390] | loss: 116.095 | epe: 0.786
09/19 13:00 INFO step: [1080/22390] | loss: 116.094 | epe: 0.785
09/19 13:00 INFO step: [1100/22390] | loss: 116.181 | epe: 0.782
09/19 13:01 INFO step: [1120/22390] | loss: 116.179 | epe: 0.779
09/19 13:01 INFO step: [1140/22390] | loss: 116.171 | epe: 0.776
09/19 13:01 INFO step: [1160/22390] | loss: 116.261 | epe: 0.788
09/19 13:01 INFO step: [1180/22390] | loss: 116.319 | epe: 0.784
09/19 13:01 INFO step: [1200/22390] | loss: 116.343 | epe: 0.782
09/19 13:01 INFO step: [1220/22390] | loss: 116.339 | epe: 0.780
09/19 13:02 INFO step: [1240/22390] | loss: 116.370 | epe: 0.781
09/19 13:02 INFO step: [1260/22390] | loss: 116.334 | epe: 0.777
09/19 13:02 INFO step: [1280/22390] | loss: 116.305 | epe: 0.774
09/19 13:02 INFO step: [1300/22390] | loss: 116.345 | epe: 0.770
09/19 13:02 INFO step: [1320/22390] | loss: 116.423 | epe: 0.769
09/19 13:02 INFO step: [1340/22390] | loss: 116.434 | epe: 0.767
09/19 13:03 INFO step: [1360/22390] | loss: 116.452 | epe: 0.767
09/19 13:03 INFO step: [1380/22390] | loss: 116.451 | epe: 0.766
09/19 13:03 INFO step: [1400/22390] | loss: 116.401 | epe: 0.764
09/19 13:03 INFO step: [1420/22390] | loss: 116.368 | epe: 0.762
09/19 13:03 INFO step: [1440/22390] | loss: 116.363 | epe: 0.770
09/19 13:03 INFO step: [1460/22390] | loss: 116.372 | epe: 0.769
09/19 13:04 INFO step: [1480/22390] | loss: 116.375 | epe: 0.766
09/19 13:04 INFO step: [1500/22390] | loss: 116.397 | epe: 0.785
09/19 13:04 INFO step: [1520/22390] | loss: 116.422 | epe: 0.785
09/19 13:04 INFO step: [1540/22390] | loss: 116.405 | epe: 0.783
09/19 13:04 INFO step: [1560/22390] | loss: 116.379 | epe: 0.782
09/19 13:04 INFO step: [1580/22390] | loss: 116.464 | epe: 0.786
09/19 13:05 INFO step: [1600/22390] | loss: 116.467 | epe: 0.784
09/19 13:05 INFO step: [1620/22390] | loss: 116.475 | epe: 0.787
09/19 13:05 INFO step: [1640/22390] | loss: 116.484 | epe: 0.784
09/19 13:05 INFO step: [1660/22390] | loss: 116.452 | epe: 0.780
09/19 13:05 INFO step: [1680/22390] | loss: 116.531 | epe: 0.779
09/19 13:05 INFO step: [1700/22390] | loss: 116.533 | epe: 0.784
09/19 13:06 INFO step: [1720/22390] | loss: 116.577 | epe: 0.784
09/19 13:06 INFO step: [1740/22390] | loss: 116.598 | epe: 0.782
09/19 13:06 INFO step: [1760/22390] | loss: 116.585 | epe: 0.779
09/19 13:06 INFO step: [1780/22390] | loss: 116.579 | epe: 0.778
09/19 13:06 INFO step: [1800/22390] | loss: 116.577 | epe: 0.778
09/19 13:07 INFO step: [1820/22390] | loss: 116.613 | epe: 0.776
09/19 13:07 INFO step: [1840/22390] | loss: 116.649 | epe: 0.775
09/19 13:07 INFO step: [1860/22390] | loss: 116.601 | epe: 0.773
09/19 13:07 INFO step: [1880/22390] | loss: 116.612 | epe: 0.771
09/19 13:07 INFO step: [1900/22390] | loss: 116.622 | epe: 0.769
09/19 13:07 INFO step: [1920/22390] | loss: 116.635 | epe: 0.776
09/19 13:08 INFO step: [1940/22390] | loss: 116.588 | epe: 0.780
09/19 13:08 INFO step: [1960/22390] | loss: 116.575 | epe: 0.778
09/19 13:08 INFO step: [1980/22390] | loss: 116.536 | epe: 0.776
09/19 13:08 INFO step: [2000/22390] | loss: 116.504 | epe: 0.776
09/19 13:08 INFO step: [2020/22390] | loss: 116.466 | epe: 0.776
09/19 13:08 INFO step: [2040/22390] | loss: 116.442 | epe: 0.776
09/19 13:09 INFO step: [2060/22390] | loss: 116.450 | epe: 0.774
09/19 13:09 INFO step: [2080/22390] | loss: 116.435 | epe: 0.773
09/19 13:09 INFO step: [2100/22390] | loss: 116.440 | epe: 0.773
09/19 13:09 INFO step: [2120/22390] | loss: 116.438 | epe: 0.775
09/19 13:09 INFO step: [2140/22390] | loss: 116.461 | epe: 0.775
09/19 13:09 INFO step: [2160/22390] | loss: 116.473 | epe: 0.774
09/19 13:10 INFO step: [2180/22390] | loss: 116.444 | epe: 0.772
09/19 13:10 INFO step: [2200/22390] | loss: 116.481 | epe: 0.772
09/19 13:10 INFO step: [2220/22390] | loss: 116.503 | epe: 0.770
09/19 13:10 INFO step: [2240/22390] | loss: 116.453 | epe: 0.775
09/19 13:10 INFO step: [2260/22390] | loss: 116.457 | epe: 0.772
09/19 13:10 INFO step: [2280/22390] | loss: 116.462 | epe: 0.772
09/19 13:11 INFO step: [2300/22390] | loss: 116.479 | epe: 0.772
09/19 13:11 INFO step: [2320/22390] | loss: 116.467 | epe: 0.771
09/19 13:11 INFO step: [2340/22390] | loss: 116.481 | epe: 0.770
09/19 13:11 INFO step: [2360/22390] | loss: 116.455 | epe: 0.769
09/19 13:11 INFO step: [2380/22390] | loss: 116.460 | epe: 0.768
09/19 13:11 INFO step: [2400/22390] | loss: 116.444 | epe: 0.768
09/19 13:12 INFO step: [2420/22390] | loss: 116.463 | epe: 0.767
09/19 13:12 INFO step: [2440/22390] | loss: 116.460 | epe: 0.766
09/19 13:12 INFO step: [2460/22390] | loss: 116.510 | epe: 0.766
09/19 13:12 INFO step: [2480/22390] | loss: 116.520 | epe: 0.765
09/19 13:12 INFO step: [2500/22390] | loss: 116.556 | epe: 0.763
09/19 13:13 INFO step: [2520/22390] | loss: 116.537 | epe: 0.764
09/19 13:13 INFO step: [2540/22390] | loss: 116.554 | epe: 0.766
09/19 13:13 INFO step: [2560/22390] | loss: 116.565 | epe: 0.765
09/19 13:13 INFO step: [2580/22390] | loss: 116.582 | epe: 0.765
09/19 13:13 INFO step: [2600/22390] | loss: 116.585 | epe: 0.765
09/19 13:13 INFO step: [2620/22390] | loss: 116.559 | epe: 0.763
09/19 13:14 INFO step: [2640/22390] | loss: 116.570 | epe: 0.762
09/19 13:14 INFO step: [2660/22390] | loss: 116.603 | epe: 0.763
09/19 13:14 INFO step: [2680/22390] | loss: 116.609 | epe: 0.762
09/19 13:14 INFO step: [2700/22390] | loss: 116.624 | epe: 0.762
09/19 13:14 INFO step: [2720/22390] | loss: 116.613 | epe: 0.760
09/19 13:14 INFO step: [2740/22390] | loss: 116.618 | epe: 0.759
09/19 13:15 INFO step: [2760/22390] | loss: 116.612 | epe: 0.759
09/19 13:15 INFO step: [2780/22390] | loss: 116.601 | epe: 0.758
09/19 13:15 INFO step: [2800/22390] | loss: 116.589 | epe: 0.756
09/19 13:15 INFO step: [2820/22390] | loss: 116.577 | epe: 0.756
09/19 13:15 INFO step: [2840/22390] | loss: 116.591 | epe: 0.755
09/19 13:15 INFO step: [2860/22390] | loss: 116.589 | epe: 0.754
09/19 13:16 INFO step: [2880/22390] | loss: 116.562 | epe: 0.752
09/19 13:16 INFO step: [2900/22390] | loss: 116.532 | epe: 0.751
09/19 13:16 INFO step: [2920/22390] | loss: 116.556 | epe: 0.749
09/19 13:16 INFO step: [2940/22390] | loss: 116.556 | epe: 0.750
09/19 13:16 INFO step: [2960/22390] | loss: 116.536 | epe: 0.751
09/19 13:16 INFO step: [2980/22390] | loss: 116.524 | epe: 0.751
09/19 13:17 INFO step: [3000/22390] | loss: 116.543 | epe: 0.749
09/19 13:17 INFO step: [3020/22390] | loss: 116.543 | epe: 0.749
09/19 13:17 INFO step: [3040/22390] | loss: 116.575 | epe: 0.747
09/19 13:17 INFO step: [3060/22390] | loss: 116.593 | epe: 0.747
09/19 13:17 INFO step: [3080/22390] | loss: 116.598 | epe: 0.746
09/19 13:17 INFO step: [3100/22390] | loss: 116.570 | epe: 0.744
09/19 13:18 INFO step: [3120/22390] | loss: 116.589 | epe: 0.745
09/19 13:18 INFO step: [3140/22390] | loss: 116.575 | epe: 0.744
09/19 13:18 INFO step: [3160/22390] | loss: 116.546 | epe: 0.742
09/19 13:18 INFO step: [3180/22390] | loss: 116.554 | epe: 0.741
09/19 13:18 INFO step: [3200/22390] | loss: 116.552 | epe: 0.740
09/19 13:19 INFO step: [3220/22390] | loss: 116.566 | epe: 0.739
09/19 13:19 INFO step: [3240/22390] | loss: 116.565 | epe: 0.738
09/19 13:19 INFO step: [3260/22390] | loss: 116.574 | epe: 0.737
09/19 13:19 INFO step: [3280/22390] | loss: 116.555 | epe: 0.736
09/19 13:19 INFO step: [3300/22390] | loss: 116.549 | epe: 0.735
09/19 13:19 INFO step: [3320/22390] | loss: 116.558 | epe: 0.734
09/19 13:20 INFO step: [3340/22390] | loss: 116.564 | epe: 0.733
09/19 13:20 INFO step: [3360/22390] | loss: 116.560 | epe: 0.732
09/19 13:20 INFO step: [3380/22390] | loss: 116.553 | epe: 0.732
09/19 13:20 INFO step: [3400/22390] | loss: 116.545 | epe: 0.731
09/19 13:20 INFO step: [3420/22390] | loss: 116.549 | epe: 0.730
09/19 13:20 INFO step: [3440/22390] | loss: 116.537 | epe: 0.729
09/19 13:21 INFO step: [3460/22390] | loss: 116.526 | epe: 0.728
09/19 13:21 INFO step: [3480/22390] | loss: 116.516 | epe: 0.728
09/19 13:21 INFO step: [3500/22390] | loss: 116.531 | epe: 0.729
09/19 13:21 INFO step: [3520/22390] | loss: 116.565 | epe: 0.727
09/19 13:21 INFO step: [3540/22390] | loss: 116.568 | epe: 0.727
09/19 13:21 INFO step: [3560/22390] | loss: 116.552 | epe: 0.726
09/19 13:22 INFO step: [3580/22390] | loss: 116.555 | epe: 0.726
09/19 13:22 INFO step: [3600/22390] | loss: 116.530 | epe: 0.726
09/19 13:22 INFO step: [3620/22390] | loss: 116.530 | epe: 0.725
09/19 13:22 INFO step: [3640/22390] | loss: 116.534 | epe: 0.724
09/19 13:22 INFO step: [3660/22390] | loss: 116.530 | epe: 0.724
09/19 13:22 INFO step: [3680/22390] | loss: 116.541 | epe: 0.723
09/19 13:23 INFO step: [3700/22390] | loss: 116.552 | epe: 0.723
09/19 13:23 INFO step: [3720/22390] | loss: 116.551 | epe: 0.724
09/19 13:23 INFO step: [3740/22390] | loss: 116.585 | epe: 0.724
09/19 13:23 INFO step: [3760/22390] | loss: 116.563 | epe: 0.725
09/19 13:23 INFO step: [3780/22390] | loss: 116.565 | epe: 0.727
09/19 13:23 INFO step: [3800/22390] | loss: 116.556 | epe: 0.726
09/19 13:24 INFO step: [3820/22390] | loss: 116.552 | epe: 0.725
09/19 13:24 INFO step: [3840/22390] | loss: 116.523 | epe: 0.726
09/19 13:24 INFO step: [3860/22390] | loss: 116.529 | epe: 0.726
09/19 13:24 INFO step: [3880/22390] | loss: 116.523 | epe: 0.726
09/19 13:24 INFO step: [3900/22390] | loss: 116.522 | epe: 0.725
09/19 13:25 INFO step: [3920/22390] | loss: 116.496 | epe: 0.725
09/19 13:25 INFO step: [3940/22390] | loss: 116.517 | epe: 0.725
09/19 13:25 INFO step: [3960/22390] | loss: 116.541 | epe: 0.725
09/19 13:25 INFO step: [3980/22390] | loss: 116.547 | epe: 0.726
09/19 13:25 INFO step: [4000/22390] | loss: 116.526 | epe: 0.725
09/19 13:25 INFO step: [4020/22390] | loss: 116.512 | epe: 0.724
09/19 13:26 INFO step: [4040/22390] | loss: 116.492 | epe: 0.724
09/19 13:26 INFO step: [4060/22390] | loss: 116.510 | epe: 0.726
09/19 13:26 INFO step: [4080/22390] | loss: 116.537 | epe: 0.725
09/19 13:26 INFO step: [4100/22390] | loss: 116.503 | epe: 0.726
09/19 13:26 INFO step: [4120/22390] | loss: 116.493 | epe: 0.726
09/19 13:26 INFO step: [4140/22390] | loss: 116.491 | epe: 0.725
09/19 13:27 INFO step: [4160/22390] | loss: 116.461 | epe: 0.724
09/19 13:27 INFO step: [4180/22390] | loss: 116.450 | epe: 0.723
09/19 13:27 INFO step: [4200/22390] | loss: 116.443 | epe: 0.723
09/19 13:27 INFO step: [4220/22390] | loss: 116.447 | epe: 0.723
09/19 13:27 INFO step: [4240/22390] | loss: 116.433 | epe: 0.722
09/19 13:27 INFO step: [4260/22390] | loss: 116.435 | epe: 0.722
09/19 13:28 INFO step: [4280/22390] | loss: 116.420 | epe: 0.722
09/19 13:28 INFO step: [4300/22390] | loss: 116.410 | epe: 0.721
09/19 13:28 INFO step: [4320/22390] | loss: 116.393 | epe: 0.721
09/19 13:28 INFO step: [4340/22390] | loss: 116.394 | epe: 0.724
09/19 13:28 INFO step: [4360/22390] | loss: 116.387 | epe: 0.723
09/19 13:28 INFO step: [4380/22390] | loss: 116.381 | epe: 0.722
09/19 13:29 INFO step: [4400/22390] | loss: 116.393 | epe: 0.723
09/19 13:29 INFO step: [4420/22390] | loss: 116.389 | epe: 0.722
09/19 13:29 INFO step: [4440/22390] | loss: 116.388 | epe: 0.722
09/19 13:29 INFO step: [4460/22390] | loss: 116.397 | epe: 0.721
09/19 13:29 INFO step: [4480/22390] | loss: 116.376 | epe: 0.721
09/19 13:29 INFO step: [4500/22390] | loss: 116.363 | epe: 0.720
09/19 13:30 INFO step: [4520/22390] | loss: 116.336 | epe: 0.719
09/19 13:30 INFO step: [4540/22390] | loss: 116.327 | epe: 0.718
09/19 13:30 INFO step: [4560/22390] | loss: 116.326 | epe: 0.718
09/19 13:30 INFO step: [4580/22390] | loss: 116.328 | epe: 0.718
09/19 13:30 INFO step: [4600/22390] | loss: 116.318 | epe: 0.719
09/19 13:31 INFO step: [4620/22390] | loss: 116.305 | epe: 0.718
09/19 13:31 INFO step: [4640/22390] | loss: 116.290 | epe: 0.717
09/19 13:31 INFO step: [4660/22390] | loss: 116.278 | epe: 0.717
09/19 13:31 INFO step: [4680/22390] | loss: 116.281 | epe: 0.717
09/19 13:31 INFO step: [4700/22390] | loss: 116.273 | epe: 0.716
09/19 13:31 INFO step: [4720/22390] | loss: 116.265 | epe: 0.716
09/19 13:32 INFO step: [4740/22390] | loss: 116.267 | epe: 0.714
09/19 13:32 INFO step: [4760/22390] | loss: 116.265 | epe: 0.714
09/19 13:32 INFO step: [4780/22390] | loss: 116.257 | epe: 0.714
09/19 13:32 INFO step: [4800/22390] | loss: 116.263 | epe: 0.716
09/19 13:32 INFO step: [4820/22390] | loss: 116.240 | epe: 0.716
09/19 13:32 INFO step: [4840/22390] | loss: 116.239 | epe: 0.715
09/19 13:33 INFO step: [4860/22390] | loss: 116.228 | epe: 0.715
09/19 13:33 INFO step: [4880/22390] | loss: 116.233 | epe: 0.714
09/19 13:33 INFO step: [4900/22390] | loss: 116.250 | epe: 0.713
09/19 13:33 INFO step: [4920/22390] | loss: 116.259 | epe: 0.712
09/19 13:33 INFO step: [4940/22390] | loss: 116.249 | epe: 0.712
09/19 13:33 INFO step: [4960/22390] | loss: 116.256 | epe: 0.712
09/19 13:34 INFO step: [4980/22390] | loss: 116.259 | epe: 0.711
09/19 13:34 INFO step: [5000/22390] | loss: 116.239 | epe: 0.711
09/19 13:34 INFO step: [5020/22390] | loss: 116.247 | epe: 0.711
09/19 13:34 INFO step: [5040/22390] | loss: 116.247 | epe: 0.711
09/19 13:34 INFO step: [5060/22390] | loss: 116.229 | epe: 0.711
09/19 13:34 INFO step: [5080/22390] | loss: 116.224 | epe: 0.714
09/19 13:35 INFO step: [5100/22390] | loss: 116.233 | epe: 0.713
09/19 13:35 INFO step: [5120/22390] | loss: 116.227 | epe: 0.712
09/19 13:35 INFO step: [5140/22390] | loss: 116.217 | epe: 0.713
09/19 13:35 INFO step: [5160/22390] | loss: 116.243 | epe: 0.712
09/19 13:35 INFO step: [5180/22390] | loss: 116.255 | epe: 0.713
09/19 13:35 INFO step: [5200/22390] | loss: 116.251 | epe: 0.713
09/19 13:36 INFO step: [5220/22390] | loss: 116.240 | epe: 0.712
09/19 13:36 INFO step: [5240/22390] | loss: 116.242 | epe: 0.712
09/19 13:36 INFO step: [5260/22390] | loss: 116.256 | epe: 0.711
09/19 13:36 INFO step: [5280/22390] | loss: 116.263 | epe: 0.710
09/19 13:36 INFO step: [5300/22390] | loss: 116.284 | epe: 0.710
09/19 13:37 INFO step: [5320/22390] | loss: 116.283 | epe: 0.709
09/19 13:37 INFO step: [5340/22390] | loss: 116.286 | epe: 0.709
09/19 13:37 INFO step: [5360/22390] | loss: 116.295 | epe: 0.716
09/19 13:37 INFO step: [5380/22390] | loss: 116.293 | epe: 0.715
09/19 13:37 INFO step: [5400/22390] | loss: 116.274 | epe: 0.715
09/19 13:37 INFO step: [5420/22390] | loss: 116.279 | epe: 0.715
09/19 13:38 INFO step: [5440/22390] | loss: 116.270 | epe: 0.715
09/19 13:38 INFO step: [5460/22390] | loss: 116.281 | epe: 0.715
09/19 13:38 INFO step: [5480/22390] | loss: 116.274 | epe: 0.715
09/19 13:38 INFO step: [5500/22390] | loss: 116.287 | epe: 0.715
09/19 13:38 INFO step: [5520/22390] | loss: 116.277 | epe: 0.714
09/19 13:38 INFO step: [5540/22390] | loss: 116.295 | epe: 0.714
09/19 13:39 INFO step: [5560/22390] | loss: 116.293 | epe: 0.713
09/19 13:39 INFO step: [5580/22390] | loss: 116.301 | epe: 0.712
09/19 13:39 INFO step: [5600/22390] | loss: 116.299 | epe: 0.712
09/19 13:39 INFO step: [5620/22390] | loss: 116.289 | epe: 0.711
09/19 13:39 INFO step: [5640/22390] | loss: 116.282 | epe: 0.711
09/19 13:39 INFO step: [5660/22390] | loss: 116.268 | epe: 0.710
09/19 13:40 INFO step: [5680/22390] | loss: 116.268 | epe: 0.711
09/19 13:40 INFO step: [5700/22390] | loss: 116.264 | epe: 0.710
09/19 13:40 INFO step: [5720/22390] | loss: 116.266 | epe: 0.709
09/19 13:40 INFO step: [5740/22390] | loss: 116.269 | epe: 0.709
09/19 13:40 INFO step: [5760/22390] | loss: 116.274 | epe: 0.708
09/19 13:40 INFO step: [5780/22390] | loss: 116.269 | epe: 0.708
09/19 13:41 INFO step: [5800/22390] | loss: 116.266 | epe: 0.708
09/19 13:41 INFO step: [5820/22390] | loss: 116.251 | epe: 0.708
09/19 13:41 INFO step: [5840/22390] | loss: 116.239 | epe: 0.707
09/19 13:41 INFO step: [5860/22390] | loss: 116.230 | epe: 0.707
09/19 13:41 INFO step: [5880/22390] | loss: 116.233 | epe: 0.709
09/19 13:41 INFO step: [5900/22390] | loss: 116.234 | epe: 0.708
09/19 13:42 INFO step: [5920/22390] | loss: 116.224 | epe: 0.708
09/19 13:42 INFO step: [5940/22390] | loss: 116.217 | epe: 0.707
09/19 13:42 INFO step: [5960/22390] | loss: 116.222 | epe: 0.707
09/19 13:42 INFO step: [5980/22390] | loss: 116.224 | epe: 0.707
09/19 13:42 INFO step: [6000/22390] | loss: 116.232 | epe: 0.706
09/19 13:43 INFO step: [6020/22390] | loss: 116.236 | epe: 0.706
09/19 13:43 INFO step: [6040/22390] | loss: 116.243 | epe: 0.706
09/19 13:43 INFO step: [6060/22390] | loss: 116.252 | epe: 0.705
09/19 13:43 INFO step: [6080/22390] | loss: 116.250 | epe: 0.705
09/19 13:43 INFO step: [6100/22390] | loss: 116.242 | epe: 0.704
09/19 13:43 INFO step: [6120/22390] | loss: 116.239 | epe: 0.704
09/19 13:44 INFO step: [6140/22390] | loss: 116.223 | epe: 0.705
09/19 13:44 INFO step: [6160/22390] | loss: 116.220 | epe: 0.705
09/19 13:44 INFO step: [6180/22390] | loss: 116.214 | epe: 0.705
09/19 13:44 INFO step: [6200/22390] | loss: 116.214 | epe: 0.705
09/19 13:44 INFO step: [6220/22390] | loss: 116.210 | epe: 0.704
09/19 13:44 INFO step: [6240/22390] | loss: 116.203 | epe: 0.704
09/19 13:45 INFO step: [6260/22390] | loss: 116.198 | epe: 0.705
09/19 13:45 INFO step: [6280/22390] | loss: 116.191 | epe: 0.705
09/19 13:45 INFO step: [6300/22390] | loss: 116.212 | epe: 0.711
09/19 13:45 INFO step: [6320/22390] | loss: 116.213 | epe: 0.711
09/19 13:45 INFO step: [6340/22390] | loss: 116.198 | epe: 0.710
09/19 13:45 INFO step: [6360/22390] | loss: 116.200 | epe: 0.710
09/19 13:46 INFO step: [6380/22390] | loss: 116.195 | epe: 0.710
09/19 13:46 INFO step: [6400/22390] | loss: 116.207 | epe: 0.710
09/19 13:46 INFO step: [6420/22390] | loss: 116.220 | epe: 0.709
09/19 13:46 INFO step: [6440/22390] | loss: 116.211 | epe: 0.709
09/19 13:46 INFO step: [6460/22390] | loss: 116.213 | epe: 0.709
09/19 13:46 INFO step: [6480/22390] | loss: 116.221 | epe: 0.709
09/19 13:47 INFO step: [6500/22390] | loss: 116.220 | epe: 0.709
09/19 13:47 INFO step: [6520/22390] | loss: 116.223 | epe: 0.709
09/19 13:47 INFO step: [6540/22390] | loss: 116.218 | epe: 0.708
09/19 13:47 INFO step: [6560/22390] | loss: 116.211 | epe: 0.707
09/19 13:47 INFO step: [6580/22390] | loss: 116.205 | epe: 0.708
09/19 13:47 INFO step: [6600/22390] | loss: 116.203 | epe: 0.707
09/19 13:48 INFO step: [6620/22390] | loss: 116.183 | epe: 0.707
09/19 13:48 INFO step: [6640/22390] | loss: 116.201 | epe: 0.707
09/19 13:48 INFO step: [6660/22390] | loss: 116.202 | epe: 0.708
09/19 13:48 INFO step: [6680/22390] | loss: 116.195 | epe: 0.707
09/19 13:48 INFO step: [6700/22390] | loss: 116.178 | epe: 0.707
09/19 13:49 INFO step: [6720/22390] | loss: 116.171 | epe: 0.707
09/19 13:49 INFO step: [6740/22390] | loss: 116.176 | epe: 0.710
09/19 13:49 INFO step: [6760/22390] | loss: 116.175 | epe: 0.710
09/19 13:49 INFO step: [6780/22390] | loss: 116.186 | epe: 0.713
09/19 13:49 INFO step: [6800/22390] | loss: 116.187 | epe: 0.713
09/19 13:49 INFO step: [6820/22390] | loss: 116.192 | epe: 0.713
09/19 13:50 INFO step: [6840/22390] | loss: 116.184 | epe: 0.713
09/19 13:50 INFO step: [6860/22390] | loss: 116.173 | epe: 0.712
09/19 13:50 INFO step: [6880/22390] | loss: 116.181 | epe: 0.712
09/19 13:50 INFO step: [6900/22390] | loss: 116.174 | epe: 0.712
09/19 13:50 INFO step: [6920/22390] | loss: 116.154 | epe: 0.712
09/19 13:50 INFO step: [6940/22390] | loss: 116.146 | epe: 0.711
09/19 13:51 INFO step: [6960/22390] | loss: 116.137 | epe: 0.710
09/19 13:51 INFO step: [6980/22390] | loss: 116.137 | epe: 0.710
09/19 13:51 INFO step: [7000/22390] | loss: 116.129 | epe: 0.709
09/19 13:51 INFO step: [7020/22390] | loss: 116.126 | epe: 0.709
09/19 13:51 INFO step: [7040/22390] | loss: 116.138 | epe: 0.710
09/19 13:51 INFO step: [7060/22390] | loss: 116.131 | epe: 0.711
09/19 13:52 INFO step: [7080/22390] | loss: 116.142 | epe: 0.711
09/19 13:52 INFO step: [7100/22390] | loss: 116.139 | epe: 0.710
09/19 13:52 INFO step: [7120/22390] | loss: 116.141 | epe: 0.710
09/19 13:52 INFO step: [7140/22390] | loss: 116.138 | epe: 0.710
09/19 13:52 INFO step: [7160/22390] | loss: 116.146 | epe: 0.710
09/19 13:52 INFO step: [7180/22390] | loss: 116.135 | epe: 0.710
09/19 13:53 INFO step: [7200/22390] | loss: 116.130 | epe: 0.710
09/19 13:53 INFO step: [7220/22390] | loss: 116.147 | epe: 0.711
09/19 13:53 INFO step: [7240/22390] | loss: 116.147 | epe: 0.710
09/19 13:53 INFO step: [7260/22390] | loss: 116.144 | epe: 0.710
09/19 13:53 INFO step: [7280/22390] | loss: 116.144 | epe: 0.710
09/19 13:53 INFO step: [7300/22390] | loss: 116.130 | epe: 0.709
09/19 13:54 INFO step: [7320/22390] | loss: 116.138 | epe: 0.709
09/19 13:54 INFO step: [7340/22390] | loss: 116.150 | epe: 0.709
09/19 13:54 INFO step: [7360/22390] | loss: 116.154 | epe: 0.709
09/19 13:54 INFO step: [7380/22390] | loss: 116.160 | epe: 0.709
09/19 13:54 INFO step: [7400/22390] | loss: 116.155 | epe: 0.709
09/19 13:55 INFO step: [7420/22390] | loss: 116.174 | epe: 0.709
09/19 13:55 INFO step: [7440/22390] | loss: 116.180 | epe: 0.709
09/19 13:55 INFO step: [7460/22390] | loss: 116.187 | epe: 0.708
09/19 13:55 INFO step: [7480/22390] | loss: 116.188 | epe: 0.708
09/19 13:55 INFO step: [7500/22390] | loss: 116.191 | epe: 0.707
09/19 13:55 INFO step: [7520/22390] | loss: 116.191 | epe: 0.711
09/19 13:56 INFO step: [7540/22390] | loss: 116.190 | epe: 0.711
09/19 13:56 INFO step: [7560/22390] | loss: 116.196 | epe: 0.710
09/19 13:56 INFO step: [7580/22390] | loss: 116.195 | epe: 0.710
09/19 13:56 INFO step: [7600/22390] | loss: 116.198 | epe: 0.710
09/19 13:56 INFO step: [7620/22390] | loss: 116.195 | epe: 0.709
09/19 13:56 INFO step: [7640/22390] | loss: 116.179 | epe: 0.711
09/19 13:57 INFO step: [7660/22390] | loss: 116.171 | epe: 0.710
09/19 13:57 INFO step: [7680/22390] | loss: 116.182 | epe: 0.710
09/19 13:57 INFO step: [7700/22390] | loss: 116.186 | epe: 0.710
09/19 13:57 INFO step: [7720/22390] | loss: 116.158 | epe: 0.710
09/19 13:57 INFO step: [7740/22390] | loss: 116.148 | epe: 0.710
09/19 13:57 INFO step: [7760/22390] | loss: 116.150 | epe: 0.709
09/19 13:58 INFO step: [7780/22390] | loss: 116.151 | epe: 0.709
09/19 13:58 INFO step: [7800/22390] | loss: 116.153 | epe: 0.709
09/19 13:58 INFO step: [7820/22390] | loss: 116.150 | epe: 0.708
09/19 13:58 INFO step: [7840/22390] | loss: 116.147 | epe: 0.708
09/19 13:58 INFO step: [7860/22390] | loss: 116.144 | epe: 0.708
09/19 13:58 INFO step: [7880/22390] | loss: 116.151 | epe: 0.710
09/19 13:59 INFO step: [7900/22390] | loss: 116.156 | epe: 0.710
09/19 13:59 INFO step: [7920/22390] | loss: 116.153 | epe: 0.709
09/19 13:59 INFO step: [7940/22390] | loss: 116.153 | epe: 0.709
09/19 13:59 INFO step: [7960/22390] | loss: 116.145 | epe: 0.709
09/19 13:59 INFO step: [7980/22390] | loss: 116.141 | epe: 0.709
09/19 14:00 INFO step: [8000/22390] | loss: 116.130 | epe: 0.709
09/19 14:00 INFO step: [8020/22390] | loss: 116.140 | epe: 0.708
09/19 14:00 INFO step: [8040/22390] | loss: 116.135 | epe: 0.709
09/19 14:00 INFO step: [8060/22390] | loss: 116.135 | epe: 0.709
09/19 14:00 INFO step: [8080/22390] | loss: 116.132 | epe: 0.708
09/19 14:00 INFO step: [8100/22390] | loss: 116.143 | epe: 0.708
09/19 14:01 INFO step: [8120/22390] | loss: 116.133 | epe: 0.708
09/19 14:01 INFO step: [8140/22390] | loss: 116.131 | epe: 0.708
09/19 14:01 INFO step: [8160/22390] | loss: 116.134 | epe: 0.708
09/19 14:01 INFO step: [8180/22390] | loss: 116.136 | epe: 0.708
09/19 14:01 INFO step: [8200/22390] | loss: 116.144 | epe: 0.708
09/19 14:01 INFO step: [8220/22390] | loss: 116.148 | epe: 0.708
09/19 14:02 INFO step: [8240/22390] | loss: 116.142 | epe: 0.708
09/19 14:02 INFO step: [8260/22390] | loss: 116.132 | epe: 0.710
09/19 14:02 INFO step: [8280/22390] | loss: 116.137 | epe: 0.709
09/19 14:02 INFO step: [8300/22390] | loss: 116.136 | epe: 0.709
09/19 14:02 INFO step: [8320/22390] | loss: 116.131 | epe: 0.709
09/19 14:02 INFO step: [8340/22390] | loss: 116.137 | epe: 0.709
09/19 14:03 INFO step: [8360/22390] | loss: 116.136 | epe: 0.709
09/19 14:03 INFO step: [8380/22390] | loss: 116.136 | epe: 0.709
09/19 14:03 INFO step: [8400/22390] | loss: 116.138 | epe: 0.709
09/19 14:03 INFO step: [8420/22390] | loss: 116.147 | epe: 0.709
09/19 14:03 INFO step: [8440/22390] | loss: 116.153 | epe: 0.708
09/19 14:03 INFO step: [8460/22390] | loss: 116.145 | epe: 0.708
09/19 14:04 INFO step: [8480/22390] | loss: 116.135 | epe: 0.707
09/19 14:04 INFO step: [8500/22390] | loss: 116.146 | epe: 0.707
09/19 14:04 INFO step: [8520/22390] | loss: 116.140 | epe: 0.707
09/19 14:04 INFO step: [8540/22390] | loss: 116.138 | epe: 0.707
09/19 14:04 INFO step: [8560/22390] | loss: 116.134 | epe: 0.707
09/19 14:04 INFO step: [8580/22390] | loss: 116.126 | epe: 0.707
09/19 14:05 INFO step: [8600/22390] | loss: 116.133 | epe: 0.707
09/19 14:05 INFO step: [8620/22390] | loss: 116.125 | epe: 0.707
09/19 14:05 INFO step: [8640/22390] | loss: 116.130 | epe: 0.707
09/19 14:05 INFO step: [8660/22390] | loss: 116.134 | epe: 0.706
09/19 14:05 INFO step: [8680/22390] | loss: 116.133 | epe: 0.706
09/19 14:06 INFO step: [8700/22390] | loss: 116.142 | epe: 0.706
09/19 14:06 INFO step: [8720/22390] | loss: 116.150 | epe: 0.705
09/19 14:06 INFO step: [8740/22390] | loss: 116.150 | epe: 0.705
09/19 14:06 INFO step: [8760/22390] | loss: 116.149 | epe: 0.705
09/19 14:06 INFO step: [8780/22390] | loss: 116.156 | epe: 0.705
09/19 14:06 INFO step: [8800/22390] | loss: 116.159 | epe: 0.705
09/19 14:07 INFO step: [8820/22390] | loss: 116.163 | epe: 0.704
09/19 14:07 INFO step: [8840/22390] | loss: 116.164 | epe: 0.704
09/19 14:07 INFO step: [8860/22390] | loss: 116.169 | epe: 0.704
09/19 14:07 INFO step: [8880/22390] | loss: 116.168 | epe: 0.703
09/19 14:07 INFO step: [8900/22390] | loss: 116.171 | epe: 0.703
09/19 14:07 INFO step: [8920/22390] | loss: 116.170 | epe: 0.703
09/19 14:08 INFO step: [8940/22390] | loss: 116.169 | epe: 0.702
09/19 14:08 INFO step: [8960/22390] | loss: 116.163 | epe: 0.702
09/19 14:08 INFO step: [8980/22390] | loss: 116.167 | epe: 0.702
09/19 14:08 INFO step: [9000/22390] | loss: 116.178 | epe: 0.702
09/19 14:08 INFO step: [9020/22390] | loss: 116.164 | epe: 0.701
09/19 14:08 INFO step: [9040/22390] | loss: 116.165 | epe: 0.701
09/19 14:09 INFO step: [9060/22390] | loss: 116.164 | epe: 0.701
09/19 14:09 INFO step: [9080/22390] | loss: 116.169 | epe: 0.703
09/19 14:09 INFO step: [9100/22390] | loss: 116.170 | epe: 0.703
09/19 14:09 INFO step: [9120/22390] | loss: 116.168 | epe: 0.703
09/19 14:09 INFO step: [9140/22390] | loss: 116.169 | epe: 0.702
09/19 14:09 INFO step: [9160/22390] | loss: 116.168 | epe: 0.702
09/19 14:10 INFO step: [9180/22390] | loss: 116.174 | epe: 0.702
09/19 14:10 INFO step: [9200/22390] | loss: 116.172 | epe: 0.702
09/19 14:10 INFO step: [9220/22390] | loss: 116.173 | epe: 0.702
09/19 14:10 INFO step: [9240/22390] | loss: 116.171 | epe: 0.702
09/19 14:10 INFO step: [9260/22390] | loss: 116.165 | epe: 0.702
09/19 14:10 INFO step: [9280/22390] | loss: 116.168 | epe: 0.701
09/19 14:11 INFO step: [9300/22390] | loss: 116.178 | epe: 0.701
09/19 14:11 INFO step: [9320/22390] | loss: 116.176 | epe: 0.701
09/19 14:11 INFO step: [9340/22390] | loss: 116.182 | epe: 0.701
09/19 14:11 INFO step: [9360/22390] | loss: 116.178 | epe: 0.701
09/19 14:11 INFO step: [9380/22390] | loss: 116.185 | epe: 0.701
09/19 14:12 INFO step: [9400/22390] | loss: 116.182 | epe: 0.700
09/19 14:12 INFO step: [9420/22390] | loss: 116.171 | epe: 0.700
09/19 14:12 INFO step: [9440/22390] | loss: 116.162 | epe: 0.700
09/19 14:12 INFO step: [9460/22390] | loss: 116.157 | epe: 0.700
09/19 14:12 INFO step: [9480/22390] | loss: 116.157 | epe: 0.700
09/19 14:12 INFO step: [9500/22390] | loss: 116.167 | epe: 0.702
09/19 14:13 INFO step: [9520/22390] | loss: 116.166 | epe: 0.701
09/19 14:13 INFO step: [9540/22390] | loss: 116.172 | epe: 0.701
09/19 14:13 INFO step: [9560/22390] | loss: 116.164 | epe: 0.701
09/19 14:13 INFO step: [9580/22390] | loss: 116.167 | epe: 0.701
09/19 14:13 INFO step: [9600/22390] | loss: 116.167 | epe: 0.700
09/19 14:13 INFO step: [9620/22390] | loss: 116.161 | epe: 0.700
09/19 14:14 INFO step: [9640/22390] | loss: 116.170 | epe: 0.700
09/19 14:14 INFO step: [9660/22390] | loss: 116.164 | epe: 0.700
09/19 14:14 INFO step: [9680/22390] | loss: 116.167 | epe: 0.700
09/19 14:14 INFO step: [9700/22390] | loss: 116.171 | epe: 0.700
09/19 14:14 INFO step: [9720/22390] | loss: 116.173 | epe: 0.700
09/19 14:14 INFO step: [9740/22390] | loss: 116.171 | epe: 0.700
09/19 14:15 INFO step: [9760/22390] | loss: 116.167 | epe: 0.700
09/19 14:15 INFO step: [9780/22390] | loss: 116.167 | epe: 0.699
09/19 14:15 INFO step: [9800/22390] | loss: 116.168 | epe: 0.699
09/19 14:15 INFO step: [9820/22390] | loss: 116.164 | epe: 0.699
09/19 14:15 INFO step: [9840/22390] | loss: 116.169 | epe: 0.699
09/19 14:15 INFO step: [9860/22390] | loss: 116.168 | epe: 0.698
09/19 14:16 INFO step: [9880/22390] | loss: 116.167 | epe: 0.698
09/19 14:16 INFO step: [9900/22390] | loss: 116.162 | epe: 0.698
09/19 14:16 INFO step: [9920/22390] | loss: 116.167 | epe: 0.698
09/19 14:16 INFO step: [9940/22390] | loss: 116.164 | epe: 0.697
09/19 14:16 INFO step: [9960/22390] | loss: 116.158 | epe: 0.697
09/19 14:17 INFO step: [9980/22390] | loss: 116.155 | epe: 0.697
09/19 14:17 INFO step: [10000/22390] | loss: 116.154 | epe: 0.697
09/19 14:17 INFO step: [10020/22390] | loss: 116.159 | epe: 0.696
09/19 14:17 INFO step: [10040/22390] | loss: 116.153 | epe: 0.696
09/19 14:17 INFO step: [10060/22390] | loss: 116.159 | epe: 0.696
09/19 14:17 INFO step: [10080/22390] | loss: 116.153 | epe: 0.697
09/19 14:18 INFO step: [10100/22390] | loss: 116.156 | epe: 0.698
09/19 14:18 INFO step: [10120/22390] | loss: 116.161 | epe: 0.698
09/19 14:18 INFO step: [10140/22390] | loss: 116.163 | epe: 0.697
09/19 14:18 INFO step: [10160/22390] | loss: 116.161 | epe: 0.697
09/19 14:18 INFO step: [10180/22390] | loss: 116.159 | epe: 0.697
09/19 14:18 INFO step: [10200/22390] | loss: 116.157 | epe: 0.697
09/19 14:19 INFO step: [10220/22390] | loss: 116.157 | epe: 0.697
09/19 14:19 INFO step: [10240/22390] | loss: 116.166 | epe: 0.697
09/19 14:19 INFO step: [10260/22390] | loss: 116.165 | epe: 0.697
09/19 14:19 INFO step: [10280/22390] | loss: 116.165 | epe: 0.699
09/19 14:19 INFO step: [10300/22390] | loss: 116.171 | epe: 0.698
09/19 14:20 INFO step: [10320/22390] | loss: 116.165 | epe: 0.698
09/19 14:20 INFO step: [10340/22390] | loss: 116.164 | epe: 0.698
09/19 14:20 INFO step: [10360/22390] | loss: 116.164 | epe: 0.697
09/19 14:20 INFO step: [10380/22390] | loss: 116.165 | epe: 0.698
09/19 14:20 INFO step: [10400/22390] | loss: 116.166 | epe: 0.697
09/19 14:20 INFO step: [10420/22390] | loss: 116.165 | epe: 0.697
09/19 14:21 INFO step: [10440/22390] | loss: 116.166 | epe: 0.697
09/19 14:21 INFO step: [10460/22390] | loss: 116.163 | epe: 0.697
09/19 14:21 INFO step: [10480/22390] | loss: 116.159 | epe: 0.697
09/19 14:21 INFO step: [10500/22390] | loss: 116.152 | epe: 0.696
09/19 14:21 INFO step: [10520/22390] | loss: 116.146 | epe: 0.697
09/19 14:21 INFO step: [10540/22390] | loss: 116.139 | epe: 0.697
09/19 14:22 INFO step: [10560/22390] | loss: 116.136 | epe: 0.696
09/19 14:22 INFO step: [10580/22390] | loss: 116.144 | epe: 0.696
09/19 14:22 INFO step: [10600/22390] | loss: 116.137 | epe: 0.696
09/19 14:22 INFO step: [10620/22390] | loss: 116.128 | epe: 0.696
09/19 14:22 INFO step: [10640/22390] | loss: 116.131 | epe: 0.696
09/19 14:22 INFO step: [10660/22390] | loss: 116.139 | epe: 0.696
09/19 14:23 INFO step: [10680/22390] | loss: 116.133 | epe: 0.695
09/19 14:23 INFO step: [10700/22390] | loss: 116.130 | epe: 0.695
09/19 14:23 INFO step: [10720/22390] | loss: 116.127 | epe: 0.695
09/19 14:23 INFO step: [10740/22390] | loss: 116.119 | epe: 0.695
09/19 14:23 INFO step: [10760/22390] | loss: 116.113 | epe: 0.695
09/19 14:23 INFO step: [10780/22390] | loss: 116.113 | epe: 0.694
09/19 14:24 INFO step: [10800/22390] | loss: 116.106 | epe: 0.695
09/19 14:24 INFO step: [10820/22390] | loss: 116.111 | epe: 0.695
09/19 14:24 INFO step: [10840/22390] | loss: 116.106 | epe: 0.695
09/19 14:24 INFO step: [10860/22390] | loss: 116.100 | epe: 0.695
09/19 14:24 INFO step: [10880/22390] | loss: 116.099 | epe: 0.695
09/19 14:24 INFO step: [10900/22390] | loss: 116.097 | epe: 0.696
09/19 14:25 INFO step: [10920/22390] | loss: 116.103 | epe: 0.696
09/19 14:25 INFO step: [10940/22390] | loss: 116.093 | epe: 0.696
09/19 14:25 INFO step: [10960/22390] | loss: 116.095 | epe: 0.696
09/19 14:25 INFO step: [10980/22390] | loss: 116.100 | epe: 0.695
09/19 14:25 INFO step: [11000/22390] | loss: 116.095 | epe: 0.696
09/19 14:26 INFO step: [11020/22390] | loss: 116.092 | epe: 0.696
09/19 14:26 INFO step: [11040/22390] | loss: 116.094 | epe: 0.695
09/19 14:26 INFO step: [11060/22390] | loss: 116.093 | epe: 0.695
09/19 14:26 INFO step: [11080/22390] | loss: 116.101 | epe: 0.695
09/19 14:26 INFO step: [11100/22390] | loss: 116.100 | epe: 0.695
09/19 14:26 INFO step: [11120/22390] | loss: 116.100 | epe: 0.695
09/19 14:27 INFO step: [11140/22390] | loss: 116.097 | epe: 0.695
09/19 14:27 INFO step: [11160/22390] | loss: 116.096 | epe: 0.695
09/19 14:27 INFO step: [11180/22390] | loss: 116.099 | epe: 0.695
09/19 14:27 INFO step: [11200/22390] | loss: 116.097 | epe: 0.694
09/19 14:27 INFO step: [11220/22390] | loss: 116.095 | epe: 0.694
09/19 14:27 INFO step: [11240/22390] | loss: 116.098 | epe: 0.694
09/19 14:28 INFO step: [11260/22390] | loss: 116.101 | epe: 0.694
09/19 14:28 INFO step: [11280/22390] | loss: 116.101 | epe: 0.694
09/19 14:28 INFO step: [11300/22390] | loss: 116.109 | epe: 0.694
09/19 14:28 INFO step: [11320/22390] | loss: 116.109 | epe: 0.693
09/19 14:28 INFO step: [11340/22390] | loss: 116.107 | epe: 0.693
09/19 14:28 INFO step: [11360/22390] | loss: 116.113 | epe: 0.694
09/19 14:29 INFO step: [11380/22390] | loss: 116.120 | epe: 0.694
09/19 14:29 INFO step: [11400/22390] | loss: 116.121 | epe: 0.694
09/19 14:29 INFO step: [11420/22390] | loss: 116.125 | epe: 0.694
09/19 14:29 INFO step: [11440/22390] | loss: 116.125 | epe: 0.694
09/19 14:29 INFO step: [11460/22390] | loss: 116.125 | epe: 0.693
09/19 14:29 INFO step: [11480/22390] | loss: 116.126 | epe: 0.693
09/19 14:30 INFO step: [11500/22390] | loss: 116.146 | epe: 0.693
09/19 14:30 INFO step: [11520/22390] | loss: 116.141 | epe: 0.693
09/19 14:30 INFO step: [11540/22390] | loss: 116.142 | epe: 0.693
09/19 14:30 INFO step: [11560/22390] | loss: 116.135 | epe: 0.693
09/19 14:30 INFO step: [11580/22390] | loss: 116.139 | epe: 0.693
09/19 14:30 INFO step: [11600/22390] | loss: 116.141 | epe: 0.693
09/19 14:31 INFO step: [11620/22390] | loss: 116.144 | epe: 0.693
09/19 14:31 INFO step: [11640/22390] | loss: 116.139 | epe: 0.693
09/19 14:31 INFO step: [11660/22390] | loss: 116.133 | epe: 0.693
09/19 14:31 INFO step: [11680/22390] | loss: 116.138 | epe: 0.692
09/19 14:31 INFO step: [11700/22390] | loss: 116.139 | epe: 0.692
09/19 14:32 INFO step: [11720/22390] | loss: 116.144 | epe: 0.692
09/19 14:32 INFO step: [11740/22390] | loss: 116.150 | epe: 0.692
09/19 14:32 INFO step: [11760/22390] | loss: 116.157 | epe: 0.693
09/19 14:32 INFO step: [11780/22390] | loss: 116.153 | epe: 0.693
09/19 14:32 INFO step: [11800/22390] | loss: 116.151 | epe: 0.693
09/19 14:32 INFO step: [11820/22390] | loss: 116.153 | epe: 0.694
09/19 14:33 INFO step: [11840/22390] | loss: 116.160 | epe: 0.693
09/19 14:33 INFO step: [11860/22390] | loss: 116.162 | epe: 0.693
09/19 14:33 INFO step: [11880/22390] | loss: 116.158 | epe: 0.693
09/19 14:33 INFO step: [11900/22390] | loss: 116.151 | epe: 0.693
09/19 14:33 INFO step: [11920/22390] | loss: 116.155 | epe: 0.693
09/19 14:33 INFO step: [11940/22390] | loss: 116.154 | epe: 0.693
09/19 14:34 INFO step: [11960/22390] | loss: 116.152 | epe: 0.693
09/19 14:34 INFO step: [11980/22390] | loss: 116.155 | epe: 0.693
09/19 14:34 INFO step: [12000/22390] | loss: 116.160 | epe: 0.693
09/19 14:34 INFO step: [12020/22390] | loss: 116.154 | epe: 0.693
09/19 14:34 INFO step: [12040/22390] | loss: 116.150 | epe: 0.693
09/19 14:34 INFO step: [12060/22390] | loss: 116.143 | epe: 0.693
09/19 14:35 INFO step: [12080/22390] | loss: 116.136 | epe: 0.693
09/19 14:35 INFO step: [12100/22390] | loss: 116.133 | epe: 0.692
09/19 14:35 INFO step: [12120/22390] | loss: 116.130 | epe: 0.692
09/19 14:35 INFO step: [12140/22390] | loss: 116.129 | epe: 0.692
09/19 14:35 INFO step: [12160/22390] | loss: 116.131 | epe: 0.692
09/19 14:36 INFO step: [12180/22390] | loss: 116.128 | epe: 0.692
09/19 14:36 INFO step: [12200/22390] | loss: 116.123 | epe: 0.692
09/19 14:36 INFO step: [12220/22390] | loss: 116.121 | epe: 0.692
09/19 14:36 INFO step: [12240/22390] | loss: 116.123 | epe: 0.692
09/19 14:36 INFO step: [12260/22390] | loss: 116.121 | epe: 0.692
09/19 14:36 INFO step: [12280/22390] | loss: 116.120 | epe: 0.692
09/19 14:37 INFO step: [12300/22390] | loss: 116.117 | epe: 0.692
09/19 14:37 INFO step: [12320/22390] | loss: 116.119 | epe: 0.691
09/19 14:37 INFO step: [12340/22390] | loss: 116.120 | epe: 0.691
09/19 14:37 INFO step: [12360/22390] | loss: 116.114 | epe: 0.691
09/19 14:37 INFO step: [12380/22390] | loss: 116.114 | epe: 0.691
09/19 14:37 INFO step: [12400/22390] | loss: 116.114 | epe: 0.691
09/19 14:38 INFO step: [12420/22390] | loss: 116.109 | epe: 0.691
09/19 14:38 INFO step: [12440/22390] | loss: 116.107 | epe: 0.691
09/19 14:38 INFO step: [12460/22390] | loss: 116.111 | epe: 0.690
09/19 14:38 INFO step: [12480/22390] | loss: 116.111 | epe: 0.690
09/19 14:38 INFO step: [12500/22390] | loss: 116.109 | epe: 0.690
09/19 14:38 INFO step: [12520/22390] | loss: 116.114 | epe: 0.690
09/19 14:39 INFO step: [12540/22390] | loss: 116.114 | epe: 0.690
09/19 14:39 INFO step: [12560/22390] | loss: 116.104 | epe: 0.690
09/19 14:39 INFO step: [12580/22390] | loss: 116.097 | epe: 0.689
09/19 14:39 INFO step: [12600/22390] | loss: 116.097 | epe: 0.689
09/19 14:39 INFO step: [12620/22390] | loss: 116.100 | epe: 0.689
09/19 14:40 INFO step: [12640/22390] | loss: 116.101 | epe: 0.689
09/19 14:40 INFO step: [12660/22390] | loss: 116.098 | epe: 0.689
09/19 14:40 INFO step: [12680/22390] | loss: 116.097 | epe: 0.689
09/19 14:40 INFO step: [12700/22390] | loss: 116.106 | epe: 0.689
09/19 14:40 INFO step: [12720/22390] | loss: 116.109 | epe: 0.688
09/19 14:40 INFO step: [12740/22390] | loss: 116.108 | epe: 0.688
09/19 14:41 INFO step: [12760/22390] | loss: 116.105 | epe: 0.688
09/19 14:41 INFO step: [12780/22390] | loss: 116.109 | epe: 0.688
09/19 14:41 INFO step: [12800/22390] | loss: 116.102 | epe: 0.688
09/19 14:41 INFO step: [12820/22390] | loss: 116.105 | epe: 0.689
09/19 14:41 INFO step: [12840/22390] | loss: 116.111 | epe: 0.689
09/19 14:41 INFO step: [12860/22390] | loss: 116.109 | epe: 0.689
09/19 14:42 INFO step: [12880/22390] | loss: 116.107 | epe: 0.689
09/19 14:42 INFO step: [12900/22390] | loss: 116.108 | epe: 0.689
09/19 14:42 INFO step: [12920/22390] | loss: 116.104 | epe: 0.690
09/19 14:42 INFO step: [12940/22390] | loss: 116.107 | epe: 0.690
09/19 14:42 INFO step: [12960/22390] | loss: 116.112 | epe: 0.690
09/19 14:42 INFO step: [12980/22390] | loss: 116.109 | epe: 0.690
09/19 14:43 INFO step: [13000/22390] | loss: 116.103 | epe: 0.690
09/19 14:43 INFO step: [13020/22390] | loss: 116.104 | epe: 0.690
09/19 14:43 INFO step: [13040/22390] | loss: 116.108 | epe: 0.693
09/19 14:43 INFO step: [13060/22390] | loss: 116.116 | epe: 0.697
09/19 14:43 INFO step: [13080/22390] | loss: 116.119 | epe: 0.697
09/19 14:44 INFO step: [13100/22390] | loss: 116.113 | epe: 0.696
09/19 14:44 INFO step: [13120/22390] | loss: 116.111 | epe: 0.696
09/19 14:44 INFO step: [13140/22390] | loss: 116.114 | epe: 0.696
09/19 14:44 INFO step: [13160/22390] | loss: 116.106 | epe: 0.696
09/19 14:44 INFO step: [13180/22390] | loss: 116.105 | epe: 0.696
09/19 14:44 INFO step: [13200/22390] | loss: 116.101 | epe: 0.696
09/19 14:45 INFO step: [13220/22390] | loss: 116.100 | epe: 0.695
09/19 14:45 INFO step: [13240/22390] | loss: 116.099 | epe: 0.695
09/19 14:45 INFO step: [13260/22390] | loss: 116.101 | epe: 0.695
09/19 14:45 INFO step: [13280/22390] | loss: 116.092 | epe: 0.695
09/19 14:45 INFO step: [13300/22390] | loss: 116.095 | epe: 0.696
09/19 14:45 INFO step: [13320/22390] | loss: 116.092 | epe: 0.696
09/19 14:46 INFO step: [13340/22390] | loss: 116.090 | epe: 0.696
09/19 14:46 INFO step: [13360/22390] | loss: 116.088 | epe: 0.696
09/19 14:46 INFO step: [13380/22390] | loss: 116.086 | epe: 0.696
09/19 14:46 INFO step: [13400/22390] | loss: 116.079 | epe: 0.696
09/19 14:46 INFO step: [13420/22390] | loss: 116.084 | epe: 0.696
09/19 14:46 INFO step: [13440/22390] | loss: 116.089 | epe: 0.696
09/19 14:47 INFO step: [13460/22390] | loss: 116.097 | epe: 0.695
09/19 14:47 INFO step: [13480/22390] | loss: 116.099 | epe: 0.695
09/19 14:47 INFO step: [13500/22390] | loss: 116.102 | epe: 0.695
09/19 14:47 INFO step: [13520/22390] | loss: 116.101 | epe: 0.695
09/19 14:47 INFO step: [13540/22390] | loss: 116.104 | epe: 0.695
09/19 14:47 INFO step: [13560/22390] | loss: 116.105 | epe: 0.695
09/19 14:48 INFO step: [13580/22390] | loss: 116.106 | epe: 0.694
09/19 14:48 INFO step: [13600/22390] | loss: 116.104 | epe: 0.694
09/19 14:48 INFO step: [13620/22390] | loss: 116.099 | epe: 0.694
09/19 14:48 INFO step: [13640/22390] | loss: 116.099 | epe: 0.694
09/19 14:48 INFO step: [13660/22390] | loss: 116.098 | epe: 0.694
09/19 14:48 INFO step: [13680/22390] | loss: 116.097 | epe: 0.693
09/19 14:49 INFO step: [13700/22390] | loss: 116.095 | epe: 0.693
09/19 14:49 INFO step: [13720/22390] | loss: 116.103 | epe: 0.693
09/19 14:49 INFO step: [13740/22390] | loss: 116.104 | epe: 0.693
09/19 14:49 INFO step: [13760/22390] | loss: 116.100 | epe: 0.693
09/19 14:49 INFO step: [13780/22390] | loss: 116.100 | epe: 0.693
09/19 14:50 INFO step: [13800/22390] | loss: 116.099 | epe: 0.693
09/19 14:50 INFO step: [13820/22390] | loss: 116.094 | epe: 0.693
09/19 14:50 INFO step: [13840/22390] | loss: 116.090 | epe: 0.693
09/19 14:50 INFO step: [13860/22390] | loss: 116.086 | epe: 0.694
09/19 14:50 INFO step: [13880/22390] | loss: 116.085 | epe: 0.694
09/19 14:50 INFO step: [13900/22390] | loss: 116.087 | epe: 0.694
09/19 14:51 INFO step: [13920/22390] | loss: 116.091 | epe: 0.694
09/19 14:51 INFO step: [13940/22390] | loss: 116.091 | epe: 0.694
09/19 14:51 INFO step: [13960/22390] | loss: 116.098 | epe: 0.694
09/19 14:51 INFO step: [13980/22390] | loss: 116.101 | epe: 0.694
09/19 14:51 INFO step: [14000/22390] | loss: 116.098 | epe: 0.694
09/19 14:52 INFO step: [14020/22390] | loss: 116.099 | epe: 0.694
09/19 14:52 INFO step: [14040/22390] | loss: 116.100 | epe: 0.694
09/19 14:52 INFO step: [14060/22390] | loss: 116.101 | epe: 0.694
09/19 14:52 INFO step: [14080/22390] | loss: 116.098 | epe: 0.694
09/19 14:52 INFO step: [14100/22390] | loss: 116.093 | epe: 0.694
09/19 14:52 INFO step: [14120/22390] | loss: 116.094 | epe: 0.695
09/19 14:53 INFO step: [14140/22390] | loss: 116.091 | epe: 0.695
09/19 14:53 INFO step: [14160/22390] | loss: 116.094 | epe: 0.695
09/19 14:53 INFO step: [14180/22390] | loss: 116.098 | epe: 0.695
09/19 14:53 INFO step: [14200/22390] | loss: 116.094 | epe: 0.695
09/19 14:53 INFO step: [14220/22390] | loss: 116.097 | epe: 0.694
09/19 14:53 INFO step: [14240/22390] | loss: 116.088 | epe: 0.694
09/19 14:54 INFO step: [14260/22390] | loss: 116.087 | epe: 0.694
09/19 14:54 INFO step: [14280/22390] | loss: 116.078 | epe: 0.694
09/19 14:54 INFO step: [14300/22390] | loss: 116.081 | epe: 0.694
09/19 14:54 INFO step: [14300/22390] | loss: 116.081 | epe: 0.694
09/19 14:54 INFO step: [14320/22390] | loss: 116.077 | epe: 0.694
09/19 14:54 INFO step: [14340/22390] | loss: 116.071 | epe: 0.694
09/19 14:55 INFO step: [14360/22390] | loss: 116.074 | epe: 0.693
09/19 14:55 INFO step: [14380/22390] | loss: 116.068 | epe: 0.693
09/19 14:55 INFO step: [14400/22390] | loss: 116.067 | epe: 0.693
09/19 14:55 INFO step: [14420/22390] | loss: 116.066 | epe: 0.693
09/19 14:55 INFO step: [14440/22390] | loss: 116.068 | epe: 0.693
09/19 14:55 INFO step: [14460/22390] | loss: 116.070 | epe: 0.692
09/19 14:56 INFO step: [14480/22390] | loss: 116.061 | epe: 0.692
09/19 14:56 INFO step: [14500/22390] | loss: 116.059 | epe: 0.692
09/19 14:56 INFO step: [14520/22390] | loss: 116.058 | epe: 0.692
09/19 14:56 INFO step: [14540/22390] | loss: 116.056 | epe: 0.692
09/19 14:56 INFO step: [14560/22390] | loss: 116.053 | epe: 0.691
09/19 14:56 INFO step: [14580/22390] | loss: 116.053 | epe: 0.691
09/19 14:57 INFO step: [14600/22390] | loss: 116.065 | epe: 0.691
09/19 14:57 INFO step: [14620/22390] | loss: 116.063 | epe: 0.692
09/19 14:57 INFO step: [14640/22390] | loss: 116.061 | epe: 0.692
09/19 14:57 INFO step: [14660/22390] | loss: 116.064 | epe: 0.692
09/19 14:57 INFO step: [14680/22390] | loss: 116.059 | epe: 0.692
09/19 14:58 INFO step: [14700/22390] | loss: 116.057 | epe: 0.692
09/19 14:58 INFO step: [14720/22390] | loss: 116.060 | epe: 0.692
09/19 14:58 INFO step: [14740/22390] | loss: 116.068 | epe: 0.692
09/19 14:58 INFO step: [14760/22390] | loss: 116.074 | epe: 0.693
09/19 14:58 INFO step: [14780/22390] | loss: 116.076 | epe: 0.693
09/19 14:58 INFO step: [14800/22390] | loss: 116.074 | epe: 0.692
09/19 14:59 INFO step: [14820/22390] | loss: 116.076 | epe: 0.692
09/19 14:59 INFO step: [14840/22390] | loss: 116.074 | epe: 0.692
09/19 14:59 INFO step: [14860/22390] | loss: 116.089 | epe: 0.694
09/19 14:59 INFO step: [14880/22390] | loss: 116.092 | epe: 0.694
09/19 14:59 INFO step: [14900/22390] | loss: 116.089 | epe: 0.694
09/19 14:59 INFO step: [14920/22390] | loss: 116.087 | epe: 0.694
09/19 15:00 INFO step: [14940/22390] | loss: 116.086 | epe: 0.694
09/19 15:00 INFO step: [14960/22390] | loss: 116.082 | epe: 0.694
09/19 15:00 INFO step: [14980/22390] | loss: 116.082 | epe: 0.694
09/19 15:00 INFO step: [15000/22390] | loss: 116.083 | epe: 0.694
09/19 15:00 INFO step: [15020/22390] | loss: 116.089 | epe: 0.694
09/19 15:00 INFO step: [15040/22390] | loss: 116.089 | epe: 0.694
09/19 15:01 INFO step: [15060/22390] | loss: 116.094 | epe: 0.694
09/19 15:01 INFO step: [15080/22390] | loss: 116.095 | epe: 0.694
09/19 15:01 INFO step: [15100/22390] | loss: 116.094 | epe: 0.694
09/19 15:01 INFO step: [15120/22390] | loss: 116.094 | epe: 0.694
09/19 15:01 INFO step: [15140/22390] | loss: 116.095 | epe: 0.693
09/19 15:02 INFO step: [15160/22390] | loss: 116.098 | epe: 0.693
09/19 15:02 INFO step: [15180/22390] | loss: 116.096 | epe: 0.693
09/19 15:02 INFO step: [15200/22390] | loss: 116.097 | epe: 0.693
09/19 15:02 INFO step: [15220/22390] | loss: 116.100 | epe: 0.693
09/19 15:02 INFO step: [15240/22390] | loss: 116.098 | epe: 0.694
09/19 15:02 INFO step: [15260/22390] | loss: 116.097 | epe: 0.694
09/19 15:03 INFO step: [15280/22390] | loss: 116.103 | epe: 0.693
09/19 15:03 INFO step: [15300/22390] | loss: 116.103 | epe: 0.693
09/19 15:03 INFO step: [15320/22390] | loss: 116.099 | epe: 0.693
09/19 15:03 INFO step: [15340/22390] | loss: 116.095 | epe: 0.693
09/19 15:03 INFO step: [15360/22390] | loss: 116.094 | epe: 0.694
09/19 15:03 INFO step: [15380/22390] | loss: 116.090 | epe: 0.694
09/19 15:04 INFO step: [15400/22390] | loss: 116.090 | epe: 0.694
09/19 15:04 INFO step: [15420/22390] | loss: 116.092 | epe: 0.693
09/19 15:04 INFO step: [15440/22390] | loss: 116.087 | epe: 0.693
09/19 15:04 INFO step: [15460/22390] | loss: 116.087 | epe: 0.693
09/19 15:04 INFO step: [15480/22390] | loss: 116.086 | epe: 0.693
09/19 15:04 INFO step: [15500/22390] | loss: 116.083 | epe: 0.694
09/19 15:05 INFO step: [15520/22390] | loss: 116.081 | epe: 0.694
09/19 15:05 INFO step: [15540/22390] | loss: 116.078 | epe: 0.694
09/19 15:05 INFO step: [15560/22390] | loss: 116.079 | epe: 0.694
09/19 15:05 INFO step: [15580/22390] | loss: 116.077 | epe: 0.694
09/19 15:05 INFO step: [15600/22390] | loss: 116.078 | epe: 0.693
09/19 15:05 INFO step: [15620/22390] | loss: 116.070 | epe: 0.693
09/19 15:06 INFO step: [15640/22390] | loss: 116.069 | epe: 0.693
09/19 15:06 INFO step: [15660/22390] | loss: 116.071 | epe: 0.693
09/19 15:06 INFO step: [15680/22390] | loss: 116.067 | epe: 0.693
09/19 15:06 INFO step: [15700/22390] | loss: 116.070 | epe: 0.692
09/19 15:06 INFO step: [15720/22390] | loss: 116.073 | epe: 0.693
09/19 15:06 INFO step: [15740/22390] | loss: 116.070 | epe: 0.692
09/19 15:07 INFO step: [15760/22390] | loss: 116.071 | epe: 0.692
09/19 15:07 INFO step: [15780/22390] | loss: 116.072 | epe: 0.692
09/19 15:07 INFO step: [15800/22390] | loss: 116.070 | epe: 0.692
09/19 15:07 INFO step: [15820/22390] | loss: 116.071 | epe: 0.692
09/19 15:07 INFO step: [15840/22390] | loss: 116.065 | epe: 0.692
09/19 15:08 INFO step: [15860/22390] | loss: 116.067 | epe: 0.692
09/19 15:08 INFO step: [15880/22390] | loss: 116.065 | epe: 0.692
09/19 15:08 INFO step: [15900/22390] | loss: 116.065 | epe: 0.692
09/19 15:08 INFO step: [15920/22390] | loss: 116.063 | epe: 0.692
09/19 15:08 INFO step: [15940/22390] | loss: 116.064 | epe: 0.692
09/19 15:08 INFO step: [15960/22390] | loss: 116.064 | epe: 0.692
09/19 15:09 INFO step: [15980/22390] | loss: 116.064 | epe: 0.692
09/19 15:09 INFO step: [16000/22390] | loss: 116.065 | epe: 0.692
09/19 15:09 INFO step: [16020/22390] | loss: 116.063 | epe: 0.691
09/19 15:09 INFO step: [16040/22390] | loss: 116.063 | epe: 0.691
09/19 15:09 INFO step: [16060/22390] | loss: 116.062 | epe: 0.692
09/19 15:09 INFO step: [16080/22390] | loss: 116.063 | epe: 0.692
09/19 15:10 INFO step: [16100/22390] | loss: 116.062 | epe: 0.691
09/19 15:10 INFO step: [16120/22390] | loss: 116.060 | epe: 0.691
09/19 15:10 INFO step: [16140/22390] | loss: 116.063 | epe: 0.691
09/19 15:10 INFO step: [16160/22390] | loss: 116.057 | epe: 0.691
09/19 15:10 INFO step: [16180/22390] | loss: 116.053 | epe: 0.691
09/19 15:10 INFO step: [16200/22390] | loss: 116.053 | epe: 0.691
09/19 15:11 INFO step: [16220/22390] | loss: 116.055 | epe: 0.691
09/19 15:11 INFO step: [16240/22390] | loss: 116.059 | epe: 0.691
09/19 15:11 INFO step: [16260/22390] | loss: 116.055 | epe: 0.691
09/19 15:11 INFO step: [16280/22390] | loss: 116.057 | epe: 0.691
09/19 15:11 INFO step: [16300/22390] | loss: 116.052 | epe: 0.692
09/19 15:11 INFO step: [16320/22390] | loss: 116.055 | epe: 0.692
09/19 15:12 INFO step: [16340/22390] | loss: 116.062 | epe: 0.692
09/19 15:12 INFO step: [16360/22390] | loss: 116.058 | epe: 0.692
09/19 15:12 INFO step: [16380/22390] | loss: 116.056 | epe: 0.692
09/19 15:12 INFO step: [16400/22390] | loss: 116.054 | epe: 0.692
09/19 15:12 INFO step: [16420/22390] | loss: 116.054 | epe: 0.692
09/19 15:12 INFO step: [16440/22390] | loss: 116.052 | epe: 0.692
09/19 15:13 INFO step: [16460/22390] | loss: 116.052 | epe: 0.692
09/19 15:13 INFO step: [16480/22390] | loss: 116.051 | epe: 0.692
09/19 15:13 INFO step: [16500/22390] | loss: 116.048 | epe: 0.692
09/19 15:13 INFO step: [16520/22390] | loss: 116.054 | epe: 0.691
09/19 15:13 INFO step: [16540/22390] | loss: 116.055 | epe: 0.691
09/19 15:13 INFO step: [16560/22390] | loss: 116.057 | epe: 0.691
09/19 15:14 INFO step: [16580/22390] | loss: 116.060 | epe: 0.691
09/19 15:14 INFO step: [16600/22390] | loss: 116.058 | epe: 0.691
09/19 15:14 INFO step: [16620/22390] | loss: 116.058 | epe: 0.691
09/19 15:14 INFO step: [16640/22390] | loss: 116.056 | epe: 0.691
09/19 15:14 INFO step: [16660/22390] | loss: 116.056 | epe: 0.691
09/19 15:14 INFO step: [16680/22390] | loss: 116.059 | epe: 0.691
09/19 15:15 INFO step: [16700/22390] | loss: 116.063 | epe: 0.691
09/19 15:15 INFO step: [16720/22390] | loss: 116.058 | epe: 0.691
09/19 15:15 INFO step: [16740/22390] | loss: 116.054 | epe: 0.690
09/19 15:15 INFO step: [16760/22390] | loss: 116.052 | epe: 0.690
09/19 15:15 INFO step: [16780/22390] | loss: 116.052 | epe: 0.691
09/19 15:15 INFO step: [16800/22390] | loss: 116.048 | epe: 0.690
09/19 15:16 INFO step: [16820/22390] | loss: 116.047 | epe: 0.690
09/19 15:16 INFO step: [16840/22390] | loss: 116.041 | epe: 0.690
09/19 15:16 INFO step: [16860/22390] | loss: 116.036 | epe: 0.690
09/19 15:16 INFO step: [16880/22390] | loss: 116.036 | epe: 0.691
09/19 15:16 INFO step: [16900/22390] | loss: 116.033 | epe: 0.691
09/19 15:17 INFO step: [16920/22390] | loss: 116.033 | epe: 0.690
09/19 15:17 INFO step: [16940/22390] | loss: 116.029 | epe: 0.690
09/19 15:17 INFO step: [16960/22390] | loss: 116.027 | epe: 0.690
09/19 15:17 INFO step: [16980/22390] | loss: 116.030 | epe: 0.690
09/19 15:17 INFO step: [17000/22390] | loss: 116.031 | epe: 0.690
09/19 15:17 INFO step: [17020/22390] | loss: 116.031 | epe: 0.690
09/19 15:18 INFO step: [17040/22390] | loss: 116.031 | epe: 0.690
09/19 15:18 INFO step: [17060/22390] | loss: 116.029 | epe: 0.690
09/19 15:18 INFO step: [17080/22390] | loss: 116.030 | epe: 0.690
09/19 15:18 INFO step: [17100/22390] | loss: 116.031 | epe: 0.690
09/19 15:18 INFO step: [17120/22390] | loss: 116.033 | epe: 0.689
09/19 15:18 INFO step: [17140/22390] | loss: 116.036 | epe: 0.689
09/19 15:19 INFO step: [17160/22390] | loss: 116.037 | epe: 0.689
09/19 15:19 INFO step: [17180/22390] | loss: 116.037 | epe: 0.689
09/19 15:19 INFO step: [17200/22390] | loss: 116.038 | epe: 0.689
09/19 15:19 INFO step: [17220/22390] | loss: 116.035 | epe: 0.689
09/19 15:19 INFO step: [17240/22390] | loss: 116.033 | epe: 0.689
09/19 15:19 INFO step: [17260/22390] | loss: 116.034 | epe: 0.689
09/19 15:20 INFO step: [17280/22390] | loss: 116.032 | epe: 0.688
09/19 15:20 INFO step: [17300/22390] | loss: 116.023 | epe: 0.689
09/19 15:20 INFO step: [17320/22390] | loss: 116.024 | epe: 0.689
09/19 15:20 INFO step: [17340/22390] | loss: 116.024 | epe: 0.689
09/19 15:20 INFO step: [17360/22390] | loss: 116.028 | epe: 0.689
09/19 15:20 INFO step: [17380/22390] | loss: 116.029 | epe: 0.689
09/19 15:21 INFO step: [17400/22390] | loss: 116.036 | epe: 0.689
09/19 15:21 INFO step: [17420/22390] | loss: 116.038 | epe: 0.689
09/19 15:21 INFO step: [17440/22390] | loss: 116.036 | epe: 0.689
09/19 15:21 INFO step: [17460/22390] | loss: 116.037 | epe: 0.689
09/19 15:21 INFO step: [17480/22390] | loss: 116.034 | epe: 0.689
09/19 15:21 INFO step: [17500/22390] | loss: 116.032 | epe: 0.688
09/19 15:22 INFO step: [17520/22390] | loss: 116.037 | epe: 0.688
09/19 15:22 INFO step: [17540/22390] | loss: 116.031 | epe: 0.688
09/19 15:22 INFO step: [17560/22390] | loss: 116.028 | epe: 0.689
09/19 15:22 INFO step: [17580/22390] | loss: 116.024 | epe: 0.689
09/19 15:22 INFO step: [17600/22390] | loss: 116.024 | epe: 0.689
09/19 15:22 INFO step: [17620/22390] | loss: 116.021 | epe: 0.689
09/19 15:23 INFO step: [17640/22390] | loss: 116.016 | epe: 0.689
09/19 15:23 INFO step: [17660/22390] | loss: 116.012 | epe: 0.688
09/19 15:23 INFO step: [17680/22390] | loss: 116.015 | epe: 0.688
09/19 15:23 INFO step: [17700/22390] | loss: 116.013 | epe: 0.689
09/19 15:23 INFO step: [17720/22390] | loss: 116.014 | epe: 0.688
09/19 15:23 INFO step: [17740/22390] | loss: 116.009 | epe: 0.688
09/19 15:24 INFO step: [17760/22390] | loss: 116.004 | epe: 0.688
09/19 15:24 INFO step: [17780/22390] | loss: 116.001 | epe: 0.688
09/19 15:24 INFO step: [17800/22390] | loss: 116.003 | epe: 0.688
09/19 15:24 INFO step: [17820/22390] | loss: 115.999 | epe: 0.688
09/19 15:24 INFO step: [17840/22390] | loss: 115.994 | epe: 0.689
09/19 15:24 INFO step: [17860/22390] | loss: 115.992 | epe: 0.689
09/19 15:25 INFO step: [17880/22390] | loss: 115.988 | epe: 0.689
09/19 15:25 INFO step: [17900/22390] | loss: 115.984 | epe: 0.689
09/19 15:25 INFO step: [17920/22390] | loss: 115.986 | epe: 0.689
09/19 15:25 INFO step: [17940/22390] | loss: 115.992 | epe: 0.688
09/19 15:25 INFO step: [17960/22390] | loss: 115.989 | epe: 0.688
09/19 15:26 INFO step: [17980/22390] | loss: 115.987 | epe: 0.688
09/19 15:26 INFO step: [18000/22390] | loss: 115.985 | epe: 0.688
09/19 15:26 INFO step: [18020/22390] | loss: 115.989 | epe: 0.689
09/19 15:26 INFO step: [18040/22390] | loss: 115.990 | epe: 0.688
09/19 15:26 INFO step: [18060/22390] | loss: 115.990 | epe: 0.689
09/19 15:26 INFO step: [18080/22390] | loss: 115.996 | epe: 0.689
09/19 15:27 INFO step: [18100/22390] | loss: 115.998 | epe: 0.689
09/19 15:27 INFO step: [18120/22390] | loss: 116.002 | epe: 0.689
09/19 15:27 INFO step: [18140/22390] | loss: 116.006 | epe: 0.689
09/19 15:27 INFO step: [18160/22390] | loss: 116.002 | epe: 0.689
09/19 15:27 INFO step: [18180/22390] | loss: 116.005 | epe: 0.689
09/19 15:27 INFO step: [18200/22390] | loss: 116.005 | epe: 0.689
09/19 15:28 INFO step: [18220/22390] | loss: 116.004 | epe: 0.689
09/19 15:28 INFO step: [18240/22390] | loss: 116.002 | epe: 0.689
09/19 15:28 INFO step: [18260/22390] | loss: 115.996 | epe: 0.688
09/19 15:28 INFO step: [18280/22390] | loss: 115.998 | epe: 0.688
09/19 15:28 INFO step: [18300/22390] | loss: 115.993 | epe: 0.688
09/19 15:28 INFO step: [18320/22390] | loss: 115.992 | epe: 0.688
09/19 15:29 INFO step: [18340/22390] | loss: 115.991 | epe: 0.688
09/19 15:29 INFO step: [18360/22390] | loss: 115.990 | epe: 0.688
09/19 15:29 INFO step: [18380/22390] | loss: 115.989 | epe: 0.688
09/19 15:29 INFO step: [18400/22390] | loss: 115.987 | epe: 0.687
09/19 15:29 INFO step: [18420/22390] | loss: 115.990 | epe: 0.687
09/19 15:29 INFO step: [18440/22390] | loss: 115.996 | epe: 0.687
09/19 15:30 INFO step: [18460/22390] | loss: 115.993 | epe: 0.687
09/19 15:30 INFO step: [18480/22390] | loss: 115.994 | epe: 0.687
09/19 15:30 INFO step: [18500/22390] | loss: 115.994 | epe: 0.687
09/19 15:30 INFO step: [18520/22390] | loss: 115.998 | epe: 0.687
09/19 15:30 INFO step: [18540/22390] | loss: 116.001 | epe: 0.686
09/19 15:30 INFO step: [18560/22390] | loss: 115.997 | epe: 0.686
09/19 15:31 INFO step: [18580/22390] | loss: 116.004 | epe: 0.688
09/19 15:31 INFO step: [18580/22390] | loss: 116.004 | epe: 0.688
09/19 15:31 INFO step: [18600/22390] | loss: 115.999 | epe: 0.688
09/19 15:31 INFO step: [18620/22390] | loss: 115.997 | epe: 0.688
09/19 15:31 INFO step: [18640/22390] | loss: 115.999 | epe: 0.687
09/19 15:31 INFO step: [18660/22390] | loss: 115.996 | epe: 0.687
09/19 15:31 INFO step: [18680/22390] | loss: 115.993 | epe: 0.687
09/19 15:32 INFO step: [18700/22390] | loss: 115.995 | epe: 0.687
09/19 15:32 INFO step: [18720/22390] | loss: 115.990 | epe: 0.687
09/19 15:32 INFO step: [18740/22390] | loss: 115.992 | epe: 0.687
09/19 15:32 INFO step: [18760/22390] | loss: 115.992 | epe: 0.687
09/19 15:32 INFO step: [18780/22390] | loss: 115.996 | epe: 0.687
09/19 15:32 INFO step: [18800/22390] | loss: 115.995 | epe: 0.687
09/19 15:33 INFO step: [18820/22390] | loss: 115.992 | epe: 0.687
09/19 15:33 INFO step: [18840/22390] | loss: 115.995 | epe: 0.687
09/19 15:33 INFO step: [18860/22390] | loss: 115.994 | epe: 0.687
09/19 15:33 INFO step: [18880/22390] | loss: 115.992 | epe: 0.687
09/19 15:33 INFO step: [18900/22390] | loss: 115.989 | epe: 0.687
09/19 15:33 INFO step: [18920/22390] | loss: 115.991 | epe: 0.686
09/19 15:34 INFO step: [18940/22390] | loss: 115.988 | epe: 0.686
09/19 15:34 INFO step: [18960/22390] | loss: 115.990 | epe: 0.686
09/19 15:34 INFO step: [18980/22390] | loss: 115.990 | epe: 0.686
09/19 15:34 INFO step: [19000/22390] | loss: 115.991 | epe: 0.686
09/19 15:34 INFO step: [19020/22390] | loss: 115.993 | epe: 0.686
09/19 15:35 INFO step: [19040/22390] | loss: 115.991 | epe: 0.686
09/19 15:35 INFO step: [19060/22390] | loss: 115.994 | epe: 0.686
09/19 15:35 INFO step: [19080/22390] | loss: 115.993 | epe: 0.685
09/19 15:35 INFO step: [19100/22390] | loss: 115.989 | epe: 0.685
09/19 15:35 INFO step: [19120/22390] | loss: 115.992 | epe: 0.686
09/19 15:35 INFO step: [19140/22390] | loss: 115.997 | epe: 0.686
09/19 15:36 INFO step: [19160/22390] | loss: 115.996 | epe: 0.686
09/19 15:36 INFO step: [19180/22390] | loss: 115.997 | epe: 0.686
09/19 15:36 INFO step: [19200/22390] | loss: 115.997 | epe: 0.686
09/19 15:36 INFO step: [19220/22390] | loss: 115.998 | epe: 0.686
09/19 15:36 INFO step: [19240/22390] | loss: 115.997 | epe: 0.686
09/19 15:36 INFO step: [19260/22390] | loss: 115.996 | epe: 0.686
09/19 15:37 INFO step: [19280/22390] | loss: 115.994 | epe: 0.686
09/19 15:37 INFO step: [19300/22390] | loss: 115.992 | epe: 0.686
09/19 15:37 INFO step: [19320/22390] | loss: 115.993 | epe: 0.686
09/19 15:37 INFO step: [19340/22390] | loss: 116.001 | epe: 0.686
09/19 15:37 INFO step: [19360/22390] | loss: 116.002 | epe: 0.686
09/19 15:37 INFO step: [19380/22390] | loss: 115.994 | epe: 0.686
09/19 15:38 INFO step: [19400/22390] | loss: 115.995 | epe: 0.686
09/19 15:38 INFO step: [19420/22390] | loss: 115.992 | epe: 0.686
09/19 15:38 INFO step: [19440/22390] | loss: 115.994 | epe: 0.686
09/19 15:38 INFO step: [19460/22390] | loss: 115.995 | epe: 0.686
09/19 15:38 INFO step: [19480/22390] | loss: 115.992 | epe: 0.686
09/19 15:38 INFO step: [19500/22390] | loss: 115.991 | epe: 0.686
09/19 15:39 INFO step: [19520/22390] | loss: 115.992 | epe: 0.685
09/19 15:39 INFO step: [19540/22390] | loss: 115.991 | epe: 0.685
09/19 15:39 INFO step: [19560/22390] | loss: 115.992 | epe: 0.685
09/19 15:39 INFO step: [19580/22390] | loss: 115.991 | epe: 0.685
09/19 15:39 INFO step: [19600/22390] | loss: 115.989 | epe: 0.685
09/19 15:39 INFO step: [19620/22390] | loss: 115.987 | epe: 0.685
09/19 15:40 INFO step: [19640/22390] | loss: 115.986 | epe: 0.685
09/19 15:40 INFO step: [19660/22390] | loss: 115.985 | epe: 0.685
09/19 15:40 INFO step: [19680/22390] | loss: 115.987 | epe: 0.685
09/19 15:40 INFO step: [19700/22390] | loss: 115.984 | epe: 0.685
09/19 15:40 INFO step: [19720/22390] | loss: 115.986 | epe: 0.685
09/19 15:40 INFO step: [19740/22390] | loss: 115.981 | epe: 0.685
09/19 15:41 INFO step: [19760/22390] | loss: 115.980 | epe: 0.686
09/19 15:41 INFO step: [19780/22390] | loss: 115.977 | epe: 0.686
09/19 15:41 INFO step: [19800/22390] | loss: 115.976 | epe: 0.686
09/19 15:41 INFO step: [19820/22390] | loss: 115.977 | epe: 0.686
09/19 15:41 INFO step: [19840/22390] | loss: 115.981 | epe: 0.686
09/19 15:41 INFO step: [19860/22390] | loss: 115.985 | epe: 0.686
09/19 15:42 INFO step: [19880/22390] | loss: 115.985 | epe: 0.685
09/19 15:42 INFO step: [19900/22390] | loss: 115.985 | epe: 0.685
09/19 15:42 INFO step: [19920/22390] | loss: 115.985 | epe: 0.685
09/19 15:42 INFO step: [19940/22390] | loss: 115.983 | epe: 0.685
09/19 15:42 INFO step: [19960/22390] | loss: 115.977 | epe: 0.685
09/19 15:42 INFO step: [19980/22390] | loss: 115.980 | epe: 0.685
09/19 15:43 INFO step: [20000/22390] | loss: 115.983 | epe: 0.685
09/19 15:43 INFO step: [20020/22390] | loss: 115.978 | epe: 0.684
09/19 15:43 INFO step: [20040/22390] | loss: 115.977 | epe: 0.684
09/19 15:43 INFO step: [20060/22390] | loss: 115.976 | epe: 0.684
09/19 15:43 INFO step: [20080/22390] | loss: 115.972 | epe: 0.684
09/19 15:44 INFO step: [20100/22390] | loss: 115.971 | epe: 0.684
09/19 15:44 INFO step: [20120/22390] | loss: 115.972 | epe: 0.684
09/19 15:44 INFO step: [20140/22390] | loss: 115.976 | epe: 0.684
09/19 15:44 INFO step: [20160/22390] | loss: 115.972 | epe: 0.684
09/19 15:44 INFO step: [20180/22390] | loss: 115.971 | epe: 0.684
09/19 15:44 INFO step: [20200/22390] | loss: 115.973 | epe: 0.684
09/19 15:45 INFO step: [20220/22390] | loss: 115.971 | epe: 0.684
09/19 15:45 INFO step: [20240/22390] | loss: 115.970 | epe: 0.683
09/19 15:45 INFO step: [20260/22390] | loss: 115.970 | epe: 0.684
09/19 15:45 INFO step: [20280/22390] | loss: 115.968 | epe: 0.684
09/19 15:45 INFO step: [20300/22390] | loss: 115.966 | epe: 0.685
09/19 15:45 INFO step: [20320/22390] | loss: 115.965 | epe: 0.684
09/19 15:46 INFO step: [20340/22390] | loss: 115.964 | epe: 0.684
09/19 15:46 INFO step: [20360/22390] | loss: 115.964 | epe: 0.684
09/19 15:46 INFO step: [20380/22390] | loss: 115.963 | epe: 0.684
09/19 15:46 INFO step: [20400/22390] | loss: 115.964 | epe: 0.684
09/19 15:46 INFO step: [20420/22390] | loss: 115.966 | epe: 0.684
09/19 15:46 INFO step: [20440/22390] | loss: 115.962 | epe: 0.684
09/19 15:47 INFO step: [20460/22390] | loss: 115.959 | epe: 0.684
09/19 15:47 INFO step: [20480/22390] | loss: 115.960 | epe: 0.684
09/19 15:47 INFO step: [20500/22390] | loss: 115.953 | epe: 0.684
09/19 15:47 INFO step: [20520/22390] | loss: 115.952 | epe: 0.683
09/19 15:47 INFO step: [20540/22390] | loss: 115.950 | epe: 0.683
09/19 15:47 INFO step: [20560/22390] | loss: 115.950 | epe: 0.683
09/19 15:48 INFO step: [20580/22390] | loss: 115.949 | epe: 0.683
09/19 15:48 INFO step: [20600/22390] | loss: 115.949 | epe: 0.683
09/19 15:48 INFO step: [20620/22390] | loss: 115.951 | epe: 0.683
09/19 15:48 INFO step: [20640/22390] | loss: 115.952 | epe: 0.683
09/19 15:48 INFO step: [20660/22390] | loss: 115.954 | epe: 0.683
09/19 15:48 INFO step: [20680/22390] | loss: 115.955 | epe: 0.683
09/19 15:49 INFO step: [20700/22390] | loss: 115.954 | epe: 0.683
09/19 15:49 INFO step: [20720/22390] | loss: 115.956 | epe: 0.683
09/19 15:49 INFO step: [20740/22390] | loss: 115.959 | epe: 0.683
09/19 15:49 INFO step: [20760/22390] | loss: 115.960 | epe: 0.683
09/19 15:49 INFO step: [20780/22390] | loss: 115.957 | epe: 0.683
09/19 15:49 INFO step: [20800/22390] | loss: 115.960 | epe: 0.683
09/19 15:50 INFO step: [20820/22390] | loss: 115.958 | epe: 0.683
09/19 15:50 INFO step: [20840/22390] | loss: 115.957 | epe: 0.683
09/19 15:50 INFO step: [20860/22390] | loss: 115.955 | epe: 0.683
09/19 15:50 INFO step: [20880/22390] | loss: 115.958 | epe: 0.685
09/19 15:50 INFO step: [20900/22390] | loss: 115.957 | epe: 0.685
09/19 15:50 INFO step: [20920/22390] | loss: 115.952 | epe: 0.685
09/19 15:51 INFO step: [20940/22390] | loss: 115.948 | epe: 0.685
09/19 15:51 INFO step: [20960/22390] | loss: 115.950 | epe: 0.685
09/19 15:51 INFO step: [20980/22390] | loss: 115.949 | epe: 0.685
09/19 15:51 INFO step: [21000/22390] | loss: 115.947 | epe: 0.685
09/19 15:51 INFO step: [21020/22390] | loss: 115.946 | epe: 0.685
09/19 15:51 INFO step: [21040/22390] | loss: 115.941 | epe: 0.685
09/19 15:52 INFO step: [21060/22390] | loss: 115.945 | epe: 0.685
09/19 15:52 INFO step: [21080/22390] | loss: 115.945 | epe: 0.685
09/19 15:52 INFO step: [21100/22390] | loss: 115.942 | epe: 0.685
09/19 15:52 INFO step: [21120/22390] | loss: 115.939 | epe: 0.685
09/19 15:52 INFO step: [21140/22390] | loss: 115.934 | epe: 0.685
09/19 15:53 INFO step: [21160/22390] | loss: 115.932 | epe: 0.685
09/19 15:53 INFO step: [21180/22390] | loss: 115.925 | epe: 0.684
09/19 15:53 INFO step: [21200/22390] | loss: 115.925 | epe: 0.684
09/19 15:53 INFO step: [21220/22390] | loss: 115.925 | epe: 0.684
09/19 15:53 INFO step: [21240/22390] | loss: 115.924 | epe: 0.684
09/19 15:53 INFO step: [21260/22390] | loss: 115.926 | epe: 0.684
09/19 15:54 INFO step: [21280/22390] | loss: 115.931 | epe: 0.684
09/19 15:54 INFO step: [21300/22390] | loss: 115.929 | epe: 0.684
09/19 15:54 INFO step: [21320/22390] | loss: 115.932 | epe: 0.684
09/19 15:54 INFO step: [21340/22390] | loss: 115.931 | epe: 0.684
09/19 15:54 INFO step: [21360/22390] | loss: 115.933 | epe: 0.684
09/19 15:54 INFO step: [21380/22390] | loss: 115.934 | epe: 0.684
09/19 15:55 INFO step: [21400/22390] | loss: 115.933 | epe: 0.684
09/19 15:55 INFO step: [21420/22390] | loss: 115.937 | epe: 0.684
09/19 15:55 INFO step: [21440/22390] | loss: 115.934 | epe: 0.684
09/19 15:55 INFO step: [21460/22390] | loss: 115.933 | epe: 0.684
09/19 15:55 INFO step: [21480/22390] | loss: 115.939 | epe: 0.684
09/19 15:55 INFO step: [21500/22390] | loss: 115.937 | epe: 0.684
09/19 15:56 INFO step: [21520/22390] | loss: 115.938 | epe: 0.684
09/19 15:56 INFO step: [21540/22390] | loss: 115.938 | epe: 0.684
09/19 15:56 INFO step: [21560/22390] | loss: 115.934 | epe: 0.684
09/19 15:56 INFO step: [21580/22390] | loss: 115.932 | epe: 0.683
09/19 15:56 INFO step: [21600/22390] | loss: 115.935 | epe: 0.684
09/19 15:56 INFO step: [21620/22390] | loss: 115.933 | epe: 0.684
09/19 15:57 INFO step: [21640/22390] | loss: 115.934 | epe: 0.684
09/19 15:57 INFO step: [21660/22390] | loss: 115.932 | epe: 0.684
09/19 15:57 INFO step: [21680/22390] | loss: 115.932 | epe: 0.684
09/19 15:57 INFO step: [21700/22390] | loss: 115.935 | epe: 0.684
09/19 15:57 INFO step: [21720/22390] | loss: 115.937 | epe: 0.684
09/19 15:57 INFO step: [21740/22390] | loss: 115.935 | epe: 0.684
09/19 15:58 INFO step: [21760/22390] | loss: 115.933 | epe: 0.684
09/19 15:58 INFO step: [21780/22390] | loss: 115.933 | epe: 0.684
09/19 15:58 INFO step: [21800/22390] | loss: 115.934 | epe: 0.684
09/19 15:58 INFO step: [21820/22390] | loss: 115.931 | epe: 0.683
09/19 15:58 INFO step: [21840/22390] | loss: 115.935 | epe: 0.683
09/19 15:58 INFO step: [21860/22390] | loss: 115.935 | epe: 0.683
09/19 15:59 INFO step: [21880/22390] | loss: 115.933 | epe: 0.683
09/19 15:59 INFO step: [21900/22390] | loss: 115.933 | epe: 0.683
09/19 15:59 INFO step: [21920/22390] | loss: 115.935 | epe: 0.683
09/19 15:59 INFO step: [21940/22390] | loss: 115.935 | epe: 0.683
09/19 15:59 INFO step: [21960/22390] | loss: 115.932 | epe: 0.682
09/19 15:59 INFO step: [21980/22390] | loss: 115.936 | epe: 0.683
09/19 16:00 INFO step: [22000/22390] | loss: 115.935 | epe: 0.682
09/19 16:00 INFO step: [22020/22390] | loss: 115.933 | epe: 0.682
09/19 16:00 INFO step: [22040/22390] | loss: 115.935 | epe: 0.682
09/19 16:00 INFO step: [22060/22390] | loss: 115.936 | epe: 0.682
09/19 16:00 INFO step: [22080/22390] | loss: 115.934 | epe: 0.682
09/19 16:00 INFO step: [22100/22390] | loss: 115.932 | epe: 0.682
09/19 16:01 INFO step: [22120/22390] | loss: 115.931 | epe: 0.682
09/19 16:01 INFO step: [22140/22390] | loss: 115.934 | epe: 0.682
09/19 16:01 INFO step: [22160/22390] | loss: 115.941 | epe: 0.682
09/19 16:01 INFO step: [22180/22390] | loss: 115.939 | epe: 0.682
09/19 16:01 INFO step: [22200/22390] | loss: 115.938 | epe: 0.682
09/19 16:01 INFO step: [22220/22390] | loss: 115.939 | epe: 0.682
09/19 16:02 INFO step: [22240/22390] | loss: 115.936 | epe: 0.682
09/19 16:02 INFO step: [22260/22390] | loss: 115.935 | epe: 0.682
09/19 16:02 INFO step: [22280/22390] | loss: 115.933 | epe: 0.682
09/19 16:02 INFO step: [22300/22390] | loss: 115.930 | epe: 0.681
09/19 16:02 INFO step: [22320/22390] | loss: 115.929 | epe: 0.681
09/19 16:03 INFO step: [22340/22390] | loss: 115.928 | epe: 0.681
09/19 16:03 INFO step: [22360/22390] | loss: 115.923 | epe: 0.681
09/19 16:03 INFO step: [22380/22390] | loss: 115.919 | epe: 0.681
09/19 16:10 INFO val_epe: nan
09/19 16:10 INFO Epoches: [2/500] ============================
09/19 16:10 INFO step: [20/22390] | loss: 112.067 | epe: 0.579
09/19 16:10 INFO step: [40/22390] | loss: 114.829 | epe: 0.559
09/19 16:10 INFO step: [60/22390] | loss: 114.584 | epe: 0.556
09/19 16:11 INFO step: [80/22390] | loss: 115.446 | epe: 0.577
09/19 16:11 INFO step: [100/22390] | loss: 116.399 | epe: 0.572
09/19 16:11 INFO step: [120/22390] | loss: 116.681 | epe: 0.587
09/19 16:11 INFO step: [140/22390] | loss: 116.283 | epe: 0.605
09/19 16:11 INFO step: [160/22390] | loss: 115.925 | epe: 0.639
09/19 16:11 INFO step: [180/22390] | loss: 115.053 | epe: 0.627
09/19 16:12 INFO step: [200/22390] | loss: 115.368 | epe: 0.620
09/19 16:12 INFO step: [220/22390] | loss: 115.447 | epe: 0.610
09/19 16:12 INFO step: [240/22390] | loss: 115.363 | epe: 0.612
09/19 16:12 INFO step: [260/22390] | loss: 115.154 | epe: 0.625
09/19 16:12 INFO step: [280/22390] | loss: 115.070 | epe: 0.624
09/19 16:12 INFO step: [300/22390] | loss: 115.143 | epe: 0.619
09/19 16:13 INFO step: [320/22390] | loss: 114.662 | epe: 0.630
09/19 16:13 INFO step: [340/22390] | loss: 114.784 | epe: 0.636
09/19 16:13 INFO step: [360/22390] | loss: 115.059 | epe: 0.629
09/19 16:13 INFO step: [380/22390] | loss: 114.850 | epe: 0.641
09/19 16:13 INFO step: [400/22390] | loss: 115.054 | epe: 0.635
09/19 16:13 INFO step: [420/22390] | loss: 115.039 | epe: 0.636
09/19 16:14 INFO step: [440/22390] | loss: 115.020 | epe: 0.633
09/19 16:14 INFO step: [460/22390] | loss: 115.028 | epe: 0.632
09/19 16:14 INFO step: [480/22390] | loss: 115.042 | epe: 0.628
09/19 16:14 INFO step: [500/22390] | loss: 115.327 | epe: 0.623
09/19 16:14 INFO step: [520/22390] | loss: 115.238 | epe: 0.630
09/19 16:15 INFO step: [540/22390] | loss: 115.163 | epe: 0.628
09/19 16:15 INFO step: [560/22390] | loss: 115.260 | epe: 0.627
09/19 16:15 INFO step: [580/22390] | loss: 115.232 | epe: 0.625
09/19 16:15 INFO step: [600/22390] | loss: 115.301 | epe: 0.625
09/19 16:15 INFO step: [620/22390] | loss: 115.359 | epe: 0.621
09/19 16:15 INFO step: [640/22390] | loss: 115.323 | epe: 0.623
09/19 16:16 INFO step: [660/22390] | loss: 115.325 | epe: 0.620
09/19 16:16 INFO step: [680/22390] | loss: 115.415 | epe: 0.618
09/19 16:16 INFO step: [700/22390] | loss: 115.395 | epe: 0.614
09/19 16:16 INFO step: [720/22390] | loss: 115.435 | epe: 0.611
09/19 16:16 INFO step: [740/22390] | loss: 115.494 | epe: 0.610
09/19 16:16 INFO step: [760/22390] | loss: 115.477 | epe: 0.611
09/19 16:17 INFO step: [780/22390] | loss: 115.407 | epe: 0.608
09/19 16:17 INFO step: [800/22390] | loss: 115.465 | epe: 0.605
09/19 16:17 INFO step: [820/22390] | loss: 115.580 | epe: 0.607
09/19 16:17 INFO step: [840/22390] | loss: 115.644 | epe: 0.610
09/19 16:17 INFO step: [860/22390] | loss: 115.610 | epe: 0.608
09/19 16:18 INFO step: [880/22390] | loss: 115.601 | epe: 0.620
09/19 16:18 INFO step: [900/22390] | loss: 115.667 | epe: 0.624
09/19 16:18 INFO step: [920/22390] | loss: 115.662 | epe: 0.627
09/19 16:18 INFO step: [940/22390] | loss: 115.611 | epe: 0.630
09/19 16:18 INFO step: [960/22390] | loss: 115.610 | epe: 0.630
09/19 16:18 INFO step: [980/22390] | loss: 115.770 | epe: 0.662
09/19 16:19 INFO step: [1000/22390] | loss: 115.707 | epe: 0.660
09/19 16:19 INFO step: [1020/22390] | loss: 115.736 | epe: 0.657
09/19 16:19 INFO step: [1040/22390] | loss: 115.742 | epe: 0.654
09/19 16:19 INFO step: [1060/22390] | loss: 115.749 | epe: 0.656
09/19 16:19 INFO step: [1080/22390] | loss: 115.761 | epe: 0.653
09/19 16:19 INFO step: [1100/22390] | loss: 115.808 | epe: 0.651
09/19 16:20 INFO step: [1120/22390] | loss: 115.796 | epe: 0.650
09/19 16:20 INFO step: [1140/22390] | loss: 115.811 | epe: 0.651
09/19 16:20 INFO step: [1160/22390] | loss: 115.810 | epe: 0.647
09/19 16:20 INFO step: [1180/22390] | loss: 115.773 | epe: 0.645
09/19 16:20 INFO step: [1200/22390] | loss: 115.750 | epe: 0.647
09/19 16:21 INFO step: [1220/22390] | loss: 115.760 | epe: 0.647
09/19 16:21 INFO step: [1240/22390] | loss: 115.725 | epe: 0.645
09/19 16:21 INFO step: [1260/22390] | loss: 115.760 | epe: 0.646
09/19 16:21 INFO step: [1280/22390] | loss: 115.781 | epe: 0.646
09/19 16:21 INFO step: [1300/22390] | loss: 115.776 | epe: 0.646
09/19 16:21 INFO step: [1320/22390] | loss: 115.766 | epe: 0.643
09/19 16:22 INFO step: [1340/22390] | loss: 115.713 | epe: 0.641
09/19 16:22 INFO step: [1360/22390] | loss: 115.730 | epe: 0.643
09/19 16:22 INFO step: [1380/22390] | loss: 115.731 | epe: 0.642
09/19 16:22 INFO step: [1400/22390] | loss: 115.736 | epe: 0.642
09/19 16:22 INFO step: [1420/22390] | loss: 115.717 | epe: 0.639
09/19 16:22 INFO step: [1440/22390] | loss: 115.694 | epe: 0.640
09/19 16:23 INFO step: [1460/22390] | loss: 115.705 | epe: 0.638
09/19 16:23 INFO step: [1480/22390] | loss: 115.633 | epe: 0.637
09/19 16:23 INFO step: [1500/22390] | loss: 115.592 | epe: 0.636
09/19 16:23 INFO step: [1520/22390] | loss: 115.590 | epe: 0.637
09/19 16:23 INFO step: [1540/22390] | loss: 115.648 | epe: 0.647
09/19 16:23 INFO step: [1560/22390] | loss: 115.666 | epe: 0.646
09/19 16:24 INFO step: [1580/22390] | loss: 115.693 | epe: 0.648
09/19 16:24 INFO step: [1600/22390] | loss: 115.692 | epe: 0.648
09/19 16:24 INFO step: [1620/22390] | loss: 115.701 | epe: 0.650
09/19 16:24 INFO step: [1640/22390] | loss: 115.732 | epe: 0.650
09/19 16:24 INFO step: [1660/22390] | loss: 115.772 | epe: 0.648
09/19 16:25 INFO step: [1680/22390] | loss: 115.764 | epe: 0.649
09/19 16:25 INFO step: [1700/22390] | loss: 115.760 | epe: 0.648
09/19 16:25 INFO step: [1720/22390] | loss: 115.735 | epe: 0.646
09/19 16:25 INFO step: [1740/22390] | loss: 115.756 | epe: 0.647
09/19 16:25 INFO step: [1760/22390] | loss: 115.761 | epe: 0.646
09/19 16:25 INFO step: [1780/22390] | loss: 115.769 | epe: 0.645
09/19 16:26 INFO step: [1800/22390] | loss: 115.767 | epe: 0.646
09/19 16:26 INFO step: [1820/22390] | loss: 115.715 | epe: 0.644
09/19 16:26 INFO step: [1840/22390] | loss: 115.743 | epe: 0.643
09/19 16:26 INFO step: [1860/22390] | loss: 115.758 | epe: 0.641
09/19 16:26 INFO step: [1880/22390] | loss: 115.719 | epe: 0.642
09/19 16:26 INFO step: [1900/22390] | loss: 115.706 | epe: 0.641
09/19 16:27 INFO step: [1920/22390] | loss: 115.686 | epe: 0.641
09/19 16:27 INFO step: [1940/22390] | loss: 115.667 | epe: 0.640
09/19 16:27 INFO step: [1960/22390] | loss: 115.649 | epe: 0.639
09/19 16:27 INFO step: [1980/22390] | loss: 115.641 | epe: 0.642
09/19 16:27 INFO step: [2000/22390] | loss: 115.575 | epe: 0.642
09/19 16:27 INFO step: [2020/22390] | loss: 115.617 | epe: 0.640
09/19 16:28 INFO step: [2040/22390] | loss: 115.644 | epe: 0.640
09/19 16:28 INFO step: [2060/22390] | loss: 115.709 | epe: 0.661
09/19 16:28 INFO step: [2080/22390] | loss: 115.737 | epe: 0.659
09/19 16:28 INFO step: [2100/22390] | loss: 115.731 | epe: 0.659
09/19 16:28 INFO step: [2120/22390] | loss: 115.791 | epe: 0.662
09/19 16:28 INFO step: [2140/22390] | loss: 115.808 | epe: 0.663
09/19 16:29 INFO step: [2160/22390] | loss: 115.798 | epe: 0.663
09/19 16:29 INFO step: [2180/22390] | loss: 115.789 | epe: 0.662
09/19 16:29 INFO step: [2200/22390] | loss: 115.793 | epe: 0.661
09/19 16:29 INFO step: [2220/22390] | loss: 115.800 | epe: 0.660
09/19 16:29 INFO step: [2240/22390] | loss: 115.832 | epe: 0.661
09/19 16:29 INFO step: [2260/22390] | loss: 115.820 | epe: 0.663
09/19 16:30 INFO step: [2280/22390] | loss: 115.813 | epe: 0.662
09/19 16:30 INFO step: [2300/22390] | loss: 115.801 | epe: 0.662
09/19 16:30 INFO step: [2320/22390] | loss: 115.789 | epe: 0.662
09/19 16:30 INFO step: [2340/22390] | loss: 115.783 | epe: 0.661
09/19 16:30 INFO step: [2360/22390] | loss: 115.768 | epe: 0.660
09/19 16:31 INFO step: [2380/22390] | loss: 115.763 | epe: 0.659
09/19 16:31 INFO step: [2400/22390] | loss: 115.786 | epe: 0.658
09/19 16:31 INFO step: [2420/22390] | loss: 115.799 | epe: 0.658
09/19 16:31 INFO step: [2440/22390] | loss: 115.774 | epe: 0.656
09/19 16:31 INFO step: [2460/22390] | loss: 115.806 | epe: 0.657
