10/08 11:05 INFO gpu: 0
10/08 11:05 INFO save_path: ./pth
10/08 11:05 INFO save_epe: 8.0
10/08 11:05 INFO data_path: /home/liqi/Code/Scene_Flow_Datasets/
10/08 11:05 INFO pth_load: ./69_4.69.pth
10/08 11:05 INFO device: cuda:0
10/08 11:05 INFO seed: 7777
10/08 11:05 INFO train_EPOCHS: 100
10/08 11:05 INFO train_lr: 0.01
10/08 11:05 INFO start_disp: 0
10/08 11:05 INFO end_disp: 192
10/08 11:05 INFO focal_coefficient: 5.0
10/08 11:05 INFO sparse: False
10/08 11:05 INFO batch_size: 8
10/08 11:05 INFO mixup_alpha: 0.5
10/08 11:05 INFO grad_clip_value: 1.0
10/08 11:05 INFO Train start.
10/08 11:05 INFO Epoches: [1/100] ============================
10/08 11:05 INFO step: [1/375] | loss_1: 17.844 | loss_2: 17.858 | loss_3: 185.662 | epe: 186.162
10/08 11:06 INFO step: [201/375] | loss_1: 8.275 | loss_2: 7.675 | loss_3: 35.896 | epe: 35.849
10/08 11:08 INFO val_epe: 22.089
10/08 11:08 INFO Epoches: [2/100] ============================
10/08 11:08 INFO step: [1/375] | loss_1: 7.789 | loss_2: 7.227 | loss_3: 20.794 | epe: 21.287
10/08 11:08 INFO step: [201/375] | loss_1: 6.876 | loss_2: 6.470 | loss_3: 22.292 | epe: 22.191
10/08 11:10 INFO val_epe: 21.745
10/08 11:10 INFO Epoches: [3/100] ============================
10/08 11:10 INFO step: [1/375] | loss_1: 5.858 | loss_2: 5.721 | loss_3: 23.685 | epe: 24.180
10/08 11:11 INFO step: [201/375] | loss_1: 6.387 | loss_2: 6.282 | loss_3: 21.561 | epe: 21.420
10/08 11:12 INFO val_epe: 22.326
10/08 11:12 INFO Epoches: [4/100] ============================
10/08 11:12 INFO step: [1/375] | loss_1: 5.526 | loss_2: 5.968 | loss_3: 16.127 | epe: 16.620
10/08 11:13 INFO step: [201/375] | loss_1: 6.071 | loss_2: 6.352 | loss_3: 22.236 | epe: 22.054
10/08 11:14 INFO val_epe: 20.868
10/08 11:14 INFO Epoches: [5/100] ============================
10/08 11:14 INFO step: [1/375] | loss_1: 6.227 | loss_2: 6.682 | loss_3: 21.455 | epe: 21.950
10/08 11:15 INFO step: [201/375] | loss_1: 5.674 | loss_2: 6.103 | loss_3: 20.832 | epe: 20.719
10/08 11:16 INFO val_epe: 20.672
10/08 11:16 INFO Epoches: [6/100] ============================
10/08 11:16 INFO step: [1/375] | loss_1: 6.006 | loss_2: 6.552 | loss_3: 17.405 | epe: 17.900
10/08 11:17 INFO step: [201/375] | loss_1: 5.762 | loss_2: 6.225 | loss_3: 20.861 | epe: 20.625
10/08 11:18 INFO val_epe: 19.569
10/08 11:18 INFO Epoches: [7/100] ============================
10/08 11:18 INFO step: [1/375] | loss_1: 8.588 | loss_2: 9.307 | loss_3: 27.472 | epe: 27.967
10/08 11:19 INFO step: [201/375] | loss_1: 5.461 | loss_2: 6.084 | loss_3: 20.383 | epe: 20.290
10/08 11:20 INFO val_epe: 19.938
10/08 11:20 INFO Epoches: [8/100] ============================
10/08 11:20 INFO step: [1/375] | loss_1: 5.310 | loss_2: 6.223 | loss_3: 18.571 | epe: 19.065
10/08 11:21 INFO step: [201/375] | loss_1: 5.351 | loss_2: 6.178 | loss_3: 20.347 | epe: 20.099
10/08 11:22 INFO val_epe: 19.733
10/08 11:22 INFO Epoches: [9/100] ============================
10/08 11:22 INFO step: [1/375] | loss_1: 3.838 | loss_2: 4.206 | loss_3: 18.258 | epe: 15.131
10/08 11:23 INFO step: [201/375] | loss_1: 5.208 | loss_2: 6.062 | loss_3: 19.905 | epe: 19.715
10/08 11:25 INFO val_epe: 18.119
10/08 11:25 INFO Epoches: [10/100] ============================
10/08 11:25 INFO step: [1/375] | loss_1: 4.783 | loss_2: 5.563 | loss_3: 16.383 | epe: 16.875
10/08 11:26 INFO step: [201/375] | loss_1: 5.011 | loss_2: 5.899 | loss_3: 18.806 | epe: 18.537
10/08 11:27 INFO val_epe: 18.627
10/08 11:27 INFO Epoches: [11/100] ============================
10/08 11:27 INFO step: [1/375] | loss_1: 4.993 | loss_2: 6.089 | loss_3: 16.683 | epe: 16.043
10/08 11:28 INFO step: [201/375] | loss_1: 5.028 | loss_2: 5.970 | loss_3: 18.708 | epe: 18.579
10/08 11:29 INFO val_epe: 18.722
10/08 11:29 INFO Epoches: [12/100] ============================
10/08 11:29 INFO step: [1/375] | loss_1: 4.719 | loss_2: 5.790 | loss_3: 17.741 | epe: 18.035
10/08 11:30 INFO step: [201/375] | loss_1: 4.965 | loss_2: 5.919 | loss_3: 18.434 | epe: 18.113
10/08 11:31 INFO val_epe: 17.240
10/08 11:31 INFO Epoches: [13/100] ============================
10/08 11:31 INFO step: [1/375] | loss_1: 5.171 | loss_2: 6.641 | loss_3: 15.724 | epe: 16.214
10/08 11:32 INFO step: [201/375] | loss_1: 4.958 | loss_2: 5.941 | loss_3: 18.091 | epe: 17.743
10/08 11:33 INFO val_epe: 17.835
10/08 11:33 INFO Epoches: [14/100] ============================
10/08 11:33 INFO step: [1/375] | loss_1: 3.381 | loss_2: 4.023 | loss_3: 15.442 | epe: 15.932
10/08 11:34 INFO step: [201/375] | loss_1: 4.858 | loss_2: 5.825 | loss_3: 18.065 | epe: 17.742
10/08 11:35 INFO val_epe: 17.382
10/08 11:35 INFO Epoches: [15/100] ============================
10/08 11:35 INFO step: [1/375] | loss_1: 3.947 | loss_2: 5.121 | loss_3: 14.124 | epe: 14.615
10/08 11:36 INFO step: [201/375] | loss_1: 4.906 | loss_2: 5.910 | loss_3: 18.060 | epe: 17.721
10/08 11:37 INFO val_epe: 17.323
10/08 11:37 INFO Epoches: [16/100] ============================
10/08 11:37 INFO step: [1/375] | loss_1: 4.447 | loss_2: 5.150 | loss_3: 17.493 | epe: 16.364
10/08 11:38 INFO step: [201/375] | loss_1: 4.850 | loss_2: 5.863 | loss_3: 17.549 | epe: 17.243
10/08 11:40 INFO val_epe: 16.687
10/08 11:40 INFO Epoches: [17/100] ============================
10/08 11:40 INFO step: [1/375] | loss_1: 6.480 | loss_2: 7.321 | loss_3: 22.691 | epe: 17.197
10/08 11:41 INFO step: [201/375] | loss_1: 4.725 | loss_2: 5.754 | loss_3: 17.100 | epe: 16.835
10/08 11:42 INFO val_epe: 17.139
10/08 11:42 INFO Epoches: [18/100] ============================
10/08 11:42 INFO step: [1/375] | loss_1: 4.034 | loss_2: 5.032 | loss_3: 15.729 | epe: 16.222
10/08 11:43 INFO step: [201/375] | loss_1: 4.796 | loss_2: 5.870 | loss_3: 17.246 | epe: 16.823
10/08 11:44 INFO val_epe: 17.161
10/08 11:44 INFO Epoches: [19/100] ============================
10/08 11:44 INFO step: [1/375] | loss_1: 4.880 | loss_2: 6.154 | loss_3: 13.720 | epe: 14.200
10/08 11:45 INFO step: [201/375] | loss_1: 4.638 | loss_2: 5.708 | loss_3: 16.479 | epe: 16.361
10/08 11:46 INFO val_epe: 16.602
10/08 11:46 INFO Epoches: [20/100] ============================
10/08 11:46 INFO step: [1/375] | loss_1: 3.892 | loss_2: 5.046 | loss_3: 16.312 | epe: 15.881
10/08 11:47 INFO step: [201/375] | loss_1: 4.635 | loss_2: 5.693 | loss_3: 16.660 | epe: 16.530
10/08 11:48 INFO val_epe: 16.506
10/08 11:48 INFO Epoches: [21/100] ============================
10/08 11:48 INFO step: [1/375] | loss_1: 5.141 | loss_2: 6.489 | loss_3: 14.222 | epe: 14.712
10/08 11:49 INFO step: [201/375] | loss_1: 4.689 | loss_2: 5.744 | loss_3: 16.966 | epe: 16.590
10/08 11:50 INFO val_epe: 17.380
10/08 11:50 INFO Epoches: [22/100] ============================
10/08 11:50 INFO step: [1/375] | loss_1: 5.936 | loss_2: 7.077 | loss_3: 22.807 | epe: 23.300
10/08 11:51 INFO step: [201/375] | loss_1: 4.748 | loss_2: 5.802 | loss_3: 16.770 | epe: 16.392
10/08 11:52 INFO val_epe: 15.528
10/08 11:52 INFO Epoches: [23/100] ============================
10/08 11:52 INFO step: [1/375] | loss_1: 7.317 | loss_2: 8.512 | loss_3: 25.590 | epe: 24.538
10/08 11:53 INFO step: [201/375] | loss_1: 4.550 | loss_2: 5.647 | loss_3: 15.799 | epe: 15.478
10/08 11:55 INFO val_epe: 16.146
10/08 11:55 INFO Epoches: [24/100] ============================
10/08 11:55 INFO step: [1/375] | loss_1: 4.383 | loss_2: 5.524 | loss_3: 13.982 | epe: 14.468
10/08 11:55 INFO step: [201/375] | loss_1: 4.619 | loss_2: 5.723 | loss_3: 16.236 | epe: 15.972
10/08 11:57 INFO val_epe: 15.886
10/08 11:57 INFO Epoches: [25/100] ============================
10/08 11:57 INFO step: [1/375] | loss_1: 4.478 | loss_2: 5.957 | loss_3: 12.313 | epe: 12.806
10/08 11:58 INFO step: [201/375] | loss_1: 4.518 | loss_2: 5.622 | loss_3: 15.727 | epe: 15.490
10/08 11:59 INFO val_epe: 16.345
10/08 11:59 INFO Epoches: [26/100] ============================
10/08 11:59 INFO step: [1/375] | loss_1: 6.496 | loss_2: 7.986 | loss_3: 17.722 | epe: 18.213
10/08 12:00 INFO step: [201/375] | loss_1: 4.606 | loss_2: 5.735 | loss_3: 15.865 | epe: 15.565
10/08 12:01 INFO val_epe: 15.956
10/08 12:01 INFO Epoches: [27/100] ============================
10/08 12:01 INFO step: [1/375] | loss_1: 3.276 | loss_2: 4.067 | loss_3: 14.344 | epe: 14.830
10/08 12:02 INFO step: [201/375] | loss_1: 4.621 | loss_2: 5.757 | loss_3: 15.863 | epe: 15.672
10/08 12:03 INFO val_epe: 15.529
10/08 12:03 INFO Epoches: [28/100] ============================
10/08 12:03 INFO step: [1/375] | loss_1: 3.606 | loss_2: 4.580 | loss_3: 14.240 | epe: 8.470
10/08 12:04 INFO step: [201/375] | loss_1: 4.524 | loss_2: 5.631 | loss_3: 15.556 | epe: 15.117
10/08 12:05 INFO val_epe: 16.115
10/08 12:05 INFO Epoches: [29/100] ============================
10/08 12:05 INFO step: [1/375] | loss_1: 3.228 | loss_2: 3.943 | loss_3: 14.674 | epe: 14.322
10/08 12:06 INFO step: [201/375] | loss_1: 4.502 | loss_2: 5.643 | loss_3: 15.385 | epe: 15.150
10/08 12:07 INFO val_epe: 15.561
10/08 12:07 INFO Epoches: [30/100] ============================
10/08 12:07 INFO step: [1/375] | loss_1: 7.500 | loss_2: 8.793 | loss_3: 23.531 | epe: 20.878
10/08 12:08 INFO step: [201/375] | loss_1: 4.541 | loss_2: 5.657 | loss_3: 15.592 | epe: 15.255
10/08 12:09 INFO val_epe: 15.042
10/08 12:09 INFO Epoches: [31/100] ============================
10/08 12:09 INFO step: [1/375] | loss_1: 3.704 | loss_2: 4.788 | loss_3: 11.680 | epe: 10.977
10/08 12:10 INFO step: [201/375] | loss_1: 4.551 | loss_2: 5.669 | loss_3: 15.613 | epe: 15.142
10/08 12:11 INFO val_epe: 15.740
10/08 12:11 INFO Epoches: [32/100] ============================
10/08 12:12 INFO step: [1/375] | loss_1: 5.532 | loss_2: 7.050 | loss_3: 14.724 | epe: 15.214
10/08 12:12 INFO step: [201/375] | loss_1: 4.499 | loss_2: 5.641 | loss_3: 15.291 | epe: 14.909
10/08 12:14 INFO val_epe: 15.797
10/08 12:14 INFO Epoches: [33/100] ============================
10/08 12:14 INFO step: [1/375] | loss_1: 6.204 | loss_2: 7.701 | loss_3: 17.215 | epe: 17.704
10/08 12:15 INFO step: [201/375] | loss_1: 4.482 | loss_2: 5.625 | loss_3: 15.181 | epe: 14.956
10/08 12:16 INFO val_epe: 15.234
10/08 12:16 INFO Epoches: [34/100] ============================
10/08 12:16 INFO step: [1/375] | loss_1: 4.540 | loss_2: 5.569 | loss_3: 17.201 | epe: 14.276
10/08 12:17 INFO step: [201/375] | loss_1: 4.466 | loss_2: 5.621 | loss_3: 15.049 | epe: 14.653
10/08 12:18 INFO val_epe: 16.266
10/08 12:18 INFO Epoches: [35/100] ============================
10/08 12:18 INFO step: [1/375] | loss_1: 1.940 | loss_2: 2.863 | loss_3: 12.151 | epe: 12.639
10/08 12:19 INFO step: [201/375] | loss_1: 4.474 | loss_2: 5.643 | loss_3: 14.790 | epe: 14.357
10/08 12:20 INFO val_epe: 15.545
10/08 12:20 INFO Epoches: [36/100] ============================
10/08 12:20 INFO step: [1/375] | loss_1: 4.030 | loss_2: 4.870 | loss_3: 12.713 | epe: 11.816
10/08 12:21 INFO step: [201/375] | loss_1: 4.370 | loss_2: 5.532 | loss_3: 14.447 | epe: 14.060
10/08 12:23 INFO val_epe: 15.854
10/08 12:23 INFO Epoches: [37/100] ============================
10/08 12:23 INFO step: [1/375] | loss_1: 3.875 | loss_2: 4.966 | loss_3: 11.949 | epe: 12.433
10/08 12:24 INFO step: [201/375] | loss_1: 4.473 | loss_2: 5.627 | loss_3: 14.788 | epe: 14.426
10/08 12:25 INFO val_epe: 15.700
10/08 12:25 INFO Epoches: [38/100] ============================
10/08 12:25 INFO step: [1/375] | loss_1: 3.620 | loss_2: 5.118 | loss_3: 8.739 | epe: 9.204
10/08 12:26 INFO step: [201/375] | loss_1: 4.444 | loss_2: 5.624 | loss_3: 14.445 | epe: 14.143
10/08 12:28 INFO val_epe: 15.929
10/08 12:28 INFO Epoches: [39/100] ============================
10/08 12:28 INFO step: [1/375] | loss_1: 3.169 | loss_2: 4.218 | loss_3: 12.472 | epe: 12.899
10/08 12:29 INFO step: [201/375] | loss_1: 4.340 | loss_2: 5.528 | loss_3: 14.171 | epe: 13.908
10/08 12:30 INFO val_epe: 15.375
10/08 12:30 INFO Epoches: [40/100] ============================
10/08 12:30 INFO step: [1/375] | loss_1: 5.923 | loss_2: 6.858 | loss_3: 23.406 | epe: 19.523
10/08 12:31 INFO step: [201/375] | loss_1: 4.390 | loss_2: 5.570 | loss_3: 14.349 | epe: 14.115
10/08 12:32 INFO val_epe: 15.181
10/08 12:32 INFO Epoches: [41/100] ============================
10/08 12:32 INFO step: [1/375] | loss_1: 3.498 | loss_2: 4.585 | loss_3: 11.332 | epe: 11.814
10/08 12:33 INFO step: [201/375] | loss_1: 4.356 | loss_2: 5.577 | loss_3: 13.932 | epe: 13.800
10/08 12:34 INFO val_epe: 15.112
10/08 12:34 INFO Epoches: [42/100] ============================
10/08 12:34 INFO step: [1/375] | loss_1: 4.301 | loss_2: 5.758 | loss_3: 12.376 | epe: 12.809
10/08 12:35 INFO step: [201/375] | loss_1: 4.400 | loss_2: 5.611 | loss_3: 14.375 | epe: 14.051
10/08 12:36 INFO val_epe: 15.080
10/08 12:36 INFO Epoches: [43/100] ============================
10/08 12:36 INFO step: [1/375] | loss_1: 3.940 | loss_2: 5.105 | loss_3: 13.972 | epe: 13.490
10/08 12:37 INFO step: [201/375] | loss_1: 4.330 | loss_2: 5.492 | loss_3: 14.164 | epe: 13.695
10/08 12:38 INFO val_epe: 15.563
10/08 12:38 INFO Epoches: [44/100] ============================
10/08 12:38 INFO step: [1/375] | loss_1: 3.070 | loss_2: 3.645 | loss_3: 15.857 | epe: 13.748
10/08 12:39 INFO step: [201/375] | loss_1: 4.388 | loss_2: 5.590 | loss_3: 14.022 | epe: 13.790
10/08 12:41 INFO val_epe: 14.981
10/08 12:41 INFO Epoches: [45/100] ============================
10/08 12:41 INFO step: [1/375] | loss_1: 6.389 | loss_2: 7.836 | loss_3: 15.658 | epe: 15.970
10/08 12:41 INFO step: [201/375] | loss_1: 4.293 | loss_2: 5.501 | loss_3: 13.710 | epe: 13.527
10/08 12:43 INFO val_epe: 15.247
10/08 12:43 INFO Epoches: [46/100] ============================
10/08 12:43 INFO step: [1/375] | loss_1: 2.788 | loss_2: 3.101 | loss_3: 14.243 | epe: 14.723
10/08 12:44 INFO step: [201/375] | loss_1: 4.322 | loss_2: 5.522 | loss_3: 13.877 | epe: 13.400
10/08 12:45 INFO val_epe: 14.918
10/08 12:45 INFO Epoches: [47/100] ============================
10/08 12:45 INFO step: [1/375] | loss_1: 5.654 | loss_2: 7.169 | loss_3: 12.212 | epe: 12.692
10/08 12:46 INFO step: [201/375] | loss_1: 4.310 | loss_2: 5.511 | loss_3: 13.944 | epe: 13.536
10/08 12:47 INFO val_epe: 15.498
10/08 12:47 INFO Epoches: [48/100] ============================
10/08 12:47 INFO step: [1/375] | loss_1: 3.913 | loss_2: 5.193 | loss_3: 11.255 | epe: 11.742
10/08 12:48 INFO step: [201/375] | loss_1: 4.327 | loss_2: 5.550 | loss_3: 13.490 | epe: 13.371
10/08 12:49 INFO val_epe: 14.779
10/08 12:49 INFO Epoches: [49/100] ============================
10/08 12:49 INFO step: [1/375] | loss_1: 3.778 | loss_2: 5.185 | loss_3: 10.657 | epe: 11.138
10/08 12:50 INFO step: [201/375] | loss_1: 4.336 | loss_2: 5.551 | loss_3: 13.596 | epe: 13.463
10/08 12:51 INFO val_epe: 14.994
10/08 12:51 INFO Epoches: [50/100] ============================
10/08 12:51 INFO step: [1/375] | loss_1: 3.237 | loss_2: 3.656 | loss_3: 13.926 | epe: 14.401
10/08 12:52 INFO step: [201/375] | loss_1: 4.295 | loss_2: 5.516 | loss_3: 13.461 | epe: 13.274
10/08 12:53 INFO val_epe: 14.625
10/08 12:53 INFO Epoches: [51/100] ============================
10/08 12:53 INFO step: [1/375] | loss_1: 3.553 | loss_2: 4.985 | loss_3: 11.958 | epe: 12.442
10/08 12:54 INFO step: [201/375] | loss_1: 4.333 | loss_2: 5.544 | loss_3: 13.856 | epe: 13.530
10/08 12:55 INFO val_epe: 15.084
10/08 12:55 INFO Epoches: [52/100] ============================
10/08 12:55 INFO step: [1/375] | loss_1: 4.226 | loss_2: 5.382 | loss_3: 15.230 | epe: 15.713
10/08 12:56 INFO step: [201/375] | loss_1: 4.263 | loss_2: 5.485 | loss_3: 13.630 | epe: 13.271
10/08 12:57 INFO val_epe: 14.881
10/08 12:57 INFO Epoches: [53/100] ============================
10/08 12:57 INFO step: [1/375] | loss_1: 4.579 | loss_2: 6.255 | loss_3: 11.702 | epe: 12.191
10/08 12:58 INFO step: [201/375] | loss_1: 4.225 | loss_2: 5.473 | loss_3: 13.049 | epe: 12.910
10/08 13:00 INFO val_epe: 14.854
10/08 13:00 INFO Epoches: [54/100] ============================
10/08 13:00 INFO step: [1/375] | loss_1: 2.091 | loss_2: 2.977 | loss_3: 11.784 | epe: 12.256
10/08 13:00 INFO step: [201/375] | loss_1: 4.256 | loss_2: 5.488 | loss_3: 13.221 | epe: 13.011
10/08 13:02 INFO val_epe: 15.237
10/08 13:02 INFO Epoches: [55/100] ============================
10/08 13:02 INFO step: [1/375] | loss_1: 4.079 | loss_2: 5.159 | loss_3: 10.496 | epe: 10.961
10/08 13:03 INFO step: [201/375] | loss_1: 4.332 | loss_2: 5.567 | loss_3: 13.227 | epe: 12.878
10/08 13:04 INFO val_epe: 14.935
10/08 13:04 INFO Epoches: [56/100] ============================
10/08 13:04 INFO step: [1/375] | loss_1: 2.600 | loss_2: 3.586 | loss_3: 9.272 | epe: 9.742
10/08 13:05 INFO step: [201/375] | loss_1: 4.282 | loss_2: 5.515 | loss_3: 13.212 | epe: 12.797
10/08 13:06 INFO val_epe: 14.985
10/08 13:06 INFO Epoches: [57/100] ============================
10/08 13:06 INFO step: [1/375] | loss_1: 3.853 | loss_2: 4.781 | loss_3: 14.629 | epe: 13.091
10/08 13:07 INFO step: [201/375] | loss_1: 4.192 | loss_2: 5.406 | loss_3: 12.819 | epe: 12.665
10/08 13:08 INFO val_epe: 14.368
10/08 13:08 INFO Epoches: [58/100] ============================
10/08 13:08 INFO step: [1/375] | loss_1: 4.109 | loss_2: 4.883 | loss_3: 14.254 | epe: 14.625
10/08 13:09 INFO step: [201/375] | loss_1: 4.175 | loss_2: 5.395 | loss_3: 12.707 | epe: 12.507
10/08 13:10 INFO val_epe: 14.492
10/08 13:10 INFO Epoches: [59/100] ============================
10/08 13:10 INFO step: [1/375] | loss_1: 3.163 | loss_2: 4.092 | loss_3: 15.526 | epe: 8.762
10/08 13:11 INFO step: [201/375] | loss_1: 4.267 | loss_2: 5.530 | loss_3: 12.912 | epe: 12.678
10/08 13:12 INFO val_epe: 15.117
10/08 13:12 INFO Epoches: [60/100] ============================
10/08 13:12 INFO step: [1/375] | loss_1: 3.744 | loss_2: 4.859 | loss_3: 10.881 | epe: 11.355
10/08 13:13 INFO step: [201/375] | loss_1: 4.204 | loss_2: 5.445 | loss_3: 12.790 | epe: 12.593
10/08 13:15 INFO val_epe: 14.753
10/08 13:15 INFO Epoches: [61/100] ============================
10/08 13:15 INFO step: [1/375] | loss_1: 2.844 | loss_2: 3.766 | loss_3: 11.497 | epe: 11.849
10/08 13:15 INFO step: [201/375] | loss_1: 4.162 | loss_2: 5.403 | loss_3: 12.669 | epe: 12.429
10/08 13:17 INFO val_epe: 14.751
10/08 13:17 INFO Epoches: [62/100] ============================
10/08 13:17 INFO step: [1/375] | loss_1: 4.233 | loss_2: 5.636 | loss_3: 12.246 | epe: 12.725
10/08 13:18 INFO step: [201/375] | loss_1: 4.191 | loss_2: 5.446 | loss_3: 12.690 | epe: 12.451
10/08 13:19 INFO val_epe: 14.354
10/08 13:19 INFO Epoches: [63/100] ============================
10/08 13:19 INFO step: [1/375] | loss_1: 4.747 | loss_2: 6.332 | loss_3: 12.676 | epe: 13.161
10/08 13:20 INFO step: [201/375] | loss_1: 4.223 | loss_2: 5.503 | loss_3: 12.650 | epe: 12.488
10/08 13:21 INFO val_epe: 14.872
10/08 13:21 INFO Epoches: [64/100] ============================
10/08 13:21 INFO step: [1/375] | loss_1: 2.780 | loss_2: 3.996 | loss_3: 10.698 | epe: 10.574
10/08 13:22 INFO step: [201/375] | loss_1: 4.239 | loss_2: 5.492 | loss_3: 12.751 | epe: 12.364
10/08 13:23 INFO val_epe: 14.870
10/08 13:23 INFO Epoches: [65/100] ============================
10/08 13:23 INFO step: [1/375] | loss_1: 4.201 | loss_2: 5.371 | loss_3: 12.072 | epe: 12.147
10/08 13:24 INFO step: [201/375] | loss_1: 4.205 | loss_2: 5.478 | loss_3: 12.590 | epe: 12.365
10/08 13:25 INFO val_epe: 14.951
10/08 13:25 INFO Epoches: [66/100] ============================
10/08 13:25 INFO step: [1/375] | loss_1: 3.602 | loss_2: 5.111 | loss_3: 9.890 | epe: 10.372
10/08 13:26 INFO step: [201/375] | loss_1: 4.178 | loss_2: 5.455 | loss_3: 12.439 | epe: 12.337
10/08 13:27 INFO val_epe: 14.653
10/08 13:27 INFO Epoches: [67/100] ============================
10/08 13:27 INFO step: [1/375] | loss_1: 4.012 | loss_2: 5.057 | loss_3: 12.686 | epe: 10.550
10/08 13:28 INFO step: [201/375] | loss_1: 4.184 | loss_2: 5.454 | loss_3: 12.321 | epe: 12.189
10/08 13:29 INFO val_epe: 14.415
10/08 13:29 INFO Epoches: [68/100] ============================
10/08 13:29 INFO step: [1/375] | loss_1: 3.558 | loss_2: 5.013 | loss_3: 10.152 | epe: 10.622
10/08 13:30 INFO step: [201/375] | loss_1: 4.130 | loss_2: 5.405 | loss_3: 12.271 | epe: 12.040
10/08 13:32 INFO val_epe: 14.671
10/08 13:32 INFO Epoches: [69/100] ============================
10/08 13:32 INFO step: [1/375] | loss_1: 4.028 | loss_2: 5.387 | loss_3: 10.142 | epe: 10.014
10/08 13:32 INFO step: [201/375] | loss_1: 4.157 | loss_2: 5.434 | loss_3: 12.139 | epe: 12.013
10/08 13:34 INFO val_epe: 14.743
10/08 13:34 INFO Epoches: [70/100] ============================
10/08 13:34 INFO step: [1/375] | loss_1: 5.034 | loss_2: 6.395 | loss_3: 11.799 | epe: 12.283
10/08 13:35 INFO step: [201/375] | loss_1: 4.280 | loss_2: 5.566 | loss_3: 12.377 | epe: 12.244
10/08 13:36 INFO val_epe: 14.423
10/08 13:36 INFO Epoches: [71/100] ============================
10/08 13:36 INFO step: [1/375] | loss_1: 5.372 | loss_2: 6.875 | loss_3: 13.443 | epe: 13.921
10/08 13:37 INFO step: [201/375] | loss_1: 4.250 | loss_2: 5.517 | loss_3: 12.517 | epe: 12.233
10/08 13:38 INFO val_epe: 14.780
10/08 13:38 INFO Epoches: [72/100] ============================
10/08 13:38 INFO step: [1/375] | loss_1: 5.319 | loss_2: 6.703 | loss_3: 15.002 | epe: 15.486
10/08 13:39 INFO step: [201/375] | loss_1: 4.175 | loss_2: 5.439 | loss_3: 12.302 | epe: 11.989
10/08 13:40 INFO val_epe: 14.492
10/08 13:40 INFO Epoches: [73/100] ============================
10/08 13:40 INFO step: [1/375] | loss_1: 3.576 | loss_2: 5.002 | loss_3: 10.477 | epe: 10.960
10/08 13:41 INFO step: [201/375] | loss_1: 4.201 | loss_2: 5.498 | loss_3: 12.289 | epe: 12.108
10/08 13:42 INFO val_epe: 15.044
10/08 13:42 INFO Epoches: [74/100] ============================
10/08 13:42 INFO step: [1/375] | loss_1: 2.459 | loss_2: 3.233 | loss_3: 11.197 | epe: 11.663
10/08 13:43 INFO step: [201/375] | loss_1: 4.236 | loss_2: 5.526 | loss_3: 12.188 | epe: 12.075
10/08 13:44 INFO val_epe: 14.359
10/08 13:44 INFO Epoches: [75/100] ============================
10/08 13:44 INFO step: [1/375] | loss_1: 3.375 | loss_2: 4.833 | loss_3: 11.693 | epe: 11.126
10/08 13:45 INFO step: [201/375] | loss_1: 4.171 | loss_2: 5.445 | loss_3: 12.255 | epe: 12.025
10/08 13:46 INFO val_epe: 14.724
10/08 13:46 INFO Epoches: [76/100] ============================
10/08 13:46 INFO step: [1/375] | loss_1: 4.710 | loss_2: 6.016 | loss_3: 10.838 | epe: 11.306
10/08 13:47 INFO step: [201/375] | loss_1: 4.180 | loss_2: 5.465 | loss_3: 12.137 | epe: 12.084
10/08 13:48 INFO val_epe: 14.557
10/08 13:48 INFO Epoches: [77/100] ============================
10/08 13:48 INFO step: [1/375] | loss_1: 3.921 | loss_2: 5.565 | loss_3: 10.377 | epe: 10.852
10/08 13:49 INFO step: [201/375] | loss_1: 4.218 | loss_2: 5.504 | loss_3: 12.210 | epe: 11.927
10/08 13:51 INFO val_epe: 14.133
10/08 13:51 INFO Epoches: [78/100] ============================
10/08 13:51 INFO step: [1/375] | loss_1: 3.496 | loss_2: 4.775 | loss_3: 12.991 | epe: 13.304
10/08 13:52 INFO step: [201/375] | loss_1: 4.207 | loss_2: 5.487 | loss_3: 12.113 | epe: 12.083
10/08 13:53 INFO val_epe: 14.548
10/08 13:53 INFO Epoches: [79/100] ============================
10/08 13:53 INFO step: [1/375] | loss_1: 3.790 | loss_2: 5.047 | loss_3: 9.503 | epe: 9.967
10/08 13:54 INFO step: [201/375] | loss_1: 4.194 | loss_2: 5.474 | loss_3: 12.115 | epe: 12.016
10/08 13:55 INFO val_epe: 14.226
10/08 13:55 INFO Epoches: [80/100] ============================
10/08 13:55 INFO step: [1/375] | loss_1: 3.731 | loss_2: 5.124 | loss_3: 9.148 | epe: 9.624
10/08 13:56 INFO step: [201/375] | loss_1: 4.152 | loss_2: 5.459 | loss_3: 11.812 | epe: 11.627
10/08 13:57 INFO val_epe: 14.552
10/08 13:57 INFO Epoches: [81/100] ============================
10/08 13:57 INFO step: [1/375] | loss_1: 4.784 | loss_2: 6.041 | loss_3: 14.221 | epe: 14.467
10/08 13:58 INFO step: [201/375] | loss_1: 4.206 | loss_2: 5.483 | loss_3: 12.272 | epe: 12.000
10/08 13:59 INFO val_epe: 14.511
10/08 13:59 INFO Epoches: [82/100] ============================
10/08 13:59 INFO step: [1/375] | loss_1: 4.794 | loss_2: 6.337 | loss_3: 10.166 | epe: 10.641
10/08 14:00 INFO step: [201/375] | loss_1: 4.273 | loss_2: 5.544 | loss_3: 12.318 | epe: 11.969
10/08 14:01 INFO val_epe: 14.884
10/08 14:01 INFO Epoches: [83/100] ============================
10/08 14:01 INFO step: [1/375] | loss_1: 4.349 | loss_2: 6.059 | loss_3: 10.477 | epe: 10.959
10/08 14:02 INFO step: [201/375] | loss_1: 4.107 | loss_2: 5.394 | loss_3: 11.853 | epe: 11.689
10/08 14:03 INFO val_epe: 14.445
10/08 14:03 INFO Epoches: [84/100] ============================
10/08 14:03 INFO step: [1/375] | loss_1: 3.119 | loss_2: 3.102 | loss_3: 13.967 | epe: 8.488
10/08 14:04 INFO step: [201/375] | loss_1: 4.253 | loss_2: 5.536 | loss_3: 12.236 | epe: 11.984
10/08 14:05 INFO val_epe: 14.336
10/08 14:05 INFO Epoches: [85/100] ============================
10/08 14:05 INFO step: [1/375] | loss_1: 4.830 | loss_2: 6.540 | loss_3: 12.325 | epe: 12.813
10/08 14:06 INFO step: [201/375] | loss_1: 4.174 | loss_2: 5.464 | loss_3: 11.985 | epe: 11.686
10/08 14:08 INFO val_epe: 14.779
10/08 14:08 INFO Epoches: [86/100] ============================
10/08 14:08 INFO step: [1/375] | loss_1: 4.575 | loss_2: 5.675 | loss_3: 14.648 | epe: 13.388
10/08 14:08 INFO step: [201/375] | loss_1: 4.144 | loss_2: 5.419 | loss_3: 11.868 | epe: 11.640
10/08 14:10 INFO val_epe: 14.772
10/08 14:10 INFO Epoches: [87/100] ============================
10/08 14:10 INFO step: [1/375] | loss_1: 4.104 | loss_2: 5.558 | loss_3: 8.740 | epe: 9.162
10/08 14:11 INFO step: [201/375] | loss_1: 4.135 | loss_2: 5.432 | loss_3: 11.798 | epe: 11.559
10/08 14:12 INFO val_epe: 14.469
10/08 14:12 INFO Epoches: [88/100] ============================
10/08 14:12 INFO step: [1/375] | loss_1: 4.489 | loss_2: 5.782 | loss_3: 11.360 | epe: 11.832
10/08 14:13 INFO step: [201/375] | loss_1: 4.161 | loss_2: 5.444 | loss_3: 11.852 | epe: 11.647
10/08 14:14 INFO val_epe: 14.296
10/08 14:14 INFO Epoches: [89/100] ============================
10/08 14:14 INFO step: [1/375] | loss_1: 2.855 | loss_2: 3.844 | loss_3: 9.973 | epe: 10.401
10/08 14:15 INFO step: [201/375] | loss_1: 4.132 | loss_2: 5.415 | loss_3: 11.874 | epe: 11.686
10/08 14:16 INFO val_epe: 14.334
10/08 14:16 INFO Epoches: [90/100] ============================
10/08 14:16 INFO step: [1/375] | loss_1: 5.053 | loss_2: 6.369 | loss_3: 13.729 | epe: 12.343
10/08 14:17 INFO step: [201/375] | loss_1: 4.027 | loss_2: 5.324 | loss_3: 11.436 | epe: 11.407
10/08 14:18 INFO val_epe: 14.285
10/08 14:18 INFO Epoches: [91/100] ============================
10/08 14:18 INFO step: [1/375] | loss_1: 3.779 | loss_2: 4.975 | loss_3: 11.698 | epe: 12.174
10/08 14:19 INFO step: [201/375] | loss_1: 4.174 | loss_2: 5.479 | loss_3: 11.755 | epe: 11.575
10/08 14:20 INFO val_epe: 14.633
10/08 14:20 INFO Epoches: [92/100] ============================
10/08 14:20 INFO step: [1/375] | loss_1: 4.312 | loss_2: 5.768 | loss_3: 10.221 | epe: 10.691
10/08 14:21 INFO step: [201/375] | loss_1: 4.204 | loss_2: 5.528 | loss_3: 11.722 | epe: 11.643
10/08 14:22 INFO val_epe: 14.462
10/08 14:22 INFO Epoches: [93/100] ============================
10/08 14:22 INFO step: [1/375] | loss_1: 5.315 | loss_2: 6.893 | loss_3: 13.850 | epe: 13.638
10/08 14:23 INFO step: [201/375] | loss_1: 4.141 | loss_2: 5.438 | loss_3: 11.649 | epe: 11.501
10/08 14:24 INFO val_epe: 14.348
10/08 14:24 INFO Epoches: [94/100] ============================
10/08 14:24 INFO step: [1/375] | loss_1: 4.902 | loss_2: 6.191 | loss_3: 14.303 | epe: 14.788
10/08 14:25 INFO step: [201/375] | loss_1: 4.119 | loss_2: 5.418 | loss_3: 11.609 | epe: 11.521
10/08 14:27 INFO val_epe: 14.506
10/08 14:27 INFO Epoches: [95/100] ============================
10/08 14:27 INFO step: [1/375] | loss_1: 3.793 | loss_2: 5.186 | loss_3: 9.006 | epe: 9.478
10/08 14:28 INFO step: [201/375] | loss_1: 4.092 | loss_2: 5.378 | loss_3: 11.861 | epe: 11.651
10/08 14:29 INFO val_epe: 14.324
10/08 14:29 INFO Epoches: [96/100] ============================
10/08 14:29 INFO step: [1/375] | loss_1: 4.085 | loss_2: 5.437 | loss_3: 11.397 | epe: 11.881
10/08 14:30 INFO step: [201/375] | loss_1: 4.134 | loss_2: 5.427 | loss_3: 11.766 | epe: 11.591
10/08 14:31 INFO val_epe: 14.861
10/08 14:31 INFO Epoches: [97/100] ============================
10/08 14:31 INFO step: [1/375] | loss_1: 3.325 | loss_2: 4.766 | loss_3: 9.014 | epe: 9.496
10/08 14:32 INFO step: [201/375] | loss_1: 4.074 | loss_2: 5.375 | loss_3: 11.690 | epe: 11.498
10/08 14:33 INFO val_epe: 14.820
10/08 14:33 INFO Epoches: [98/100] ============================
10/08 14:33 INFO step: [1/375] | loss_1: 4.830 | loss_2: 6.303 | loss_3: 13.629 | epe: 14.111
10/08 14:34 INFO step: [201/375] | loss_1: 4.172 | loss_2: 5.462 | loss_3: 11.719 | epe: 11.659
10/08 14:35 INFO val_epe: 14.617
10/08 14:35 INFO Epoches: [99/100] ============================
10/08 14:35 INFO step: [1/375] | loss_1: 3.921 | loss_2: 5.493 | loss_3: 9.164 | epe: 9.637
10/08 14:36 INFO step: [201/375] | loss_1: 4.119 | loss_2: 5.442 | loss_3: 11.547 | epe: 11.452
10/08 14:37 INFO val_epe: 14.812
10/08 14:37 INFO Epoches: [100/100] ============================
10/08 14:37 INFO step: [1/375] | loss_1: 2.449 | loss_2: 3.819 | loss_3: 10.329 | epe: 10.808
10/08 14:38 INFO step: [201/375] | loss_1: 4.303 | loss_2: 5.539 | loss_3: 13.429 | epe: 13.180
10/08 14:39 INFO val_epe: 14.896
10/08 14:39 INFO Final epe is 8.000 
10/08 14:39 INFO Train end.
