10/08 14:43 INFO save_path: ./pth
10/08 14:43 INFO save_epe: 8.0
10/08 14:43 INFO data_path: /home/liqi/Code/Scene_Flow_Datasets/
10/08 14:43 INFO pth_load: ./69_4.69.pth
10/08 14:43 INFO device: cuda:0
10/08 14:43 INFO seed: 7777
10/08 14:43 INFO train_EPOCHS: 100
10/08 14:43 INFO train_lr: 0.01
10/08 14:43 INFO start_disp: 0
10/08 14:43 INFO end_disp: 192
10/08 14:43 INFO sparse: False
10/08 14:43 INFO batch_size: 8
10/08 14:43 INFO grad_clip_value: 1.0
10/08 14:43 INFO Train start.
10/08 14:43 INFO Epoches: [1/100] ============================
10/08 14:43 INFO step: [1/375] | loss_1: 16.097 | loss_2: 16.818 | loss_3: 193.076 | epe: 193.576
10/08 14:43 INFO step: [201/375] | loss_1: 8.118 | loss_2: 7.624 | loss_3: 37.758 | epe: 37.644
10/08 14:44 INFO val_epe: 23.552
10/08 14:44 INFO Epoches: [2/100] ============================
10/08 14:44 INFO step: [1/375] | loss_1: 10.841 | loss_2: 10.198 | loss_3: 33.158 | epe: 33.651
10/08 14:45 INFO step: [201/375] | loss_1: 7.383 | loss_2: 6.711 | loss_3: 22.320 | epe: 22.290
10/08 14:45 INFO val_epe: 21.444
10/08 14:45 INFO Epoches: [3/100] ============================
10/08 14:45 INFO step: [1/375] | loss_1: 5.558 | loss_2: 5.002 | loss_3: 18.591 | epe: 16.812
10/08 14:46 INFO step: [201/375] | loss_1: 6.717 | loss_2: 6.258 | loss_3: 21.483 | epe: 21.413
10/08 14:47 INFO val_epe: 21.778
10/08 14:47 INFO Epoches: [4/100] ============================
10/08 14:47 INFO step: [1/375] | loss_1: 8.796 | loss_2: 8.591 | loss_3: 25.910 | epe: 25.834
10/08 14:47 INFO step: [201/375] | loss_1: 6.285 | loss_2: 6.181 | loss_3: 20.893 | epe: 20.685
10/08 14:48 INFO val_epe: 19.701
10/08 14:48 INFO Epoches: [5/100] ============================
10/08 14:48 INFO step: [1/375] | loss_1: 4.799 | loss_2: 5.090 | loss_3: 14.135 | epe: 14.628
10/08 14:49 INFO step: [201/375] | loss_1: 5.784 | loss_2: 6.195 | loss_3: 20.198 | epe: 20.037
10/08 14:49 INFO val_epe: 18.382
10/08 14:49 INFO Epoches: [6/100] ============================
10/08 14:49 INFO step: [1/375] | loss_1: 4.727 | loss_2: 5.524 | loss_3: 15.141 | epe: 12.899
10/08 14:50 INFO step: [201/375] | loss_1: 5.284 | loss_2: 6.000 | loss_3: 18.869 | epe: 18.551
10/08 14:51 INFO val_epe: 18.214
10/08 14:51 INFO Epoches: [7/100] ============================
10/08 14:51 INFO step: [1/375] | loss_1: 4.896 | loss_2: 5.813 | loss_3: 17.041 | epe: 17.288
10/08 14:51 INFO step: [201/375] | loss_1: 4.932 | loss_2: 5.839 | loss_3: 17.188 | epe: 16.832
10/08 14:52 INFO val_epe: 15.370
10/08 14:52 INFO Epoches: [8/100] ============================
10/08 14:52 INFO step: [1/375] | loss_1: 4.775 | loss_2: 5.697 | loss_3: 15.735 | epe: 13.536
10/08 14:53 INFO step: [201/375] | loss_1: 4.687 | loss_2: 5.711 | loss_3: 15.701 | epe: 15.479
10/08 14:54 INFO val_epe: 14.390
10/08 14:54 INFO Epoches: [9/100] ============================
10/08 14:54 INFO step: [1/375] | loss_1: 2.827 | loss_2: 3.919 | loss_3: 10.239 | epe: 10.725
10/08 14:54 INFO step: [201/375] | loss_1: 4.516 | loss_2: 5.619 | loss_3: 14.437 | epe: 13.899
10/08 14:55 INFO val_epe: 12.871
10/08 14:55 INFO Epoches: [10/100] ============================
10/08 14:55 INFO step: [1/375] | loss_1: 4.546 | loss_2: 5.906 | loss_3: 12.118 | epe: 12.601
10/08 14:56 INFO step: [201/375] | loss_1: 4.495 | loss_2: 5.692 | loss_3: 13.697 | epe: 13.468
10/08 14:56 INFO val_epe: 12.410
10/08 14:56 INFO Epoches: [11/100] ============================
10/08 14:56 INFO step: [1/375] | loss_1: 3.723 | loss_2: 5.025 | loss_3: 11.960 | epe: 11.164
10/08 14:57 INFO step: [201/375] | loss_1: 4.474 | loss_2: 5.692 | loss_3: 13.239 | epe: 12.840
10/08 14:58 INFO val_epe: 12.282
10/08 14:58 INFO Epoches: [12/100] ============================
10/08 14:58 INFO step: [1/375] | loss_1: 5.036 | loss_2: 6.635 | loss_3: 11.897 | epe: 12.380
10/08 14:58 INFO step: [201/375] | loss_1: 4.391 | loss_2: 5.630 | loss_3: 12.772 | epe: 12.388
10/08 14:59 INFO val_epe: 11.877
10/08 14:59 INFO Epoches: [13/100] ============================
10/08 14:59 INFO step: [1/375] | loss_1: 4.495 | loss_2: 5.908 | loss_3: 12.092 | epe: 12.576
10/08 15:00 INFO step: [201/375] | loss_1: 4.294 | loss_2: 5.552 | loss_3: 12.308 | epe: 11.703
10/08 15:00 INFO val_epe: 11.330
10/08 15:00 INFO Epoches: [14/100] ============================
10/08 15:00 INFO step: [1/375] | loss_1: 4.974 | loss_2: 6.347 | loss_3: 11.562 | epe: 12.045
10/08 15:01 INFO step: [201/375] | loss_1: 4.258 | loss_2: 5.552 | loss_3: 11.857 | epe: 11.362
10/08 15:02 INFO val_epe: 11.100
10/08 15:02 INFO Epoches: [15/100] ============================
10/08 15:02 INFO step: [1/375] | loss_1: 3.198 | loss_2: 4.564 | loss_3: 8.398 | epe: 8.876
10/08 15:02 INFO step: [201/375] | loss_1: 4.302 | loss_2: 5.614 | loss_3: 11.909 | epe: 11.283
10/08 15:03 INFO val_epe: 10.613
10/08 15:03 INFO Epoches: [16/100] ============================
10/08 15:03 INFO step: [1/375] | loss_1: 4.131 | loss_2: 4.831 | loss_3: 17.753 | epe: 9.399
10/08 15:04 INFO step: [201/375] | loss_1: 4.015 | loss_2: 5.334 | loss_3: 10.749 | epe: 10.477
10/08 15:05 INFO val_epe: 11.242
10/08 15:05 INFO Epoches: [17/100] ============================
10/08 15:05 INFO step: [1/375] | loss_1: 4.222 | loss_2: 5.636 | loss_3: 11.474 | epe: 10.934
10/08 15:05 INFO step: [201/375] | loss_1: 4.245 | loss_2: 5.575 | loss_3: 11.376 | epe: 10.848
10/08 15:06 INFO val_epe: 10.111
10/08 15:06 INFO Epoches: [18/100] ============================
10/08 15:06 INFO step: [1/375] | loss_1: 4.693 | loss_2: 5.755 | loss_3: 10.569 | epe: 11.044
10/08 15:06 INFO step: [201/375] | loss_1: 4.045 | loss_2: 5.403 | loss_3: 10.381 | epe: 10.185
10/08 15:07 INFO val_epe: 10.063
10/08 15:07 INFO Epoches: [19/100] ============================
10/08 15:07 INFO step: [1/375] | loss_1: 2.305 | loss_2: 3.627 | loss_3: 6.192 | epe: 6.666
10/08 15:08 INFO step: [201/375] | loss_1: 4.187 | loss_2: 5.564 | loss_3: 10.666 | epe: 10.368
10/08 15:09 INFO val_epe: 9.890
10/08 15:09 INFO Epoches: [20/100] ============================
10/08 15:09 INFO step: [1/375] | loss_1: 5.647 | loss_2: 6.846 | loss_3: 13.500 | epe: 11.144
10/08 15:09 INFO step: [201/375] | loss_1: 4.096 | loss_2: 5.463 | loss_3: 10.363 | epe: 10.002
10/08 15:10 INFO val_epe: 9.890
10/08 15:10 INFO Epoches: [21/100] ============================
10/08 15:10 INFO step: [1/375] | loss_1: 4.004 | loss_2: 5.364 | loss_3: 9.025 | epe: 9.498
10/08 15:11 INFO step: [201/375] | loss_1: 4.033 | loss_2: 5.414 | loss_3: 9.897 | epe: 9.707
10/08 15:11 INFO val_epe: 9.691
10/08 15:11 INFO Epoches: [22/100] ============================
10/08 15:11 INFO step: [1/375] | loss_1: 3.909 | loss_2: 5.499 | loss_3: 7.703 | epe: 7.999
10/08 15:12 INFO step: [201/375] | loss_1: 4.207 | loss_2: 5.612 | loss_3: 10.281 | epe: 9.923
10/08 15:13 INFO val_epe: 9.275
10/08 15:13 INFO Epoches: [23/100] ============================
10/08 15:13 INFO step: [1/375] | loss_1: 4.399 | loss_2: 5.683 | loss_3: 11.853 | epe: 12.083
10/08 15:13 INFO step: [201/375] | loss_1: 4.087 | loss_2: 5.475 | loss_3: 9.880 | epe: 9.534
10/08 15:14 INFO val_epe: 9.433
10/08 15:14 INFO Epoches: [24/100] ============================
10/08 15:14 INFO step: [1/375] | loss_1: 3.469 | loss_2: 4.863 | loss_3: 9.255 | epe: 9.722
10/08 15:15 INFO step: [201/375] | loss_1: 4.051 | loss_2: 5.475 | loss_3: 9.485 | epe: 9.316
10/08 15:15 INFO val_epe: 9.351
10/08 15:15 INFO Epoches: [25/100] ============================
10/08 15:15 INFO step: [1/375] | loss_1: 3.176 | loss_2: 4.590 | loss_3: 7.765 | epe: 8.229
10/08 15:16 INFO step: [201/375] | loss_1: 4.067 | loss_2: 5.471 | loss_3: 9.669 | epe: 9.352
10/08 15:17 INFO val_epe: 9.353
10/08 15:17 INFO Epoches: [26/100] ============================
10/08 15:17 INFO step: [1/375] | loss_1: 4.193 | loss_2: 5.554 | loss_3: 10.174 | epe: 7.768
10/08 15:17 INFO step: [201/375] | loss_1: 4.002 | loss_2: 5.421 | loss_3: 9.378 | epe: 9.113
10/08 15:18 INFO val_epe: 9.145
10/08 15:18 INFO Epoches: [27/100] ============================
10/08 15:18 INFO step: [1/375] | loss_1: 3.133 | loss_2: 4.598 | loss_3: 6.984 | epe: 7.453
10/08 15:19 INFO step: [201/375] | loss_1: 3.942 | loss_2: 5.384 | loss_3: 8.920 | epe: 8.783
10/08 15:19 INFO val_epe: 8.726
10/08 15:19 INFO Epoches: [28/100] ============================
10/08 15:19 INFO step: [1/375] | loss_1: 2.894 | loss_2: 4.434 | loss_3: 6.380 | epe: 6.847
10/08 15:20 INFO step: [201/375] | loss_1: 4.019 | loss_2: 5.442 | loss_3: 9.117 | epe: 8.858
10/08 15:21 INFO val_epe: 8.958
10/08 15:21 INFO Epoches: [29/100] ============================
10/08 15:21 INFO step: [1/375] | loss_1: 3.237 | loss_2: 4.794 | loss_3: 6.662 | epe: 7.122
10/08 15:21 INFO step: [201/375] | loss_1: 3.992 | loss_2: 5.419 | loss_3: 9.091 | epe: 8.793
10/08 15:22 INFO val_epe: 8.848
10/08 15:22 INFO Epoches: [30/100] ============================
10/08 15:22 INFO step: [1/375] | loss_1: 5.147 | loss_2: 6.466 | loss_3: 11.606 | epe: 9.319
10/08 15:23 INFO step: [201/375] | loss_1: 3.920 | loss_2: 5.364 | loss_3: 8.720 | epe: 8.510
10/08 15:24 INFO val_epe: 8.694
10/08 15:24 INFO Epoches: [31/100] ============================
10/08 15:24 INFO step: [1/375] | loss_1: 2.593 | loss_2: 4.031 | loss_3: 6.463 | epe: 6.932
10/08 15:24 INFO step: [201/375] | loss_1: 3.962 | loss_2: 5.409 | loss_3: 8.770 | epe: 8.480
10/08 15:25 INFO val_epe: 8.212
10/08 15:25 INFO Epoches: [32/100] ============================
10/08 15:25 INFO step: [1/375] | loss_1: 3.485 | loss_2: 4.919 | loss_3: 7.386 | epe: 7.848
10/08 15:25 INFO step: [201/375] | loss_1: 4.036 | loss_2: 5.477 | loss_3: 8.930 | epe: 8.529
10/08 15:26 INFO val_epe: 8.316
10/08 15:26 INFO Epoches: [33/100] ============================
10/08 15:26 INFO step: [1/375] | loss_1: 4.586 | loss_2: 6.221 | loss_3: 8.872 | epe: 9.341
10/08 15:27 INFO step: [201/375] | loss_1: 3.973 | loss_2: 5.434 | loss_3: 8.675 | epe: 8.379
10/08 15:28 INFO val_epe: 7.971
10/08 15:28 INFO Epoches: [34/100] ============================
10/08 15:28 INFO step: [1/375] | loss_1: 3.962 | loss_2: 5.610 | loss_3: 7.319 | epe: 7.790
10/08 15:28 INFO step: [201/375] | loss_1: 3.916 | loss_2: 5.358 | loss_3: 8.510 | epe: 8.261
10/08 15:29 INFO val_epe: 7.959
10/08 15:29 INFO Epoches: [35/100] ============================
10/08 15:29 INFO step: [1/375] | loss_1: 3.231 | loss_2: 4.760 | loss_3: 6.080 | epe: 6.544
10/08 15:30 INFO step: [201/375] | loss_1: 3.951 | loss_2: 5.410 | loss_3: 8.457 | epe: 8.215
10/08 15:30 INFO val_epe: 8.008
10/08 15:30 INFO Epoches: [36/100] ============================
10/08 15:30 INFO step: [1/375] | loss_1: 3.721 | loss_2: 5.280 | loss_3: 7.580 | epe: 8.048
10/08 15:31 INFO step: [201/375] | loss_1: 3.945 | loss_2: 5.413 | loss_3: 8.344 | epe: 8.166
10/08 15:32 INFO val_epe: 8.165
10/08 15:32 INFO Epoches: [37/100] ============================
10/08 15:32 INFO step: [1/375] | loss_1: 4.017 | loss_2: 5.636 | loss_3: 6.572 | epe: 7.030
10/08 15:32 INFO step: [201/375] | loss_1: 3.892 | loss_2: 5.369 | loss_3: 8.103 | epe: 7.912
10/08 15:33 INFO val_epe: 8.092
10/08 15:33 INFO Epoches: [38/100] ============================
10/08 15:33 INFO step: [1/375] | loss_1: 3.735 | loss_2: 5.299 | loss_3: 7.705 | epe: 8.165
10/08 15:34 INFO step: [201/375] | loss_1: 3.803 | loss_2: 5.271 | loss_3: 7.960 | epe: 7.842
10/08 15:34 INFO val_epe: 7.833
10/08 15:34 INFO Epoches: [39/100] ============================
10/08 15:34 INFO step: [1/375] | loss_1: 2.448 | loss_2: 4.103 | loss_3: 5.761 | epe: 6.225
10/08 15:35 INFO step: [201/375] | loss_1: 3.885 | loss_2: 5.352 | loss_3: 7.924 | epe: 7.723
10/08 15:36 INFO val_epe: 7.995
10/08 15:36 INFO Epoches: [40/100] ============================
10/08 15:36 INFO step: [1/375] | loss_1: 6.683 | loss_2: 7.851 | loss_3: 16.725 | epe: 15.031
10/08 15:36 INFO step: [201/375] | loss_1: 3.953 | loss_2: 5.433 | loss_3: 8.083 | epe: 8.005
10/08 15:37 INFO val_epe: 8.814
10/08 15:37 INFO Epoches: [41/100] ============================
10/08 15:37 INFO step: [1/375] | loss_1: 3.007 | loss_2: 4.690 | loss_3: 5.575 | epe: 5.841
10/08 15:38 INFO step: [201/375] | loss_1: 3.888 | loss_2: 5.368 | loss_3: 8.021 | epe: 7.758
10/08 15:38 INFO val_epe: 7.662
10/08 15:38 INFO Epoches: [42/100] ============================
10/08 15:38 INFO step: [1/375] | loss_1: 6.291 | loss_2: 7.967 | loss_3: 10.217 | epe: 9.277
10/08 15:39 INFO step: [201/375] | loss_1: 3.832 | loss_2: 5.293 | loss_3: 7.863 | epe: 7.614
10/08 15:40 INFO val_epe: 7.856
10/08 15:40 INFO Epoches: [43/100] ============================
10/08 15:40 INFO step: [1/375] | loss_1: 4.356 | loss_2: 5.995 | loss_3: 7.343 | epe: 7.808
10/08 15:40 INFO step: [201/375] | loss_1: 3.835 | loss_2: 5.315 | loss_3: 7.815 | epe: 7.674
10/08 15:41 INFO val_epe: 7.904
10/08 15:41 INFO Epoches: [44/100] ============================
10/08 15:41 INFO step: [1/375] | loss_1: 3.581 | loss_2: 4.538 | loss_3: 9.546 | epe: 7.178
10/08 15:42 INFO step: [201/375] | loss_1: 3.921 | loss_2: 5.397 | loss_3: 8.092 | epe: 7.901
10/08 15:42 INFO val_epe: 7.678
10/08 15:42 INFO Epoches: [45/100] ============================
10/08 15:42 INFO step: [1/375] | loss_1: 5.586 | loss_2: 7.305 | loss_3: 8.693 | epe: 8.410
10/08 15:43 INFO step: [201/375] | loss_1: 3.828 | loss_2: 5.308 | loss_3: 7.723 | epe: 7.619
10/08 15:44 INFO val_epe: 7.733
10/08 15:44 INFO Epoches: [46/100] ============================
10/08 15:44 INFO step: [1/375] | loss_1: 4.379 | loss_2: 5.920 | loss_3: 8.321 | epe: 8.777
10/08 15:44 INFO step: [201/375] | loss_1: 3.833 | loss_2: 5.322 | loss_3: 7.645 | epe: 7.470
10/08 15:45 INFO val_epe: 7.830
10/08 15:45 INFO Epoches: [47/100] ============================
10/08 15:45 INFO step: [1/375] | loss_1: 4.148 | loss_2: 5.765 | loss_3: 6.964 | epe: 7.421
10/08 15:46 INFO step: [201/375] | loss_1: 3.805 | loss_2: 5.287 | loss_3: 7.416 | epe: 7.328
10/08 15:46 INFO val_epe: 7.618
10/08 15:46 INFO Epoches: [48/100] ============================
10/08 15:47 INFO step: [1/375] | loss_1: 4.521 | loss_2: 6.067 | loss_3: 9.391 | epe: 9.640
10/08 15:47 INFO step: [201/375] | loss_1: 3.864 | loss_2: 5.358 | loss_3: 7.478 | epe: 7.383
10/08 15:48 INFO val_epe: 7.866
10/08 15:48 INFO Epoches: [49/100] ============================
10/08 15:48 INFO step: [1/375] | loss_1: 4.182 | loss_2: 5.316 | loss_3: 9.980 | epe: 8.078
10/08 15:49 INFO step: [201/375] | loss_1: 3.901 | loss_2: 5.389 | loss_3: 7.670 | epe: 7.477
10/08 15:49 INFO val_epe: 7.361
10/08 15:49 INFO Epoches: [50/100] ============================
10/08 15:49 INFO step: [1/375] | loss_1: 3.301 | loss_2: 4.931 | loss_3: 5.128 | epe: 5.584
10/08 15:50 INFO step: [201/375] | loss_1: 3.941 | loss_2: 5.436 | loss_3: 7.700 | epe: 7.509
10/08 15:51 INFO val_epe: 7.717
10/08 15:51 INFO Epoches: [51/100] ============================
10/08 15:51 INFO step: [1/375] | loss_1: 4.605 | loss_2: 6.240 | loss_3: 8.692 | epe: 9.155
10/08 15:51 INFO step: [201/375] | loss_1: 3.869 | loss_2: 5.366 | loss_3: 7.554 | epe: 7.389
10/08 15:52 INFO val_epe: 7.464
10/08 15:52 INFO Epoches: [52/100] ============================
10/08 15:52 INFO step: [1/375] | loss_1: 3.047 | loss_2: 4.633 | loss_3: 4.645 | epe: 5.089
10/08 15:53 INFO step: [201/375] | loss_1: 3.743 | loss_2: 5.214 | loss_3: 7.441 | epe: 7.238
10/08 15:53 INFO val_epe: 7.454
10/08 15:53 INFO Epoches: [53/100] ============================
10/08 15:53 INFO step: [1/375] | loss_1: 3.046 | loss_2: 4.285 | loss_3: 7.748 | epe: 8.199
10/08 15:54 INFO step: [201/375] | loss_1: 3.717 | loss_2: 5.217 | loss_3: 7.117 | epe: 7.019
10/08 15:55 INFO val_epe: 7.438
10/08 15:55 INFO Epoches: [54/100] ============================
10/08 15:55 INFO step: [1/375] | loss_1: 4.321 | loss_2: 5.650 | loss_3: 6.772 | epe: 7.234
10/08 15:55 INFO step: [201/375] | loss_1: 3.815 | loss_2: 5.279 | loss_3: 7.529 | epe: 7.341
10/08 15:56 INFO val_epe: 7.250
10/08 15:56 INFO Epoches: [55/100] ============================
10/08 15:56 INFO step: [1/375] | loss_1: 5.328 | loss_2: 6.803 | loss_3: 7.957 | epe: 8.174
10/08 15:57 INFO step: [201/375] | loss_1: 3.870 | loss_2: 5.372 | loss_3: 7.428 | epe: 7.273
10/08 15:58 INFO val_epe: 7.448
10/08 15:58 INFO Epoches: [56/100] ============================
10/08 15:58 INFO step: [1/375] | loss_1: 3.868 | loss_2: 5.390 | loss_3: 7.228 | epe: 7.683
10/08 15:58 INFO step: [201/375] | loss_1: 3.835 | loss_2: 5.337 | loss_3: 7.263 | epe: 7.161
10/08 15:59 INFO val_epe: 7.518
10/08 15:59 INFO Epoches: [57/100] ============================
10/08 15:59 INFO step: [1/375] | loss_1: 3.676 | loss_2: 5.108 | loss_3: 8.527 | epe: 7.233
10/08 16:00 INFO step: [201/375] | loss_1: 3.848 | loss_2: 5.346 | loss_3: 7.269 | epe: 7.138
10/08 16:00 INFO val_epe: 7.412
10/08 16:00 INFO Epoches: [58/100] ============================
10/08 16:00 INFO step: [1/375] | loss_1: 4.126 | loss_2: 5.876 | loss_3: 5.827 | epe: 6.282
10/08 16:01 INFO step: [201/375] | loss_1: 3.833 | loss_2: 5.330 | loss_3: 7.357 | epe: 7.148
10/08 16:02 INFO val_epe: 7.399
10/08 16:02 INFO Epoches: [59/100] ============================
10/08 16:02 INFO step: [1/375] | loss_1: 2.983 | loss_2: 4.105 | loss_3: 10.775 | epe: 4.930
10/08 16:02 INFO step: [201/375] | loss_1: 3.824 | loss_2: 5.324 | loss_3: 7.314 | epe: 7.185
10/08 16:03 INFO val_epe: 7.378
10/08 16:03 INFO Epoches: [60/100] ============================
10/08 16:03 INFO step: [1/375] | loss_1: 3.639 | loss_2: 5.345 | loss_3: 5.780 | epe: 6.232
10/08 16:04 INFO step: [201/375] | loss_1: 3.898 | loss_2: 5.401 | loss_3: 7.404 | epe: 7.239
10/08 16:04 INFO val_epe: 7.257
10/08 16:04 INFO Epoches: [61/100] ============================
10/08 16:04 INFO step: [1/375] | loss_1: 3.057 | loss_2: 4.664 | loss_3: 4.556 | epe: 4.999
10/08 16:05 INFO step: [201/375] | loss_1: 3.799 | loss_2: 5.313 | loss_3: 7.078 | epe: 7.005
10/08 16:06 INFO val_epe: 7.984
10/08 16:06 INFO Epoches: [62/100] ============================
10/08 16:06 INFO step: [1/375] | loss_1: 3.589 | loss_2: 5.262 | loss_3: 5.375 | epe: 5.831
10/08 16:06 INFO step: [201/375] | loss_1: 3.822 | loss_2: 5.341 | loss_3: 7.077 | epe: 6.952
10/08 16:07 INFO val_epe: 7.260
10/08 16:07 INFO Epoches: [63/100] ============================
10/08 16:07 INFO step: [1/375] | loss_1: 3.505 | loss_2: 5.162 | loss_3: 6.153 | epe: 6.310
10/08 16:08 INFO step: [201/375] | loss_1: 3.787 | loss_2: 5.300 | loss_3: 7.198 | epe: 7.064
10/08 16:08 INFO val_epe: 7.355
10/08 16:08 INFO Epoches: [64/100] ============================
10/08 16:08 INFO step: [1/375] | loss_1: 4.798 | loss_2: 6.250 | loss_3: 9.220 | epe: 7.732
10/08 16:09 INFO step: [201/375] | loss_1: 3.815 | loss_2: 5.309 | loss_3: 7.144 | epe: 7.009
10/08 16:10 INFO val_epe: 7.137
10/08 16:10 INFO Epoches: [65/100] ============================
10/08 16:10 INFO step: [1/375] | loss_1: 4.349 | loss_2: 5.714 | loss_3: 10.721 | epe: 8.533
10/08 16:10 INFO step: [201/375] | loss_1: 3.855 | loss_2: 5.383 | loss_3: 7.012 | epe: 6.915
10/08 16:11 INFO val_epe: 7.175
10/08 16:11 INFO Epoches: [66/100] ============================
10/08 16:11 INFO step: [1/375] | loss_1: 3.232 | loss_2: 4.742 | loss_3: 4.701 | epe: 5.134
10/08 16:12 INFO step: [201/375] | loss_1: 3.765 | loss_2: 5.277 | loss_3: 6.847 | epe: 6.794
10/08 16:13 INFO val_epe: 7.286
10/08 16:13 INFO Epoches: [67/100] ============================
10/08 16:13 INFO step: [1/375] | loss_1: 4.279 | loss_2: 5.808 | loss_3: 5.684 | epe: 5.824
10/08 16:13 INFO step: [201/375] | loss_1: 3.740 | loss_2: 5.236 | loss_3: 7.060 | epe: 6.854
10/08 16:14 INFO val_epe: 7.341
10/08 16:14 INFO Epoches: [68/100] ============================
10/08 16:14 INFO step: [1/375] | loss_1: 2.721 | loss_2: 4.203 | loss_3: 4.508 | epe: 4.954
10/08 16:15 INFO step: [201/375] | loss_1: 3.826 | loss_2: 5.356 | loss_3: 6.962 | epe: 6.930
10/08 16:15 INFO val_epe: 7.688
10/08 16:15 INFO Epoches: [69/100] ============================
10/08 16:15 INFO step: [1/375] | loss_1: 1.858 | loss_2: 3.032 | loss_3: 4.262 | epe: 4.697
10/08 16:16 INFO step: [201/375] | loss_1: 3.814 | loss_2: 5.334 | loss_3: 6.912 | epe: 6.886
10/08 16:17 INFO val_epe: 7.214
10/08 16:17 INFO Epoches: [70/100] ============================
10/08 16:17 INFO step: [1/375] | loss_1: 3.329 | loss_2: 4.982 | loss_3: 5.557 | epe: 6.010
10/08 16:17 INFO step: [201/375] | loss_1: 3.837 | loss_2: 5.348 | loss_3: 7.060 | epe: 6.934
10/08 16:18 INFO val_epe: 7.633
10/08 16:18 INFO Epoches: [71/100] ============================
10/08 16:18 INFO step: [1/375] | loss_1: 4.348 | loss_2: 6.075 | loss_3: 6.756 | epe: 7.223
10/08 16:19 INFO step: [201/375] | loss_1: 3.797 | loss_2: 5.317 | loss_3: 6.779 | epe: 6.829
10/08 16:19 INFO val_epe: 6.970
10/08 16:19 INFO Epoches: [72/100] ============================
10/08 16:19 INFO step: [1/375] | loss_1: 3.424 | loss_2: 5.159 | loss_3: 5.859 | epe: 6.316
10/08 16:20 INFO step: [201/375] | loss_1: 3.824 | loss_2: 5.358 | loss_3: 6.864 | epe: 6.868
10/08 16:21 INFO val_epe: 7.280
10/08 16:21 INFO Epoches: [73/100] ============================
10/08 16:21 INFO step: [1/375] | loss_1: 3.713 | loss_2: 5.172 | loss_3: 6.647 | epe: 6.536
10/08 16:21 INFO step: [201/375] | loss_1: 3.813 | loss_2: 5.325 | loss_3: 6.993 | epe: 6.925
10/08 16:22 INFO val_epe: 7.054
10/08 16:22 INFO Epoches: [74/100] ============================
10/08 16:22 INFO step: [1/375] | loss_1: 5.030 | loss_2: 6.630 | loss_3: 9.523 | epe: 9.685
10/08 16:23 INFO step: [201/375] | loss_1: 3.814 | loss_2: 5.347 | loss_3: 6.844 | epe: 6.785
10/08 16:23 INFO val_epe: 6.917
10/08 16:23 INFO Epoches: [75/100] ============================
10/08 16:23 INFO step: [1/375] | loss_1: 3.395 | loss_2: 5.122 | loss_3: 5.334 | epe: 5.786
10/08 16:24 INFO step: [201/375] | loss_1: 3.746 | loss_2: 5.269 | loss_3: 6.756 | epe: 6.744
10/08 16:25 INFO val_epe: 6.970
10/08 16:25 INFO Epoches: [76/100] ============================
10/08 16:25 INFO step: [1/375] | loss_1: 3.988 | loss_2: 5.718 | loss_3: 5.372 | epe: 5.829
10/08 16:25 INFO step: [201/375] | loss_1: 3.727 | loss_2: 5.226 | loss_3: 6.773 | epe: 6.706
10/08 16:26 INFO val_epe: 6.952
10/08 16:26 INFO Epoches: [77/100] ============================
10/08 16:26 INFO step: [1/375] | loss_1: 3.528 | loss_2: 4.596 | loss_3: 8.960 | epe: 6.023
10/08 16:27 INFO step: [201/375] | loss_1: 3.740 | loss_2: 5.264 | loss_3: 6.756 | epe: 6.694
10/08 16:28 INFO val_epe: 7.091
10/08 16:28 INFO Epoches: [78/100] ============================
10/08 16:28 INFO step: [1/375] | loss_1: 4.210 | loss_2: 5.671 | loss_3: 8.157 | epe: 6.888
10/08 16:28 INFO step: [201/375] | loss_1: 3.713 | loss_2: 5.223 | loss_3: 6.588 | epe: 6.601
10/08 16:29 INFO val_epe: 7.037
10/08 16:29 INFO Epoches: [79/100] ============================
10/08 16:29 INFO step: [1/375] | loss_1: 2.970 | loss_2: 4.335 | loss_3: 5.308 | epe: 5.753
10/08 16:30 INFO step: [201/375] | loss_1: 3.799 | loss_2: 5.327 | loss_3: 6.785 | epe: 6.784
10/08 16:30 INFO val_epe: 7.067
10/08 16:30 INFO Epoches: [80/100] ============================
10/08 16:30 INFO step: [1/375] | loss_1: 2.014 | loss_2: 3.274 | loss_3: 4.722 | epe: 5.117
10/08 16:31 INFO step: [201/375] | loss_1: 3.724 | loss_2: 5.240 | loss_3: 6.613 | epe: 6.598
10/08 16:32 INFO val_epe: 6.834
10/08 16:32 INFO Epoches: [81/100] ============================
10/08 16:32 INFO step: [1/375] | loss_1: 2.989 | loss_2: 4.479 | loss_3: 4.948 | epe: 5.393
10/08 16:32 INFO step: [201/375] | loss_1: 3.769 | loss_2: 5.293 | loss_3: 6.695 | epe: 6.651
10/08 16:33 INFO val_epe: 6.943
10/08 16:33 INFO Epoches: [82/100] ============================
10/08 16:33 INFO step: [1/375] | loss_1: 3.509 | loss_2: 4.922 | loss_3: 5.535 | epe: 5.974
10/08 16:34 INFO step: [201/375] | loss_1: 3.852 | loss_2: 5.378 | loss_3: 6.865 | epe: 6.794
10/08 16:34 INFO val_epe: 7.267
10/08 16:34 INFO Epoches: [83/100] ============================
10/08 16:34 INFO step: [1/375] | loss_1: 3.330 | loss_2: 4.802 | loss_3: 6.129 | epe: 5.682
10/08 16:35 INFO step: [201/375] | loss_1: 3.817 | loss_2: 5.344 | loss_3: 6.700 | epe: 6.764
10/08 16:36 INFO val_epe: 7.046
10/08 16:36 INFO Epoches: [84/100] ============================
10/08 16:36 INFO step: [1/375] | loss_1: 4.792 | loss_2: 6.057 | loss_3: 13.475 | epe: 8.750
10/08 16:36 INFO step: [201/375] | loss_1: 3.812 | loss_2: 5.318 | loss_3: 6.802 | epe: 6.648
10/08 16:37 INFO val_epe: 7.104
10/08 16:37 INFO Epoches: [85/100] ============================
10/08 16:37 INFO step: [1/375] | loss_1: 2.243 | loss_2: 3.471 | loss_3: 5.408 | epe: 5.844
10/08 16:38 INFO step: [201/375] | loss_1: 3.687 | loss_2: 5.196 | loss_3: 6.541 | epe: 6.486
10/08 16:39 INFO val_epe: 6.817
10/08 16:39 INFO Epoches: [86/100] ============================
10/08 16:39 INFO step: [1/375] | loss_1: 3.164 | loss_2: 4.717 | loss_3: 6.492 | epe: 6.936
10/08 16:39 INFO step: [201/375] | loss_1: 3.787 | loss_2: 5.304 | loss_3: 6.722 | epe: 6.653
10/08 16:40 INFO val_epe: 7.077
10/08 16:40 INFO Epoches: [87/100] ============================
10/08 16:40 INFO step: [1/375] | loss_1: 4.078 | loss_2: 5.444 | loss_3: 6.251 | epe: 6.700
10/08 16:41 INFO step: [201/375] | loss_1: 3.792 | loss_2: 5.314 | loss_3: 6.665 | epe: 6.643
10/08 16:41 INFO val_epe: 7.200
10/08 16:41 INFO Epoches: [88/100] ============================
10/08 16:41 INFO step: [1/375] | loss_1: 3.442 | loss_2: 5.055 | loss_3: 6.397 | epe: 6.856
10/08 16:42 INFO step: [201/375] | loss_1: 3.805 | loss_2: 5.333 | loss_3: 6.765 | epe: 6.768
10/08 16:43 INFO val_epe: 6.906
10/08 16:43 INFO Epoches: [89/100] ============================
10/08 16:43 INFO step: [1/375] | loss_1: 2.550 | loss_2: 3.832 | loss_3: 6.539 | epe: 6.987
10/08 16:43 INFO step: [201/375] | loss_1: 3.748 | loss_2: 5.278 | loss_3: 6.634 | epe: 6.620
10/08 16:44 INFO val_epe: 6.981
10/08 16:44 INFO Epoches: [90/100] ============================
10/08 16:44 INFO step: [1/375] | loss_1: 5.529 | loss_2: 7.243 | loss_3: 9.387 | epe: 9.027
10/08 16:45 INFO step: [201/375] | loss_1: 3.816 | loss_2: 5.348 | loss_3: 6.775 | epe: 6.727
10/08 16:45 INFO val_epe: 6.979
10/08 16:45 INFO Epoches: [91/100] ============================
10/08 16:45 INFO step: [1/375] | loss_1: 2.918 | loss_2: 4.516 | loss_3: 4.832 | epe: 5.275
10/08 16:46 INFO step: [201/375] | loss_1: 3.867 | loss_2: 5.392 | loss_3: 6.683 | epe: 6.667
10/08 16:47 INFO val_epe: 6.926
10/08 16:47 INFO Epoches: [92/100] ============================
10/08 16:47 INFO step: [1/375] | loss_1: 3.561 | loss_2: 5.138 | loss_3: 6.139 | epe: 6.581
10/08 16:47 INFO step: [201/375] | loss_1: 3.742 | loss_2: 5.258 | loss_3: 6.720 | epe: 6.609
10/08 16:48 INFO val_epe: 6.962
10/08 16:48 INFO Epoches: [93/100] ============================
10/08 16:48 INFO step: [1/375] | loss_1: 4.257 | loss_2: 5.594 | loss_3: 9.541 | epe: 8.198
10/08 16:49 INFO step: [201/375] | loss_1: 3.833 | loss_2: 5.365 | loss_3: 6.742 | epe: 6.685
10/08 16:49 INFO val_epe: 6.917
10/08 16:49 INFO Epoches: [94/100] ============================
10/08 16:49 INFO step: [1/375] | loss_1: 3.661 | loss_2: 5.183 | loss_3: 5.901 | epe: 6.343
10/08 16:50 INFO step: [201/375] | loss_1: 3.759 | loss_2: 5.275 | loss_3: 6.617 | epe: 6.577
10/08 16:51 INFO val_epe: 7.126
10/08 16:51 INFO Epoches: [95/100] ============================
10/08 16:51 INFO step: [1/375] | loss_1: 3.459 | loss_2: 4.612 | loss_3: 4.289 | epe: 4.676
10/08 16:51 INFO step: [201/375] | loss_1: 3.786 | loss_2: 5.316 | loss_3: 6.681 | epe: 6.640
10/08 16:52 INFO val_epe: 6.997
10/08 16:52 INFO Epoches: [96/100] ============================
10/08 16:52 INFO step: [1/375] | loss_1: 3.208 | loss_2: 4.341 | loss_3: 7.872 | epe: 8.318
10/08 16:53 INFO step: [201/375] | loss_1: 3.738 | loss_2: 5.264 | loss_3: 6.580 | epe: 6.504
10/08 16:53 INFO val_epe: 6.896
10/08 16:53 INFO Epoches: [97/100] ============================
10/08 16:53 INFO step: [1/375] | loss_1: 3.956 | loss_2: 5.663 | loss_3: 5.626 | epe: 6.079
10/08 16:54 INFO step: [201/375] | loss_1: 3.716 | loss_2: 5.224 | loss_3: 6.756 | epe: 6.549
10/08 16:55 INFO val_epe: 6.932
10/08 16:55 INFO Epoches: [98/100] ============================
10/08 16:55 INFO step: [1/375] | loss_1: 4.973 | loss_2: 6.500 | loss_3: 8.544 | epe: 8.314
10/08 16:55 INFO step: [201/375] | loss_1: 3.785 | loss_2: 5.308 | loss_3: 6.656 | epe: 6.601
10/08 16:56 INFO val_epe: 7.245
10/08 16:56 INFO Epoches: [99/100] ============================
10/08 16:56 INFO step: [1/375] | loss_1: 3.331 | loss_2: 4.988 | loss_3: 5.309 | epe: 5.750
10/08 16:57 INFO step: [201/375] | loss_1: 3.752 | loss_2: 5.283 | loss_3: 6.612 | epe: 6.547
10/08 16:58 INFO val_epe: 7.963
10/08 16:58 INFO Epoches: [100/100] ============================
10/08 16:58 INFO step: [1/375] | loss_1: 2.899 | loss_2: 4.533 | loss_3: 4.265 | epe: 4.698
10/08 16:58 INFO step: [201/375] | loss_1: 3.799 | loss_2: 5.304 | loss_3: 7.410 | epe: 7.218
10/08 16:59 INFO val_epe: 8.015
10/08 16:59 INFO Final epe is 6.817 
10/08 16:59 INFO Train end.
