10/09 14:29 INFO save_path: ./pth
10/09 14:29 INFO save_epe: 8.0
10/09 14:29 INFO data_path: /home/liqi/Code/Scene_Flow_Datasets/
10/09 14:29 INFO pth_load: ./003_6.82.pth
10/09 14:29 INFO device: cuda:0
10/09 14:29 INFO seed: 7777
10/09 14:29 INFO train_EPOCHS: 100
10/09 14:29 INFO train_lr: 0.01
10/09 14:29 INFO start_disp: 0
10/09 14:29 INFO end_disp: 192
10/09 14:29 INFO sparse: False
10/09 14:29 INFO batch_size: 8
10/09 14:29 INFO grad_clip_value: 1.0
10/09 14:29 INFO Train start.
10/09 14:29 INFO Epoches: [1/100] ============================
10/09 14:29 INFO step: [1/375] | loss_1: 15.915 | loss_2: 15.858 | loss_3: 175.344 | epe: 175.844
10/09 14:30 INFO step: [201/375] | loss_1: 7.941 | loss_2: 7.453 | loss_3: 36.150 | epe: 36.605
10/09 14:31 INFO val_epe: 23.736
10/09 14:31 INFO Epoches: [2/100] ============================
10/09 14:31 INFO step: [1/375] | loss_1: 6.503 | loss_2: 6.006 | loss_3: 17.520 | epe: 18.015
10/09 14:31 INFO step: [201/375] | loss_1: 6.656 | loss_2: 6.371 | loss_3: 22.420 | epe: 22.744
10/09 14:32 INFO val_epe: 22.065
10/09 14:32 INFO Epoches: [3/100] ============================
10/09 14:32 INFO step: [1/375] | loss_1: 6.041 | loss_2: 5.960 | loss_3: 23.731 | epe: 24.126
10/09 14:33 INFO step: [201/375] | loss_1: 6.186 | loss_2: 6.484 | loss_3: 22.138 | epe: 22.444
10/09 14:33 INFO val_epe: 20.386
10/09 14:33 INFO Epoches: [4/100] ============================
10/09 14:33 INFO step: [1/375] | loss_1: 8.030 | loss_2: 8.794 | loss_3: 23.444 | epe: 23.940
10/09 14:34 INFO step: [201/375] | loss_1: 5.650 | loss_2: 6.173 | loss_3: 20.729 | epe: 20.980
10/09 14:35 INFO val_epe: 18.540
10/09 14:35 INFO Epoches: [5/100] ============================
10/09 14:35 INFO step: [1/375] | loss_1: 7.098 | loss_2: 8.036 | loss_3: 19.541 | epe: 20.033
10/09 14:35 INFO step: [201/375] | loss_1: 5.368 | loss_2: 6.139 | loss_3: 19.129 | epe: 19.268
10/09 14:36 INFO val_epe: 16.218
10/09 14:36 INFO Epoches: [6/100] ============================
10/09 14:36 INFO step: [1/375] | loss_1: 5.641 | loss_2: 6.652 | loss_3: 22.358 | epe: 20.104
10/09 14:37 INFO step: [201/375] | loss_1: 4.852 | loss_2: 5.841 | loss_3: 16.427 | epe: 16.568
10/09 14:38 INFO val_epe: 14.742
10/09 14:38 INFO Epoches: [7/100] ============================
10/09 14:38 INFO step: [1/375] | loss_1: 3.464 | loss_2: 4.803 | loss_3: 10.958 | epe: 11.446
10/09 14:38 INFO step: [201/375] | loss_1: 4.646 | loss_2: 5.710 | loss_3: 14.960 | epe: 14.814
10/09 14:39 INFO val_epe: 13.983
10/09 14:39 INFO Epoches: [8/100] ============================
10/09 14:39 INFO step: [1/375] | loss_1: 4.012 | loss_2: 4.979 | loss_3: 12.136 | epe: 12.623
10/09 14:40 INFO step: [201/375] | loss_1: 4.529 | loss_2: 5.632 | loss_3: 13.802 | epe: 13.824
10/09 14:40 INFO val_epe: 13.472
10/09 14:40 INFO Epoches: [9/100] ============================
10/09 14:40 INFO step: [1/375] | loss_1: 4.172 | loss_2: 5.369 | loss_3: 11.202 | epe: 11.685
10/09 14:41 INFO step: [201/375] | loss_1: 4.409 | loss_2: 5.554 | loss_3: 12.868 | epe: 12.773
10/09 14:42 INFO val_epe: 12.189
10/09 14:42 INFO Epoches: [10/100] ============================
10/09 14:42 INFO step: [1/375] | loss_1: 8.078 | loss_2: 9.363 | loss_3: 21.770 | epe: 22.253
10/09 14:42 INFO step: [201/375] | loss_1: 4.475 | loss_2: 5.628 | loss_3: 12.742 | epe: 12.579
10/09 14:43 INFO val_epe: 11.315
10/09 14:43 INFO Epoches: [11/100] ============================
10/09 14:43 INFO step: [1/375] | loss_1: 5.535 | loss_2: 6.971 | loss_3: 12.114 | epe: 12.599
10/09 14:44 INFO step: [201/375] | loss_1: 4.421 | loss_2: 5.604 | loss_3: 12.109 | epe: 11.908
10/09 14:44 INFO val_epe: 12.036
10/09 14:44 INFO Epoches: [12/100] ============================
10/09 14:44 INFO step: [1/375] | loss_1: 5.064 | loss_2: 6.580 | loss_3: 13.092 | epe: 13.576
10/09 14:45 INFO step: [201/375] | loss_1: 4.301 | loss_2: 5.494 | loss_3: 11.498 | epe: 11.319
10/09 14:46 INFO val_epe: 11.358
10/09 14:46 INFO Epoches: [13/100] ============================
10/09 14:46 INFO step: [1/375] | loss_1: 5.801 | loss_2: 7.030 | loss_3: 15.036 | epe: 14.583
10/09 14:46 INFO step: [201/375] | loss_1: 4.405 | loss_2: 5.633 | loss_3: 11.546 | epe: 11.303
10/09 14:47 INFO val_epe: 11.809
10/09 14:47 INFO Epoches: [14/100] ============================
10/09 14:47 INFO step: [1/375] | loss_1: 4.188 | loss_2: 5.263 | loss_3: 11.474 | epe: 11.959
10/09 14:48 INFO step: [201/375] | loss_1: 4.313 | loss_2: 5.545 | loss_3: 11.108 | epe: 10.899
10/09 14:48 INFO val_epe: 11.136
10/09 14:48 INFO Epoches: [15/100] ============================
10/09 14:49 INFO step: [1/375] | loss_1: 3.726 | loss_2: 4.911 | loss_3: 9.301 | epe: 9.780
10/09 14:49 INFO step: [201/375] | loss_1: 4.219 | loss_2: 5.486 | loss_3: 10.441 | epe: 10.367
10/09 14:50 INFO val_epe: 9.990
10/09 14:50 INFO Epoches: [16/100] ============================
10/09 14:50 INFO step: [1/375] | loss_1: 3.105 | loss_2: 4.120 | loss_3: 8.424 | epe: 8.893
10/09 14:50 INFO step: [201/375] | loss_1: 4.253 | loss_2: 5.520 | loss_3: 10.329 | epe: 10.188
10/09 14:51 INFO val_epe: 9.940
10/09 14:51 INFO Epoches: [17/100] ============================
10/09 14:51 INFO step: [1/375] | loss_1: 3.715 | loss_2: 5.097 | loss_3: 8.964 | epe: 9.441
10/09 14:52 INFO step: [201/375] | loss_1: 4.145 | loss_2: 5.414 | loss_3: 10.121 | epe: 9.902
10/09 14:53 INFO val_epe: 9.915
10/09 14:53 INFO Epoches: [18/100] ============================
10/09 14:53 INFO step: [1/375] | loss_1: 3.444 | loss_2: 4.917 | loss_3: 9.423 | epe: 9.895
10/09 14:53 INFO step: [201/375] | loss_1: 4.152 | loss_2: 5.435 | loss_3: 9.996 | epe: 9.796
10/09 14:54 INFO val_epe: 9.527
10/09 14:54 INFO Epoches: [19/100] ============================
10/09 14:54 INFO step: [1/375] | loss_1: 3.265 | loss_2: 4.773 | loss_3: 7.031 | epe: 7.498
10/09 14:55 INFO step: [201/375] | loss_1: 4.190 | loss_2: 5.493 | loss_3: 9.633 | epe: 9.524
10/09 14:55 INFO val_epe: 9.267
10/09 14:55 INFO Epoches: [20/100] ============================
10/09 14:55 INFO step: [1/375] | loss_1: 4.332 | loss_2: 5.818 | loss_3: 9.118 | epe: 9.049
10/09 14:56 INFO step: [201/375] | loss_1: 4.245 | loss_2: 5.559 | loss_3: 9.823 | epe: 9.612
10/09 14:57 INFO val_epe: 9.292
10/09 14:57 INFO Epoches: [21/100] ============================
10/09 14:57 INFO step: [1/375] | loss_1: 5.533 | loss_2: 6.470 | loss_3: 16.840 | epe: 13.629
10/09 14:57 INFO step: [201/375] | loss_1: 4.137 | loss_2: 5.473 | loss_3: 9.306 | epe: 9.237
10/09 14:58 INFO val_epe: 9.287
10/09 14:58 INFO Epoches: [22/100] ============================
10/09 14:58 INFO step: [1/375] | loss_1: 4.719 | loss_2: 6.348 | loss_3: 9.284 | epe: 9.762
10/09 14:59 INFO step: [201/375] | loss_1: 4.081 | loss_2: 5.423 | loss_3: 9.136 | epe: 9.103
10/09 14:59 INFO val_epe: 9.202
10/09 14:59 INFO Epoches: [23/100] ============================
10/09 14:59 INFO step: [1/375] | loss_1: 4.037 | loss_2: 5.168 | loss_3: 10.081 | epe: 9.951
10/09 15:00 INFO step: [201/375] | loss_1: 3.995 | loss_2: 5.335 | loss_3: 8.886 | epe: 8.908
10/09 15:01 INFO val_epe: 8.562
10/09 15:01 INFO Epoches: [24/100] ============================
10/09 15:01 INFO step: [1/375] | loss_1: 4.946 | loss_2: 6.496 | loss_3: 9.806 | epe: 10.279
10/09 15:01 INFO step: [201/375] | loss_1: 4.030 | loss_2: 5.384 | loss_3: 8.798 | epe: 8.741
10/09 15:02 INFO val_epe: 8.514
10/09 15:02 INFO Epoches: [25/100] ============================
10/09 15:02 INFO step: [1/375] | loss_1: 4.763 | loss_2: 6.361 | loss_3: 8.658 | epe: 9.129
10/09 15:03 INFO step: [201/375] | loss_1: 4.095 | loss_2: 5.455 | loss_3: 8.794 | epe: 8.708
10/09 15:04 INFO val_epe: 8.663
10/09 15:04 INFO Epoches: [26/100] ============================
10/09 15:04 INFO step: [1/375] | loss_1: 5.133 | loss_2: 6.259 | loss_3: 12.648 | epe: 9.743
10/09 15:04 INFO step: [201/375] | loss_1: 4.118 | loss_2: 5.461 | loss_3: 9.063 | epe: 8.841
10/09 15:05 INFO val_epe: 8.210
10/09 15:05 INFO Epoches: [27/100] ============================
10/09 15:05 INFO step: [1/375] | loss_1: 4.103 | loss_2: 5.622 | loss_3: 7.333 | epe: 7.798
10/09 15:06 INFO step: [201/375] | loss_1: 4.055 | loss_2: 5.428 | loss_3: 8.590 | epe: 8.548
10/09 15:06 INFO val_epe: 8.170
10/09 15:06 INFO Epoches: [28/100] ============================
10/09 15:06 INFO step: [1/375] | loss_1: 3.124 | loss_2: 4.734 | loss_3: 5.810 | epe: 6.273
10/09 15:07 INFO step: [201/375] | loss_1: 4.101 | loss_2: 5.466 | loss_3: 8.632 | epe: 8.583
10/09 15:08 INFO val_epe: 8.354
10/09 15:08 INFO Epoches: [29/100] ============================
10/09 15:08 INFO step: [1/375] | loss_1: 4.367 | loss_2: 5.786 | loss_3: 8.231 | epe: 8.697
10/09 15:08 INFO step: [201/375] | loss_1: 3.972 | loss_2: 5.349 | loss_3: 8.224 | epe: 8.200
10/09 15:09 INFO val_epe: 8.221
10/09 15:09 INFO Epoches: [30/100] ============================
10/09 15:09 INFO step: [1/375] | loss_1: 4.389 | loss_2: 5.712 | loss_3: 7.823 | epe: 8.282
10/09 15:10 INFO step: [201/375] | loss_1: 4.091 | loss_2: 5.469 | loss_3: 8.497 | epe: 8.463
10/09 15:10 INFO val_epe: 8.038
10/09 15:10 INFO Epoches: [31/100] ============================
10/09 15:10 INFO step: [1/375] | loss_1: 3.374 | loss_2: 4.670 | loss_3: 8.061 | epe: 8.131
10/09 15:11 INFO step: [201/375] | loss_1: 4.014 | loss_2: 5.390 | loss_3: 8.292 | epe: 8.187
10/09 15:12 INFO val_epe: 8.176
10/09 15:12 INFO Epoches: [32/100] ============================
10/09 15:12 INFO step: [1/375] | loss_1: 4.309 | loss_2: 5.838 | loss_3: 7.198 | epe: 7.663
10/09 15:12 INFO step: [201/375] | loss_1: 4.004 | loss_2: 5.387 | loss_3: 8.351 | epe: 8.333
10/09 15:13 INFO val_epe: 8.487
10/09 15:13 INFO Epoches: [33/100] ============================
10/09 15:13 INFO step: [1/375] | loss_1: 3.249 | loss_2: 4.407 | loss_3: 6.534 | epe: 6.996
10/09 15:14 INFO step: [201/375] | loss_1: 4.015 | loss_2: 5.398 | loss_3: 8.033 | epe: 8.009
10/09 15:15 INFO val_epe: 7.731
10/09 15:15 INFO Epoches: [34/100] ============================
10/09 15:15 INFO step: [1/375] | loss_1: 3.965 | loss_2: 5.311 | loss_3: 11.427 | epe: 7.205
10/09 15:15 INFO step: [201/375] | loss_1: 4.009 | loss_2: 5.411 | loss_3: 8.056 | epe: 8.067
10/09 15:16 INFO val_epe: 7.599
10/09 15:16 INFO Epoches: [35/100] ============================
10/09 15:16 INFO step: [1/375] | loss_1: 4.253 | loss_2: 5.906 | loss_3: 6.509 | epe: 6.974
10/09 15:16 INFO step: [201/375] | loss_1: 3.958 | loss_2: 5.359 | loss_3: 7.968 | epe: 7.979
10/09 15:17 INFO val_epe: 8.507
10/09 15:17 INFO Epoches: [36/100] ============================
10/09 15:17 INFO step: [1/375] | loss_1: 3.741 | loss_2: 5.209 | loss_3: 7.033 | epe: 7.503
10/09 15:18 INFO step: [201/375] | loss_1: 3.989 | loss_2: 5.381 | loss_3: 8.100 | epe: 7.952
10/09 15:19 INFO val_epe: 7.786
10/09 15:19 INFO Epoches: [37/100] ============================
10/09 15:19 INFO step: [1/375] | loss_1: 4.902 | loss_2: 6.546 | loss_3: 8.489 | epe: 8.819
10/09 15:19 INFO step: [201/375] | loss_1: 3.958 | loss_2: 5.364 | loss_3: 7.760 | epe: 7.747
10/09 15:20 INFO val_epe: 8.188
10/09 15:20 INFO Epoches: [38/100] ============================
10/09 15:20 INFO step: [1/375] | loss_1: 4.743 | loss_2: 6.075 | loss_3: 8.683 | epe: 8.033
10/09 15:21 INFO step: [201/375] | loss_1: 3.971 | loss_2: 5.374 | loss_3: 7.752 | epe: 7.798
10/09 15:21 INFO val_epe: 7.560
10/09 15:21 INFO Epoches: [39/100] ============================
10/09 15:21 INFO step: [1/375] | loss_1: 3.493 | loss_2: 5.089 | loss_3: 6.231 | epe: 6.687
10/09 15:22 INFO step: [201/375] | loss_1: 4.010 | loss_2: 5.426 | loss_3: 7.828 | epe: 7.805
10/09 15:23 INFO val_epe: 7.470
10/09 15:23 INFO Epoches: [40/100] ============================
10/09 15:23 INFO step: [1/375] | loss_1: 4.937 | loss_2: 6.560 | loss_3: 10.338 | epe: 9.940
10/09 15:23 INFO step: [201/375] | loss_1: 4.021 | loss_2: 5.427 | loss_3: 7.882 | epe: 7.810
10/09 15:24 INFO val_epe: 7.412
10/09 15:24 INFO Epoches: [41/100] ============================
10/09 15:24 INFO step: [1/375] | loss_1: 3.706 | loss_2: 4.644 | loss_3: 8.330 | epe: 8.730
10/09 15:25 INFO step: [201/375] | loss_1: 4.015 | loss_2: 5.440 | loss_3: 7.699 | epe: 7.656
10/09 15:25 INFO val_epe: 7.769
10/09 15:25 INFO Epoches: [42/100] ============================
10/09 15:26 INFO step: [1/375] | loss_1: 3.085 | loss_2: 4.645 | loss_3: 5.735 | epe: 6.186
10/09 15:26 INFO step: [201/375] | loss_1: 4.006 | loss_2: 5.418 | loss_3: 7.670 | epe: 7.658
10/09 15:27 INFO val_epe: 7.247
10/09 15:27 INFO Epoches: [43/100] ============================
10/09 15:27 INFO step: [1/375] | loss_1: 3.718 | loss_2: 5.321 | loss_3: 6.399 | epe: 6.858
10/09 15:27 INFO step: [201/375] | loss_1: 3.919 | loss_2: 5.327 | loss_3: 7.519 | epe: 7.504
10/09 15:28 INFO val_epe: 7.418
10/09 15:28 INFO Epoches: [44/100] ============================
10/09 15:28 INFO step: [1/375] | loss_1: 3.638 | loss_2: 4.959 | loss_3: 5.955 | epe: 6.402
10/09 15:29 INFO step: [201/375] | loss_1: 3.940 | loss_2: 5.363 | loss_3: 7.438 | epe: 7.421
10/09 15:30 INFO val_epe: 7.728
10/09 15:30 INFO Epoches: [45/100] ============================
10/09 15:30 INFO step: [1/375] | loss_1: 3.912 | loss_2: 5.544 | loss_3: 6.336 | epe: 6.802
10/09 15:30 INFO step: [201/375] | loss_1: 4.018 | loss_2: 5.446 | loss_3: 7.747 | epe: 7.653
10/09 15:31 INFO val_epe: 7.264
10/09 15:31 INFO Epoches: [46/100] ============================
10/09 15:31 INFO step: [1/375] | loss_1: 4.733 | loss_2: 6.261 | loss_3: 9.196 | epe: 9.650
10/09 15:32 INFO step: [201/375] | loss_1: 3.858 | loss_2: 5.302 | loss_3: 7.041 | epe: 7.171
10/09 15:32 INFO val_epe: 7.592
10/09 15:32 INFO Epoches: [47/100] ============================
10/09 15:32 INFO step: [1/375] | loss_1: 2.455 | loss_2: 3.820 | loss_3: 5.808 | epe: 6.263
10/09 15:33 INFO step: [201/375] | loss_1: 4.005 | loss_2: 5.435 | loss_3: 7.588 | epe: 7.495
10/09 15:34 INFO val_epe: 7.325
10/09 15:34 INFO Epoches: [48/100] ============================
10/09 15:34 INFO step: [1/375] | loss_1: 2.733 | loss_2: 4.261 | loss_3: 5.206 | epe: 5.666
10/09 15:34 INFO step: [201/375] | loss_1: 3.936 | loss_2: 5.372 | loss_3: 7.340 | epe: 7.312
10/09 15:35 INFO val_epe: 7.294
10/09 15:35 INFO Epoches: [49/100] ============================
10/09 15:35 INFO step: [1/375] | loss_1: 3.524 | loss_2: 4.552 | loss_3: 5.257 | epe: 5.698
10/09 15:36 INFO step: [201/375] | loss_1: 3.903 | loss_2: 5.324 | loss_3: 7.163 | epe: 7.160
10/09 15:37 INFO val_epe: 7.144
10/09 15:37 INFO Epoches: [50/100] ============================
10/09 15:37 INFO step: [1/375] | loss_1: 3.629 | loss_2: 4.824 | loss_3: 6.089 | epe: 6.533
10/09 15:37 INFO step: [201/375] | loss_1: 3.789 | loss_2: 5.200 | loss_3: 7.090 | epe: 7.039
10/09 15:38 INFO val_epe: 7.211
10/09 15:38 INFO Epoches: [51/100] ============================
10/09 15:38 INFO step: [1/375] | loss_1: 3.847 | loss_2: 5.459 | loss_3: 5.860 | epe: 6.321
10/09 15:39 INFO step: [201/375] | loss_1: 3.863 | loss_2: 5.284 | loss_3: 7.055 | epe: 7.120
10/09 15:39 INFO val_epe: 7.003
10/09 15:39 INFO Epoches: [52/100] ============================
10/09 15:39 INFO step: [1/375] | loss_1: 4.313 | loss_2: 5.783 | loss_3: 7.634 | epe: 7.203
10/09 15:40 INFO step: [201/375] | loss_1: 3.918 | loss_2: 5.343 | loss_3: 7.177 | epe: 7.131
10/09 15:41 INFO val_epe: 7.313
10/09 15:41 INFO Epoches: [53/100] ============================
10/09 15:41 INFO step: [1/375] | loss_1: 3.193 | loss_2: 4.646 | loss_3: 5.182 | epe: 5.624
10/09 15:41 INFO step: [201/375] | loss_1: 3.887 | loss_2: 5.340 | loss_3: 6.945 | epe: 7.098
10/09 15:42 INFO val_epe: 7.310
10/09 15:42 INFO Epoches: [54/100] ============================
10/09 15:42 INFO step: [1/375] | loss_1: 6.649 | loss_2: 8.357 | loss_3: 16.141 | epe: 16.256
10/09 15:43 INFO step: [201/375] | loss_1: 3.946 | loss_2: 5.380 | loss_3: 7.199 | epe: 7.259
10/09 15:44 INFO val_epe: 7.375
10/09 15:44 INFO Epoches: [55/100] ============================
10/09 15:44 INFO step: [1/375] | loss_1: 3.846 | loss_2: 4.646 | loss_3: 10.882 | epe: 6.052
10/09 15:44 INFO step: [201/375] | loss_1: 3.955 | loss_2: 5.398 | loss_3: 7.117 | epe: 7.088
10/09 15:45 INFO val_epe: 6.864
10/09 15:45 INFO Epoches: [56/100] ============================
10/09 15:45 INFO step: [1/375] | loss_1: 2.311 | loss_2: 3.689 | loss_3: 4.337 | epe: 4.773
10/09 15:46 INFO step: [201/375] | loss_1: 3.829 | loss_2: 5.278 | loss_3: 6.788 | epe: 6.850
10/09 15:46 INFO val_epe: 6.856
10/09 15:46 INFO Epoches: [57/100] ============================
10/09 15:46 INFO step: [1/375] | loss_1: 4.098 | loss_2: 5.105 | loss_3: 7.632 | epe: 5.915
10/09 15:47 INFO step: [201/375] | loss_1: 3.840 | loss_2: 5.298 | loss_3: 6.704 | epe: 6.795
10/09 15:48 INFO val_epe: 7.299
10/09 15:48 INFO Epoches: [58/100] ============================
10/09 15:48 INFO step: [1/375] | loss_1: 4.259 | loss_2: 5.693 | loss_3: 6.744 | epe: 7.194
10/09 15:48 INFO step: [201/375] | loss_1: 3.861 | loss_2: 5.308 | loss_3: 7.011 | epe: 6.995
10/09 15:49 INFO val_epe: 7.119
10/09 15:49 INFO Epoches: [59/100] ============================
10/09 15:49 INFO step: [1/375] | loss_1: 2.777 | loss_2: 4.261 | loss_3: 4.624 | epe: 5.060
10/09 15:50 INFO step: [201/375] | loss_1: 3.978 | loss_2: 5.416 | loss_3: 7.139 | epe: 7.141
10/09 15:51 INFO val_epe: 7.118
10/09 15:51 INFO Epoches: [60/100] ============================
10/09 15:51 INFO step: [1/375] | loss_1: 3.718 | loss_2: 5.225 | loss_3: 6.102 | epe: 6.562
10/09 15:51 INFO step: [201/375] | loss_1: 3.888 | loss_2: 5.326 | loss_3: 6.853 | epe: 6.874
10/09 15:52 INFO val_epe: 7.154
10/09 15:52 INFO Epoches: [61/100] ============================
10/09 15:52 INFO step: [1/375] | loss_1: 4.324 | loss_2: 6.061 | loss_3: 6.191 | epe: 6.626
10/09 15:53 INFO step: [201/375] | loss_1: 3.809 | loss_2: 5.256 | loss_3: 6.765 | epe: 6.771
10/09 15:53 INFO val_epe: 7.556
10/09 15:53 INFO Epoches: [62/100] ============================
10/09 15:53 INFO step: [1/375] | loss_1: 3.094 | loss_2: 4.384 | loss_3: 6.266 | epe: 6.718
10/09 15:54 INFO step: [201/375] | loss_1: 3.851 | loss_2: 5.310 | loss_3: 6.674 | epe: 6.802
10/09 15:55 INFO val_epe: 7.367
10/09 15:55 INFO Epoches: [63/100] ============================
10/09 15:55 INFO step: [1/375] | loss_1: 5.001 | loss_2: 6.502 | loss_3: 11.367 | epe: 12.113
10/09 15:55 INFO step: [201/375] | loss_1: 3.880 | loss_2: 5.323 | loss_3: 6.771 | epe: 6.893
10/09 15:56 INFO val_epe: 6.975
10/09 15:56 INFO Epoches: [64/100] ============================
10/09 15:56 INFO step: [1/375] | loss_1: 3.328 | loss_2: 4.285 | loss_3: 8.680 | epe: 7.754
10/09 15:57 INFO step: [201/375] | loss_1: 3.851 | loss_2: 5.300 | loss_3: 6.718 | epe: 6.778
10/09 15:58 INFO val_epe: 7.109
10/09 15:58 INFO Epoches: [65/100] ============================
10/09 15:58 INFO step: [1/375] | loss_1: 3.900 | loss_2: 5.527 | loss_3: 5.791 | epe: 6.239
10/09 15:58 INFO step: [201/375] | loss_1: 3.827 | loss_2: 5.297 | loss_3: 6.587 | epe: 6.739
10/09 15:59 INFO val_epe: 7.006
10/09 15:59 INFO Epoches: [66/100] ============================
10/09 15:59 INFO step: [1/375] | loss_1: 3.865 | loss_2: 5.491 | loss_3: 5.538 | epe: 5.995
10/09 16:00 INFO step: [201/375] | loss_1: 3.839 | loss_2: 5.289 | loss_3: 6.815 | epe: 6.832
10/09 16:00 INFO val_epe: 6.896
10/09 16:00 INFO Epoches: [67/100] ============================
10/09 16:00 INFO step: [1/375] | loss_1: 3.655 | loss_2: 5.068 | loss_3: 5.998 | epe: 6.439
10/09 16:01 INFO step: [201/375] | loss_1: 3.895 | loss_2: 5.370 | loss_3: 6.596 | epe: 6.677
10/09 16:02 INFO val_epe: 7.011
10/09 16:02 INFO Epoches: [68/100] ============================
10/09 16:02 INFO step: [1/375] | loss_1: 2.542 | loss_2: 4.084 | loss_3: 4.237 | epe: 4.614
10/09 16:02 INFO step: [201/375] | loss_1: 3.817 | loss_2: 5.265 | loss_3: 6.536 | epe: 6.704
10/09 16:03 INFO val_epe: 6.961
10/09 16:03 INFO Epoches: [69/100] ============================
