10/09 16:19 INFO save_path: ./pth
10/09 16:19 INFO save_epe: 8.0
10/09 16:19 INFO data_path: /home/liqi/Code/Scene_Flow_Datasets/
10/09 16:19 INFO pth_load: ./003_6.82.pth
10/09 16:19 INFO device: cuda:0
10/09 16:19 INFO seed: 7777
10/09 16:19 INFO train_EPOCHS: 100
10/09 16:19 INFO train_lr: 0.01
10/09 16:19 INFO start_disp: 0
10/09 16:19 INFO end_disp: 192
10/09 16:19 INFO sparse: False
10/09 16:19 INFO batch_size: 8
10/09 16:19 INFO grad_clip_value: 1.0
10/09 16:19 INFO Train start.
10/09 16:19 INFO Epoches: [1/100] ============================
10/09 16:20 INFO step: [1/375] | loss_1: 14.756 | loss_2: 14.504 | loss_3: 143.302 | epe: 143.802
10/09 16:20 INFO step: [201/375] | loss_1: 8.014 | loss_2: 7.455 | loss_3: 33.580 | epe: 34.081
10/09 16:21 INFO val_epe: 23.908
10/09 16:21 INFO Epoches: [2/100] ============================
10/09 16:21 INFO step: [1/375] | loss_1: 7.261 | loss_2: 6.799 | loss_3: 23.171 | epe: 22.090
10/09 16:22 INFO step: [201/375] | loss_1: 6.886 | loss_2: 6.333 | loss_3: 22.643 | epe: 23.000
10/09 16:22 INFO val_epe: 22.847
10/09 16:22 INFO Epoches: [3/100] ============================
10/09 16:22 INFO step: [1/375] | loss_1: 5.249 | loss_2: 5.019 | loss_3: 22.998 | epe: 23.492
10/09 16:23 INFO step: [201/375] | loss_1: 6.303 | loss_2: 6.435 | loss_3: 22.623 | epe: 22.962
10/09 16:24 INFO val_epe: 21.139
10/09 16:24 INFO Epoches: [4/100] ============================
10/09 16:24 INFO step: [1/375] | loss_1: 4.193 | loss_2: 4.607 | loss_3: 16.510 | epe: 19.364
10/09 16:24 INFO step: [201/375] | loss_1: 5.652 | loss_2: 6.236 | loss_3: 20.846 | epe: 21.064
10/09 16:25 INFO val_epe: 18.903
10/09 16:25 INFO Epoches: [5/100] ============================
10/09 16:25 INFO step: [1/375] | loss_1: 4.618 | loss_2: 5.548 | loss_3: 13.751 | epe: 14.241
10/09 16:26 INFO step: [201/375] | loss_1: 5.280 | loss_2: 6.039 | loss_3: 19.120 | epe: 19.346
10/09 16:27 INFO val_epe: 17.078
10/09 16:27 INFO Epoches: [6/100] ============================
10/09 16:27 INFO step: [1/375] | loss_1: 9.004 | loss_2: 10.010 | loss_3: 29.578 | epe: 33.310
10/09 16:27 INFO step: [201/375] | loss_1: 5.045 | loss_2: 5.960 | loss_3: 17.403 | epe: 17.548
10/09 16:28 INFO val_epe: 15.980
10/09 16:28 INFO Epoches: [7/100] ============================
10/09 16:28 INFO step: [1/375] | loss_1: 2.540 | loss_2: 3.404 | loss_3: 17.242 | epe: 13.277
10/09 16:29 INFO step: [201/375] | loss_1: 4.782 | loss_2: 5.792 | loss_3: 15.958 | epe: 15.860
10/09 16:29 INFO val_epe: 14.779
10/09 16:29 INFO Epoches: [8/100] ============================
10/09 16:29 INFO step: [1/375] | loss_1: 5.583 | loss_2: 6.775 | loss_3: 17.011 | epe: 15.928
10/09 16:30 INFO step: [201/375] | loss_1: 4.679 | loss_2: 5.759 | loss_3: 14.730 | epe: 14.452
10/09 16:31 INFO val_epe: 13.295
10/09 16:31 INFO Epoches: [9/100] ============================
10/09 16:31 INFO step: [1/375] | loss_1: 4.571 | loss_2: 5.854 | loss_3: 12.851 | epe: 12.642
10/09 16:31 INFO step: [201/375] | loss_1: 4.508 | loss_2: 5.626 | loss_3: 13.667 | epe: 13.547
10/09 16:32 INFO val_epe: 12.528
10/09 16:32 INFO Epoches: [10/100] ============================
10/09 16:32 INFO step: [1/375] | loss_1: 4.461 | loss_2: 5.709 | loss_3: 13.992 | epe: 11.548
10/09 16:33 INFO step: [201/375] | loss_1: 4.445 | loss_2: 5.616 | loss_3: 12.808 | epe: 12.774
10/09 16:34 INFO val_epe: 12.383
10/09 16:34 INFO Epoches: [11/100] ============================
10/09 16:34 INFO step: [1/375] | loss_1: 2.721 | loss_2: 4.007 | loss_3: 9.013 | epe: 9.351
10/09 16:34 INFO step: [201/375] | loss_1: 4.440 | loss_2: 5.622 | loss_3: 12.539 | epe: 12.385
10/09 16:35 INFO val_epe: 11.326
10/09 16:35 INFO Epoches: [12/100] ============================
10/09 16:35 INFO step: [1/375] | loss_1: 4.382 | loss_2: 5.717 | loss_3: 10.261 | epe: 10.742
10/09 16:36 INFO step: [201/375] | loss_1: 4.357 | loss_2: 5.568 | loss_3: 11.846 | epe: 11.806
10/09 16:36 INFO val_epe: 11.721
10/09 16:36 INFO Epoches: [13/100] ============================
10/09 16:36 INFO step: [1/375] | loss_1: 5.497 | loss_2: 6.603 | loss_3: 17.845 | epe: 15.979
10/09 16:37 INFO step: [201/375] | loss_1: 4.314 | loss_2: 5.548 | loss_3: 11.421 | epe: 11.313
10/09 16:38 INFO val_epe: 11.191
10/09 16:38 INFO Epoches: [14/100] ============================
10/09 16:38 INFO step: [1/375] | loss_1: 2.513 | loss_2: 3.757 | loss_3: 7.767 | epe: 8.239
10/09 16:38 INFO step: [201/375] | loss_1: 4.311 | loss_2: 5.571 | loss_3: 11.047 | epe: 10.903
10/09 16:39 INFO val_epe: 11.251
10/09 16:39 INFO Epoches: [15/100] ============================
10/09 16:39 INFO step: [1/375] | loss_1: 3.378 | loss_2: 4.586 | loss_3: 9.382 | epe: 9.857
10/09 16:40 INFO step: [201/375] | loss_1: 4.267 | loss_2: 5.515 | loss_3: 10.856 | epe: 10.742
10/09 16:40 INFO val_epe: 10.412
10/09 16:40 INFO Epoches: [16/100] ============================
10/09 16:40 INFO step: [1/375] | loss_1: 4.105 | loss_2: 5.392 | loss_3: 8.734 | epe: 9.211
10/09 16:41 INFO step: [201/375] | loss_1: 4.285 | loss_2: 5.560 | loss_3: 10.445 | epe: 10.346
10/09 16:42 INFO val_epe: 9.911
10/09 16:42 INFO Epoches: [17/100] ============================
10/09 16:42 INFO step: [1/375] | loss_1: 3.430 | loss_2: 4.399 | loss_3: 9.957 | epe: 9.615
10/09 16:42 INFO step: [201/375] | loss_1: 4.262 | loss_2: 5.529 | loss_3: 10.470 | epe: 10.233
10/09 16:43 INFO val_epe: 9.653
10/09 16:43 INFO Epoches: [18/100] ============================
10/09 16:43 INFO step: [1/375] | loss_1: 3.514 | loss_2: 4.809 | loss_3: 7.761 | epe: 8.229
10/09 16:44 INFO step: [201/375] | loss_1: 4.239 | loss_2: 5.544 | loss_3: 10.051 | epe: 9.898
10/09 16:45 INFO val_epe: 9.584
10/09 16:45 INFO Epoches: [19/100] ============================
10/09 16:45 INFO step: [1/375] | loss_1: 3.400 | loss_2: 4.700 | loss_3: 8.078 | epe: 7.385
10/09 16:45 INFO step: [201/375] | loss_1: 4.139 | loss_2: 5.451 | loss_3: 9.644 | epe: 9.586
10/09 16:46 INFO val_epe: 9.184
10/09 16:46 INFO Epoches: [20/100] ============================
10/09 16:46 INFO step: [1/375] | loss_1: 2.537 | loss_2: 3.491 | loss_3: 7.785 | epe: 8.252
10/09 16:46 INFO step: [201/375] | loss_1: 4.051 | loss_2: 5.364 | loss_3: 9.144 | epe: 9.076
10/09 16:47 INFO val_epe: 9.379
10/09 16:47 INFO Epoches: [21/100] ============================
10/09 16:47 INFO step: [1/375] | loss_1: 4.100 | loss_2: 5.581 | loss_3: 8.421 | epe: 8.890
10/09 16:48 INFO step: [201/375] | loss_1: 4.186 | loss_2: 5.479 | loss_3: 9.685 | epe: 9.514
10/09 16:49 INFO val_epe: 9.200
10/09 16:49 INFO Epoches: [22/100] ============================
10/09 16:49 INFO step: [1/375] | loss_1: 4.282 | loss_2: 5.487 | loss_3: 9.885 | epe: 10.359
10/09 16:49 INFO step: [201/375] | loss_1: 4.209 | loss_2: 5.542 | loss_3: 9.614 | epe: 9.434
10/09 16:50 INFO val_epe: 8.817
10/09 16:50 INFO Epoches: [23/100] ============================
10/09 16:50 INFO step: [1/375] | loss_1: 5.419 | loss_2: 6.613 | loss_3: 12.192 | epe: 12.691
10/09 16:51 INFO step: [201/375] | loss_1: 4.108 | loss_2: 5.433 | loss_3: 9.012 | epe: 8.881
10/09 16:51 INFO val_epe: 8.595
10/09 16:51 INFO Epoches: [24/100] ============================
10/09 16:51 INFO step: [1/375] | loss_1: 3.697 | loss_2: 5.029 | loss_3: 9.041 | epe: 8.027
10/09 16:52 INFO step: [201/375] | loss_1: 4.125 | loss_2: 5.463 | loss_3: 8.988 | epe: 8.893
10/09 16:53 INFO val_epe: 8.795
10/09 16:53 INFO Epoches: [25/100] ============================
10/09 16:53 INFO step: [1/375] | loss_1: 3.220 | loss_2: 4.425 | loss_3: 6.514 | epe: 6.973
10/09 16:53 INFO step: [201/375] | loss_1: 4.074 | loss_2: 5.416 | loss_3: 8.802 | epe: 8.625
10/09 16:54 INFO val_epe: 8.147
10/09 16:54 INFO Epoches: [26/100] ============================
10/09 16:54 INFO step: [1/375] | loss_1: 4.388 | loss_2: 5.946 | loss_3: 6.658 | epe: 7.127
10/09 16:55 INFO step: [201/375] | loss_1: 4.135 | loss_2: 5.473 | loss_3: 8.976 | epe: 8.735
10/09 16:55 INFO val_epe: 8.225
10/09 16:55 INFO Epoches: [27/100] ============================
10/09 16:55 INFO step: [1/375] | loss_1: 2.685 | loss_2: 3.623 | loss_3: 6.897 | epe: 7.355
10/09 16:56 INFO step: [201/375] | loss_1: 4.081 | loss_2: 5.438 | loss_3: 8.564 | epe: 8.489
10/09 16:57 INFO val_epe: 8.354
10/09 16:57 INFO Epoches: [28/100] ============================
10/09 16:57 INFO step: [1/375] | loss_1: 3.195 | loss_2: 4.646 | loss_3: 5.680 | epe: 6.140
10/09 16:57 INFO step: [201/375] | loss_1: 4.046 | loss_2: 5.418 | loss_3: 8.384 | epe: 8.214
10/09 16:58 INFO val_epe: 7.956
10/09 16:58 INFO Epoches: [29/100] ============================
10/09 16:58 INFO step: [1/375] | loss_1: 4.969 | loss_2: 6.146 | loss_3: 11.154 | epe: 9.219
10/09 16:59 INFO step: [201/375] | loss_1: 4.099 | loss_2: 5.458 | loss_3: 8.547 | epe: 8.393
10/09 17:00 INFO val_epe: 8.044
10/09 17:00 INFO Epoches: [30/100] ============================
10/09 17:00 INFO step: [1/375] | loss_1: 3.530 | loss_2: 4.723 | loss_3: 6.599 | epe: 7.062
10/09 17:00 INFO step: [201/375] | loss_1: 4.110 | loss_2: 5.476 | loss_3: 8.357 | epe: 8.232
10/09 17:01 INFO val_epe: 7.698
10/09 17:01 INFO Epoches: [31/100] ============================
10/09 17:01 INFO step: [1/375] | loss_1: 4.590 | loss_2: 6.172 | loss_3: 8.793 | epe: 9.260
10/09 17:02 INFO step: [201/375] | loss_1: 4.092 | loss_2: 5.444 | loss_3: 8.301 | epe: 8.158
10/09 17:02 INFO val_epe: 7.874
10/09 17:02 INFO Epoches: [32/100] ============================
10/09 17:02 INFO step: [1/375] | loss_1: 6.547 | loss_2: 7.957 | loss_3: 11.814 | epe: 13.965
10/09 17:03 INFO step: [201/375] | loss_1: 4.069 | loss_2: 5.447 | loss_3: 8.208 | epe: 8.114
10/09 17:04 INFO val_epe: 7.786
10/09 17:04 INFO Epoches: [33/100] ============================
10/09 17:04 INFO step: [1/375] | loss_1: 4.218 | loss_2: 5.678 | loss_3: 8.877 | epe: 8.769
10/09 17:04 INFO step: [201/375] | loss_1: 3.956 | loss_2: 5.340 | loss_3: 7.832 | epe: 7.704
10/09 17:05 INFO val_epe: 7.826
10/09 17:05 INFO Epoches: [34/100] ============================
10/09 17:05 INFO step: [1/375] | loss_1: 3.151 | loss_2: 4.528 | loss_3: 5.535 | epe: 5.991
10/09 17:06 INFO step: [201/375] | loss_1: 4.090 | loss_2: 5.482 | loss_3: 8.131 | epe: 8.030
10/09 17:06 INFO val_epe: 7.894
10/09 17:06 INFO Epoches: [35/100] ============================
10/09 17:06 INFO step: [1/375] | loss_1: 3.523 | loss_2: 4.451 | loss_3: 9.845 | epe: 6.740
10/09 17:07 INFO step: [201/375] | loss_1: 4.000 | loss_2: 5.376 | loss_3: 7.879 | epe: 7.794
10/09 17:08 INFO val_epe: 7.982
10/09 17:08 INFO Epoches: [36/100] ============================
10/09 17:08 INFO step: [1/375] | loss_1: 3.661 | loss_2: 4.412 | loss_3: 10.409 | epe: 7.509
10/09 17:08 INFO step: [201/375] | loss_1: 4.059 | loss_2: 5.467 | loss_3: 7.992 | epe: 7.902
10/09 17:09 INFO val_epe: 7.543
10/09 17:09 INFO Epoches: [37/100] ============================
10/09 17:09 INFO step: [1/375] | loss_1: 4.590 | loss_2: 6.154 | loss_3: 7.154 | epe: 7.620
10/09 17:10 INFO step: [201/375] | loss_1: 3.958 | loss_2: 5.355 | loss_3: 7.644 | epe: 7.635
10/09 17:10 INFO val_epe: 7.801
10/09 17:10 INFO Epoches: [38/100] ============================
10/09 17:11 INFO step: [1/375] | loss_1: 3.551 | loss_2: 4.614 | loss_3: 8.876 | epe: 6.294
10/09 17:11 INFO step: [201/375] | loss_1: 4.001 | loss_2: 5.396 | loss_3: 7.716 | epe: 7.578
10/09 17:12 INFO val_epe: 7.576
10/09 17:12 INFO Epoches: [39/100] ============================
10/09 17:12 INFO step: [1/375] | loss_1: 5.266 | loss_2: 6.718 | loss_3: 9.559 | epe: 9.738
10/09 17:12 INFO step: [201/375] | loss_1: 3.983 | loss_2: 5.390 | loss_3: 7.598 | epe: 7.497
10/09 17:13 INFO val_epe: 7.317
10/09 17:13 INFO Epoches: [40/100] ============================
10/09 17:13 INFO step: [1/375] | loss_1: 5.028 | loss_2: 6.549 | loss_3: 7.078 | epe: 7.542
10/09 17:14 INFO step: [201/375] | loss_1: 3.943 | loss_2: 5.364 | loss_3: 7.192 | epe: 7.308
10/09 17:15 INFO val_epe: 7.252
10/09 17:15 INFO Epoches: [41/100] ============================
10/09 17:15 INFO step: [1/375] | loss_1: 4.733 | loss_2: 6.425 | loss_3: 7.879 | epe: 8.347
10/09 17:15 INFO step: [201/375] | loss_1: 4.027 | loss_2: 5.435 | loss_3: 7.557 | epe: 7.415
10/09 17:16 INFO val_epe: 7.392
10/09 17:16 INFO Epoches: [42/100] ============================
10/09 17:16 INFO step: [1/375] | loss_1: 6.568 | loss_2: 8.183 | loss_3: 10.292 | epe: 10.758
10/09 17:17 INFO step: [201/375] | loss_1: 3.969 | loss_2: 5.356 | loss_3: 7.570 | epe: 7.407
10/09 17:17 INFO val_epe: 7.688
10/09 17:17 INFO Epoches: [43/100] ============================
10/09 17:17 INFO step: [1/375] | loss_1: 3.177 | loss_2: 4.483 | loss_3: 7.135 | epe: 7.443
10/09 17:18 INFO step: [201/375] | loss_1: 3.949 | loss_2: 5.362 | loss_3: 7.472 | epe: 7.360
10/09 17:19 INFO val_epe: 7.666
10/09 17:19 INFO Epoches: [44/100] ============================
10/09 17:19 INFO step: [1/375] | loss_1: 3.028 | loss_2: 4.466 | loss_3: 5.446 | epe: 5.902
10/09 17:19 INFO step: [201/375] | loss_1: 3.989 | loss_2: 5.383 | loss_3: 7.492 | epe: 7.378
10/09 17:20 INFO val_epe: 7.604
10/09 17:20 INFO Epoches: [45/100] ============================
10/09 17:20 INFO step: [1/375] | loss_1: 2.956 | loss_2: 4.313 | loss_3: 5.755 | epe: 6.206
10/09 17:21 INFO step: [201/375] | loss_1: 3.944 | loss_2: 5.348 | loss_3: 7.170 | epe: 7.173
10/09 17:21 INFO val_epe: 7.191
10/09 17:21 INFO Epoches: [46/100] ============================
10/09 17:21 INFO step: [1/375] | loss_1: 4.333 | loss_2: 5.884 | loss_3: 7.665 | epe: 8.124
10/09 17:22 INFO step: [201/375] | loss_1: 4.016 | loss_2: 5.440 | loss_3: 7.404 | epe: 7.299
10/09 17:23 INFO val_epe: 7.196
10/09 17:23 INFO Epoches: [47/100] ============================
10/09 17:23 INFO step: [1/375] | loss_1: 4.728 | loss_2: 6.283 | loss_3: 8.388 | epe: 7.903
10/09 17:23 INFO step: [201/375] | loss_1: 3.987 | loss_2: 5.392 | loss_3: 7.394 | epe: 7.342
10/09 17:24 INFO val_epe: 8.041
10/09 17:24 INFO Epoches: [48/100] ============================
10/09 17:24 INFO step: [1/375] | loss_1: 4.007 | loss_2: 5.636 | loss_3: 7.247 | epe: 7.715
10/09 17:25 INFO step: [201/375] | loss_1: 4.018 | loss_2: 5.436 | loss_3: 7.297 | epe: 7.308
10/09 17:26 INFO val_epe: 7.610
10/09 17:26 INFO Epoches: [49/100] ============================
10/09 17:26 INFO step: [1/375] | loss_1: 3.901 | loss_2: 5.472 | loss_3: 7.351 | epe: 7.632
10/09 17:26 INFO step: [201/375] | loss_1: 3.968 | loss_2: 5.404 | loss_3: 7.216 | epe: 7.189
10/09 17:27 INFO val_epe: 7.238
10/09 17:27 INFO Epoches: [50/100] ============================
10/09 17:27 INFO step: [1/375] | loss_1: 4.020 | loss_2: 5.436 | loss_3: 6.242 | epe: 6.695
10/09 17:27 INFO step: [201/375] | loss_1: 3.910 | loss_2: 5.331 | loss_3: 6.995 | epe: 7.073
10/09 17:28 INFO val_epe: 7.392
10/09 17:28 INFO Epoches: [51/100] ============================
10/09 17:28 INFO step: [1/375] | loss_1: 4.414 | loss_2: 5.829 | loss_3: 8.672 | epe: 7.960
10/09 17:29 INFO step: [201/375] | loss_1: 3.922 | loss_2: 5.340 | loss_3: 7.029 | epe: 7.040
10/09 17:30 INFO val_epe: 7.107
10/09 17:30 INFO Epoches: [52/100] ============================
10/09 17:30 INFO step: [1/375] | loss_1: 4.116 | loss_2: 5.717 | loss_3: 5.704 | epe: 6.159
10/09 17:30 INFO step: [201/375] | loss_1: 4.012 | loss_2: 5.451 | loss_3: 7.279 | epe: 7.148
10/09 17:31 INFO val_epe: 7.342
10/09 17:31 INFO Epoches: [53/100] ============================
10/09 17:31 INFO step: [1/375] | loss_1: 4.945 | loss_2: 6.307 | loss_3: 8.144 | epe: 8.594
10/09 17:32 INFO step: [201/375] | loss_1: 3.963 | loss_2: 5.390 | loss_3: 7.238 | epe: 7.085
10/09 17:32 INFO val_epe: 7.430
10/09 17:32 INFO Epoches: [54/100] ============================
10/09 17:32 INFO step: [1/375] | loss_1: 5.761 | loss_2: 7.338 | loss_3: 11.842 | epe: 12.179
10/09 17:33 INFO step: [201/375] | loss_1: 3.990 | loss_2: 5.434 | loss_3: 7.019 | epe: 7.053
10/09 17:34 INFO val_epe: 6.974
10/09 17:34 INFO Epoches: [55/100] ============================
10/09 17:34 INFO step: [1/375] | loss_1: 7.330 | loss_2: 8.954 | loss_3: 12.722 | epe: 12.513
10/09 17:34 INFO step: [201/375] | loss_1: 3.992 | loss_2: 5.413 | loss_3: 7.187 | epe: 7.058
10/09 17:35 INFO val_epe: 7.105
10/09 17:35 INFO Epoches: [56/100] ============================
10/09 17:35 INFO step: [1/375] | loss_1: 3.166 | loss_2: 4.412 | loss_3: 5.505 | epe: 5.945
10/09 17:36 INFO step: [201/375] | loss_1: 3.897 | loss_2: 5.321 | loss_3: 7.054 | epe: 6.936
10/09 17:36 INFO val_epe: 7.208
10/09 17:36 INFO Epoches: [57/100] ============================
10/09 17:36 INFO step: [1/375] | loss_1: 3.920 | loss_2: 5.037 | loss_3: 6.982 | epe: 7.426
10/09 17:37 INFO step: [201/375] | loss_1: 3.923 | loss_2: 5.359 | loss_3: 6.944 | epe: 6.903
10/09 17:38 INFO val_epe: 6.998
10/09 17:38 INFO Epoches: [58/100] ============================
10/09 17:38 INFO step: [1/375] | loss_1: 4.537 | loss_2: 5.593 | loss_3: 11.495 | epe: 7.550
10/09 17:38 INFO step: [201/375] | loss_1: 4.014 | loss_2: 5.447 | loss_3: 7.053 | epe: 6.958
10/09 17:39 INFO val_epe: 6.795
10/09 17:39 INFO Epoches: [59/100] ============================
10/09 17:39 INFO step: [1/375] | loss_1: 3.854 | loss_2: 5.162 | loss_3: 7.152 | epe: 6.461
10/09 17:40 INFO step: [201/375] | loss_1: 3.918 | loss_2: 5.351 | loss_3: 6.866 | epe: 6.859
10/09 17:41 INFO val_epe: 7.322
10/09 17:41 INFO Epoches: [60/100] ============================
10/09 17:41 INFO step: [1/375] | loss_1: 4.889 | loss_2: 6.362 | loss_3: 7.677 | epe: 8.127
10/09 17:41 INFO step: [201/375] | loss_1: 3.956 | loss_2: 5.414 | loss_3: 6.895 | epe: 6.974
10/09 17:42 INFO val_epe: 7.290
10/09 17:42 INFO Epoches: [61/100] ============================
10/09 17:42 INFO step: [1/375] | loss_1: 4.849 | loss_2: 6.288 | loss_3: 6.193 | epe: 7.538
10/09 17:43 INFO step: [201/375] | loss_1: 3.861 | loss_2: 5.300 | loss_3: 6.689 | epe: 6.699
10/09 17:43 INFO val_epe: 7.015
10/09 17:43 INFO Epoches: [62/100] ============================
10/09 17:43 INFO step: [1/375] | loss_1: 2.636 | loss_2: 3.998 | loss_3: 5.077 | epe: 5.520
10/09 17:44 INFO step: [201/375] | loss_1: 3.884 | loss_2: 5.325 | loss_3: 6.730 | epe: 6.772
10/09 17:45 INFO val_epe: 7.090
10/09 17:45 INFO Epoches: [63/100] ============================
10/09 17:45 INFO step: [1/375] | loss_1: 6.089 | loss_2: 7.689 | loss_3: 10.481 | epe: 10.917
10/09 17:45 INFO step: [201/375] | loss_1: 3.939 | loss_2: 5.394 | loss_3: 6.713 | epe: 6.716
10/09 17:46 INFO val_epe: 6.941
10/09 17:46 INFO Epoches: [64/100] ============================
10/09 17:46 INFO step: [1/375] | loss_1: 5.313 | loss_2: 6.942 | loss_3: 6.285 | epe: 6.734
10/09 17:47 INFO step: [201/375] | loss_1: 3.907 | loss_2: 5.346 | loss_3: 6.722 | epe: 6.711
10/09 17:47 INFO val_epe: 6.900
10/09 17:47 INFO Epoches: [65/100] ============================
10/09 17:47 INFO step: [1/375] | loss_1: 3.402 | loss_2: 4.869 | loss_3: 6.508 | epe: 6.951
10/09 17:48 INFO step: [201/375] | loss_1: 3.817 | loss_2: 5.255 | loss_3: 6.615 | epe: 6.639
10/09 17:49 INFO val_epe: 6.822
10/09 17:49 INFO Epoches: [66/100] ============================
10/09 17:49 INFO step: [1/375] | loss_1: 4.066 | loss_2: 5.539 | loss_3: 6.803 | epe: 7.252
10/09 17:49 INFO step: [201/375] | loss_1: 3.979 | loss_2: 5.430 | loss_3: 6.893 | epe: 6.872
10/09 17:50 INFO val_epe: 6.811
10/09 17:50 INFO Epoches: [67/100] ============================
10/09 17:50 INFO step: [1/375] | loss_1: 3.917 | loss_2: 5.430 | loss_3: 5.025 | epe: 5.462
10/09 17:51 INFO step: [201/375] | loss_1: 3.852 | loss_2: 5.299 | loss_3: 6.553 | epe: 6.656
10/09 17:52 INFO val_epe: 6.891
10/09 17:52 INFO Epoches: [68/100] ============================
10/09 17:52 INFO step: [1/375] | loss_1: 5.175 | loss_2: 6.712 | loss_3: 8.624 | epe: 8.541
10/09 17:52 INFO step: [201/375] | loss_1: 3.828 | loss_2: 5.263 | loss_3: 6.532 | epe: 6.647
10/09 17:53 INFO val_epe: 6.662
10/09 17:53 INFO Epoches: [69/100] ============================
10/09 17:53 INFO step: [1/375] | loss_1: 3.313 | loss_2: 4.795 | loss_3: 5.898 | epe: 6.298
10/09 17:54 INFO step: [201/375] | loss_1: 3.879 | loss_2: 5.330 | loss_3: 6.637 | epe: 6.640
10/09 17:54 INFO val_epe: 7.004
10/09 17:54 INFO Epoches: [70/100] ============================
10/09 17:54 INFO step: [1/375] | loss_1: 2.502 | loss_2: 3.828 | loss_3: 4.747 | epe: 5.180
10/09 17:55 INFO step: [201/375] | loss_1: 3.946 | loss_2: 5.386 | loss_3: 6.776 | epe: 6.810
10/09 17:56 INFO val_epe: 6.815
10/09 17:56 INFO Epoches: [71/100] ============================
10/09 17:56 INFO step: [1/375] | loss_1: 4.325 | loss_2: 5.799 | loss_3: 6.491 | epe: 6.937
10/09 17:56 INFO step: [201/375] | loss_1: 3.826 | loss_2: 5.258 | loss_3: 6.461 | epe: 6.537
10/09 17:57 INFO val_epe: 6.772
10/09 17:57 INFO Epoches: [72/100] ============================
10/09 17:57 INFO step: [1/375] | loss_1: 2.212 | loss_2: 3.236 | loss_3: 4.473 | epe: 4.900
10/09 17:58 INFO step: [201/375] | loss_1: 3.824 | loss_2: 5.257 | loss_3: 6.491 | epe: 6.523
10/09 17:58 INFO val_epe: 6.765
10/09 17:58 INFO Epoches: [73/100] ============================
10/09 17:58 INFO step: [1/375] | loss_1: 3.608 | loss_2: 4.976 | loss_3: 5.548 | epe: 5.997
10/09 17:59 INFO step: [201/375] | loss_1: 3.903 | loss_2: 5.355 | loss_3: 6.599 | epe: 6.652
10/09 18:00 INFO val_epe: 6.891
10/09 18:00 INFO Epoches: [74/100] ============================
10/09 18:00 INFO step: [1/375] | loss_1: 3.320 | loss_2: 4.770 | loss_3: 5.415 | epe: 5.859
10/09 18:00 INFO step: [201/375] | loss_1: 3.860 | loss_2: 5.296 | loss_3: 6.518 | epe: 6.561
10/09 18:01 INFO val_epe: 6.961
10/09 18:01 INFO Epoches: [75/100] ============================
10/09 18:01 INFO step: [1/375] | loss_1: 5.559 | loss_2: 7.254 | loss_3: 8.405 | epe: 8.347
10/09 18:02 INFO step: [201/375] | loss_1: 3.901 | loss_2: 5.358 | loss_3: 6.467 | epe: 6.574
10/09 18:02 INFO val_epe: 6.799
10/09 18:02 INFO Epoches: [76/100] ============================
10/09 18:03 INFO step: [1/375] | loss_1: 3.004 | loss_2: 4.436 | loss_3: 4.583 | epe: 5.014
10/09 18:03 INFO step: [201/375] | loss_1: 3.901 | loss_2: 5.350 | loss_3: 6.526 | epe: 6.540
10/09 18:04 INFO val_epe: 6.768
10/09 18:04 INFO Epoches: [77/100] ============================
10/09 18:04 INFO step: [1/375] | loss_1: 3.828 | loss_2: 5.334 | loss_3: 7.230 | epe: 7.431
10/09 18:04 INFO step: [201/375] | loss_1: 3.867 | loss_2: 5.316 | loss_3: 6.459 | epe: 6.538
10/09 18:05 INFO val_epe: 6.999
10/09 18:05 INFO Epoches: [78/100] ============================
10/09 18:05 INFO step: [1/375] | loss_1: 4.075 | loss_2: 5.504 | loss_3: 8.589 | epe: 7.479
10/09 18:06 INFO step: [201/375] | loss_1: 3.899 | loss_2: 5.337 | loss_3: 6.527 | epe: 6.638
10/09 18:07 INFO val_epe: 6.842
10/09 18:07 INFO Epoches: [79/100] ============================
10/09 18:07 INFO step: [1/375] | loss_1: 3.414 | loss_2: 4.974 | loss_3: 7.055 | epe: 6.591
10/09 18:07 INFO step: [201/375] | loss_1: 3.836 | loss_2: 5.290 | loss_3: 6.405 | epe: 6.451
10/09 18:08 INFO val_epe: 7.259
10/09 18:08 INFO Epoches: [80/100] ============================
10/09 18:08 INFO step: [1/375] | loss_1: 3.419 | loss_2: 4.826 | loss_3: 5.833 | epe: 6.268
10/09 18:09 INFO step: [201/375] | loss_1: 3.897 | loss_2: 5.342 | loss_3: 6.542 | epe: 6.523
10/09 18:09 INFO val_epe: 6.846
10/09 18:09 INFO Epoches: [81/100] ============================
10/09 18:09 INFO step: [1/375] | loss_1: 3.262 | loss_2: 4.648 | loss_3: 5.070 | epe: 5.502
10/09 18:10 INFO step: [201/375] | loss_1: 3.927 | loss_2: 5.376 | loss_3: 6.519 | epe: 6.514
10/09 18:11 INFO val_epe: 6.610
10/09 18:11 INFO Epoches: [82/100] ============================
10/09 18:11 INFO step: [1/375] | loss_1: 4.171 | loss_2: 5.663 | loss_3: 6.426 | epe: 6.886
10/09 18:11 INFO step: [201/375] | loss_1: 4.013 | loss_2: 5.486 | loss_3: 6.643 | epe: 6.652
10/09 18:12 INFO val_epe: 6.761
10/09 18:12 INFO Epoches: [83/100] ============================
10/09 18:12 INFO step: [1/375] | loss_1: 3.323 | loss_2: 4.889 | loss_3: 4.614 | epe: 5.060
10/09 18:13 INFO step: [201/375] | loss_1: 3.869 | loss_2: 5.311 | loss_3: 6.415 | epe: 6.495
10/09 18:13 INFO val_epe: 6.615
10/09 18:13 INFO Epoches: [84/100] ============================
10/09 18:13 INFO step: [1/375] | loss_1: 3.159 | loss_2: 4.739 | loss_3: 4.971 | epe: 5.411
10/09 18:14 INFO step: [201/375] | loss_1: 3.870 | loss_2: 5.322 | loss_3: 6.491 | epe: 6.500
10/09 18:15 INFO val_epe: 7.083
10/09 18:15 INFO Epoches: [85/100] ============================
10/09 18:15 INFO step: [1/375] | loss_1: 3.147 | loss_2: 4.658 | loss_3: 6.076 | epe: 5.969
10/09 18:15 INFO step: [201/375] | loss_1: 3.871 | loss_2: 5.338 | loss_3: 6.292 | epe: 6.445
10/09 18:16 INFO val_epe: 6.698
10/09 18:16 INFO Epoches: [86/100] ============================
10/09 18:16 INFO step: [1/375] | loss_1: 4.383 | loss_2: 5.940 | loss_3: 5.691 | epe: 6.061
10/09 18:17 INFO step: [201/375] | loss_1: 3.937 | loss_2: 5.406 | loss_3: 6.396 | epe: 6.543
10/09 18:18 INFO val_epe: 6.839
10/09 18:18 INFO Epoches: [87/100] ============================
10/09 18:18 INFO step: [1/375] | loss_1: 4.892 | loss_2: 6.295 | loss_3: 9.028 | epe: 8.489
10/09 18:18 INFO step: [201/375] | loss_1: 3.858 | loss_2: 5.323 | loss_3: 6.335 | epe: 6.406
10/09 18:19 INFO val_epe: 6.617
10/09 18:19 INFO Epoches: [88/100] ============================
10/09 18:19 INFO step: [1/375] | loss_1: 2.775 | loss_2: 4.277 | loss_3: 4.957 | epe: 5.400
10/09 18:20 INFO step: [201/375] | loss_1: 3.789 | loss_2: 5.271 | loss_3: 6.220 | epe: 6.397
10/09 18:20 INFO val_epe: 6.549
10/09 18:20 INFO Epoches: [89/100] ============================
10/09 18:20 INFO step: [1/375] | loss_1: 4.114 | loss_2: 5.234 | loss_3: 8.871 | epe: 7.827
10/09 18:21 INFO step: [201/375] | loss_1: 3.907 | loss_2: 5.362 | loss_3: 6.391 | epe: 6.504
10/09 18:22 INFO val_epe: 6.924
10/09 18:22 INFO Epoches: [90/100] ============================
10/09 18:22 INFO step: [1/375] | loss_1: 4.437 | loss_2: 6.064 | loss_3: 6.885 | epe: 7.044
10/09 18:22 INFO step: [201/375] | loss_1: 3.840 | loss_2: 5.303 | loss_3: 6.304 | epe: 6.440
10/09 18:23 INFO val_epe: 6.745
10/09 18:23 INFO Epoches: [91/100] ============================
10/09 18:23 INFO step: [1/375] | loss_1: 4.664 | loss_2: 6.086 | loss_3: 6.630 | epe: 7.074
10/09 18:24 INFO step: [201/375] | loss_1: 3.928 | loss_2: 5.390 | loss_3: 6.417 | epe: 6.460
10/09 18:24 INFO val_epe: 7.061
10/09 18:24 INFO Epoches: [92/100] ============================
10/09 18:24 INFO step: [1/375] | loss_1: 3.282 | loss_2: 4.595 | loss_3: 6.212 | epe: 5.616
10/09 18:25 INFO step: [201/375] | loss_1: 3.923 | loss_2: 5.372 | loss_3: 6.476 | epe: 6.499
10/09 18:26 INFO val_epe: 6.439
10/09 18:26 INFO Epoches: [93/100] ============================
10/09 18:26 INFO step: [1/375] | loss_1: 3.921 | loss_2: 5.608 | loss_3: 5.165 | epe: 5.618
10/09 18:26 INFO step: [201/375] | loss_1: 3.899 | loss_2: 5.374 | loss_3: 6.341 | epe: 6.441
10/09 18:27 INFO val_epe: 6.771
10/09 18:27 INFO Epoches: [94/100] ============================
10/09 18:27 INFO step: [1/375] | loss_1: 2.363 | loss_2: 3.713 | loss_3: 4.892 | epe: 3.916
10/09 18:28 INFO step: [201/375] | loss_1: 3.950 | loss_2: 5.413 | loss_3: 6.573 | epe: 6.606
10/09 18:29 INFO val_epe: 6.707
10/09 18:29 INFO Epoches: [95/100] ============================
10/09 18:29 INFO step: [1/375] | loss_1: 4.698 | loss_2: 6.216 | loss_3: 6.085 | epe: 6.544
10/09 18:29 INFO step: [201/375] | loss_1: 3.773 | loss_2: 5.235 | loss_3: 6.224 | epe: 6.313
10/09 18:30 INFO val_epe: 6.545
10/09 18:30 INFO Epoches: [96/100] ============================
10/09 18:30 INFO step: [1/375] | loss_1: 2.825 | loss_2: 4.340 | loss_3: 3.740 | epe: 4.719
10/09 18:31 INFO step: [201/375] | loss_1: 3.921 | loss_2: 5.399 | loss_3: 6.465 | epe: 6.500
10/09 18:31 INFO val_epe: 6.699
10/09 18:31 INFO Epoches: [97/100] ============================
10/09 18:31 INFO step: [1/375] | loss_1: 5.338 | loss_2: 6.797 | loss_3: 8.599 | epe: 8.186
10/09 18:32 INFO step: [201/375] | loss_1: 3.903 | loss_2: 5.357 | loss_3: 6.396 | epe: 6.480
10/09 18:33 INFO val_epe: 6.732
10/09 18:33 INFO Epoches: [98/100] ============================
10/09 18:33 INFO step: [1/375] | loss_1: 2.784 | loss_2: 4.191 | loss_3: 4.960 | epe: 5.394
10/09 18:33 INFO step: [201/375] | loss_1: 3.894 | loss_2: 5.372 | loss_3: 6.212 | epe: 6.312
10/09 18:34 INFO val_epe: 6.820
10/09 18:34 INFO Epoches: [99/100] ============================
10/09 18:34 INFO step: [1/375] | loss_1: 3.606 | loss_2: 4.978 | loss_3: 7.416 | epe: 6.649
10/09 18:35 INFO step: [201/375] | loss_1: 3.884 | loss_2: 5.353 | loss_3: 6.379 | epe: 6.437
10/09 18:35 INFO val_epe: 6.783
10/09 18:35 INFO Epoches: [100/100] ============================
10/09 18:35 INFO step: [1/375] | loss_1: 3.758 | loss_2: 5.365 | loss_3: 6.129 | epe: 6.577
10/09 18:36 INFO step: [201/375] | loss_1: 3.893 | loss_2: 5.334 | loss_3: 6.716 | epe: 6.761
10/09 18:37 INFO val_epe: 7.241
10/09 18:37 INFO Final epe is 6.439 
10/09 18:37 INFO Train end.
