10/09 19:42 INFO save_path: ./pth
10/09 19:42 INFO save_epe: 8.0
10/09 19:42 INFO data_path: /home/liqi/Code/Scene_Flow_Datasets/
10/09 19:42 INFO pth_load: ./003_6.82.pth
10/09 19:42 INFO device: cuda:0
10/09 19:42 INFO seed: 7777
10/09 19:42 INFO train_EPOCHS: 100
10/09 19:42 INFO train_lr: 0.01
10/09 19:42 INFO start_disp: 0
10/09 19:42 INFO end_disp: 192
10/09 19:42 INFO sparse: False
10/09 19:42 INFO batch_size: 8
10/09 19:42 INFO grad_clip_value: 1.0
10/09 19:42 INFO Train start.
10/09 19:42 INFO Epoches: [1/100] ============================
10/09 19:42 INFO step: [1/375] | loss_1: 18.862 | loss_2: 10.847 | loss_3: 187.450 | epe: 187.949
10/09 19:43 INFO step: [201/375] | loss_1: 6.854 | loss_2: 9.276 | loss_3: 55.774 | epe: 56.035
10/09 19:43 INFO val_epe: 51.794
10/09 19:43 INFO Epoches: [2/100] ============================
10/09 19:43 INFO step: [1/375] | loss_1: 5.641 | loss_2: 8.566 | loss_3: 49.918 | epe: 50.314
10/09 19:44 INFO step: [201/375] | loss_1: 5.162 | loss_2: 9.081 | loss_3: 51.279 | epe: 51.235
10/09 19:45 INFO val_epe: 52.209
10/09 19:45 INFO Epoches: [3/100] ============================
10/09 19:45 INFO step: [1/375] | loss_1: 4.655 | loss_2: 9.676 | loss_3: 49.567 | epe: 49.486
10/09 19:45 INFO step: [201/375] | loss_1: 4.867 | loss_2: 9.202 | loss_3: 53.634 | epe: 53.515
10/09 19:46 INFO val_epe: 58.361
10/09 19:46 INFO Epoches: [4/100] ============================
10/09 19:46 INFO step: [1/375] | loss_1: 6.266 | loss_2: 11.529 | loss_3: 63.872 | epe: 58.707
10/09 19:47 INFO step: [201/375] | loss_1: 3.771 | loss_2: 9.112 | loss_3: 59.381 | epe: 58.890
10/09 19:47 INFO val_epe: 64.242
10/09 19:47 INFO Epoches: [5/100] ============================
10/09 19:47 INFO step: [1/375] | loss_1: 2.387 | loss_2: 7.709 | loss_3: 52.555 | epe: 53.054
10/09 19:48 INFO step: [201/375] | loss_1: 2.604 | loss_2: 9.155 | loss_3: 61.079 | epe: 60.620
10/09 19:49 INFO val_epe: 62.331
10/09 19:49 INFO Epoches: [6/100] ============================
10/09 19:49 INFO step: [1/375] | loss_1: 2.586 | loss_2: 9.269 | loss_3: 58.081 | epe: 58.396
10/09 19:49 INFO step: [201/375] | loss_1: 2.284 | loss_2: 9.076 | loss_3: 60.320 | epe: 59.984
10/09 19:50 INFO val_epe: 63.227
10/09 19:50 INFO Epoches: [7/100] ============================
10/09 19:50 INFO step: [1/375] | loss_1: 1.357 | loss_2: 8.185 | loss_3: 51.578 | epe: 52.077
10/09 19:51 INFO step: [201/375] | loss_1: 2.068 | loss_2: 9.024 | loss_3: 59.598 | epe: 59.406
10/09 19:52 INFO val_epe: 62.384
10/09 19:52 INFO Epoches: [8/100] ============================
10/09 19:52 INFO step: [1/375] | loss_1: 1.240 | loss_2: 7.570 | loss_3: 50.270 | epe: 50.770
10/09 19:52 INFO step: [201/375] | loss_1: 1.962 | loss_2: 9.109 | loss_3: 59.934 | epe: 59.882
10/09 19:53 INFO val_epe: 62.650
10/09 19:53 INFO Epoches: [9/100] ============================
10/09 19:53 INFO step: [1/375] | loss_1: 1.671 | loss_2: 9.685 | loss_3: 61.750 | epe: 62.249
10/09 19:54 INFO step: [201/375] | loss_1: 1.866 | loss_2: 9.216 | loss_3: 60.712 | epe: 60.381
10/09 19:54 INFO val_epe: 62.725
10/09 19:54 INFO Epoches: [10/100] ============================
10/09 19:54 INFO step: [1/375] | loss_1: 2.563 | loss_2: 10.547 | loss_3: 66.551 | epe: 64.990
10/09 19:55 INFO step: [201/375] | loss_1: 1.858 | loss_2: 9.164 | loss_3: 60.083 | epe: 59.875
10/09 19:56 INFO val_epe: 63.383
10/09 19:56 INFO Epoches: [11/100] ============================
10/09 19:56 INFO step: [1/375] | loss_1: 1.245 | loss_2: 8.550 | loss_3: 57.104 | epe: 57.604
10/09 19:56 INFO step: [201/375] | loss_1: 1.709 | loss_2: 9.061 | loss_3: 59.750 | epe: 59.792
10/09 19:57 INFO val_epe: 62.697
10/09 19:57 INFO Epoches: [12/100] ============================
10/09 19:57 INFO step: [1/375] | loss_1: 1.519 | loss_2: 10.579 | loss_3: 63.334 | epe: 63.834
10/09 19:58 INFO step: [201/375] | loss_1: 1.722 | loss_2: 9.101 | loss_3: 59.871 | epe: 59.649
10/09 19:58 INFO val_epe: 62.707
10/09 19:58 INFO Epoches: [13/100] ============================
10/09 19:58 INFO step: [1/375] | loss_1: 1.480 | loss_2: 8.372 | loss_3: 57.753 | epe: 58.253
10/09 19:59 INFO step: [201/375] | loss_1: 1.632 | loss_2: 9.143 | loss_3: 59.842 | epe: 60.027
10/09 20:00 INFO val_epe: 63.010
10/09 20:00 INFO Epoches: [14/100] ============================
10/09 20:00 INFO step: [1/375] | loss_1: 1.490 | loss_2: 9.239 | loss_3: 59.723 | epe: 60.223
10/09 20:00 INFO step: [201/375] | loss_1: 1.596 | loss_2: 9.097 | loss_3: 59.997 | epe: 59.772
10/09 20:01 INFO val_epe: 63.966
10/09 20:01 INFO Epoches: [15/100] ============================
10/09 20:01 INFO step: [1/375] | loss_1: 1.248 | loss_2: 8.287 | loss_3: 57.417 | epe: 57.917
10/09 20:02 INFO step: [201/375] | loss_1: 1.601 | loss_2: 9.079 | loss_3: 59.940 | epe: 59.903
10/09 20:03 INFO val_epe: 62.505
10/09 20:03 INFO Epoches: [16/100] ============================
10/09 20:03 INFO step: [1/375] | loss_1: 1.055 | loss_2: 8.334 | loss_3: 54.778 | epe: 55.277
10/09 20:03 INFO step: [201/375] | loss_1: 1.555 | loss_2: 9.136 | loss_3: 60.187 | epe: 60.031
10/09 20:04 INFO val_epe: 61.391
10/09 20:04 INFO Epoches: [17/100] ============================
10/09 20:04 INFO step: [1/375] | loss_1: 1.634 | loss_2: 9.549 | loss_3: 61.745 | epe: 62.245
10/09 20:05 INFO step: [201/375] | loss_1: 1.472 | loss_2: 9.023 | loss_3: 59.266 | epe: 59.359
10/09 20:05 INFO val_epe: 62.444
10/09 20:05 INFO Epoches: [18/100] ============================
10/09 20:05 INFO step: [1/375] | loss_1: 0.794 | loss_2: 7.039 | loss_3: 48.637 | epe: 49.137
10/09 20:06 INFO step: [201/375] | loss_1: 1.510 | loss_2: 9.080 | loss_3: 59.568 | epe: 59.438
10/09 20:07 INFO val_epe: 62.620
10/09 20:07 INFO Epoches: [19/100] ============================
10/09 20:07 INFO step: [1/375] | loss_1: 1.124 | loss_2: 9.998 | loss_3: 60.156 | epe: 60.656
10/09 20:07 INFO step: [201/375] | loss_1: 1.498 | loss_2: 9.101 | loss_3: 59.812 | epe: 59.691
10/09 20:08 INFO val_epe: 62.561
10/09 20:08 INFO Epoches: [20/100] ============================
10/09 20:08 INFO step: [1/375] | loss_1: 1.123 | loss_2: 9.044 | loss_3: 57.770 | epe: 58.270
10/09 20:09 INFO step: [201/375] | loss_1: 1.457 | loss_2: 9.106 | loss_3: 59.950 | epe: 59.718
10/09 20:09 INFO val_epe: 62.573
10/09 20:09 INFO Epoches: [21/100] ============================
10/09 20:09 INFO step: [1/375] | loss_1: 1.104 | loss_2: 10.389 | loss_3: 64.947 | epe: 65.447
10/09 20:10 INFO step: [201/375] | loss_1: 1.493 | loss_2: 9.184 | loss_3: 60.218 | epe: 59.779
10/09 20:11 INFO val_epe: 62.065
10/09 20:11 INFO Epoches: [22/100] ============================
10/09 20:11 INFO step: [1/375] | loss_1: 1.008 | loss_2: 7.774 | loss_3: 58.066 | epe: 58.566
10/09 20:11 INFO step: [201/375] | loss_1: 1.463 | loss_2: 9.180 | loss_3: 60.061 | epe: 59.869
10/09 20:12 INFO val_epe: 62.896
10/09 20:12 INFO Epoches: [23/100] ============================
10/09 20:12 INFO step: [1/375] | loss_1: 0.851 | loss_2: 7.370 | loss_3: 52.895 | epe: 53.395
10/09 20:13 INFO step: [201/375] | loss_1: 1.366 | loss_2: 9.073 | loss_3: 59.479 | epe: 59.479
10/09 20:14 INFO val_epe: 62.658
10/09 20:14 INFO Epoches: [24/100] ============================
10/09 20:14 INFO step: [1/375] | loss_1: 1.358 | loss_2: 10.097 | loss_3: 62.784 | epe: 63.283
10/09 20:14 INFO step: [201/375] | loss_1: 1.370 | loss_2: 9.167 | loss_3: 60.019 | epe: 59.920
10/09 20:15 INFO val_epe: 61.664
10/09 20:15 INFO Epoches: [25/100] ============================
10/09 20:15 INFO step: [1/375] | loss_1: 0.981 | loss_2: 8.842 | loss_3: 55.772 | epe: 56.271
10/09 20:15 INFO step: [201/375] | loss_1: 1.314 | loss_2: 9.201 | loss_3: 60.134 | epe: 60.169
10/09 20:16 INFO val_epe: 62.725
10/09 20:16 INFO Epoches: [26/100] ============================
10/09 20:16 INFO step: [1/375] | loss_1: 1.594 | loss_2: 8.446 | loss_3: 56.049 | epe: 53.886
10/09 20:17 INFO step: [201/375] | loss_1: 1.286 | loss_2: 9.140 | loss_3: 59.826 | epe: 59.800
10/09 20:18 INFO val_epe: 62.903
10/09 20:18 INFO Epoches: [27/100] ============================
10/09 20:18 INFO step: [1/375] | loss_1: 1.409 | loss_2: 10.157 | loss_3: 64.025 | epe: 63.593
10/09 20:18 INFO step: [201/375] | loss_1: 1.299 | loss_2: 9.137 | loss_3: 59.521 | epe: 59.709
10/09 20:19 INFO val_epe: 62.811
10/09 20:19 INFO Epoches: [28/100] ============================
10/09 20:19 INFO step: [1/375] | loss_1: 1.312 | loss_2: 10.493 | loss_3: 63.259 | epe: 63.759
10/09 20:20 INFO step: [201/375] | loss_1: 1.294 | loss_2: 9.047 | loss_3: 59.408 | epe: 59.520
10/09 20:20 INFO val_epe: 62.914
10/09 20:20 INFO Epoches: [29/100] ============================
10/09 20:20 INFO step: [1/375] | loss_1: 1.256 | loss_2: 8.995 | loss_3: 57.711 | epe: 57.921
10/09 20:21 INFO step: [201/375] | loss_1: 1.294 | loss_2: 9.059 | loss_3: 59.210 | epe: 59.296
10/09 20:22 INFO val_epe: 62.183
10/09 20:22 INFO Epoches: [30/100] ============================
10/09 20:22 INFO step: [1/375] | loss_1: 1.017 | loss_2: 8.191 | loss_3: 55.038 | epe: 55.538
10/09 20:22 INFO step: [201/375] | loss_1: 1.281 | loss_2: 9.159 | loss_3: 59.957 | epe: 59.910
10/09 20:23 INFO val_epe: 61.897
10/09 20:23 INFO Epoches: [31/100] ============================
10/09 20:23 INFO step: [1/375] | loss_1: 0.965 | loss_2: 8.392 | loss_3: 52.459 | epe: 60.421
10/09 20:24 INFO step: [201/375] | loss_1: 1.296 | loss_2: 9.246 | loss_3: 60.139 | epe: 60.057
10/09 20:24 INFO val_epe: 63.493
10/09 20:24 INFO Epoches: [32/100] ============================
10/09 20:24 INFO step: [1/375] | loss_1: 0.922 | loss_2: 10.324 | loss_3: 65.176 | epe: 65.676
10/09 20:25 INFO step: [201/375] | loss_1: 1.198 | loss_2: 8.998 | loss_3: 59.054 | epe: 59.325
10/09 20:26 INFO val_epe: 63.693
10/09 20:26 INFO Epoches: [33/100] ============================
10/09 20:26 INFO step: [1/375] | loss_1: 0.988 | loss_2: 9.212 | loss_3: 60.407 | epe: 60.906
10/09 20:26 INFO step: [201/375] | loss_1: 1.239 | loss_2: 9.037 | loss_3: 59.163 | epe: 59.226
10/09 20:27 INFO val_epe: 62.531
10/09 20:27 INFO Epoches: [34/100] ============================
10/09 20:27 INFO step: [1/375] | loss_1: 1.299 | loss_2: 10.905 | loss_3: 64.772 | epe: 65.272
10/09 20:28 INFO step: [201/375] | loss_1: 1.212 | loss_2: 9.179 | loss_3: 59.709 | epe: 59.831
10/09 20:29 INFO val_epe: 61.532
10/09 20:29 INFO Epoches: [35/100] ============================
10/09 20:29 INFO step: [1/375] | loss_1: 0.724 | loss_2: 7.217 | loss_3: 48.913 | epe: 49.413
10/09 20:29 INFO step: [201/375] | loss_1: 1.146 | loss_2: 8.999 | loss_3: 58.947 | epe: 59.200
10/09 20:30 INFO val_epe: 61.865
10/09 20:30 INFO Epoches: [36/100] ============================
10/09 20:30 INFO step: [1/375] | loss_1: 2.796 | loss_2: 11.948 | loss_3: 67.281 | epe: 65.749
10/09 20:31 INFO step: [201/375] | loss_1: 1.239 | loss_2: 9.120 | loss_3: 59.448 | epe: 59.826
10/09 20:31 INFO val_epe: 61.505
10/09 20:31 INFO Epoches: [37/100] ============================
10/09 20:31 INFO step: [1/375] | loss_1: 1.055 | loss_2: 8.589 | loss_3: 54.983 | epe: 55.483
10/09 20:32 INFO step: [201/375] | loss_1: 1.133 | loss_2: 9.100 | loss_3: 59.084 | epe: 59.429
10/09 20:33 INFO val_epe: 61.845
10/09 20:33 INFO Epoches: [38/100] ============================
10/09 20:33 INFO step: [1/375] | loss_1: 0.898 | loss_2: 9.511 | loss_3: 60.508 | epe: 61.008
10/09 20:33 INFO step: [201/375] | loss_1: 1.252 | loss_2: 9.174 | loss_3: 59.819 | epe: 60.080
10/09 20:34 INFO val_epe: 62.572
10/09 20:34 INFO Epoches: [39/100] ============================
10/09 20:34 INFO step: [1/375] | loss_1: 1.844 | loss_2: 8.964 | loss_3: 63.617 | epe: 59.545
10/09 20:35 INFO step: [201/375] | loss_1: 1.124 | loss_2: 8.780 | loss_3: 57.720 | epe: 58.037
10/09 20:35 INFO val_epe: 62.978
10/09 20:35 INFO Epoches: [40/100] ============================
10/09 20:35 INFO step: [1/375] | loss_1: 1.428 | loss_2: 8.854 | loss_3: 58.394 | epe: 57.603
10/09 20:36 INFO step: [201/375] | loss_1: 1.090 | loss_2: 9.212 | loss_3: 59.784 | epe: 60.173
10/09 20:37 INFO val_epe: 61.836
10/09 20:37 INFO Epoches: [41/100] ============================
10/09 20:37 INFO step: [1/375] | loss_1: 0.587 | loss_2: 7.073 | loss_3: 48.276 | epe: 48.776
10/09 20:37 INFO step: [201/375] | loss_1: 1.120 | loss_2: 9.130 | loss_3: 59.568 | epe: 59.978
10/09 20:38 INFO val_epe: 61.148
10/09 20:38 INFO Epoches: [42/100] ============================
10/09 20:38 INFO step: [1/375] | loss_1: 1.099 | loss_2: 9.206 | loss_3: 54.756 | epe: 63.077
10/09 20:39 INFO step: [201/375] | loss_1: 1.151 | loss_2: 9.136 | loss_3: 59.488 | epe: 59.855
10/09 20:40 INFO val_epe: 62.148
10/09 20:40 INFO Epoches: [43/100] ============================
10/09 20:40 INFO step: [1/375] | loss_1: 2.675 | loss_2: 10.848 | loss_3: 69.526 | epe: 64.713
10/09 20:40 INFO step: [201/375] | loss_1: 1.122 | loss_2: 8.889 | loss_3: 58.332 | epe: 58.562
10/09 20:41 INFO val_epe: 63.128
10/09 20:41 INFO Epoches: [44/100] ============================
10/09 20:41 INFO step: [1/375] | loss_1: 0.825 | loss_2: 6.005 | loss_3: 43.923 | epe: 49.487
10/09 20:42 INFO step: [201/375] | loss_1: 1.160 | loss_2: 9.066 | loss_3: 59.211 | epe: 59.569
10/09 20:42 INFO val_epe: 62.327
10/09 20:42 INFO Epoches: [45/100] ============================
10/09 20:42 INFO step: [1/375] | loss_1: 1.413 | loss_2: 10.166 | loss_3: 62.158 | epe: 62.658
10/09 20:43 INFO step: [201/375] | loss_1: 1.118 | loss_2: 8.943 | loss_3: 58.678 | epe: 58.976
10/09 20:44 INFO val_epe: 62.677
10/09 20:44 INFO Epoches: [46/100] ============================
10/09 20:44 INFO step: [1/375] | loss_1: 0.763 | loss_2: 9.118 | loss_3: 60.878 | epe: 61.377
10/09 20:44 INFO step: [201/375] | loss_1: 1.101 | loss_2: 9.109 | loss_3: 59.412 | epe: 59.661
10/09 20:45 INFO val_epe: 62.107
10/09 20:45 INFO Epoches: [47/100] ============================
10/09 20:45 INFO step: [1/375] | loss_1: 0.763 | loss_2: 8.871 | loss_3: 58.805 | epe: 59.305
10/09 20:46 INFO step: [201/375] | loss_1: 1.063 | loss_2: 9.163 | loss_3: 59.536 | epe: 59.904
10/09 20:47 INFO val_epe: 62.339
10/09 20:47 INFO Epoches: [48/100] ============================
10/09 20:47 INFO step: [1/375] | loss_1: 1.086 | loss_2: 10.424 | loss_3: 62.626 | epe: 63.126
