10/10 22:46 INFO save_path: ./pth
10/10 22:46 INFO save_epe: 8.0
10/10 22:46 INFO data_path: /home/liqi/Code/Scene_Flow_Datasets/
10/10 22:46 INFO pth_load: ./003_6.82.pth
10/10 22:46 INFO device: cuda:0
10/10 22:46 INFO seed: 7777
10/10 22:46 INFO train_EPOCHS: 300
10/10 22:46 INFO train_lr: 0.01
10/10 22:46 INFO start_disp: 0
10/10 22:46 INFO end_disp: 192
10/10 22:46 INFO sparse: False
10/10 22:46 INFO batch_size: 8
10/10 22:46 INFO grad_clip_value: 1.0
10/10 22:46 INFO Train start.
10/10 22:46 INFO Epoches: [1/300] ============================
10/10 22:46 INFO step: [1/375] | loss_1: 13.293 | loss_2: 16.011 | loss_3: 16.205 | epe: 0.000
10/10 22:46 INFO step: [201/375] | loss_1: 6.487 | loss_2: 6.511 | loss_3: nan | epe: 0.000
10/10 22:47 INFO val_epe: 0.000
10/10 22:47 INFO Epoches: [2/300] ============================
10/10 22:47 INFO step: [1/375] | loss_1: 4.896 | loss_2: 4.613 | loss_3: 4.819 | epe: 0.000
10/10 22:47 INFO step: [201/375] | loss_1: 5.197 | loss_2: 4.972 | loss_3: 5.040 | epe: 0.000
10/10 22:48 INFO val_epe: 0.000
10/10 22:48 INFO Epoches: [3/300] ============================
10/10 22:48 INFO step: [1/375] | loss_1: 4.244 | loss_2: 3.775 | loss_3: 4.035 | epe: 0.000
10/10 22:49 INFO step: [201/375] | loss_1: 4.208 | loss_2: 4.009 | loss_3: 4.030 | epe: 0.000
10/10 22:49 INFO val_epe: 0.000
10/10 22:49 INFO Epoches: [4/300] ============================
10/10 22:49 INFO step: [1/375] | loss_1: 2.764 | loss_2: 3.037 | loss_3: 3.028 | epe: 0.000
10/10 22:50 INFO step: [201/375] | loss_1: 2.792 | loss_2: 2.737 | loss_3: 2.749 | epe: 0.000
10/10 22:50 INFO val_epe: 0.000
10/10 22:50 INFO Epoches: [5/300] ============================
10/10 22:50 INFO step: [1/375] | loss_1: 2.642 | loss_2: 2.615 | loss_3: 2.556 | epe: 0.000
10/10 22:51 INFO step: [201/375] | loss_1: 2.468 | loss_2: 2.415 | loss_3: 2.426 | epe: 0.000
10/10 22:52 INFO val_epe: 0.000
10/10 22:52 INFO Epoches: [6/300] ============================
10/10 22:52 INFO step: [1/375] | loss_1: 1.774 | loss_2: 1.713 | loss_3: 1.781 | epe: 0.000
10/10 22:52 INFO step: [201/375] | loss_1: 2.309 | loss_2: 2.268 | loss_3: 2.276 | epe: 0.000
10/10 22:53 INFO val_epe: 0.000
10/10 22:53 INFO Epoches: [7/300] ============================
10/10 22:53 INFO step: [1/375] | loss_1: 2.288 | loss_2: 2.193 | loss_3: 2.151 | epe: 0.000
10/10 22:53 INFO step: [201/375] | loss_1: 2.175 | loss_2: 2.131 | loss_3: 2.137 | epe: 0.000
10/10 22:54 INFO val_epe: 0.000
10/10 22:54 INFO Epoches: [8/300] ============================
10/10 22:54 INFO step: [1/375] | loss_1: 2.517 | loss_2: 2.550 | loss_3: 2.396 | epe: 0.000
10/10 22:54 INFO step: [201/375] | loss_1: 2.007 | loss_2: 1.956 | loss_3: 1.967 | epe: 0.000
10/10 22:55 INFO val_epe: 0.000
10/10 22:55 INFO Epoches: [9/300] ============================
10/10 22:55 INFO step: [1/375] | loss_1: 2.737 | loss_2: 2.753 | loss_3: 2.833 | epe: 0.000
10/10 22:55 INFO step: [201/375] | loss_1: 1.922 | loss_2: 1.868 | loss_3: 1.880 | epe: 0.000
10/10 22:56 INFO val_epe: 0.000
10/10 22:56 INFO Epoches: [10/300] ============================
10/10 22:56 INFO step: [1/375] | loss_1: 1.815 | loss_2: 1.846 | loss_3: 1.877 | epe: 0.000
10/10 22:57 INFO step: [201/375] | loss_1: 1.956 | loss_2: 1.906 | loss_3: 1.918 | epe: 0.000
10/10 22:57 INFO val_epe: 0.000
10/10 22:57 INFO Epoches: [11/300] ============================
10/10 22:57 INFO step: [1/375] | loss_1: 1.356 | loss_2: 1.360 | loss_3: 1.219 | epe: 0.000
10/10 22:58 INFO step: [201/375] | loss_1: 1.902 | loss_2: 1.856 | loss_3: 1.860 | epe: 0.000
10/10 22:58 INFO val_epe: 0.000
10/10 22:58 INFO Epoches: [12/300] ============================
10/10 22:58 INFO step: [1/375] | loss_1: 1.587 | loss_2: 1.508 | loss_3: 1.540 | epe: 0.000
10/10 22:59 INFO step: [201/375] | loss_1: 1.857 | loss_2: 1.816 | loss_3: 1.821 | epe: 0.000
10/10 22:59 INFO val_epe: 0.000
10/10 22:59 INFO Epoches: [13/300] ============================
10/10 23:00 INFO step: [1/375] | loss_1: 1.203 | loss_2: 1.239 | loss_3: 1.260 | epe: 0.000
10/10 23:00 INFO step: [201/375] | loss_1: 1.873 | loss_2: 1.830 | loss_3: 1.828 | epe: 0.000
10/10 23:01 INFO val_epe: 0.000
10/10 23:01 INFO Epoches: [14/300] ============================
10/10 23:01 INFO step: [1/375] | loss_1: 1.144 | loss_2: 1.119 | loss_3: 1.065 | epe: 0.000
10/10 23:01 INFO step: [201/375] | loss_1: 1.696 | loss_2: 1.651 | loss_3: 1.655 | epe: 0.000
10/10 23:02 INFO val_epe: 0.000
10/10 23:02 INFO Epoches: [15/300] ============================
10/10 23:02 INFO step: [1/375] | loss_1: 1.188 | loss_2: 1.200 | loss_3: 1.185 | epe: 0.000
10/10 23:02 INFO step: [201/375] | loss_1: 1.741 | loss_2: 1.697 | loss_3: 1.696 | epe: 0.000
10/10 23:03 INFO val_epe: 0.000
10/10 23:03 INFO Epoches: [16/300] ============================
10/10 23:03 INFO step: [1/375] | loss_1: 1.150 | loss_2: 1.041 | loss_3: 1.120 | epe: 0.000
10/10 23:03 INFO step: [201/375] | loss_1: 1.632 | loss_2: 1.592 | loss_3: 1.591 | epe: 0.000
10/10 23:04 INFO val_epe: 0.000
10/10 23:04 INFO Epoches: [17/300] ============================
10/10 23:04 INFO step: [1/375] | loss_1: 1.673 | loss_2: 1.590 | loss_3: 1.580 | epe: 0.000
10/10 23:05 INFO step: [201/375] | loss_1: 1.681 | loss_2: 1.634 | loss_3: 1.635 | epe: 0.000
10/10 23:05 INFO val_epe: 0.000
10/10 23:05 INFO Epoches: [18/300] ============================
10/10 23:05 INFO step: [1/375] | loss_1: 1.340 | loss_2: 1.304 | loss_3: 1.284 | epe: 0.000
10/10 23:06 INFO step: [201/375] | loss_1: 1.590 | loss_2: 1.550 | loss_3: 1.553 | epe: 0.000
10/10 23:06 INFO val_epe: 0.000
10/10 23:06 INFO Epoches: [19/300] ============================
10/10 23:06 INFO step: [1/375] | loss_1: 2.118 | loss_2: 2.103 | loss_3: 1.965 | epe: 0.000
10/10 23:07 INFO step: [201/375] | loss_1: 1.647 | loss_2: 1.597 | loss_3: 1.599 | epe: 0.000
10/10 23:07 INFO val_epe: 0.000
10/10 23:07 INFO Epoches: [20/300] ============================
10/10 23:08 INFO step: [1/375] | loss_1: 1.956 | loss_2: 1.940 | loss_3: 1.951 | epe: 0.000
10/10 23:08 INFO step: [201/375] | loss_1: 1.660 | loss_2: 1.610 | loss_3: 1.605 | epe: 0.000
10/10 23:09 INFO val_epe: 0.000
10/10 23:09 INFO Epoches: [21/300] ============================
10/10 23:09 INFO step: [1/375] | loss_1: 1.320 | loss_2: 1.257 | loss_3: 1.266 | epe: 0.000
10/10 23:09 INFO step: [201/375] | loss_1: 1.594 | loss_2: 1.546 | loss_3: 1.546 | epe: 0.000
10/10 23:10 INFO val_epe: 0.000
10/10 23:10 INFO Epoches: [22/300] ============================
10/10 23:10 INFO step: [1/375] | loss_1: 1.466 | loss_2: 1.419 | loss_3: 1.486 | epe: 0.000
10/10 23:10 INFO step: [201/375] | loss_1: 1.586 | loss_2: 1.534 | loss_3: 1.537 | epe: 0.000
10/10 23:11 INFO val_epe: 0.000
10/10 23:11 INFO Epoches: [23/300] ============================
10/10 23:11 INFO step: [1/375] | loss_1: 0.999 | loss_2: 0.989 | loss_3: 1.024 | epe: 0.000
10/10 23:11 INFO step: [201/375] | loss_1: 1.542 | loss_2: 1.492 | loss_3: 1.498 | epe: 0.000
10/10 23:12 INFO val_epe: 0.000
10/10 23:12 INFO Epoches: [24/300] ============================
10/10 23:12 INFO step: [1/375] | loss_1: 0.972 | loss_2: 0.964 | loss_3: 0.962 | epe: 0.000
10/10 23:13 INFO step: [201/375] | loss_1: 1.601 | loss_2: 1.548 | loss_3: 1.548 | epe: 0.000
10/10 23:13 INFO val_epe: 0.000
10/10 23:13 INFO Epoches: [25/300] ============================
10/10 23:13 INFO step: [1/375] | loss_1: 1.159 | loss_2: 1.156 | loss_3: 1.140 | epe: 0.000
10/10 23:14 INFO step: [201/375] | loss_1: 1.564 | loss_2: 1.507 | loss_3: 1.506 | epe: 0.000
10/10 23:14 INFO val_epe: 0.000
10/10 23:14 INFO Epoches: [26/300] ============================
10/10 23:14 INFO step: [1/375] | loss_1: 1.535 | loss_2: 1.532 | loss_3: 1.511 | epe: 0.000
10/10 23:15 INFO step: [201/375] | loss_1: 1.521 | loss_2: 1.467 | loss_3: 1.466 | epe: 0.000
10/10 23:15 INFO val_epe: 0.000
10/10 23:15 INFO Epoches: [27/300] ============================
10/10 23:15 INFO step: [1/375] | loss_1: 0.914 | loss_2: 0.835 | loss_3: 0.891 | epe: 0.000
10/10 23:16 INFO step: [201/375] | loss_1: 1.513 | loss_2: 1.463 | loss_3: 1.466 | epe: 0.000
10/10 23:17 INFO val_epe: 0.000
10/10 23:17 INFO Epoches: [28/300] ============================
10/10 23:17 INFO step: [1/375] | loss_1: 2.233 | loss_2: 1.961 | loss_3: 1.891 | epe: 0.000
10/10 23:17 INFO step: [201/375] | loss_1: 1.517 | loss_2: 1.470 | loss_3: 1.477 | epe: 0.000
10/10 23:18 INFO val_epe: 0.000
10/10 23:18 INFO Epoches: [29/300] ============================
10/10 23:18 INFO step: [1/375] | loss_1: 2.157 | loss_2: 2.047 | loss_3: 2.038 | epe: 0.000
10/10 23:18 INFO step: [201/375] | loss_1: 1.486 | loss_2: 1.434 | loss_3: 1.430 | epe: 0.000
10/10 23:19 INFO val_epe: 0.000
10/10 23:19 INFO Epoches: [30/300] ============================
10/10 23:19 INFO step: [1/375] | loss_1: 2.793 | loss_2: 2.608 | loss_3: 2.614 | epe: 0.000
10/10 23:19 INFO step: [201/375] | loss_1: 1.512 | loss_2: 1.462 | loss_3: 1.469 | epe: 0.000
10/10 23:20 INFO val_epe: 0.000
10/10 23:20 INFO Epoches: [31/300] ============================
10/10 23:20 INFO step: [1/375] | loss_1: 1.460 | loss_2: 1.380 | loss_3: 1.408 | epe: 0.000
10/10 23:21 INFO step: [201/375] | loss_1: 1.428 | loss_2: 1.380 | loss_3: 1.383 | epe: 0.000
10/10 23:21 INFO val_epe: 0.000
10/10 23:21 INFO Epoches: [32/300] ============================
10/10 23:21 INFO step: [1/375] | loss_1: 1.769 | loss_2: 1.764 | loss_3: 1.748 | epe: 0.000
10/10 23:22 INFO step: [201/375] | loss_1: 1.373 | loss_2: 1.328 | loss_3: 1.329 | epe: 0.000
10/10 23:22 INFO val_epe: 0.000
10/10 23:22 INFO Epoches: [33/300] ============================
10/10 23:22 INFO step: [1/375] | loss_1: 1.005 | loss_2: 1.015 | loss_3: 0.979 | epe: 0.000
10/10 23:23 INFO step: [201/375] | loss_1: 1.390 | loss_2: 1.339 | loss_3: 1.346 | epe: 0.000
10/10 23:23 INFO val_epe: 0.000
10/10 23:23 INFO Epoches: [34/300] ============================
10/10 23:23 INFO step: [1/375] | loss_1: 0.842 | loss_2: 0.806 | loss_3: 0.800 | epe: 0.000
10/10 23:24 INFO step: [201/375] | loss_1: 1.403 | loss_2: 1.349 | loss_3: 1.357 | epe: 0.000
10/10 23:25 INFO val_epe: 0.000
10/10 23:25 INFO Epoches: [35/300] ============================
10/10 23:25 INFO step: [1/375] | loss_1: 0.937 | loss_2: 0.915 | loss_3: 0.982 | epe: 0.000
10/10 23:25 INFO step: [201/375] | loss_1: 1.438 | loss_2: 1.387 | loss_3: 1.389 | epe: 0.000
10/10 23:26 INFO val_epe: 0.000
10/10 23:26 INFO Epoches: [36/300] ============================
10/10 23:26 INFO step: [1/375] | loss_1: 1.002 | loss_2: 0.918 | loss_3: 0.945 | epe: 0.000
10/10 23:26 INFO step: [201/375] | loss_1: 1.391 | loss_2: 1.337 | loss_3: 1.343 | epe: 0.000
10/10 23:27 INFO val_epe: 0.000
10/10 23:27 INFO Epoches: [37/300] ============================
10/10 23:27 INFO step: [1/375] | loss_1: 0.963 | loss_2: 0.939 | loss_3: 0.959 | epe: 0.000
10/10 23:27 INFO step: [201/375] | loss_1: 1.393 | loss_2: 1.342 | loss_3: 1.344 | epe: 0.000
10/10 23:28 INFO val_epe: 0.000
10/10 23:28 INFO Epoches: [38/300] ============================
10/10 23:28 INFO step: [1/375] | loss_1: 0.926 | loss_2: 0.921 | loss_3: 0.918 | epe: 0.000
10/10 23:28 INFO step: [201/375] | loss_1: 1.416 | loss_2: 1.370 | loss_3: 1.369 | epe: 0.000
10/10 23:29 INFO val_epe: 0.000
10/10 23:29 INFO Epoches: [39/300] ============================
10/10 23:29 INFO step: [1/375] | loss_1: 1.397 | loss_2: 1.308 | loss_3: 1.360 | epe: 0.000
10/10 23:30 INFO step: [201/375] | loss_1: 1.398 | loss_2: 1.339 | loss_3: 1.343 | epe: 0.000
10/10 23:30 INFO val_epe: 0.000
10/10 23:30 INFO Epoches: [40/300] ============================
10/10 23:30 INFO step: [1/375] | loss_1: 0.836 | loss_2: 0.858 | loss_3: 0.927 | epe: 0.000
10/10 23:31 INFO step: [201/375] | loss_1: 1.380 | loss_2: 1.333 | loss_3: 1.343 | epe: 0.000
10/10 23:31 INFO val_epe: 0.000
10/10 23:31 INFO Epoches: [41/300] ============================
10/10 23:31 INFO step: [1/375] | loss_1: 1.340 | loss_2: 1.217 | loss_3: 1.241 | epe: 0.000
10/10 23:32 INFO step: [201/375] | loss_1: 1.374 | loss_2: 1.319 | loss_3: 1.315 | epe: 0.000
10/10 23:33 INFO val_epe: 0.000
10/10 23:33 INFO Epoches: [42/300] ============================
10/10 23:33 INFO step: [1/375] | loss_1: 2.113 | loss_2: 2.003 | loss_3: 2.073 | epe: 0.000
10/10 23:33 INFO step: [201/375] | loss_1: 1.363 | loss_2: 1.311 | loss_3: 1.318 | epe: 0.000
10/10 23:34 INFO val_epe: 0.000
10/10 23:34 INFO Epoches: [43/300] ============================
10/10 23:34 INFO step: [1/375] | loss_1: 0.949 | loss_2: 0.847 | loss_3: 0.909 | epe: 0.000
10/10 23:34 INFO step: [201/375] | loss_1: 1.356 | loss_2: 1.303 | loss_3: 1.317 | epe: 0.000
10/10 23:35 INFO val_epe: 0.000
10/10 23:35 INFO Epoches: [44/300] ============================
10/10 23:35 INFO step: [1/375] | loss_1: 1.095 | loss_2: 1.052 | loss_3: 1.120 | epe: 0.000
10/10 23:35 INFO step: [201/375] | loss_1: 1.348 | loss_2: 1.294 | loss_3: 1.308 | epe: 0.000
10/10 23:36 INFO val_epe: 0.000
10/10 23:36 INFO Epoches: [45/300] ============================
10/10 23:36 INFO step: [1/375] | loss_1: 1.110 | loss_2: 1.051 | loss_3: 1.063 | epe: 0.000
10/10 23:36 INFO step: [201/375] | loss_1: 1.342 | loss_2: 1.287 | loss_3: 1.295 | epe: 0.000
10/10 23:37 INFO val_epe: 0.000
10/10 23:37 INFO Epoches: [46/300] ============================
10/10 23:37 INFO step: [1/375] | loss_1: 1.815 | loss_2: 1.775 | loss_3: 1.640 | epe: 0.000
10/10 23:38 INFO step: [201/375] | loss_1: 1.325 | loss_2: 1.273 | loss_3: 1.279 | epe: 0.000
10/10 23:38 INFO val_epe: 0.000
10/10 23:38 INFO Epoches: [47/300] ============================
10/10 23:38 INFO step: [1/375] | loss_1: 1.186 | loss_2: 1.100 | loss_3: 1.178 | epe: 0.000
10/10 23:39 INFO step: [201/375] | loss_1: 1.328 | loss_2: 1.271 | loss_3: 1.287 | epe: 0.000
10/10 23:39 INFO val_epe: 0.000
10/10 23:39 INFO Epoches: [48/300] ============================
10/10 23:39 INFO step: [1/375] | loss_1: 1.177 | loss_2: 1.147 | loss_3: 1.159 | epe: 0.000
10/10 23:40 INFO step: [201/375] | loss_1: 1.254 | loss_2: 1.211 | loss_3: 1.217 | epe: 0.000
10/10 23:41 INFO val_epe: 0.000
10/10 23:41 INFO Epoches: [49/300] ============================
10/10 23:41 INFO step: [1/375] | loss_1: 1.238 | loss_2: 1.146 | loss_3: 1.131 | epe: 0.000
10/10 23:41 INFO step: [201/375] | loss_1: 1.333 | loss_2: 1.274 | loss_3: 1.285 | epe: 0.000
10/10 23:42 INFO val_epe: 0.000
10/10 23:42 INFO Epoches: [50/300] ============================
10/10 23:42 INFO step: [1/375] | loss_1: 1.028 | loss_2: 1.032 | loss_3: 1.042 | epe: 0.000
10/10 23:42 INFO step: [201/375] | loss_1: 1.332 | loss_2: 1.281 | loss_3: 1.289 | epe: 0.000
10/10 23:43 INFO val_epe: 0.000
10/10 23:43 INFO Epoches: [51/300] ============================
10/10 23:43 INFO step: [1/375] | loss_1: 1.013 | loss_2: 0.985 | loss_3: 1.025 | epe: 0.000
10/10 23:43 INFO step: [201/375] | loss_1: 1.287 | loss_2: 1.233 | loss_3: 1.245 | epe: 0.000
10/10 23:44 INFO val_epe: 0.000
10/10 23:44 INFO Epoches: [52/300] ============================
10/10 23:44 INFO step: [1/375] | loss_1: 0.923 | loss_2: 0.818 | loss_3: 0.925 | epe: 0.000
10/10 23:44 INFO step: [201/375] | loss_1: 1.296 | loss_2: 1.243 | loss_3: 1.252 | epe: 0.000
10/10 23:45 INFO val_epe: 0.000
10/10 23:45 INFO Epoches: [53/300] ============================
10/10 23:45 INFO step: [1/375] | loss_1: 1.967 | loss_2: 1.904 | loss_3: 1.957 | epe: 0.000
10/10 23:46 INFO step: [201/375] | loss_1: 1.288 | loss_2: 1.235 | loss_3: 1.246 | epe: 0.000
10/10 23:46 INFO val_epe: 0.000
10/10 23:46 INFO Epoches: [54/300] ============================
10/10 23:46 INFO step: [1/375] | loss_1: 2.300 | loss_2: 2.175 | loss_3: 2.140 | epe: 0.000
10/10 23:47 INFO step: [201/375] | loss_1: 1.366 | loss_2: 1.314 | loss_3: 1.322 | epe: 0.000
10/10 23:47 INFO val_epe: 0.000
10/10 23:47 INFO Epoches: [55/300] ============================
10/10 23:47 INFO step: [1/375] | loss_1: 3.181 | loss_2: 2.992 | loss_3: 2.884 | epe: 0.000
10/10 23:48 INFO step: [201/375] | loss_1: 1.330 | loss_2: 1.279 | loss_3: 1.292 | epe: 0.000
10/10 23:49 INFO val_epe: 0.000
10/10 23:49 INFO Epoches: [56/300] ============================
10/10 23:49 INFO step: [1/375] | loss_1: 0.723 | loss_2: 0.675 | loss_3: 0.685 | epe: 0.000
10/10 23:49 INFO step: [201/375] | loss_1: 1.254 | loss_2: 1.205 | loss_3: 1.214 | epe: 0.000
10/10 23:50 INFO val_epe: 0.000
10/10 23:50 INFO Epoches: [57/300] ============================
10/10 23:50 INFO step: [1/375] | loss_1: 1.620 | loss_2: 1.550 | loss_3: 1.513 | epe: 0.000
10/10 23:50 INFO step: [201/375] | loss_1: 1.306 | loss_2: 1.249 | loss_3: 1.261 | epe: 0.000
10/10 23:51 INFO val_epe: 0.000
10/10 23:51 INFO Epoches: [58/300] ============================
10/10 23:51 INFO step: [1/375] | loss_1: 0.701 | loss_2: 0.636 | loss_3: 0.659 | epe: 0.000
10/10 23:51 INFO step: [201/375] | loss_1: 1.247 | loss_2: 1.198 | loss_3: 1.208 | epe: 0.000
10/10 23:52 INFO val_epe: 0.000
10/10 23:52 INFO Epoches: [59/300] ============================
10/10 23:52 INFO step: [1/375] | loss_1: 0.669 | loss_2: 0.615 | loss_3: 0.662 | epe: 0.000
10/10 23:52 INFO step: [201/375] | loss_1: 1.274 | loss_2: 1.220 | loss_3: 1.232 | epe: 0.000
10/10 23:53 INFO val_epe: 0.000
10/10 23:53 INFO Epoches: [60/300] ============================
10/10 23:53 INFO step: [1/375] | loss_1: 0.619 | loss_2: 0.605 | loss_3: 0.602 | epe: 0.000
10/10 23:54 INFO step: [201/375] | loss_1: 1.263 | loss_2: 1.213 | loss_3: 1.220 | epe: 0.000
10/10 23:54 INFO val_epe: 0.000
10/10 23:54 INFO Epoches: [61/300] ============================
10/10 23:54 INFO step: [1/375] | loss_1: 1.095 | loss_2: 1.085 | loss_3: 1.103 | epe: 0.000
10/10 23:55 INFO step: [201/375] | loss_1: 1.259 | loss_2: 1.215 | loss_3: 1.221 | epe: 0.000
10/10 23:55 INFO val_epe: 0.000
10/10 23:55 INFO Epoches: [62/300] ============================
10/10 23:55 INFO step: [1/375] | loss_1: 0.853 | loss_2: 0.754 | loss_3: 0.772 | epe: 0.000
10/10 23:56 INFO step: [201/375] | loss_1: 1.248 | loss_2: 1.193 | loss_3: 1.204 | epe: 0.000
10/10 23:56 INFO val_epe: 0.000
10/10 23:56 INFO Epoches: [63/300] ============================
10/10 23:57 INFO step: [1/375] | loss_1: 0.704 | loss_2: 0.630 | loss_3: 0.620 | epe: 0.000
10/10 23:57 INFO step: [201/375] | loss_1: 1.243 | loss_2: 1.193 | loss_3: 1.200 | epe: 0.000
10/10 23:58 INFO val_epe: 0.000
10/10 23:58 INFO Epoches: [64/300] ============================
10/10 23:58 INFO step: [1/375] | loss_1: 1.835 | loss_2: 1.824 | loss_3: 1.811 | epe: 0.000
10/10 23:58 INFO step: [201/375] | loss_1: 1.283 | loss_2: 1.231 | loss_3: 1.241 | epe: 0.000
10/10 23:59 INFO val_epe: 0.000
10/10 23:59 INFO Epoches: [65/300] ============================
10/10 23:59 INFO step: [1/375] | loss_1: 1.635 | loss_2: 1.449 | loss_3: 1.438 | epe: 0.000
10/10 23:59 INFO step: [201/375] | loss_1: 1.196 | loss_2: 1.144 | loss_3: 1.152 | epe: 0.000
10/11 00:00 INFO val_epe: 0.000
10/11 00:00 INFO Epoches: [66/300] ============================
10/11 00:00 INFO step: [1/375] | loss_1: 1.424 | loss_2: 1.442 | loss_3: 1.399 | epe: 0.000
10/11 00:00 INFO step: [201/375] | loss_1: 1.209 | loss_2: 1.161 | loss_3: 1.171 | epe: 0.000
10/11 00:01 INFO val_epe: 0.000
10/11 00:01 INFO Epoches: [67/300] ============================
10/11 00:01 INFO step: [1/375] | loss_1: 2.166 | loss_2: 2.159 | loss_3: 2.075 | epe: 0.000
10/11 00:02 INFO step: [201/375] | loss_1: 1.285 | loss_2: 1.231 | loss_3: 1.242 | epe: 0.000
10/11 00:02 INFO val_epe: 0.000
10/11 00:02 INFO Epoches: [68/300] ============================
10/11 00:02 INFO step: [1/375] | loss_1: 1.735 | loss_2: 1.739 | loss_3: 1.693 | epe: 0.000
10/11 00:03 INFO step: [201/375] | loss_1: 1.248 | loss_2: 1.199 | loss_3: 1.211 | epe: 0.000
10/11 00:03 INFO val_epe: 0.000
10/11 00:03 INFO Epoches: [69/300] ============================
10/11 00:03 INFO step: [1/375] | loss_1: 3.446 | loss_2: 3.336 | loss_3: 3.187 | epe: 0.000
10/11 00:04 INFO step: [201/375] | loss_1: 1.309 | loss_2: 1.255 | loss_3: 1.258 | epe: 0.000
10/11 00:04 INFO val_epe: 0.000
10/11 00:04 INFO Epoches: [70/300] ============================
10/11 00:05 INFO step: [1/375] | loss_1: 0.987 | loss_2: 0.941 | loss_3: 0.988 | epe: 0.000
10/11 00:05 INFO step: [201/375] | loss_1: 1.220 | loss_2: 1.165 | loss_3: 1.182 | epe: 0.000
10/11 00:06 INFO val_epe: 0.000
10/11 00:06 INFO Epoches: [71/300] ============================
10/11 00:06 INFO step: [1/375] | loss_1: 0.663 | loss_2: 0.637 | loss_3: 0.622 | epe: 0.000
10/11 00:06 INFO step: [201/375] | loss_1: 1.238 | loss_2: 1.187 | loss_3: 1.203 | epe: 0.000
10/11 00:07 INFO val_epe: 0.000
10/11 00:07 INFO Epoches: [72/300] ============================
10/11 00:07 INFO step: [1/375] | loss_1: 1.110 | loss_2: 1.095 | loss_3: 1.088 | epe: 0.000
10/11 00:07 INFO step: [201/375] | loss_1: 1.208 | loss_2: 1.156 | loss_3: 1.166 | epe: 0.000
10/11 00:08 INFO val_epe: 0.000
10/11 00:08 INFO Epoches: [73/300] ============================
10/11 00:08 INFO step: [1/375] | loss_1: 0.820 | loss_2: 0.764 | loss_3: 0.724 | epe: 0.000
10/11 00:08 INFO step: [201/375] | loss_1: 1.203 | loss_2: 1.150 | loss_3: 1.159 | epe: 0.000
10/11 00:09 INFO val_epe: 0.000
10/11 00:09 INFO Epoches: [74/300] ============================
10/11 00:09 INFO step: [1/375] | loss_1: 0.655 | loss_2: 0.585 | loss_3: 0.668 | epe: 0.000
10/11 00:10 INFO step: [201/375] | loss_1: 1.140 | loss_2: 1.088 | loss_3: 1.104 | epe: 0.000
10/11 00:10 INFO val_epe: 0.000
10/11 00:10 INFO Epoches: [75/300] ============================
10/11 00:10 INFO step: [1/375] | loss_1: 0.777 | loss_2: 0.730 | loss_3: 0.781 | epe: 0.000
10/11 00:11 INFO step: [201/375] | loss_1: 1.205 | loss_2: 1.153 | loss_3: 1.167 | epe: 0.000
10/11 00:11 INFO val_epe: 0.000
10/11 00:11 INFO Epoches: [76/300] ============================
10/11 00:11 INFO step: [1/375] | loss_1: 1.091 | loss_2: 1.082 | loss_3: 1.103 | epe: 0.000
10/11 00:12 INFO step: [201/375] | loss_1: 1.192 | loss_2: 1.147 | loss_3: 1.160 | epe: 0.000
10/11 00:12 INFO val_epe: 0.000
10/11 00:12 INFO Epoches: [77/300] ============================
10/11 00:13 INFO step: [1/375] | loss_1: 0.802 | loss_2: 0.806 | loss_3: 0.801 | epe: 0.000
10/11 00:13 INFO step: [201/375] | loss_1: 1.200 | loss_2: 1.152 | loss_3: 1.157 | epe: 0.000
10/11 00:14 INFO val_epe: 0.000
10/11 00:14 INFO Epoches: [78/300] ============================
10/11 00:14 INFO step: [1/375] | loss_1: 1.516 | loss_2: 1.464 | loss_3: 1.410 | epe: 0.000
10/11 00:14 INFO step: [201/375] | loss_1: 1.230 | loss_2: 1.179 | loss_3: 1.185 | epe: 0.000
10/11 00:15 INFO val_epe: 0.000
10/11 00:15 INFO Epoches: [79/300] ============================
10/11 00:15 INFO step: [1/375] | loss_1: 1.312 | loss_2: 1.306 | loss_3: 1.293 | epe: 0.000
10/11 00:15 INFO step: [201/375] | loss_1: 1.210 | loss_2: 1.161 | loss_3: 1.167 | epe: 0.000
10/11 00:16 INFO val_epe: 0.000
10/11 00:16 INFO Epoches: [80/300] ============================
10/11 00:16 INFO step: [1/375] | loss_1: 1.246 | loss_2: 1.151 | loss_3: 1.199 | epe: 0.000
10/11 00:16 INFO step: [201/375] | loss_1: 1.192 | loss_2: 1.143 | loss_3: 1.158 | epe: 0.000
10/11 00:17 INFO val_epe: 0.000
10/11 00:17 INFO Epoches: [81/300] ============================
10/11 00:17 INFO step: [1/375] | loss_1: 0.914 | loss_2: 0.856 | loss_3: 0.854 | epe: 0.000
10/11 00:18 INFO step: [201/375] | loss_1: 1.177 | loss_2: 1.128 | loss_3: 1.136 | epe: 0.000
10/11 00:18 INFO val_epe: 0.000
10/11 00:18 INFO Epoches: [82/300] ============================
10/11 00:18 INFO step: [1/375] | loss_1: 1.813 | loss_2: 1.657 | loss_3: 1.642 | epe: 0.000
10/11 00:19 INFO step: [201/375] | loss_1: 1.200 | loss_2: 1.152 | loss_3: 1.160 | epe: 0.000
10/11 00:19 INFO val_epe: 0.000
10/11 00:19 INFO Epoches: [83/300] ============================
10/11 00:19 INFO step: [1/375] | loss_1: 1.212 | loss_2: 1.099 | loss_3: 1.130 | epe: 0.000
10/11 00:20 INFO step: [201/375] | loss_1: 1.190 | loss_2: 1.139 | loss_3: 1.154 | epe: 0.000
10/11 00:20 INFO val_epe: 0.000
10/11 00:20 INFO Epoches: [84/300] ============================
10/11 00:20 INFO step: [1/375] | loss_1: 0.816 | loss_2: 0.822 | loss_3: 0.897 | epe: 0.000
10/11 00:21 INFO step: [201/375] | loss_1: 1.186 | loss_2: 1.139 | loss_3: 1.144 | epe: 0.000
10/11 00:22 INFO val_epe: 0.000
10/11 00:22 INFO Epoches: [85/300] ============================
10/11 00:22 INFO step: [1/375] | loss_1: 2.750 | loss_2: 2.633 | loss_3: 2.556 | epe: 0.000
10/11 00:22 INFO step: [201/375] | loss_1: 1.171 | loss_2: 1.123 | loss_3: 1.127 | epe: 0.000
10/11 00:23 INFO val_epe: 0.000
10/11 00:23 INFO Epoches: [86/300] ============================
10/11 00:23 INFO step: [1/375] | loss_1: 0.790 | loss_2: 0.756 | loss_3: 0.752 | epe: 0.000
10/11 00:23 INFO step: [201/375] | loss_1: 1.163 | loss_2: 1.118 | loss_3: 1.123 | epe: 0.000
10/11 00:24 INFO val_epe: 0.000
10/11 00:24 INFO Epoches: [87/300] ============================
10/11 00:24 INFO step: [1/375] | loss_1: 0.625 | loss_2: 0.576 | loss_3: 0.620 | epe: 0.000
10/11 00:24 INFO step: [201/375] | loss_1: 1.179 | loss_2: 1.126 | loss_3: 1.136 | epe: 0.000
10/11 00:25 INFO val_epe: 0.000
10/11 00:25 INFO Epoches: [88/300] ============================
10/11 00:25 INFO step: [1/375] | loss_1: 0.926 | loss_2: 0.849 | loss_3: 0.916 | epe: 0.000
10/11 00:26 INFO step: [201/375] | loss_1: 1.133 | loss_2: 1.090 | loss_3: 1.092 | epe: 0.000
10/11 00:26 INFO val_epe: 0.000
10/11 00:26 INFO Epoches: [89/300] ============================
10/11 00:26 INFO step: [1/375] | loss_1: 0.487 | loss_2: 0.429 | loss_3: 0.402 | epe: 0.000
10/11 00:27 INFO step: [201/375] | loss_1: 1.142 | loss_2: 1.097 | loss_3: 1.106 | epe: 0.000
10/11 00:27 INFO val_epe: 0.000
10/11 00:27 INFO Epoches: [90/300] ============================
10/11 00:27 INFO step: [1/375] | loss_1: 1.108 | loss_2: 1.028 | loss_3: 1.037 | epe: 0.000
10/11 00:28 INFO step: [201/375] | loss_1: 1.200 | loss_2: 1.152 | loss_3: 1.163 | epe: 0.000
10/11 00:28 INFO val_epe: 0.000
10/11 00:28 INFO Epoches: [91/300] ============================
10/11 00:28 INFO step: [1/375] | loss_1: 0.808 | loss_2: 0.747 | loss_3: 0.758 | epe: 0.000
10/11 00:29 INFO step: [201/375] | loss_1: 1.126 | loss_2: 1.077 | loss_3: 1.087 | epe: 0.000
10/11 00:30 INFO val_epe: 0.000
10/11 00:30 INFO Epoches: [92/300] ============================
10/11 00:30 INFO step: [1/375] | loss_1: 0.826 | loss_2: 0.789 | loss_3: 0.729 | epe: 0.000
10/11 00:30 INFO step: [201/375] | loss_1: 1.163 | loss_2: 1.116 | loss_3: 1.125 | epe: 0.000
10/11 00:31 INFO val_epe: 0.000
10/11 00:31 INFO Epoches: [93/300] ============================
10/11 00:31 INFO step: [1/375] | loss_1: 1.005 | loss_2: 0.927 | loss_3: 0.918 | epe: 0.000
10/11 00:31 INFO step: [201/375] | loss_1: 1.147 | loss_2: 1.098 | loss_3: 1.110 | epe: 0.000
10/11 00:32 INFO val_epe: 0.000
10/11 00:32 INFO Epoches: [94/300] ============================
10/11 00:32 INFO step: [1/375] | loss_1: 0.954 | loss_2: 0.973 | loss_3: 0.937 | epe: 0.000
10/11 00:32 INFO step: [201/375] | loss_1: 1.154 | loss_2: 1.101 | loss_3: 1.109 | epe: 0.000
10/11 00:33 INFO val_epe: 0.000
10/11 00:33 INFO Epoches: [95/300] ============================
10/11 00:33 INFO step: [1/375] | loss_1: 0.840 | loss_2: 0.788 | loss_3: 0.888 | epe: 0.000
10/11 00:33 INFO step: [201/375] | loss_1: 1.158 | loss_2: 1.103 | loss_3: 1.115 | epe: 0.000
10/11 00:34 INFO val_epe: 0.000
10/11 00:34 INFO Epoches: [96/300] ============================
10/11 00:34 INFO step: [1/375] | loss_1: 0.901 | loss_2: 0.836 | loss_3: 0.865 | epe: 0.000
10/11 00:35 INFO step: [201/375] | loss_1: 1.153 | loss_2: 1.105 | loss_3: 1.115 | epe: 0.000
10/11 00:35 INFO val_epe: 0.000
10/11 00:35 INFO Epoches: [97/300] ============================
10/11 00:35 INFO step: [1/375] | loss_1: 0.660 | loss_2: 0.661 | loss_3: 0.665 | epe: 0.000
10/11 00:36 INFO step: [201/375] | loss_1: 1.115 | loss_2: 1.064 | loss_3: 1.070 | epe: 0.000
10/11 00:36 INFO val_epe: 0.000
10/11 00:36 INFO Epoches: [98/300] ============================
10/11 00:36 INFO step: [1/375] | loss_1: 0.643 | loss_2: 0.589 | loss_3: 0.623 | epe: 0.000
10/11 00:37 INFO step: [201/375] | loss_1: 1.136 | loss_2: 1.085 | loss_3: 1.099 | epe: 0.000
10/11 00:38 INFO val_epe: 0.000
10/11 00:38 INFO Epoches: [99/300] ============================
10/11 00:38 INFO step: [1/375] | loss_1: 0.892 | loss_2: 0.865 | loss_3: 0.851 | epe: 0.000
10/11 00:38 INFO step: [201/375] | loss_1: 1.072 | loss_2: 1.027 | loss_3: 1.034 | epe: 0.000
10/11 00:39 INFO val_epe: 0.000
10/11 00:39 INFO Epoches: [100/300] ============================
10/11 00:39 INFO step: [1/375] | loss_1: 1.444 | loss_2: 1.388 | loss_3: 1.437 | epe: 0.000
10/11 00:39 INFO step: [201/375] | loss_1: 1.123 | loss_2: 1.075 | loss_3: 1.085 | epe: 0.000
10/11 00:40 INFO val_epe: 0.000
10/11 00:40 INFO Epoches: [101/300] ============================
10/11 00:40 INFO step: [1/375] | loss_1: 0.932 | loss_2: 0.858 | loss_3: 0.883 | epe: 0.000
10/11 00:40 INFO step: [201/375] | loss_1: 1.136 | loss_2: 1.082 | loss_3: 1.090 | epe: 0.000
10/11 00:41 INFO val_epe: 0.000
10/11 00:41 INFO Epoches: [102/300] ============================
10/11 00:41 INFO step: [1/375] | loss_1: 0.558 | loss_2: 0.510 | loss_3: 0.545 | epe: 0.000
10/11 00:41 INFO step: [201/375] | loss_1: 1.124 | loss_2: 1.078 | loss_3: 1.088 | epe: 0.000
10/11 00:42 INFO val_epe: 0.000
10/11 00:42 INFO Epoches: [103/300] ============================
10/11 00:42 INFO step: [1/375] | loss_1: 1.060 | loss_2: 1.000 | loss_3: 1.048 | epe: 0.000
10/11 00:43 INFO step: [201/375] | loss_1: 1.169 | loss_2: 1.111 | loss_3: 1.119 | epe: 0.000
10/11 00:43 INFO val_epe: 0.000
10/11 00:43 INFO Epoches: [104/300] ============================
10/11 00:43 INFO step: [1/375] | loss_1: 0.897 | loss_2: 0.912 | loss_3: 0.952 | epe: 0.000
10/11 00:44 INFO step: [201/375] | loss_1: 1.119 | loss_2: 1.070 | loss_3: 1.079 | epe: 0.000
10/11 00:44 INFO val_epe: 0.000
10/11 00:44 INFO Epoches: [105/300] ============================
10/11 00:44 INFO step: [1/375] | loss_1: 0.597 | loss_2: 0.609 | loss_3: 0.588 | epe: 0.000
10/11 00:45 INFO step: [201/375] | loss_1: 1.132 | loss_2: 1.079 | loss_3: 1.088 | epe: 0.000
10/11 00:46 INFO val_epe: 0.000
10/11 00:46 INFO Epoches: [106/300] ============================
10/11 00:46 INFO step: [1/375] | loss_1: 1.311 | loss_2: 1.155 | loss_3: 1.270 | epe: 0.000
10/11 00:46 INFO step: [201/375] | loss_1: 1.130 | loss_2: 1.076 | loss_3: 1.088 | epe: 0.000
10/11 00:47 INFO val_epe: 0.000
10/11 00:47 INFO Epoches: [107/300] ============================
10/11 00:47 INFO step: [1/375] | loss_1: 0.560 | loss_2: 0.575 | loss_3: 0.593 | epe: 0.000
10/11 00:47 INFO step: [201/375] | loss_1: 1.178 | loss_2: 1.130 | loss_3: 1.139 | epe: 0.000
10/11 00:48 INFO val_epe: 0.000
10/11 00:48 INFO Epoches: [108/300] ============================
10/11 00:48 INFO step: [1/375] | loss_1: 1.568 | loss_2: 1.394 | loss_3: 1.484 | epe: 0.000
10/11 00:48 INFO step: [201/375] | loss_1: 1.122 | loss_2: 1.072 | loss_3: 1.085 | epe: 0.000
10/11 00:49 INFO val_epe: 0.000
10/11 00:49 INFO Epoches: [109/300] ============================
10/11 00:49 INFO step: [1/375] | loss_1: 0.873 | loss_2: 0.831 | loss_3: 0.849 | epe: 0.000
10/11 00:49 INFO step: [201/375] | loss_1: 1.160 | loss_2: 1.110 | loss_3: 1.122 | epe: 0.000
10/11 00:50 INFO val_epe: 0.000
10/11 00:50 INFO Epoches: [110/300] ============================
10/11 00:50 INFO step: [1/375] | loss_1: 0.979 | loss_2: 0.903 | loss_3: 0.838 | epe: 0.000
10/11 00:51 INFO step: [201/375] | loss_1: 1.094 | loss_2: 1.044 | loss_3: 1.054 | epe: 0.000
10/11 00:51 INFO val_epe: 0.000
10/11 00:51 INFO Epoches: [111/300] ============================
10/11 00:51 INFO step: [1/375] | loss_1: 0.775 | loss_2: 0.768 | loss_3: 0.843 | epe: 0.000
10/11 00:52 INFO step: [201/375] | loss_1: 1.132 | loss_2: 1.075 | loss_3: 1.087 | epe: 0.000
10/11 00:52 INFO val_epe: 0.000
10/11 00:52 INFO Epoches: [112/300] ============================
10/11 00:52 INFO step: [1/375] | loss_1: 0.844 | loss_2: 0.819 | loss_3: 0.848 | epe: 0.000
10/11 00:53 INFO step: [201/375] | loss_1: 1.108 | loss_2: 1.067 | loss_3: 1.073 | epe: 0.000
10/11 00:53 INFO val_epe: 0.000
10/11 00:53 INFO Epoches: [113/300] ============================
10/11 00:54 INFO step: [1/375] | loss_1: 1.626 | loss_2: 1.636 | loss_3: 1.578 | epe: 0.000
10/11 00:54 INFO step: [201/375] | loss_1: 1.096 | loss_2: 1.047 | loss_3: 1.056 | epe: 0.000
10/11 00:55 INFO val_epe: 0.000
10/11 00:55 INFO Epoches: [114/300] ============================
10/11 00:55 INFO step: [1/375] | loss_1: 2.596 | loss_2: 2.540 | loss_3: 2.508 | epe: 0.000
10/11 00:55 INFO step: [201/375] | loss_1: 1.123 | loss_2: 1.079 | loss_3: 1.087 | epe: 0.000
10/11 00:56 INFO val_epe: 0.000
10/11 00:56 INFO Epoches: [115/300] ============================
10/11 00:56 INFO step: [1/375] | loss_1: 0.660 | loss_2: 0.566 | loss_3: 0.600 | epe: 0.000
10/11 00:56 INFO step: [201/375] | loss_1: 1.054 | loss_2: 1.004 | loss_3: 1.018 | epe: 0.000
10/11 00:57 INFO val_epe: 0.000
10/11 00:57 INFO Epoches: [116/300] ============================
10/11 00:57 INFO step: [1/375] | loss_1: 0.824 | loss_2: 0.796 | loss_3: 0.837 | epe: 0.000
10/11 00:57 INFO step: [201/375] | loss_1: 1.078 | loss_2: 1.028 | loss_3: 1.034 | epe: 0.000
10/11 00:58 INFO val_epe: 0.000
10/11 00:58 INFO Epoches: [117/300] ============================
10/11 00:58 INFO step: [1/375] | loss_1: 1.275 | loss_2: 1.231 | loss_3: 1.246 | epe: 0.000
10/11 00:59 INFO step: [201/375] | loss_1: 1.141 | loss_2: 1.088 | loss_3: 1.097 | epe: 0.000
10/11 00:59 INFO val_epe: 0.000
10/11 00:59 INFO Epoches: [118/300] ============================
10/11 00:59 INFO step: [1/375] | loss_1: 0.942 | loss_2: 0.939 | loss_3: 0.936 | epe: 0.000
10/11 01:00 INFO step: [201/375] | loss_1: 1.135 | loss_2: 1.083 | loss_3: 1.094 | epe: 0.000
10/11 01:00 INFO val_epe: 0.000
10/11 01:00 INFO Epoches: [119/300] ============================
10/11 01:00 INFO step: [1/375] | loss_1: 1.152 | loss_2: 1.135 | loss_3: 1.093 | epe: 0.000
10/11 01:01 INFO step: [201/375] | loss_1: 1.126 | loss_2: 1.085 | loss_3: 1.088 | epe: 0.000
10/11 01:01 INFO val_epe: 0.000
10/11 01:01 INFO Epoches: [120/300] ============================
10/11 01:02 INFO step: [1/375] | loss_1: 0.525 | loss_2: 0.496 | loss_3: 0.531 | epe: 0.000
10/11 01:02 INFO step: [201/375] | loss_1: 1.069 | loss_2: 1.020 | loss_3: 1.028 | epe: 0.000
10/11 01:03 INFO val_epe: 0.000
10/11 01:03 INFO Epoches: [121/300] ============================
10/11 01:03 INFO step: [1/375] | loss_1: 0.787 | loss_2: 0.786 | loss_3: 0.819 | epe: 0.000
10/11 01:03 INFO step: [201/375] | loss_1: 1.098 | loss_2: 1.043 | loss_3: 1.056 | epe: 0.000
10/11 01:04 INFO val_epe: 0.000
10/11 01:04 INFO Epoches: [122/300] ============================
10/11 01:04 INFO step: [1/375] | loss_1: 0.630 | loss_2: 0.591 | loss_3: 0.689 | epe: 0.000
10/11 01:04 INFO step: [201/375] | loss_1: 1.124 | loss_2: 1.064 | loss_3: 1.070 | epe: 0.000
10/11 01:05 INFO val_epe: 0.000
10/11 01:05 INFO Epoches: [123/300] ============================
10/11 01:05 INFO step: [1/375] | loss_1: 1.802 | loss_2: 1.629 | loss_3: 1.702 | epe: 0.000
10/11 01:05 INFO step: [201/375] | loss_1: 1.119 | loss_2: 1.063 | loss_3: 1.077 | epe: 0.000
10/11 01:06 INFO val_epe: 0.000
10/11 01:06 INFO Epoches: [124/300] ============================
10/11 01:06 INFO step: [1/375] | loss_1: 0.987 | loss_2: 0.923 | loss_3: 0.991 | epe: 0.000
10/11 01:07 INFO step: [201/375] | loss_1: 1.163 | loss_2: 1.107 | loss_3: 1.115 | epe: 0.000
10/11 01:07 INFO val_epe: 0.000
10/11 01:07 INFO Epoches: [125/300] ============================
10/11 01:07 INFO step: [1/375] | loss_1: 0.929 | loss_2: 0.882 | loss_3: 0.912 | epe: 0.000
10/11 01:08 INFO step: [201/375] | loss_1: 1.128 | loss_2: 1.075 | loss_3: 1.089 | epe: 0.000
10/11 01:08 INFO val_epe: 0.000
10/11 01:08 INFO Epoches: [126/300] ============================
10/11 01:08 INFO step: [1/375] | loss_1: 1.827 | loss_2: 1.657 | loss_3: 1.682 | epe: 0.000
10/11 01:09 INFO step: [201/375] | loss_1: 1.024 | loss_2: 0.981 | loss_3: 0.985 | epe: 0.000
10/11 01:09 INFO val_epe: 0.000
10/11 01:09 INFO Epoches: [127/300] ============================
10/11 01:09 INFO step: [1/375] | loss_1: 0.518 | loss_2: 0.511 | loss_3: 0.511 | epe: 0.000
10/11 01:10 INFO step: [201/375] | loss_1: 1.110 | loss_2: 1.061 | loss_3: 1.068 | epe: 0.000
10/11 01:11 INFO val_epe: 0.000
10/11 01:11 INFO Epoches: [128/300] ============================
10/11 01:11 INFO step: [1/375] | loss_1: 0.840 | loss_2: 0.795 | loss_3: 0.763 | epe: 0.000
10/11 01:11 INFO step: [201/375] | loss_1: 1.106 | loss_2: 1.054 | loss_3: 1.067 | epe: 0.000
10/11 01:12 INFO val_epe: 0.000
10/11 01:12 INFO Epoches: [129/300] ============================
10/11 01:12 INFO step: [1/375] | loss_1: 1.234 | loss_2: 1.258 | loss_3: 1.221 | epe: 0.000
10/11 01:12 INFO step: [201/375] | loss_1: 1.078 | loss_2: 1.031 | loss_3: 1.045 | epe: 0.000
10/11 01:13 INFO val_epe: 0.000
10/11 01:13 INFO Epoches: [130/300] ============================
10/11 01:13 INFO step: [1/375] | loss_1: 0.594 | loss_2: 0.567 | loss_3: 0.531 | epe: 0.000
10/11 01:13 INFO step: [201/375] | loss_1: 1.091 | loss_2: 1.038 | loss_3: 1.049 | epe: 0.000
10/11 01:14 INFO val_epe: 0.000
10/11 01:14 INFO Epoches: [131/300] ============================
10/11 01:14 INFO step: [1/375] | loss_1: 0.791 | loss_2: 0.737 | loss_3: 0.750 | epe: 0.000
10/11 01:14 INFO step: [201/375] | loss_1: 1.074 | loss_2: 1.028 | loss_3: 1.031 | epe: 0.000
10/11 01:15 INFO val_epe: 0.000
10/11 01:15 INFO Epoches: [132/300] ============================
10/11 01:15 INFO step: [1/375] | loss_1: 0.757 | loss_2: 0.689 | loss_3: 0.701 | epe: 0.000
10/11 01:16 INFO step: [201/375] | loss_1: 1.076 | loss_2: 1.027 | loss_3: 1.040 | epe: 0.000
10/11 01:16 INFO val_epe: 0.000
10/11 01:16 INFO Epoches: [133/300] ============================
10/11 01:16 INFO step: [1/375] | loss_1: 1.133 | loss_2: 1.033 | loss_3: 1.065 | epe: 0.000
10/11 01:17 INFO step: [201/375] | loss_1: 1.065 | loss_2: 1.022 | loss_3: 1.033 | epe: 0.000
10/11 01:17 INFO val_epe: 0.000
10/11 01:17 INFO Epoches: [134/300] ============================
10/11 01:17 INFO step: [1/375] | loss_1: 0.948 | loss_2: 0.854 | loss_3: 0.859 | epe: 0.000
10/11 01:18 INFO step: [201/375] | loss_1: 1.087 | loss_2: 1.038 | loss_3: 1.043 | epe: 0.000
10/11 01:19 INFO val_epe: 0.000
10/11 01:19 INFO Epoches: [135/300] ============================
10/11 01:19 INFO step: [1/375] | loss_1: 0.908 | loss_2: 0.940 | loss_3: 0.960 | epe: 0.000
10/11 01:19 INFO step: [201/375] | loss_1: 1.072 | loss_2: 1.022 | loss_3: 1.035 | epe: 0.000
10/11 01:20 INFO val_epe: 0.000
10/11 01:20 INFO Epoches: [136/300] ============================
10/11 01:20 INFO step: [1/375] | loss_1: 1.218 | loss_2: 1.196 | loss_3: 1.185 | epe: 0.000
10/11 01:20 INFO step: [201/375] | loss_1: 1.055 | loss_2: 1.014 | loss_3: 1.022 | epe: 0.000
10/11 01:21 INFO val_epe: 0.000
10/11 01:21 INFO Epoches: [137/300] ============================
10/11 01:21 INFO step: [1/375] | loss_1: 1.079 | loss_2: 1.061 | loss_3: 1.121 | epe: 0.000
10/11 01:21 INFO step: [201/375] | loss_1: 1.026 | loss_2: 0.981 | loss_3: 0.993 | epe: 0.000
10/11 01:22 INFO val_epe: 0.000
10/11 01:22 INFO Epoches: [138/300] ============================
10/11 01:22 INFO step: [1/375] | loss_1: 0.671 | loss_2: 0.614 | loss_3: 0.636 | epe: 0.000
10/11 01:22 INFO step: [201/375] | loss_1: 1.057 | loss_2: 1.005 | loss_3: 1.016 | epe: 0.000
10/11 01:23 INFO val_epe: 0.000
10/11 01:23 INFO Epoches: [139/300] ============================
10/11 01:23 INFO step: [1/375] | loss_1: 0.888 | loss_2: 0.857 | loss_3: 0.874 | epe: 0.000
10/11 01:24 INFO step: [201/375] | loss_1: 1.021 | loss_2: 0.973 | loss_3: 0.977 | epe: 0.000
10/11 01:24 INFO val_epe: 0.000
10/11 01:24 INFO Epoches: [140/300] ============================
10/11 01:24 INFO step: [1/375] | loss_1: 1.008 | loss_2: 0.943 | loss_3: 0.948 | epe: 0.000
10/11 01:25 INFO step: [201/375] | loss_1: 1.077 | loss_2: 1.026 | loss_3: 1.037 | epe: 0.000
10/11 01:25 INFO val_epe: 0.000
10/11 01:25 INFO Epoches: [141/300] ============================
10/11 01:25 INFO step: [1/375] | loss_1: 0.823 | loss_2: 0.791 | loss_3: 0.833 | epe: 0.000
10/11 01:26 INFO step: [201/375] | loss_1: 1.053 | loss_2: 1.009 | loss_3: 1.015 | epe: 0.000
10/11 01:26 INFO val_epe: 0.000
10/11 01:26 INFO Epoches: [142/300] ============================
10/11 01:27 INFO step: [1/375] | loss_1: 0.494 | loss_2: 0.482 | loss_3: 0.486 | epe: 0.000
10/11 01:27 INFO step: [201/375] | loss_1: 1.032 | loss_2: 0.983 | loss_3: 0.989 | epe: 0.000
10/11 01:28 INFO val_epe: 0.000
10/11 01:28 INFO Epoches: [143/300] ============================
10/11 01:28 INFO step: [1/375] | loss_1: 0.517 | loss_2: 0.452 | loss_3: 0.478 | epe: 0.000
10/11 01:28 INFO step: [201/375] | loss_1: 1.032 | loss_2: 0.989 | loss_3: 0.999 | epe: 0.000
10/11 01:29 INFO val_epe: 0.000
10/11 01:29 INFO Epoches: [144/300] ============================
10/11 01:29 INFO step: [1/375] | loss_1: 0.877 | loss_2: 0.844 | loss_3: 0.847 | epe: 0.000
10/11 01:29 INFO step: [201/375] | loss_1: 1.040 | loss_2: 0.992 | loss_3: 1.002 | epe: 0.000
10/11 01:30 INFO val_epe: 0.000
10/11 01:30 INFO Epoches: [145/300] ============================
10/11 01:30 INFO step: [1/375] | loss_1: 0.777 | loss_2: 0.729 | loss_3: 0.837 | epe: 0.000
10/11 01:30 INFO step: [201/375] | loss_1: 1.056 | loss_2: 1.009 | loss_3: 1.016 | epe: 0.000
10/11 01:31 INFO val_epe: 0.000
10/11 01:31 INFO Epoches: [146/300] ============================
10/11 01:31 INFO step: [1/375] | loss_1: 1.124 | loss_2: 1.060 | loss_3: 1.079 | epe: 0.000
10/11 01:32 INFO step: [201/375] | loss_1: 1.095 | loss_2: 1.039 | loss_3: 1.047 | epe: 0.000
10/11 01:32 INFO val_epe: 0.000
10/11 01:32 INFO Epoches: [147/300] ============================
10/11 01:32 INFO step: [1/375] | loss_1: 0.857 | loss_2: 0.774 | loss_3: 0.790 | epe: 0.000
10/11 01:33 INFO step: [201/375] | loss_1: 1.123 | loss_2: 1.071 | loss_3: 1.082 | epe: 0.000
10/11 01:33 INFO val_epe: 0.000
10/11 01:33 INFO Epoches: [148/300] ============================
10/11 01:33 INFO step: [1/375] | loss_1: 0.848 | loss_2: 0.823 | loss_3: 0.870 | epe: 0.000
10/11 01:34 INFO step: [201/375] | loss_1: 1.026 | loss_2: 0.983 | loss_3: 0.991 | epe: 0.000
10/11 01:34 INFO val_epe: 0.000
10/11 01:34 INFO Epoches: [149/300] ============================
10/11 01:34 INFO step: [1/375] | loss_1: 1.332 | loss_2: 1.347 | loss_3: 1.289 | epe: 0.000
10/11 01:35 INFO step: [201/375] | loss_1: 1.028 | loss_2: 0.980 | loss_3: 0.993 | epe: 0.000
10/11 01:36 INFO val_epe: 0.000
10/11 01:36 INFO Epoches: [150/300] ============================
10/11 01:36 INFO step: [1/375] | loss_1: 1.604 | loss_2: 1.452 | loss_3: 1.444 | epe: 0.000
10/11 01:36 INFO step: [201/375] | loss_1: 1.061 | loss_2: 1.010 | loss_3: 1.021 | epe: 0.000
10/11 01:37 INFO val_epe: 0.000
10/11 01:37 INFO Epoches: [151/300] ============================
10/11 01:37 INFO step: [1/375] | loss_1: 0.980 | loss_2: 0.866 | loss_3: 0.898 | epe: 0.000
10/11 01:37 INFO step: [201/375] | loss_1: 1.016 | loss_2: 0.966 | loss_3: 0.981 | epe: 0.000
10/11 01:38 INFO val_epe: 0.000
10/11 01:38 INFO Epoches: [152/300] ============================
10/11 01:38 INFO step: [1/375] | loss_1: 1.125 | loss_2: 1.065 | loss_3: 1.060 | epe: 0.000
10/11 01:38 INFO step: [201/375] | loss_1: 1.030 | loss_2: 0.978 | loss_3: 0.991 | epe: 0.000
10/11 01:39 INFO val_epe: 0.000
10/11 01:39 INFO Epoches: [153/300] ============================
10/11 01:39 INFO step: [1/375] | loss_1: 0.817 | loss_2: 0.786 | loss_3: 0.807 | epe: 0.000
10/11 01:40 INFO step: [201/375] | loss_1: 1.036 | loss_2: 0.988 | loss_3: 0.994 | epe: 0.000
10/11 01:40 INFO val_epe: 0.000
10/11 01:40 INFO Epoches: [154/300] ============================
10/11 01:40 INFO step: [1/375] | loss_1: 0.648 | loss_2: 0.563 | loss_3: 0.605 | epe: 0.000
10/11 01:41 INFO step: [201/375] | loss_1: 1.086 | loss_2: 1.033 | loss_3: 1.043 | epe: 0.000
10/11 01:41 INFO val_epe: 0.000
10/11 01:41 INFO Epoches: [155/300] ============================
10/11 01:41 INFO step: [1/375] | loss_1: 0.778 | loss_2: 0.776 | loss_3: 0.745 | epe: 0.000
10/11 01:42 INFO step: [201/375] | loss_1: 1.035 | loss_2: 0.990 | loss_3: 0.998 | epe: 0.000
10/11 01:42 INFO val_epe: 0.000
10/11 01:42 INFO Epoches: [156/300] ============================
10/11 01:42 INFO step: [1/375] | loss_1: 0.779 | loss_2: 0.725 | loss_3: 0.754 | epe: 0.000
10/11 01:43 INFO step: [201/375] | loss_1: 1.056 | loss_2: 1.014 | loss_3: 1.024 | epe: 0.000
10/11 01:44 INFO val_epe: 0.000
10/11 01:44 INFO Epoches: [157/300] ============================
10/11 01:44 INFO step: [1/375] | loss_1: 1.400 | loss_2: 1.297 | loss_3: 1.267 | epe: 0.000
10/11 01:44 INFO step: [201/375] | loss_1: 1.096 | loss_2: 1.048 | loss_3: 1.055 | epe: 0.000
10/11 01:45 INFO val_epe: 0.000
10/11 01:45 INFO Epoches: [158/300] ============================
10/11 01:45 INFO step: [1/375] | loss_1: 0.784 | loss_2: 0.755 | loss_3: 0.741 | epe: 0.000
10/11 01:45 INFO step: [201/375] | loss_1: 1.026 | loss_2: 0.977 | loss_3: 0.986 | epe: 0.000
10/11 01:46 INFO val_epe: 0.000
10/11 01:46 INFO Epoches: [159/300] ============================
10/11 01:46 INFO step: [1/375] | loss_1: 0.693 | loss_2: 0.653 | loss_3: 0.623 | epe: 0.000
10/11 01:46 INFO step: [201/375] | loss_1: 1.039 | loss_2: 0.991 | loss_3: 1.004 | epe: 0.000
10/11 01:47 INFO val_epe: 0.000
10/11 01:47 INFO Epoches: [160/300] ============================
10/11 01:47 INFO step: [1/375] | loss_1: 2.023 | loss_2: 1.910 | loss_3: 1.800 | epe: 0.000
10/11 01:47 INFO step: [201/375] | loss_1: 1.012 | loss_2: 0.969 | loss_3: 0.976 | epe: 0.000
10/11 01:48 INFO val_epe: 0.000
10/11 01:48 INFO Epoches: [161/300] ============================
10/11 01:48 INFO step: [1/375] | loss_1: 0.929 | loss_2: 0.888 | loss_3: 0.956 | epe: 0.000
10/11 01:49 INFO step: [201/375] | loss_1: 0.990 | loss_2: 0.940 | loss_3: 0.945 | epe: 0.000
10/11 01:49 INFO val_epe: 0.000
10/11 01:49 INFO Epoches: [162/300] ============================
10/11 01:49 INFO step: [1/375] | loss_1: 0.992 | loss_2: 0.924 | loss_3: 0.885 | epe: 0.000
10/11 01:50 INFO step: [201/375] | loss_1: 1.035 | loss_2: 0.985 | loss_3: 0.997 | epe: 0.000
10/11 01:50 INFO val_epe: 0.000
10/11 01:50 INFO Epoches: [163/300] ============================
10/11 01:50 INFO step: [1/375] | loss_1: 0.745 | loss_2: 0.709 | loss_3: 0.701 | epe: 0.000
10/11 01:51 INFO step: [201/375] | loss_1: 1.037 | loss_2: 0.995 | loss_3: 1.000 | epe: 0.000
10/11 01:52 INFO val_epe: 0.000
10/11 01:52 INFO Epoches: [164/300] ============================
10/11 01:52 INFO step: [1/375] | loss_1: 1.992 | loss_2: 1.817 | loss_3: 1.735 | epe: 0.000
10/11 01:52 INFO step: [201/375] | loss_1: 1.031 | loss_2: 0.987 | loss_3: 0.995 | epe: 0.000
10/11 01:53 INFO val_epe: 0.000
10/11 01:53 INFO Epoches: [165/300] ============================
10/11 01:53 INFO step: [1/375] | loss_1: 0.665 | loss_2: 0.626 | loss_3: 0.648 | epe: 0.000
10/11 01:53 INFO step: [201/375] | loss_1: 1.048 | loss_2: 1.001 | loss_3: 1.009 | epe: 0.000
10/11 01:54 INFO val_epe: 0.000
10/11 01:54 INFO Epoches: [166/300] ============================
10/11 01:54 INFO step: [1/375] | loss_1: 0.957 | loss_2: 0.916 | loss_3: 0.851 | epe: 0.000
10/11 01:54 INFO step: [201/375] | loss_1: 1.036 | loss_2: 0.989 | loss_3: 0.998 | epe: 0.000
10/11 01:55 INFO val_epe: 0.000
10/11 01:55 INFO Epoches: [167/300] ============================
10/11 01:55 INFO step: [1/375] | loss_1: 0.948 | loss_2: 0.821 | loss_3: 0.859 | epe: 0.000
10/11 01:55 INFO step: [201/375] | loss_1: 1.090 | loss_2: 1.036 | loss_3: 1.046 | epe: 0.000
10/11 01:56 INFO val_epe: 0.000
10/11 01:56 INFO Epoches: [168/300] ============================
10/11 01:56 INFO step: [1/375] | loss_1: 1.268 | loss_2: 1.268 | loss_3: 1.187 | epe: 0.000
10/11 01:57 INFO step: [201/375] | loss_1: 1.002 | loss_2: 0.956 | loss_3: 0.966 | epe: 0.000
10/11 01:57 INFO val_epe: 0.000
10/11 01:57 INFO Epoches: [169/300] ============================
10/11 01:57 INFO step: [1/375] | loss_1: 0.731 | loss_2: 0.710 | loss_3: 0.740 | epe: 0.000
10/11 01:58 INFO step: [201/375] | loss_1: 1.035 | loss_2: 0.987 | loss_3: 0.992 | epe: 0.000
10/11 01:58 INFO val_epe: 0.000
10/11 01:58 INFO Epoches: [170/300] ============================
10/11 01:58 INFO step: [1/375] | loss_1: 1.070 | loss_2: 1.053 | loss_3: 1.057 | epe: 0.000
10/11 01:59 INFO step: [201/375] | loss_1: 1.040 | loss_2: 0.986 | loss_3: 0.998 | epe: 0.000
10/11 02:00 INFO val_epe: 0.000
10/11 02:00 INFO Epoches: [171/300] ============================
10/11 02:00 INFO step: [1/375] | loss_1: 0.686 | loss_2: 0.652 | loss_3: 0.620 | epe: 0.000
10/11 02:00 INFO step: [201/375] | loss_1: 1.001 | loss_2: 0.955 | loss_3: 0.969 | epe: 0.000
10/11 02:01 INFO val_epe: 0.000
10/11 02:01 INFO Epoches: [172/300] ============================
10/11 02:01 INFO step: [1/375] | loss_1: 0.857 | loss_2: 0.868 | loss_3: 0.823 | epe: 0.000
10/11 02:01 INFO step: [201/375] | loss_1: 0.979 | loss_2: 0.936 | loss_3: 0.943 | epe: 0.000
10/11 02:02 INFO val_epe: 0.000
10/11 02:02 INFO Epoches: [173/300] ============================
10/11 02:02 INFO step: [1/375] | loss_1: 0.706 | loss_2: 0.695 | loss_3: 0.715 | epe: 0.000
10/11 02:02 INFO step: [201/375] | loss_1: 1.019 | loss_2: 0.969 | loss_3: 0.974 | epe: 0.000
10/11 02:03 INFO val_epe: 0.000
10/11 02:03 INFO Epoches: [174/300] ============================
10/11 02:03 INFO step: [1/375] | loss_1: 2.263 | loss_2: 2.080 | loss_3: 1.971 | epe: 0.000
10/11 02:03 INFO step: [201/375] | loss_1: 1.071 | loss_2: 1.017 | loss_3: 1.026 | epe: 0.000
10/11 02:04 INFO val_epe: 0.000
10/11 02:04 INFO Epoches: [175/300] ============================
10/11 02:04 INFO step: [1/375] | loss_1: 1.026 | loss_2: 0.951 | loss_3: 1.023 | epe: 0.000
10/11 02:05 INFO step: [201/375] | loss_1: 1.002 | loss_2: 0.952 | loss_3: 0.971 | epe: 0.000
10/11 02:05 INFO val_epe: 0.000
10/11 02:05 INFO Epoches: [176/300] ============================
10/11 02:05 INFO step: [1/375] | loss_1: 1.548 | loss_2: 1.522 | loss_3: 1.543 | epe: 0.000
10/11 02:06 INFO step: [201/375] | loss_1: 1.009 | loss_2: 0.962 | loss_3: 0.968 | epe: 0.000
10/11 02:06 INFO val_epe: 0.000
10/11 02:06 INFO Epoches: [177/300] ============================
10/11 02:06 INFO step: [1/375] | loss_1: 0.993 | loss_2: 0.986 | loss_3: 0.957 | epe: 0.000
10/11 02:07 INFO step: [201/375] | loss_1: 1.020 | loss_2: 0.972 | loss_3: 0.978 | epe: 0.000
10/11 02:07 INFO val_epe: 0.000
10/11 02:07 INFO Epoches: [178/300] ============================
10/11 02:07 INFO step: [1/375] | loss_1: 2.047 | loss_2: 2.053 | loss_3: 1.943 | epe: 0.000
10/11 02:08 INFO step: [201/375] | loss_1: 1.034 | loss_2: 0.986 | loss_3: 1.000 | epe: 0.000
10/11 02:09 INFO val_epe: 0.000
10/11 02:09 INFO Epoches: [179/300] ============================
10/11 02:09 INFO step: [1/375] | loss_1: 0.974 | loss_2: 0.864 | loss_3: 0.916 | epe: 0.000
10/11 02:09 INFO step: [201/375] | loss_1: 1.038 | loss_2: 0.978 | loss_3: 0.992 | epe: 0.000
10/11 02:10 INFO val_epe: 0.000
10/11 02:10 INFO Epoches: [180/300] ============================
10/11 02:10 INFO step: [1/375] | loss_1: 0.998 | loss_2: 0.947 | loss_3: 0.946 | epe: 0.000
10/11 02:10 INFO step: [201/375] | loss_1: 0.975 | loss_2: 0.933 | loss_3: 0.940 | epe: 0.000
10/11 02:11 INFO val_epe: 0.000
10/11 02:11 INFO Epoches: [181/300] ============================
10/11 02:11 INFO step: [1/375] | loss_1: 0.792 | loss_2: 0.734 | loss_3: 0.767 | epe: 0.000
10/11 02:11 INFO step: [201/375] | loss_1: 0.996 | loss_2: 0.950 | loss_3: 0.955 | epe: 0.000
10/11 02:12 INFO val_epe: 0.000
10/11 02:12 INFO Epoches: [182/300] ============================
10/11 02:12 INFO step: [1/375] | loss_1: 0.890 | loss_2: 0.873 | loss_3: 0.885 | epe: 0.000
10/11 02:13 INFO step: [201/375] | loss_1: 1.006 | loss_2: 0.960 | loss_3: 0.969 | epe: 0.000
10/11 02:13 INFO val_epe: 0.000
10/11 02:13 INFO Epoches: [183/300] ============================
10/11 02:13 INFO step: [1/375] | loss_1: 0.917 | loss_2: 0.942 | loss_3: 0.918 | epe: 0.000
10/11 02:14 INFO step: [201/375] | loss_1: 1.020 | loss_2: 0.972 | loss_3: 0.984 | epe: 0.000
10/11 02:14 INFO val_epe: 0.000
10/11 02:14 INFO Epoches: [184/300] ============================
10/11 02:14 INFO step: [1/375] | loss_1: 1.119 | loss_2: 1.079 | loss_3: 1.126 | epe: 0.000
10/11 02:15 INFO step: [201/375] | loss_1: 1.008 | loss_2: 0.963 | loss_3: 0.961 | epe: 0.000
10/11 02:15 INFO val_epe: 0.000
10/11 02:15 INFO Epoches: [185/300] ============================
10/11 02:15 INFO step: [1/375] | loss_1: 1.191 | loss_2: 1.172 | loss_3: 1.150 | epe: 0.000
10/11 02:16 INFO step: [201/375] | loss_1: 1.008 | loss_2: 0.960 | loss_3: 0.972 | epe: 0.000
10/11 02:17 INFO val_epe: 0.000
10/11 02:17 INFO Epoches: [186/300] ============================
10/11 02:17 INFO step: [1/375] | loss_1: 0.564 | loss_2: 0.525 | loss_3: 0.577 | epe: 0.000
10/11 02:17 INFO step: [201/375] | loss_1: 1.016 | loss_2: 0.974 | loss_3: 0.980 | epe: 0.000
10/11 02:18 INFO val_epe: 0.000
10/11 02:18 INFO Epoches: [187/300] ============================
10/11 02:18 INFO step: [1/375] | loss_1: 0.860 | loss_2: 0.856 | loss_3: 0.789 | epe: 0.000
10/11 02:18 INFO step: [201/375] | loss_1: 1.035 | loss_2: 0.989 | loss_3: 0.997 | epe: 0.000
10/11 02:19 INFO val_epe: 0.000
10/11 02:19 INFO Epoches: [188/300] ============================
10/11 02:19 INFO step: [1/375] | loss_1: 1.580 | loss_2: 1.541 | loss_3: 1.478 | epe: 0.000
10/11 02:19 INFO step: [201/375] | loss_1: 1.007 | loss_2: 0.962 | loss_3: 0.975 | epe: 0.000
10/11 02:20 INFO val_epe: 0.000
10/11 02:20 INFO Epoches: [189/300] ============================
10/11 02:20 INFO step: [1/375] | loss_1: 1.323 | loss_2: 1.250 | loss_3: 1.165 | epe: 0.000
10/11 02:20 INFO step: [201/375] | loss_1: 1.003 | loss_2: 0.955 | loss_3: 0.968 | epe: 0.000
10/11 02:21 INFO val_epe: 0.000
10/11 02:21 INFO Epoches: [190/300] ============================
10/11 02:21 INFO step: [1/375] | loss_1: 1.063 | loss_2: 0.907 | loss_3: 1.028 | epe: 0.000
10/11 02:22 INFO step: [201/375] | loss_1: 0.984 | loss_2: 0.940 | loss_3: 0.951 | epe: 0.000
10/11 02:22 INFO val_epe: 0.000
10/11 02:22 INFO Epoches: [191/300] ============================
10/11 02:22 INFO step: [1/375] | loss_1: 0.570 | loss_2: 0.556 | loss_3: 0.558 | epe: 0.000
10/11 02:23 INFO step: [201/375] | loss_1: 1.035 | loss_2: 0.989 | loss_3: 1.000 | epe: 0.000
10/11 02:23 INFO val_epe: 0.000
10/11 02:23 INFO Epoches: [192/300] ============================
10/11 02:23 INFO step: [1/375] | loss_1: 0.710 | loss_2: 0.686 | loss_3: 0.721 | epe: 0.000
10/11 02:24 INFO step: [201/375] | loss_1: 1.013 | loss_2: 0.965 | loss_3: 0.977 | epe: 0.000
10/11 02:25 INFO val_epe: 0.000
10/11 02:25 INFO Epoches: [193/300] ============================
10/11 02:25 INFO step: [1/375] | loss_1: 1.965 | loss_2: 2.066 | loss_3: 2.011 | epe: 0.000
10/11 02:25 INFO step: [201/375] | loss_1: 1.005 | loss_2: 0.956 | loss_3: 0.966 | epe: 0.000
10/11 02:26 INFO val_epe: 0.000
10/11 02:26 INFO Epoches: [194/300] ============================
10/11 02:26 INFO step: [1/375] | loss_1: 0.851 | loss_2: 0.749 | loss_3: 0.764 | epe: 0.000
10/11 02:26 INFO step: [201/375] | loss_1: 1.019 | loss_2: 0.971 | loss_3: 0.986 | epe: 0.000
10/11 02:27 INFO val_epe: 0.000
10/11 02:27 INFO Epoches: [195/300] ============================
10/11 02:27 INFO step: [1/375] | loss_1: 1.004 | loss_2: 0.994 | loss_3: 0.971 | epe: 0.000
10/11 02:27 INFO step: [201/375] | loss_1: 1.024 | loss_2: 0.980 | loss_3: 0.988 | epe: 0.000
10/11 02:28 INFO val_epe: 0.000
10/11 02:28 INFO Epoches: [196/300] ============================
10/11 02:28 INFO step: [1/375] | loss_1: 0.745 | loss_2: 0.719 | loss_3: 0.770 | epe: 0.000
10/11 02:28 INFO step: [201/375] | loss_1: 0.992 | loss_2: 0.940 | loss_3: 0.948 | epe: 0.000
10/11 02:29 INFO val_epe: 0.000
10/11 02:29 INFO Epoches: [197/300] ============================
10/11 02:29 INFO step: [1/375] | loss_1: 0.976 | loss_2: 0.888 | loss_3: 0.892 | epe: 0.000
10/11 02:30 INFO step: [201/375] | loss_1: 1.043 | loss_2: 0.996 | loss_3: 1.003 | epe: 0.000
10/11 02:30 INFO val_epe: 0.000
10/11 02:30 INFO Epoches: [198/300] ============================
10/11 02:30 INFO step: [1/375] | loss_1: 1.435 | loss_2: 1.318 | loss_3: 1.375 | epe: 0.000
10/11 02:31 INFO step: [201/375] | loss_1: 1.051 | loss_2: 1.003 | loss_3: 1.012 | epe: 0.000
10/11 02:31 INFO val_epe: 0.000
10/11 02:31 INFO Epoches: [199/300] ============================
10/11 02:31 INFO step: [1/375] | loss_1: 0.563 | loss_2: 0.481 | loss_3: 0.492 | epe: 0.000
10/11 02:32 INFO step: [201/375] | loss_1: 0.976 | loss_2: 0.931 | loss_3: 0.941 | epe: 0.000
10/11 02:33 INFO val_epe: 0.000
10/11 02:33 INFO Epoches: [200/300] ============================
10/11 02:33 INFO step: [1/375] | loss_1: 1.144 | loss_2: 1.096 | loss_3: 1.156 | epe: 0.000
10/11 02:33 INFO step: [201/375] | loss_1: 1.014 | loss_2: 0.968 | loss_3: 0.978 | epe: 0.000
10/11 02:34 INFO val_epe: 0.000
10/11 02:34 INFO Epoches: [201/300] ============================
10/11 02:34 INFO step: [1/375] | loss_1: 1.082 | loss_2: 1.005 | loss_3: 1.013 | epe: 0.000
10/11 02:34 INFO step: [201/375] | loss_1: 0.994 | loss_2: 0.945 | loss_3: 0.953 | epe: 0.000
10/11 02:35 INFO val_epe: 0.000
10/11 02:35 INFO Epoches: [202/300] ============================
10/11 02:35 INFO step: [1/375] | loss_1: 1.055 | loss_2: 1.063 | loss_3: 1.081 | epe: 0.000
10/11 02:35 INFO step: [201/375] | loss_1: 0.935 | loss_2: 0.893 | loss_3: 0.909 | epe: 0.000
10/11 02:36 INFO val_epe: 0.000
10/11 02:36 INFO Epoches: [203/300] ============================
10/11 02:36 INFO step: [1/375] | loss_1: 1.941 | loss_2: 1.946 | loss_3: 1.937 | epe: 0.000
10/11 02:36 INFO step: [201/375] | loss_1: 0.975 | loss_2: 0.931 | loss_3: 0.942 | epe: 0.000
10/11 02:37 INFO val_epe: 0.000
10/11 02:37 INFO Epoches: [204/300] ============================
10/11 02:37 INFO step: [1/375] | loss_1: 2.741 | loss_2: 2.650 | loss_3: 2.624 | epe: 0.000
10/11 02:38 INFO step: [201/375] | loss_1: 1.016 | loss_2: 0.966 | loss_3: 0.976 | epe: 0.000
10/11 02:38 INFO val_epe: 0.000
10/11 02:38 INFO Epoches: [205/300] ============================
10/11 02:38 INFO step: [1/375] | loss_1: 0.614 | loss_2: 0.569 | loss_3: 0.545 | epe: 0.000
10/11 02:39 INFO step: [201/375] | loss_1: 1.045 | loss_2: 0.993 | loss_3: 1.006 | epe: 0.000
10/11 02:39 INFO val_epe: 0.000
10/11 02:39 INFO Epoches: [206/300] ============================
10/11 02:39 INFO step: [1/375] | loss_1: 0.506 | loss_2: 0.485 | loss_3: 0.511 | epe: 0.000
10/11 02:40 INFO step: [201/375] | loss_1: 1.046 | loss_2: 0.995 | loss_3: 1.003 | epe: 0.000
10/11 02:40 INFO val_epe: 0.000
10/11 02:40 INFO Epoches: [207/300] ============================
10/11 02:41 INFO step: [1/375] | loss_1: 0.601 | loss_2: 0.598 | loss_3: 0.652 | epe: 0.000
10/11 02:41 INFO step: [201/375] | loss_1: 0.990 | loss_2: 0.943 | loss_3: 0.950 | epe: 0.000
10/11 02:42 INFO val_epe: 0.000
10/11 02:42 INFO Epoches: [208/300] ============================
10/11 02:42 INFO step: [1/375] | loss_1: 0.749 | loss_2: 0.666 | loss_3: 0.710 | epe: 0.000
10/11 02:42 INFO step: [201/375] | loss_1: 0.992 | loss_2: 0.947 | loss_3: 0.958 | epe: 0.000
10/11 02:43 INFO val_epe: 0.000
10/11 02:43 INFO Epoches: [209/300] ============================
10/11 02:43 INFO step: [1/375] | loss_1: 0.586 | loss_2: 0.539 | loss_3: 0.564 | epe: 0.000
10/11 02:43 INFO step: [201/375] | loss_1: 0.998 | loss_2: 0.954 | loss_3: 0.960 | epe: 0.000
10/11 02:44 INFO val_epe: 0.000
10/11 02:44 INFO Epoches: [210/300] ============================
10/11 02:44 INFO step: [1/375] | loss_1: 0.872 | loss_2: 0.887 | loss_3: 0.926 | epe: 0.000
10/11 02:44 INFO step: [201/375] | loss_1: 0.978 | loss_2: 0.934 | loss_3: 0.948 | epe: 0.000
10/11 02:45 INFO val_epe: 0.000
10/11 02:45 INFO Epoches: [211/300] ============================
10/11 02:45 INFO step: [1/375] | loss_1: 0.723 | loss_2: 0.705 | loss_3: 0.684 | epe: 0.000
10/11 02:46 INFO step: [201/375] | loss_1: 1.012 | loss_2: 0.964 | loss_3: 0.972 | epe: 0.000
10/11 02:46 INFO val_epe: 0.000
10/11 02:46 INFO Epoches: [212/300] ============================
10/11 02:46 INFO step: [1/375] | loss_1: 0.737 | loss_2: 0.694 | loss_3: 0.658 | epe: 0.000
10/11 02:47 INFO step: [201/375] | loss_1: 0.982 | loss_2: 0.937 | loss_3: 0.946 | epe: 0.000
10/11 02:47 INFO val_epe: 0.000
10/11 02:47 INFO Epoches: [213/300] ============================
10/11 02:47 INFO step: [1/375] | loss_1: 0.563 | loss_2: 0.528 | loss_3: 0.543 | epe: 0.000
10/11 02:48 INFO step: [201/375] | loss_1: 1.015 | loss_2: 0.972 | loss_3: 0.980 | epe: 0.000
10/11 02:48 INFO val_epe: 0.000
10/11 02:48 INFO Epoches: [214/300] ============================
10/11 02:48 INFO step: [1/375] | loss_1: 0.377 | loss_2: 0.376 | loss_3: 0.387 | epe: 0.000
10/11 02:49 INFO step: [201/375] | loss_1: 1.043 | loss_2: 0.996 | loss_3: 1.004 | epe: 0.000
10/11 02:50 INFO val_epe: 0.000
10/11 02:50 INFO Epoches: [215/300] ============================
10/11 02:50 INFO step: [1/375] | loss_1: 0.861 | loss_2: 0.854 | loss_3: 0.874 | epe: 0.000
10/11 02:50 INFO step: [201/375] | loss_1: 0.977 | loss_2: 0.938 | loss_3: 0.942 | epe: 0.000
10/11 02:51 INFO val_epe: 0.000
10/11 02:51 INFO Epoches: [216/300] ============================
10/11 02:51 INFO step: [1/375] | loss_1: 0.761 | loss_2: 0.744 | loss_3: 0.735 | epe: 0.000
10/11 02:51 INFO step: [201/375] | loss_1: 1.013 | loss_2: 0.969 | loss_3: 0.978 | epe: 0.000
10/11 02:52 INFO val_epe: 0.000
10/11 02:52 INFO Epoches: [217/300] ============================
10/11 02:52 INFO step: [1/375] | loss_1: 0.634 | loss_2: 0.640 | loss_3: 0.674 | epe: 0.000
10/11 02:52 INFO step: [201/375] | loss_1: 1.025 | loss_2: 0.977 | loss_3: 0.985 | epe: 0.000
10/11 02:53 INFO val_epe: 0.000
10/11 02:53 INFO Epoches: [218/300] ============================
10/11 02:53 INFO step: [1/375] | loss_1: 0.642 | loss_2: 0.609 | loss_3: 0.552 | epe: 0.000
10/11 02:54 INFO step: [201/375] | loss_1: 1.032 | loss_2: 0.986 | loss_3: 0.993 | epe: 0.000
10/11 02:54 INFO val_epe: 0.000
10/11 02:54 INFO Epoches: [219/300] ============================
10/11 02:54 INFO step: [1/375] | loss_1: 2.148 | loss_2: 2.021 | loss_3: 1.904 | epe: 0.000
10/11 02:55 INFO step: [201/375] | loss_1: 0.998 | loss_2: 0.953 | loss_3: 0.964 | epe: 0.000
10/11 02:55 INFO val_epe: 0.000
10/11 02:55 INFO Epoches: [220/300] ============================
10/11 02:55 INFO step: [1/375] | loss_1: 0.762 | loss_2: 0.734 | loss_3: 0.752 | epe: 0.000
10/11 02:56 INFO step: [201/375] | loss_1: 0.932 | loss_2: 0.893 | loss_3: 0.903 | epe: 0.000
10/11 02:56 INFO val_epe: 0.000
10/11 02:56 INFO Epoches: [221/300] ============================
10/11 02:56 INFO step: [1/375] | loss_1: 0.541 | loss_2: 0.462 | loss_3: 0.508 | epe: 0.000
10/11 02:57 INFO step: [201/375] | loss_1: 0.951 | loss_2: 0.907 | loss_3: 0.911 | epe: 0.000
10/11 02:58 INFO val_epe: 0.000
10/11 02:58 INFO Epoches: [222/300] ============================
10/11 02:58 INFO step: [1/375] | loss_1: 0.820 | loss_2: 0.829 | loss_3: 0.850 | epe: 0.000
10/11 02:58 INFO step: [201/375] | loss_1: 0.949 | loss_2: 0.908 | loss_3: 0.921 | epe: 0.000
10/11 02:59 INFO val_epe: 0.000
10/11 02:59 INFO Epoches: [223/300] ============================
10/11 02:59 INFO step: [1/375] | loss_1: 0.624 | loss_2: 0.612 | loss_3: 0.616 | epe: 0.000
10/11 02:59 INFO step: [201/375] | loss_1: 0.994 | loss_2: 0.946 | loss_3: 0.954 | epe: 0.000
10/11 03:00 INFO val_epe: 0.000
10/11 03:00 INFO Epoches: [224/300] ============================
10/11 03:00 INFO step: [1/375] | loss_1: 1.663 | loss_2: 1.516 | loss_3: 1.424 | epe: 0.000
10/11 03:00 INFO step: [201/375] | loss_1: 0.959 | loss_2: 0.917 | loss_3: 0.934 | epe: 0.000
10/11 03:01 INFO val_epe: 0.000
10/11 03:01 INFO Epoches: [225/300] ============================
10/11 03:01 INFO step: [1/375] | loss_1: 1.651 | loss_2: 1.584 | loss_3: 1.515 | epe: 0.000
10/11 03:01 INFO step: [201/375] | loss_1: 0.993 | loss_2: 0.952 | loss_3: 0.956 | epe: 0.000
10/11 03:02 INFO val_epe: 0.000
10/11 03:02 INFO Epoches: [226/300] ============================
10/11 03:02 INFO step: [1/375] | loss_1: 0.869 | loss_2: 0.821 | loss_3: 0.864 | epe: 0.000
10/11 03:03 INFO step: [201/375] | loss_1: 0.963 | loss_2: 0.919 | loss_3: 0.930 | epe: 0.000
10/11 03:03 INFO val_epe: 0.000
10/11 03:03 INFO Epoches: [227/300] ============================
10/11 03:03 INFO step: [1/375] | loss_1: 0.704 | loss_2: 0.674 | loss_3: 0.681 | epe: 0.000
10/11 03:04 INFO step: [201/375] | loss_1: 1.024 | loss_2: 0.972 | loss_3: 0.984 | epe: 0.000
10/11 03:04 INFO val_epe: 0.000
10/11 03:04 INFO Epoches: [228/300] ============================
10/11 03:04 INFO step: [1/375] | loss_1: 0.964 | loss_2: 0.917 | loss_3: 0.930 | epe: 0.000
10/11 03:05 INFO step: [201/375] | loss_1: 0.989 | loss_2: 0.944 | loss_3: 0.948 | epe: 0.000
10/11 03:06 INFO val_epe: 0.000
10/11 03:06 INFO Epoches: [229/300] ============================
10/11 03:06 INFO step: [1/375] | loss_1: 0.536 | loss_2: 0.506 | loss_3: 0.476 | epe: 0.000
10/11 03:06 INFO step: [201/375] | loss_1: 0.968 | loss_2: 0.926 | loss_3: 0.934 | epe: 0.000
10/11 03:07 INFO val_epe: 0.000
10/11 03:07 INFO Epoches: [230/300] ============================
10/11 03:07 INFO step: [1/375] | loss_1: 1.315 | loss_2: 1.293 | loss_3: 1.277 | epe: 0.000
10/11 03:07 INFO step: [201/375] | loss_1: 0.959 | loss_2: 0.917 | loss_3: 0.928 | epe: 0.000
10/11 03:08 INFO val_epe: 0.000
10/11 03:08 INFO Epoches: [231/300] ============================
10/11 03:08 INFO step: [1/375] | loss_1: 0.667 | loss_2: 0.646 | loss_3: 0.701 | epe: 0.000
10/11 03:08 INFO step: [201/375] | loss_1: 0.980 | loss_2: 0.934 | loss_3: 0.944 | epe: 0.000
10/11 03:09 INFO val_epe: 0.000
10/11 03:09 INFO Epoches: [232/300] ============================
10/11 03:09 INFO step: [1/375] | loss_1: 1.128 | loss_2: 1.100 | loss_3: 1.126 | epe: 0.000
10/11 03:09 INFO step: [201/375] | loss_1: 0.997 | loss_2: 0.949 | loss_3: 0.959 | epe: 0.000
10/11 03:10 INFO val_epe: 0.000
10/11 03:10 INFO Epoches: [233/300] ============================
10/11 03:10 INFO step: [1/375] | loss_1: 0.937 | loss_2: 0.858 | loss_3: 0.891 | epe: 0.000
10/11 03:11 INFO step: [201/375] | loss_1: 0.983 | loss_2: 0.931 | loss_3: 0.943 | epe: 0.000
10/11 03:11 INFO val_epe: 0.000
10/11 03:11 INFO Epoches: [234/300] ============================
10/11 03:11 INFO step: [1/375] | loss_1: 0.946 | loss_2: 0.929 | loss_3: 0.972 | epe: 0.000
10/11 03:12 INFO step: [201/375] | loss_1: 1.012 | loss_2: 0.966 | loss_3: 0.978 | epe: 0.000
10/11 03:12 INFO val_epe: 0.000
10/11 03:12 INFO Epoches: [235/300] ============================
10/11 03:12 INFO step: [1/375] | loss_1: 0.817 | loss_2: 0.815 | loss_3: 0.817 | epe: 0.000
10/11 03:13 INFO step: [201/375] | loss_1: 0.923 | loss_2: 0.882 | loss_3: 0.895 | epe: 0.000
10/11 03:13 INFO val_epe: 0.000
10/11 03:13 INFO Epoches: [236/300] ============================
10/11 03:14 INFO step: [1/375] | loss_1: 0.749 | loss_2: 0.719 | loss_3: 0.726 | epe: 0.000
10/11 03:14 INFO step: [201/375] | loss_1: 0.983 | loss_2: 0.933 | loss_3: 0.938 | epe: 0.000
10/11 03:15 INFO val_epe: 0.000
10/11 03:15 INFO Epoches: [237/300] ============================
10/11 03:15 INFO step: [1/375] | loss_1: 1.114 | loss_2: 1.102 | loss_3: 1.193 | epe: 0.000
10/11 03:15 INFO step: [201/375] | loss_1: 0.980 | loss_2: 0.936 | loss_3: 0.947 | epe: 0.000
10/11 03:16 INFO val_epe: 0.000
10/11 03:16 INFO Epoches: [238/300] ============================
10/11 03:16 INFO step: [1/375] | loss_1: 1.597 | loss_2: 1.452 | loss_3: 1.421 | epe: 0.000
10/11 03:16 INFO step: [201/375] | loss_1: 0.975 | loss_2: 0.931 | loss_3: 0.943 | epe: 0.000
10/11 03:17 INFO val_epe: 0.000
10/11 03:17 INFO Epoches: [239/300] ============================
10/11 03:17 INFO step: [1/375] | loss_1: 0.620 | loss_2: 0.607 | loss_3: 0.563 | epe: 0.000
10/11 03:17 INFO step: [201/375] | loss_1: 0.952 | loss_2: 0.905 | loss_3: 0.908 | epe: 0.000
10/11 03:18 INFO val_epe: 0.000
10/11 03:18 INFO Epoches: [240/300] ============================
10/11 03:18 INFO step: [1/375] | loss_1: 0.698 | loss_2: 0.690 | loss_3: 0.690 | epe: 0.000
10/11 03:19 INFO step: [201/375] | loss_1: 0.986 | loss_2: 0.937 | loss_3: 0.946 | epe: 0.000
10/11 03:19 INFO val_epe: 0.000
10/11 03:19 INFO Epoches: [241/300] ============================
10/11 03:19 INFO step: [1/375] | loss_1: 0.527 | loss_2: 0.498 | loss_3: 0.530 | epe: 0.000
10/11 03:20 INFO step: [201/375] | loss_1: 1.002 | loss_2: 0.956 | loss_3: 0.967 | epe: 0.000
10/11 03:20 INFO val_epe: 0.000
10/11 03:20 INFO Epoches: [242/300] ============================
10/11 03:20 INFO step: [1/375] | loss_1: 0.614 | loss_2: 0.575 | loss_3: 0.625 | epe: 0.000
10/11 03:21 INFO step: [201/375] | loss_1: 0.953 | loss_2: 0.911 | loss_3: 0.920 | epe: 0.000
10/11 03:21 INFO val_epe: 0.000
10/11 03:21 INFO Epoches: [243/300] ============================
10/11 03:21 INFO step: [1/375] | loss_1: 0.558 | loss_2: 0.542 | loss_3: 0.565 | epe: 0.000
10/11 03:22 INFO step: [201/375] | loss_1: 0.989 | loss_2: 0.944 | loss_3: 0.951 | epe: 0.000
10/11 03:23 INFO val_epe: 0.000
10/11 03:23 INFO Epoches: [244/300] ============================
10/11 03:23 INFO step: [1/375] | loss_1: 1.708 | loss_2: 1.649 | loss_3: 1.672 | epe: 0.000
10/11 03:23 INFO step: [201/375] | loss_1: 0.981 | loss_2: 0.936 | loss_3: 0.949 | epe: 0.000
10/11 03:24 INFO val_epe: 0.000
10/11 03:24 INFO Epoches: [245/300] ============================
10/11 03:24 INFO step: [1/375] | loss_1: 0.670 | loss_2: 0.604 | loss_3: 0.653 | epe: 0.000
10/11 03:24 INFO step: [201/375] | loss_1: 0.973 | loss_2: 0.926 | loss_3: 0.936 | epe: 0.000
10/11 03:25 INFO val_epe: 0.000
10/11 03:25 INFO Epoches: [246/300] ============================
10/11 03:25 INFO step: [1/375] | loss_1: 0.967 | loss_2: 0.924 | loss_3: 0.876 | epe: 0.000
10/11 03:25 INFO step: [201/375] | loss_1: 0.980 | loss_2: 0.937 | loss_3: 0.944 | epe: 0.000
10/11 03:26 INFO val_epe: 0.000
10/11 03:26 INFO Epoches: [247/300] ============================
10/11 03:26 INFO step: [1/375] | loss_1: 1.009 | loss_2: 0.988 | loss_3: 1.023 | epe: 0.000
10/11 03:27 INFO step: [201/375] | loss_1: 0.971 | loss_2: 0.922 | loss_3: 0.934 | epe: 0.000
10/11 03:27 INFO val_epe: 0.000
10/11 03:27 INFO Epoches: [248/300] ============================
10/11 03:27 INFO step: [1/375] | loss_1: 0.630 | loss_2: 0.609 | loss_3: 0.564 | epe: 0.000
10/11 03:28 INFO step: [201/375] | loss_1: 0.975 | loss_2: 0.934 | loss_3: 0.950 | epe: 0.000
10/11 03:28 INFO val_epe: 0.000
10/11 03:28 INFO Epoches: [249/300] ============================
10/11 03:28 INFO step: [1/375] | loss_1: 0.720 | loss_2: 0.690 | loss_3: 0.669 | epe: 0.000
10/11 03:29 INFO step: [201/375] | loss_1: 0.952 | loss_2: 0.912 | loss_3: 0.919 | epe: 0.000
10/11 03:29 INFO val_epe: 0.000
10/11 03:29 INFO Epoches: [250/300] ============================
10/11 03:29 INFO step: [1/375] | loss_1: 0.575 | loss_2: 0.581 | loss_3: 0.598 | epe: 0.000
10/11 03:30 INFO step: [201/375] | loss_1: 0.961 | loss_2: 0.915 | loss_3: 0.925 | epe: 0.000
10/11 03:31 INFO val_epe: 0.000
10/11 03:31 INFO Epoches: [251/300] ============================
10/11 03:31 INFO step: [1/375] | loss_1: 0.824 | loss_2: 0.734 | loss_3: 0.726 | epe: 0.000
10/11 03:31 INFO step: [201/375] | loss_1: 1.018 | loss_2: 0.969 | loss_3: 0.975 | epe: 0.000
10/11 03:32 INFO val_epe: 0.000
10/11 03:32 INFO Epoches: [252/300] ============================
10/11 03:32 INFO step: [1/375] | loss_1: 0.671 | loss_2: 0.644 | loss_3: 0.615 | epe: 0.000
10/11 03:32 INFO step: [201/375] | loss_1: 0.983 | loss_2: 0.937 | loss_3: 0.944 | epe: 0.000
10/11 03:33 INFO val_epe: 0.000
10/11 03:33 INFO Epoches: [253/300] ============================
10/11 03:33 INFO step: [1/375] | loss_1: 0.718 | loss_2: 0.704 | loss_3: 0.675 | epe: 0.000
10/11 03:33 INFO step: [201/375] | loss_1: 0.979 | loss_2: 0.938 | loss_3: 0.943 | epe: 0.000
10/11 03:34 INFO val_epe: 0.000
10/11 03:34 INFO Epoches: [254/300] ============================
10/11 03:34 INFO step: [1/375] | loss_1: 0.959 | loss_2: 0.960 | loss_3: 0.971 | epe: 0.000
10/11 03:34 INFO step: [201/375] | loss_1: 1.023 | loss_2: 0.979 | loss_3: 0.985 | epe: 0.000
10/11 03:35 INFO val_epe: 0.000
10/11 03:35 INFO Epoches: [255/300] ============================
10/11 03:35 INFO step: [1/375] | loss_1: 0.585 | loss_2: 0.524 | loss_3: 0.545 | epe: 0.000
10/11 03:36 INFO step: [201/375] | loss_1: 1.003 | loss_2: 0.960 | loss_3: 0.967 | epe: 0.000
10/11 03:36 INFO val_epe: 0.000
10/11 03:36 INFO Epoches: [256/300] ============================
10/11 03:36 INFO step: [1/375] | loss_1: 0.639 | loss_2: 0.598 | loss_3: 0.587 | epe: 0.000
10/11 03:37 INFO step: [201/375] | loss_1: 0.962 | loss_2: 0.916 | loss_3: 0.926 | epe: 0.000
10/11 03:37 INFO val_epe: 0.000
10/11 03:37 INFO Epoches: [257/300] ============================
10/11 03:37 INFO step: [1/375] | loss_1: 0.487 | loss_2: 0.454 | loss_3: 0.439 | epe: 0.000
10/11 03:38 INFO step: [201/375] | loss_1: 0.995 | loss_2: 0.955 | loss_3: 0.964 | epe: 0.000
10/11 03:39 INFO val_epe: 0.000
10/11 03:39 INFO Epoches: [258/300] ============================
10/11 03:39 INFO step: [1/375] | loss_1: 0.643 | loss_2: 0.592 | loss_3: 0.612 | epe: 0.000
10/11 03:39 INFO step: [201/375] | loss_1: 0.939 | loss_2: 0.898 | loss_3: 0.912 | epe: 0.000
10/11 03:40 INFO val_epe: 0.000
10/11 03:40 INFO Epoches: [259/300] ============================
10/11 03:40 INFO step: [1/375] | loss_1: 0.984 | loss_2: 0.909 | loss_3: 0.997 | epe: 0.000
10/11 03:40 INFO step: [201/375] | loss_1: 0.946 | loss_2: 0.902 | loss_3: 0.910 | epe: 0.000
10/11 03:41 INFO val_epe: 0.000
10/11 03:41 INFO Epoches: [260/300] ============================
10/11 03:41 INFO step: [1/375] | loss_1: 0.909 | loss_2: 0.854 | loss_3: 0.849 | epe: 0.000
10/11 03:41 INFO step: [201/375] | loss_1: 0.985 | loss_2: 0.938 | loss_3: 0.947 | epe: 0.000
10/11 03:42 INFO val_epe: 0.000
10/11 03:42 INFO Epoches: [261/300] ============================
10/11 03:42 INFO step: [1/375] | loss_1: 0.576 | loss_2: 0.547 | loss_3: 0.590 | epe: 0.000
10/11 03:42 INFO step: [201/375] | loss_1: 0.992 | loss_2: 0.946 | loss_3: 0.954 | epe: 0.000
10/11 03:43 INFO val_epe: 0.000
10/11 03:43 INFO Epoches: [262/300] ============================
10/11 03:43 INFO step: [1/375] | loss_1: 0.691 | loss_2: 0.699 | loss_3: 0.687 | epe: 0.000
10/11 03:44 INFO step: [201/375] | loss_1: 0.927 | loss_2: 0.879 | loss_3: 0.889 | epe: 0.000
10/11 03:44 INFO val_epe: 0.000
10/11 03:44 INFO Epoches: [263/300] ============================
10/11 03:44 INFO step: [1/375] | loss_1: 1.061 | loss_2: 1.024 | loss_3: 1.043 | epe: 0.000
10/11 03:45 INFO step: [201/375] | loss_1: 0.988 | loss_2: 0.949 | loss_3: 0.956 | epe: 0.000
10/11 03:45 INFO val_epe: 0.000
10/11 03:45 INFO Epoches: [264/300] ============================
10/11 03:45 INFO step: [1/375] | loss_1: 0.461 | loss_2: 0.461 | loss_3: 0.470 | epe: 0.000
10/11 03:46 INFO step: [201/375] | loss_1: 0.964 | loss_2: 0.919 | loss_3: 0.929 | epe: 0.000
10/11 03:47 INFO val_epe: 0.000
10/11 03:47 INFO Epoches: [265/300] ============================
10/11 03:47 INFO step: [1/375] | loss_1: 0.800 | loss_2: 0.732 | loss_3: 0.755 | epe: 0.000
10/11 03:47 INFO step: [201/375] | loss_1: 0.988 | loss_2: 0.941 | loss_3: 0.951 | epe: 0.000
10/11 03:48 INFO val_epe: 0.000
10/11 03:48 INFO Epoches: [266/300] ============================
10/11 03:48 INFO step: [1/375] | loss_1: 2.166 | loss_2: 2.074 | loss_3: 2.164 | epe: 0.000
10/11 03:48 INFO step: [201/375] | loss_1: 0.920 | loss_2: 0.876 | loss_3: 0.891 | epe: 0.000
10/11 03:49 INFO val_epe: 0.000
10/11 03:49 INFO Epoches: [267/300] ============================
10/11 03:49 INFO step: [1/375] | loss_1: 0.493 | loss_2: 0.405 | loss_3: 0.466 | epe: 0.000
10/11 03:49 INFO step: [201/375] | loss_1: 0.964 | loss_2: 0.913 | loss_3: 0.927 | epe: 0.000
10/11 03:50 INFO val_epe: 0.000
10/11 03:50 INFO Epoches: [268/300] ============================
10/11 03:50 INFO step: [1/375] | loss_1: 1.526 | loss_2: 1.539 | loss_3: 1.449 | epe: 0.000
10/11 03:50 INFO step: [201/375] | loss_1: 0.989 | loss_2: 0.948 | loss_3: 0.951 | epe: 0.000
10/11 03:51 INFO val_epe: 0.000
10/11 03:51 INFO Epoches: [269/300] ============================
10/11 03:51 INFO step: [1/375] | loss_1: 1.766 | loss_2: 1.756 | loss_3: 1.731 | epe: 0.000
10/11 03:52 INFO step: [201/375] | loss_1: 0.960 | loss_2: 0.914 | loss_3: 0.926 | epe: 0.000
10/11 03:52 INFO val_epe: 0.000
10/11 03:52 INFO Epoches: [270/300] ============================
10/11 03:52 INFO step: [1/375] | loss_1: 0.589 | loss_2: 0.579 | loss_3: 0.600 | epe: 0.000
10/11 03:53 INFO step: [201/375] | loss_1: 0.968 | loss_2: 0.920 | loss_3: 0.930 | epe: 0.000
10/11 03:53 INFO val_epe: 0.000
10/11 03:53 INFO Epoches: [271/300] ============================
10/11 03:53 INFO step: [1/375] | loss_1: 1.695 | loss_2: 1.581 | loss_3: 1.724 | epe: 0.000
10/11 03:54 INFO step: [201/375] | loss_1: 0.970 | loss_2: 0.924 | loss_3: 0.930 | epe: 0.000
10/11 03:55 INFO val_epe: 0.000
10/11 03:55 INFO Epoches: [272/300] ============================
10/11 03:55 INFO step: [1/375] | loss_1: 0.675 | loss_2: 0.678 | loss_3: 0.675 | epe: 0.000
10/11 03:55 INFO step: [201/375] | loss_1: 0.969 | loss_2: 0.927 | loss_3: 0.938 | epe: 0.000
10/11 03:56 INFO val_epe: 0.000
10/11 03:56 INFO Epoches: [273/300] ============================
10/11 03:56 INFO step: [1/375] | loss_1: 0.516 | loss_2: 0.526 | loss_3: 0.506 | epe: 0.000
10/11 03:56 INFO step: [201/375] | loss_1: 0.958 | loss_2: 0.918 | loss_3: 0.922 | epe: 0.000
10/11 03:57 INFO val_epe: 0.000
10/11 03:57 INFO Epoches: [274/300] ============================
10/11 03:57 INFO step: [1/375] | loss_1: 3.042 | loss_2: 2.921 | loss_3: 2.955 | epe: 0.000
10/11 03:57 INFO step: [201/375] | loss_1: 0.975 | loss_2: 0.930 | loss_3: 0.935 | epe: 0.000
10/11 03:58 INFO val_epe: 0.000
10/11 03:58 INFO Epoches: [275/300] ============================
10/11 03:58 INFO step: [1/375] | loss_1: 0.698 | loss_2: 0.693 | loss_3: 0.687 | epe: 0.000
10/11 03:58 INFO step: [201/375] | loss_1: 0.972 | loss_2: 0.927 | loss_3: 0.941 | epe: 0.000
10/11 03:59 INFO val_epe: 0.000
10/11 03:59 INFO Epoches: [276/300] ============================
10/11 03:59 INFO step: [1/375] | loss_1: 1.210 | loss_2: 1.189 | loss_3: 1.203 | epe: 0.000
10/11 04:00 INFO step: [201/375] | loss_1: 0.950 | loss_2: 0.903 | loss_3: 0.919 | epe: 0.000
10/11 04:00 INFO val_epe: 0.000
10/11 04:00 INFO Epoches: [277/300] ============================
10/11 04:00 INFO step: [1/375] | loss_1: 0.638 | loss_2: 0.631 | loss_3: 0.656 | epe: 0.000
10/11 04:01 INFO step: [201/375] | loss_1: 0.959 | loss_2: 0.913 | loss_3: 0.923 | epe: 0.000
10/11 04:01 INFO val_epe: 0.000
10/11 04:01 INFO Epoches: [278/300] ============================
10/11 04:01 INFO step: [1/375] | loss_1: 1.085 | loss_2: 1.125 | loss_3: 1.129 | epe: 0.000
10/11 04:02 INFO step: [201/375] | loss_1: 0.939 | loss_2: 0.896 | loss_3: 0.907 | epe: 0.000
10/11 04:02 INFO val_epe: 0.000
10/11 04:02 INFO Epoches: [279/300] ============================
10/11 04:03 INFO step: [1/375] | loss_1: 0.536 | loss_2: 0.542 | loss_3: 0.589 | epe: 0.000
10/11 04:03 INFO step: [201/375] | loss_1: 0.964 | loss_2: 0.927 | loss_3: 0.938 | epe: 0.000
10/11 04:04 INFO val_epe: 0.000
10/11 04:04 INFO Epoches: [280/300] ============================
10/11 04:04 INFO step: [1/375] | loss_1: 1.667 | loss_2: 1.434 | loss_3: 1.460 | epe: 0.000
10/11 04:04 INFO step: [201/375] | loss_1: 0.973 | loss_2: 0.932 | loss_3: 0.935 | epe: 0.000
10/11 04:05 INFO val_epe: 0.000
10/11 04:05 INFO Epoches: [281/300] ============================
10/11 04:05 INFO step: [1/375] | loss_1: 0.752 | loss_2: 0.743 | loss_3: 0.710 | epe: 0.000
10/11 04:05 INFO step: [201/375] | loss_1: 0.932 | loss_2: 0.896 | loss_3: 0.901 | epe: 0.000
10/11 04:06 INFO val_epe: 0.000
10/11 04:06 INFO Epoches: [282/300] ============================
10/11 04:06 INFO step: [1/375] | loss_1: 2.043 | loss_2: 1.914 | loss_3: 1.966 | epe: 0.000
10/11 04:06 INFO step: [201/375] | loss_1: 0.953 | loss_2: 0.905 | loss_3: 0.917 | epe: 0.000
10/11 04:07 INFO val_epe: 0.000
10/11 04:07 INFO Epoches: [283/300] ============================
10/11 04:07 INFO step: [1/375] | loss_1: 1.057 | loss_2: 0.994 | loss_3: 1.017 | epe: 0.000
10/11 04:08 INFO step: [201/375] | loss_1: 0.950 | loss_2: 0.902 | loss_3: 0.915 | epe: 0.000
10/11 04:08 INFO val_epe: 0.000
10/11 04:08 INFO Epoches: [284/300] ============================
10/11 04:08 INFO step: [1/375] | loss_1: 1.450 | loss_2: 1.391 | loss_3: 1.379 | epe: 0.000
10/11 04:09 INFO step: [201/375] | loss_1: 0.918 | loss_2: 0.877 | loss_3: 0.887 | epe: 0.000
10/11 04:09 INFO val_epe: 0.000
10/11 04:09 INFO Epoches: [285/300] ============================
10/11 04:09 INFO step: [1/375] | loss_1: 0.772 | loss_2: 0.752 | loss_3: 0.716 | epe: 0.000
10/11 04:10 INFO step: [201/375] | loss_1: 0.954 | loss_2: 0.911 | loss_3: 0.920 | epe: 0.000
10/11 04:10 INFO val_epe: 0.000
10/11 04:10 INFO Epoches: [286/300] ============================
10/11 04:10 INFO step: [1/375] | loss_1: 1.684 | loss_2: 1.576 | loss_3: 1.601 | epe: 0.000
10/11 04:11 INFO step: [201/375] | loss_1: 0.943 | loss_2: 0.903 | loss_3: 0.912 | epe: 0.000
10/11 04:12 INFO val_epe: 0.000
10/11 04:12 INFO Epoches: [287/300] ============================
10/11 04:12 INFO step: [1/375] | loss_1: 1.194 | loss_2: 1.178 | loss_3: 1.177 | epe: 0.000
10/11 04:12 INFO step: [201/375] | loss_1: 0.968 | loss_2: 0.919 | loss_3: 0.929 | epe: 0.000
10/11 04:13 INFO val_epe: 0.000
10/11 04:13 INFO Epoches: [288/300] ============================
10/11 04:13 INFO step: [1/375] | loss_1: 0.473 | loss_2: 0.446 | loss_3: 0.507 | epe: 0.000
10/11 04:13 INFO step: [201/375] | loss_1: 0.937 | loss_2: 0.898 | loss_3: 0.910 | epe: 0.000
10/11 04:14 INFO val_epe: 0.000
10/11 04:14 INFO Epoches: [289/300] ============================
10/11 04:14 INFO step: [1/375] | loss_1: 0.502 | loss_2: 0.443 | loss_3: 0.488 | epe: 0.000
10/11 04:14 INFO step: [201/375] | loss_1: 0.942 | loss_2: 0.904 | loss_3: 0.909 | epe: 0.000
10/11 04:15 INFO val_epe: 0.000
10/11 04:15 INFO Epoches: [290/300] ============================
10/11 04:15 INFO step: [1/375] | loss_1: 0.888 | loss_2: 0.849 | loss_3: 0.866 | epe: 0.000
10/11 04:16 INFO step: [201/375] | loss_1: 0.961 | loss_2: 0.916 | loss_3: 0.919 | epe: 0.000
10/11 04:16 INFO val_epe: 0.000
10/11 04:16 INFO Epoches: [291/300] ============================
10/11 04:16 INFO step: [1/375] | loss_1: 0.614 | loss_2: 0.543 | loss_3: 0.548 | epe: 0.000
10/11 04:17 INFO step: [201/375] | loss_1: 0.945 | loss_2: 0.902 | loss_3: 0.910 | epe: 0.000
10/11 04:17 INFO val_epe: 0.000
10/11 04:17 INFO Epoches: [292/300] ============================
10/11 04:17 INFO step: [1/375] | loss_1: 0.850 | loss_2: 0.805 | loss_3: 0.813 | epe: 0.000
10/11 04:18 INFO step: [201/375] | loss_1: 0.952 | loss_2: 0.908 | loss_3: 0.916 | epe: 0.000
10/11 04:18 INFO val_epe: 0.000
10/11 04:18 INFO Epoches: [293/300] ============================
10/11 04:18 INFO step: [1/375] | loss_1: 0.600 | loss_2: 0.559 | loss_3: 0.539 | epe: 0.000
10/11 04:19 INFO step: [201/375] | loss_1: 0.955 | loss_2: 0.910 | loss_3: 0.919 | epe: 0.000
10/11 04:20 INFO val_epe: 0.000
10/11 04:20 INFO Epoches: [294/300] ============================
10/11 04:20 INFO step: [1/375] | loss_1: 1.079 | loss_2: 1.017 | loss_3: 1.029 | epe: 0.000
10/11 04:20 INFO step: [201/375] | loss_1: 0.920 | loss_2: 0.878 | loss_3: 0.887 | epe: 0.000
10/11 04:21 INFO val_epe: 0.000
10/11 04:21 INFO Epoches: [295/300] ============================
10/11 04:21 INFO step: [1/375] | loss_1: 0.583 | loss_2: 0.591 | loss_3: 0.594 | epe: 0.000
10/11 04:21 INFO step: [201/375] | loss_1: 0.949 | loss_2: 0.908 | loss_3: 0.913 | epe: 0.000
10/11 04:22 INFO val_epe: 0.000
10/11 04:22 INFO Epoches: [296/300] ============================
10/11 04:22 INFO step: [1/375] | loss_1: 0.704 | loss_2: 0.690 | loss_3: 0.639 | epe: 0.000
10/11 04:22 INFO step: [201/375] | loss_1: 0.944 | loss_2: 0.898 | loss_3: 0.911 | epe: 0.000
10/11 04:23 INFO val_epe: 0.000
10/11 04:23 INFO Epoches: [297/300] ============================
10/11 04:23 INFO step: [1/375] | loss_1: 0.517 | loss_2: 0.525 | loss_3: 0.542 | epe: 0.000
10/11 04:23 INFO step: [201/375] | loss_1: 0.953 | loss_2: 0.908 | loss_3: 0.914 | epe: 0.000
10/11 04:24 INFO val_epe: 0.000
10/11 04:24 INFO Epoches: [298/300] ============================
10/11 04:24 INFO step: [1/375] | loss_1: 0.722 | loss_2: 0.707 | loss_3: 0.724 | epe: 0.000
10/11 04:25 INFO step: [201/375] | loss_1: 0.952 | loss_2: 0.915 | loss_3: 0.922 | epe: 0.000
10/11 04:25 INFO val_epe: 0.000
10/11 04:25 INFO Epoches: [299/300] ============================
10/11 04:25 INFO step: [1/375] | loss_1: 2.575 | loss_2: 2.453 | loss_3: 2.481 | epe: 0.000
10/11 04:26 INFO step: [201/375] | loss_1: 0.969 | loss_2: 0.924 | loss_3: 0.929 | epe: 0.000
10/11 04:26 INFO val_epe: 0.000
10/11 04:26 INFO Epoches: [300/300] ============================
10/11 04:26 INFO step: [1/375] | loss_1: 0.553 | loss_2: 0.551 | loss_3: 0.552 | epe: 0.000
10/11 04:27 INFO step: [201/375] | loss_1: 1.025 | loss_2: 0.974 | loss_3: 0.983 | epe: 0.000
10/11 04:28 INFO val_epe: 0.000
10/11 04:28 INFO Final epe is 0.000 
10/11 04:28 INFO Train end.
